:compileJava UP-TO-DATE
:compileScala
:processResources UP-TO-DATE
:classes
:run
medium	0.2	0.8	3000	19851.70474603968
medium	0.2	0.8	4000	35694.137211585614
medium	0.2	0.8	5000	29299.5622187014
medium	0.2	0.8	6000	23380.418723595918
medium	0.2	0.8	7000	9354.39472681205
medium	0.2	0.8	8000	3412.888997803126
medium	0.2	0.8	9000	23099.22537999351
medium	0.2	0.8	10000	15353.971084977018
medium	0.2	0.9	1000	17593.293324604918
medium	0.2	0.9	2000	29055.52252660665
medium	0.2	0.9	3000	9165.896619498251
medium	0.2	0.9	4000	21892.572412261536
medium	0.2	0.9	5000	16745.40782609387
medium	0.2	0.9	6000	683.3466325999207
medium	0.2	0.9	7000	10738.703720327208
medium	0.2	0.9	8000	17850.411345063683
medium	0.2	0.9	9000	31005.519971875652
medium	0.2	0.9	10000	14077.444021020066
medium	0.2	1.0	1000	27462.29656101771
medium	0.2	1.0	2000	20276.51649124822
medium	0.2	1.0	3000	25706.45646779561
medium	0.2	1.0	4000	31586.229723200828
medium	0.2	1.0	5000	13111.482746150396
medium	0.2	1.0	6000	35072.42086043316
medium	0.2	1.0	7000	30694.919785057074
medium	0.2	1.0	8000	25083.94583825438
medium	0.2	1.0	9000	33366.53396182181
medium	0.2	1.0	10000	12243.52578061359
medium	0.30000000000000004	0.0	1000	1561.559527927122
medium	0.30000000000000004	0.0	2000	1544.8077650103512
medium	0.30000000000000004	0.0	3000	4790.686923544726
medium	0.30000000000000004	0.0	4000	14062.015833032794
medium	0.30000000000000004	0.0	5000	77141.402953441
medium	0.30000000000000004	0.0	6000	19115.94970572022
medium	0.30000000000000004	0.0	7000	10593.180389964673
medium	0.30000000000000004	0.0	8000	7776.020260984507
medium	0.30000000000000004	0.0	9000	45137.634669720705
medium	0.30000000000000004	0.0	10000	2108.0936516335323
medium	0.30000000000000004	0.1	1000	787.5623415506775
medium	0.30000000000000004	0.1	2000	4812.077779857436
medium	0.30000000000000004	0.1	3000	14873.61028897837
medium	0.30000000000000004	0.1	4000	1587.8695630259813
medium	0.30000000000000004	0.1	5000	4956.405061711108
medium	0.30000000000000004	0.1	6000	6716.082246175021
medium	0.30000000000000004	0.1	7000	2674.880748242599
medium	0.30000000000000004	0.1	8000	11928.929814124565
medium	0.30000000000000004	0.1	9000	6284.3509320390385
medium	0.30000000000000004	0.1	10000	1176.9392170009498
medium	0.30000000000000004	0.2	1000	16049.944161964102
medium	0.30000000000000004	0.2	2000	8606.042689317645
medium	0.30000000000000004	0.2	3000	6839.234650513436
medium	0.30000000000000004	0.2	4000	9232.60663392317
medium	0.30000000000000004	0.2	5000	15884.615341187515
medium	0.30000000000000004	0.2	6000	4173.360242872191
medium	0.30000000000000004	0.2	7000	32435.490515784146
medium	0.30000000000000004	0.2	8000	5290.284423087097
medium	0.30000000000000004	0.2	9000	8780.5866792936
medium	0.30000000000000004	0.2	10000	2591.638386025257
medium	0.30000000000000004	0.30000000000000004	1000	5001.832356075579
medium	0.30000000000000004	0.30000000000000004	2000	1634.7186818245532
medium	0.30000000000000004	0.30000000000000004	3000	8616.885366233175
medium	0.30000000000000004	0.30000000000000004	4000	5369.543281892674
medium	0.30000000000000004	0.30000000000000004	5000	2850.3638850049842
medium	0.30000000000000004	0.30000000000000004	6000	6124.8573633709875
medium	0.30000000000000004	0.30000000000000004	7000	11638.931293026588
medium	0.30000000000000004	0.30000000000000004	8000	11416.32597679067
medium	0.30000000000000004	0.30000000000000004	9000	34391.7501642424
medium	0.30000000000000004	0.30000000000000004	10000	25215.250284580266
medium	0.30000000000000004	0.4	1000	11990.250555929015
medium	0.30000000000000004	0.4	2000	3312.0164738980425
medium	0.30000000000000004	0.4	3000	12939.377758780678
medium	0.30000000000000004	0.4	4000	19024.718036110196
medium	0.30000000000000004	0.4	5000	3487.7349434868242
medium	0.30000000000000004	0.4	6000	8445.859099355159
medium	0.30000000000000004	0.4	7000	17510.98680423432
medium	0.30000000000000004	0.4	8000	12861.293649900908
medium	0.30000000000000004	0.4	9000	8254.197015438705
medium	0.30000000000000004	0.4	10000	1493.8542448392136
medium	0.30000000000000004	0.5	1000	13501.121337602817
medium	0.30000000000000004	0.5	2000	27834.467299752658
medium	0.30000000000000004	0.5	3000	8915.240732361259
medium	0.30000000000000004	0.5	4000	5299.625949924526
medium	0.30000000000000004	0.5	5000	17277.386299929865
medium	0.30000000000000004	0.5	6000	42957.166698019515
medium	0.30000000000000004	0.5	7000	30550.23233647802
medium	0.30000000000000004	0.5	8000	16126.92059303681
medium	0.30000000000000004	0.5	9000	42602.3936650896
medium	0.30000000000000004	0.5	10000	5298.665798009931
medium	0.30000000000000004	0.6000000000000001	1000	9447.826032051671
medium	0.30000000000000004	0.6000000000000001	2000	11228.383456123594
medium	0.30000000000000004	0.6000000000000001	3000	5068.441979515019
medium	0.30000000000000004	0.6000000000000001	4000	41152.683813777956
medium	0.30000000000000004	0.6000000000000001	5000	6626.231126874757
medium	0.30000000000000004	0.6000000000000001	6000	10058.327991816896
medium	0.30000000000000004	0.6000000000000001	7000	17182.913744324025
medium	0.30000000000000004	0.6000000000000001	8000	18421.759474300758
medium	0.30000000000000004	0.6000000000000001	9000	9629.015657003325
medium	0.30000000000000004	0.6000000000000001	10000	42272.577151658224
medium	0.30000000000000004	0.7000000000000001	1000	15877.335258723266
medium	0.30000000000000004	0.7000000000000001	2000	47224.86830243683
medium	0.30000000000000004	0.7000000000000001	3000	19387.028277321006
medium	0.30000000000000004	0.7000000000000001	4000	40586.6526027705
medium	0.30000000000000004	0.7000000000000001	5000	3692.455258684171
medium	0.30000000000000004	0.7000000000000001	6000	6247.383895667805
medium	0.30000000000000004	0.7000000000000001	7000	19648.415807306937
medium	0.30000000000000004	0.7000000000000001	8000	1334.7228942293516
medium	0.30000000000000004	0.7000000000000001	9000	45915.55911004169
medium	0.30000000000000004	0.7000000000000001	10000	27207.16306292597
medium	0.30000000000000004	0.8	1000	25503.78227397912
medium	0.30000000000000004	0.8	2000	1690.3128889322861
medium	0.30000000000000004	0.8	3000	18708.331372526503
medium	0.30000000000000004	0.8	4000	22445.60799793281
medium	0.30000000000000004	0.8	5000	39251.05024173947
medium	0.30000000000000004	0.8	6000	19326.358067379326
medium	0.30000000000000004	0.8	7000	33903.62815329205
medium	0.30000000000000004	0.8	8000	32810.63478184255
medium	0.30000000000000004	0.8	9000	16714.797427289584
medium	0.30000000000000004	0.8	10000	13877.858836308846
medium	0.30000000000000004	0.9	1000	18450.526214679132
medium	0.30000000000000004	0.9	2000	20285.07955186628
medium	0.30000000000000004	0.9	3000	20606.17008666339
medium	0.30000000000000004	0.9	4000	28158.07255999508
medium	0.30000000000000004	0.9	5000	22059.090142284433
medium	0.30000000000000004	0.9	6000	25960.851704420395
medium	0.30000000000000004	0.9	7000	8140.358067220483
medium	0.30000000000000004	0.9	8000	23470.748334802654
medium	0.30000000000000004	0.9	9000	49047.82384201796
medium	0.30000000000000004	0.9	10000	9769.926933957242
medium	0.30000000000000004	1.0	1000	9838.320302766904
medium	0.30000000000000004	1.0	2000	15779.49286980534
medium	0.30000000000000004	1.0	3000	16180.13187071078
medium	0.30000000000000004	1.0	4000	64752.943835718535
medium	0.30000000000000004	1.0	5000	30066.3565243489
medium	0.30000000000000004	1.0	6000	23876.60091728865
medium	0.30000000000000004	1.0	7000	3959.2665130559517
medium	0.30000000000000004	1.0	8000	23381.77339660718
medium	0.30000000000000004	1.0	9000	27756.43710475727
medium	0.30000000000000004	1.0	10000	31493.845566422322
medium	0.4	0.0	1000	2681.6197350484854
medium	0.4	0.0	2000	39909.19479364723
medium	0.4	0.0	3000	768.6699711270726
medium	0.4	0.0	4000	6379.113602381931
medium	0.4	0.0	5000	3001.09985250477
medium	0.4	0.0	6000	3768.035540225751
medium	0.4	0.0	7000	35409.34407789163
medium	0.4	0.0	8000	7794.118707302737
medium	0.4	0.0	9000	18859.422007454512
medium	0.4	0.0	10000	3117.5115830580166
medium	0.4	0.1	1000	2177.462682644581
medium	0.4	0.1	2000	2493.389487930494
medium	0.4	0.1	3000	18172.389594159482
medium	0.4	0.1	4000	1362.8525258193345
medium	0.4	0.1	5000	2971.6887485592315
medium	0.4	0.1	6000	14322.289643212476
medium	0.4	0.1	7000	38573.19919140278
medium	0.4	0.1	8000	55820.12904294794
medium	0.4	0.1	9000	2359.561688740598
medium	0.4	0.1	10000	869.8807536579666
medium	0.4	0.2	1000	7891.414158218658
medium	0.4	0.2	2000	21407.482832728947
medium	0.4	0.2	3000	7496.573658528114
medium	0.4	0.2	4000	31198.918323637456
medium	0.4	0.2	5000	17607.04331650068
medium	0.4	0.2	6000	14352.688930904387
medium	0.4	0.2	7000	2087.1579761966655
medium	0.4	0.2	8000	20732.894941154023
medium	0.4	0.2	9000	24917.242862055242
medium	0.4	0.2	10000	3494.3481201143495
medium	0.4	0.30000000000000004	1000	29873.608984577575
medium	0.4	0.30000000000000004	2000	21950.998457945894
medium	0.4	0.30000000000000004	3000	8356.233077337865
medium	0.4	0.30000000000000004	4000	33186.724961275315
medium	0.4	0.30000000000000004	5000	10503.41618919773
medium	0.4	0.30000000000000004	6000	10918.995943130145
medium	0.4	0.30000000000000004	7000	52834.489012390244
medium	0.4	0.30000000000000004	8000	19802.154347479373
medium	0.4	0.30000000000000004	9000	5793.864446889741
medium	0.4	0.30000000000000004	10000	18296.977915767377
medium	0.4	0.4	1000	7895.165948632507
medium	0.4	0.4	2000	7601.149417479603
medium	0.4	0.4	3000	35759.63216793969
medium	0.4	0.4	4000	9453.02750732136
medium	0.4	0.4	5000	9509.329533833725
medium	0.4	0.4	6000	25919.861792529915
medium	0.4	0.4	7000	1028.1421830873562
medium	0.4	0.4	8000	16732.427230184498
medium	0.8	0.2	8000	73732.33220508824
medium	0.8	0.2	9000	8787.370782503971
medium	0.8	0.2	10000	12628.422734039854
medium	0.8	0.30000000000000004	1000	11363.89441558914
medium	0.8	0.30000000000000004	2000	28649.067749348873
medium	0.8	0.30000000000000004	3000	67385.6946165052
medium	0.8	0.30000000000000004	4000	60031.930814465326
medium	0.8	0.30000000000000004	5000	31116.481626067653
medium	0.8	0.30000000000000004	6000	7373.2755770206195
medium	0.8	0.30000000000000004	7000	44444.40559607196
medium	0.8	0.30000000000000004	8000	46488.372445156776
medium	0.8	0.30000000000000004	9000	38719.78934889385
medium	0.8	0.30000000000000004	10000	45940.77678067983
medium	0.8	0.4	1000	72222.3780155321
medium	0.8	0.4	2000	46404.16813394788
medium	0.8	0.4	3000	68630.39095624609
medium	0.8	0.4	4000	65975.40884670796
medium	0.8	0.4	5000	4132.238758187351
medium	0.8	0.4	6000	53689.406654381375
medium	0.8	0.4	7000	40040.01400633736
medium	0.8	0.4	8000	10391.316292518231
medium	0.8	0.4	9000	25736.323783585303
medium	0.8	0.4	10000	49806.28299025842
medium	0.8	0.5	1000	6414.9489224959525
medium	0.8	0.5	2000	53865.93833633658
medium	0.8	0.5	3000	24648.639470354105
medium	0.8	0.5	4000	6422.522038132065
medium	0.8	0.5	5000	30057.40573399537
medium	0.8	0.5	6000	3921.4481393249416
medium	0.8	0.5	7000	6799.269779349786
medium	0.8	0.5	8000	44665.263100712815
medium	0.8	0.5	9000	24916.845396591645
medium	0.8	0.5	10000	28491.408622481922
medium	0.8	0.6000000000000001	1000	39751.259883044084
medium	0.8	0.6000000000000001	2000	54421.93878057328
medium	0.8	0.6000000000000001	3000	26545.667115461245
medium	0.8	0.6000000000000001	4000	5578.427292339279
medium	0.8	0.6000000000000001	5000	11803.180669072572
medium	0.8	0.6000000000000001	6000	8956.35437495452
medium	0.8	0.6000000000000001	7000	23600.93211681177
medium	0.8	0.6000000000000001	8000	53485.432289152515
medium	0.8	0.6000000000000001	9000	63889.10554880896
medium	0.8	0.6000000000000001	10000	60727.8877641212
medium	0.8	0.7000000000000001	1000	48967.49635599854
medium	0.8	0.7000000000000001	2000	47841.72301836389
medium	0.8	0.7000000000000001	3000	45896.34181662442
medium	0.8	0.7000000000000001	4000	41782.75273747737
medium	0.8	0.7000000000000001	5000	57968.61907462036
medium	0.8	0.7000000000000001	6000	17500.700101509203
medium	0.8	0.7000000000000001	7000	4854.29505779095
medium	0.8	0.7000000000000001	8000	36622.215507877394
medium	0.8	0.7000000000000001	9000	61463.06117345383
medium	0.8	0.7000000000000001	10000	27044.119607632132
medium	0.8	0.8	1000	8713.068872640491
medium	0.8	0.8	2000	9323.01906633095
medium	0.8	0.8	3000	11944.246687730436
medium	0.8	0.8	4000	50256.60330539101
medium	0.8	0.8	5000	45139.41479658121
medium	0.8	0.8	6000	8931.697119038818
medium	0.8	0.8	7000	12838.527569651242
medium	0.8	0.8	8000	1728.0301287069642
medium	0.8	0.8	9000	65683.83118259006
medium	0.8	0.8	10000	43703.13584079701
medium	0.8	0.9	1000	20589.267092363563
medium	0.8	0.9	2000	68995.81323441897
medium	0.8	0.9	3000	57649.690074801256
medium	0.8	0.9	4000	71841.42542331126
medium	0.8	0.9	5000	13898.946736255164
medium	0.8	0.9	6000	31864.938828672268
medium	0.8	0.9	7000	63699.63055029564
medium	0.8	0.9	8000	58167.8086447094
medium	0.8	0.9	9000	48771.31544016336
medium	0.8	0.9	10000	56564.93541766479
medium	0.8	1.0	1000	62346.39011637548
medium	0.8	1.0	2000	29716.36339590125
medium	0.8	1.0	3000	65378.25736798344
medium	0.8	1.0	4000	44572.0025042519
medium	0.8	1.0	5000	56580.49854913148
medium	0.8	1.0	6000	13211.49173042542
medium	0.8	1.0	7000	8726.761952401477
medium	0.8	1.0	8000	24504.24177355727
medium	0.8	1.0	9000	34849.01990958317
medium	0.8	1.0	10000	12273.7941836428
medium	0.9	0.0	1000	30455.450392654217
medium	0.9	0.0	2000	10650.777172688286
medium	0.9	0.0	3000	39598.20723581177
medium	0.9	0.0	4000	6327.954328392715
medium	0.9	0.0	5000	12971.206462121865
medium	0.9	0.0	6000	16189.6335613951
medium	0.9	0.0	7000	24657.949252515875
medium	0.9	0.0	8000	6866.303573848151
medium	0.9	0.0	9000	22867.08633519009
medium	0.9	0.0	10000	3583.7301768427383
medium	0.9	0.1	1000	3063.792012237794
medium	0.9	0.1	2000	25526.23391930674
medium	0.9	0.1	3000	46983.16231935346
medium	0.9	0.1	4000	42222.115693295265
medium	0.9	0.1	5000	10748.413579121067
medium	0.9	0.1	6000	43777.46168463102
medium	0.9	0.1	7000	49819.04219135325
medium	0.9	0.1	8000	54461.949991515066
medium	0.9	0.1	9000	11090.278463460041
medium	0.9	0.1	10000	35547.15255307333
medium	0.9	0.2	1000	37219.45141775125
medium	0.9	0.2	2000	56233.99280698102
medium	0.9	0.2	3000	6101.687464514896
medium	0.9	0.2	4000	59335.82296565684
medium	0.9	0.2	5000	57292.73411206462
medium	0.9	0.2	6000	52191.99247358617
medium	0.9	0.2	7000	27742.679642442687
medium	0.9	0.2	8000	19896.427325048575
medium	0.9	0.2	9000	41925.89644653863
medium	0.9	0.2	10000	53177.63946885452
medium	0.9	0.30000000000000004	1000	46596.23955324827
medium	0.9	0.30000000000000004	2000	30007.291731319732
medium	0.9	0.30000000000000004	3000	50857.3076441115
medium	0.9	0.30000000000000004	4000	27681.957858566057
medium	0.9	0.30000000000000004	5000	14810.5559792842
medium	0.9	0.30000000000000004	6000	39213.23174767912
medium	0.9	0.30000000000000004	7000	44763.22468725429
medium	0.9	0.30000000000000004	8000	33770.31629917494
medium	0.9	0.30000000000000004	9000	34168.75743222944
medium	0.9	0.30000000000000004	10000	46804.29109611554
medium	0.9	0.4	1000	36219.98722108045
medium	0.9	0.4	2000	18942.2725620806
medium	0.9	0.4	3000	31882.96977580447
medium	0.9	0.4	4000	16645.3773545899
medium	0.9	0.4	5000	41446.14674670636
medium	0.9	0.4	6000	67265.55748898054
medium	0.9	0.4	7000	54283.54949638752
medium	0.9	0.4	8000	62408.40634058874
medium	0.9	0.4	9000	44444.383599557994
medium	0.9	0.4	10000	38262.61210708044
medium	0.9	0.5	1000	24476.61405386249
medium	0.9	0.5	2000	36769.48064948145
medium	0.9	0.5	3000	66036.55288120953
medium	0.9	0.5	4000	51322.592260654346
medium	0.9	0.5	5000	59434.87859916834
medium	0.9	0.5	6000	47490.66024188204
medium	0.9	0.5	7000	5505.863555078591
medium	0.9	0.5	8000	7902.839513947659
medium	0.9	0.5	9000	21011.47152978865
medium	0.9	0.5	10000	55284.53488312712
medium	0.9	0.6000000000000001	1000	53532.46071593417
medium	0.9	0.6000000000000001	2000	23922.312426454035
medium	0.9	0.6000000000000001	3000	14849.666600667715
medium	0.9	0.6000000000000001	4000	56021.36461367053
medium	0.9	0.6000000000000001	5000	55688.29217714431
medium	0.9	0.6000000000000001	6000	57192.10103988616
medium	0.9	0.6000000000000001	7000	59592.494274924895
medium	0.9	0.6000000000000001	8000	19508.470733475166
medium	0.9	0.6000000000000001	9000	35518.14552108121
medium	0.9	0.6000000000000001	10000	15039.395986098565
medium	0.9	0.7000000000000001	1000	5486.965718362995
medium	0.9	0.7000000000000001	2000	45597.186351760225
medium	0.9	0.7000000000000001	3000	6893.381518164113
medium	0.9	0.7000000000000001	4000	38154.64665079795
medium	0.9	0.7000000000000001	5000	47514.94534220705
medium	0.9	0.7000000000000001	6000	11016.486268955203
medium	0.9	0.7000000000000001	7000	6840.2479862997725
medium	0.9	0.7000000000000001	8000	56408.01069901749
medium	0.9	0.7000000000000001	9000	52039.460984267695
medium	0.9	0.7000000000000001	10000	25958.43352162924
medium	0.9	0.8	1000	49164.61203111061
medium	0.9	0.8	2000	9235.408761046861
medium	0.9	0.8	3000	61000.92912749687
medium	0.9	0.8	4000	14981.548161075852
medium	0.9	0.8	5000	62024.147263207255
medium	0.9	0.8	6000	22957.9283887972
medium	0.9	0.8	7000	20481.54366394979
medium	0.9	0.8	8000	50970.653005034066
medium	0.9	0.8	9000	61573.0261597629
medium	0.9	0.8	10000	38384.39740024058
medium	0.9	0.9	1000	12251.844682517256
medium	0.9	0.9	2000	59477.62118970183
medium	0.9	0.9	3000	43363.161848870215
medium	0.9	0.9	4000	11476.570857866078
medium	0.9	0.9	5000	2217.789711304798
medium	0.9	0.9	6000	36841.38669990317
medium	0.9	0.9	7000	32498.830462250648
medium	0.9	0.9	8000	24868.64558036986
medium	0.9	0.9	9000	59890.256721557096
medium	0.9	0.9	10000	5283.498288190917
medium	0.9	1.0	1000	4278.260388518932
medium	0.9	1.0	2000	61703.359585473496
medium	0.9	1.0	3000	28231.166603910086
medium	0.9	1.0	4000	23084.82730190712
medium	0.9	1.0	5000	49151.714143705845
medium	0.9	1.0	6000	71632.47177053771
medium	0.9	1.0	7000	10725.831608966362
medium	0.9	1.0	8000	48898.472166136125
medium	0.9	1.0	9000	52627.6516117004
medium	0.9	1.0	10000	49206.101975465215
medium	1.0	0.0	1000	50547.34547243173
medium	1.0	0.0	2000	59219.30103011503
medium	1.0	0.0	3000	23911.381799761562
medium	1.0	0.0	4000	22617.177476735113
medium	1.0	0.0	5000	47266.60991641674
medium	1.0	0.0	6000	9234.415887623356
medium	1.0	0.0	7000	45130.58594702781
medium	1.0	0.0	8000	37455.37306373152
medium	1.0	0.0	9000	25166.614868445857
medium	1.0	0.0	10000	53945.17956632046
medium	1.0	0.1	1000	56312.649008681095
medium	1.0	0.1	2000	52730.24697409713
medium	1.0	0.1	3000	25965.91199523174
medium	1.0	0.1	4000	51799.780390131666
medium	1.0	0.1	5000	13700.371334080692
medium	1.0	0.1	6000	47993.128909169915
medium	1.0	0.1	7000	4822.490451293848
medium	1.0	0.1	8000	39125.199910217765
medium	1.0	0.1	9000	19021.126185243953
medium	1.0	0.1	10000	67099.4788129524
medium	1.0	0.2	1000	15816.634795706219
medium	1.0	0.2	2000	28885.324463456323
medium	1.0	0.2	3000	55068.46890969803
medium	1.0	0.2	4000	23865.217159217078
medium	1.0	0.2	5000	25540.232201872113
medium	1.0	0.2	6000	30275.729180019764
medium	1.0	0.2	7000	25301.565937793825
medium	1.0	0.2	8000	35375.571345970384
medium	1.0	0.2	9000	13772.993650934332
medium	1.0	0.2	10000	14996.067815252669
medium	1.0	0.30000000000000004	1000	3005.8684412841794
medium	1.0	0.30000000000000004	2000	34797.61797040215
medium	1.0	0.30000000000000004	3000	52575.04444967628
medium	1.0	0.30000000000000004	4000	17653.262102880093
medium	1.0	0.30000000000000004	5000	35073.73644124052
medium	1.0	0.30000000000000004	6000	64552.00239241944
medium	1.0	0.30000000000000004	7000	10689.218709245155
medium	1.0	0.30000000000000004	8000	25977.098788518266
medium	1.0	0.30000000000000004	9000	26682.097150682483
medium	1.0	0.30000000000000004	10000	25743.28060091337
medium	1.0	0.4	1000	25535.06341391647
medium	1.0	0.4	2000	36799.24116539135
medium	1.0	0.4	3000	21811.186007152544
medium	1.0	0.4	4000	44036.408234092334
medium	1.0	0.4	5000	53338.07895715126
medium	1.0	0.4	6000	55055.11674221313
medium	1.0	0.4	7000	39999.82831282107
medium	1.0	0.4	8000	34202.473253926415
medium	1.0	0.4	9000	30388.667532410298
medium	1.0	0.4	10000	39755.53750208618
medium	1.0	0.5	1000	21470.642945810043
medium	1.0	0.5	2000	52546.33195524143
medium	1.0	0.5	3000	36469.40575232513
medium	1.0	0.5	4000	9440.29858247478
medium	1.0	0.5	5000	19349.032632759478
medium	1.0	0.5	6000	29686.494724856817
medium	1.0	0.5	7000	16336.046094800124
medium	1.0	0.5	8000	39861.78690536839
medium	1.0	0.5	9000	64445.494601918785
medium	1.0	0.5	10000	20237.002897734932
medium	1.0	0.6000000000000001	1000	49253.91895613302
medium	1.0	0.6000000000000001	2000	29740.489723674247
medium	1.0	0.6000000000000001	3000	47190.63529301852
medium	1.0	0.6000000000000001	4000	36837.82411145171
medium	1.0	0.6000000000000001	5000	21924.929356885918
medium	1.0	0.6000000000000001	6000	26123.019942559717
medium	1.0	0.6000000000000001	7000	29849.575308272008
medium	1.0	0.6000000000000001	8000	25143.750799108973
medium	1.0	0.6000000000000001	9000	16021.23051902656
medium	1.0	0.6000000000000001	10000	6648.4105804191795
medium	1.0	0.7000000000000001	1000	29305.346810294548
medium	1.0	0.7000000000000001	2000	41284.09571807774
medium	1.0	0.7000000000000001	3000	36711.83356233542
medium	1.0	0.7000000000000001	4000	28366.633588272773
medium	1.0	0.7000000000000001	5000	4665.843714195247
medium	1.0	0.7000000000000001	6000	43816.519656422555
medium	1.0	0.7000000000000001	7000	60926.687138822665
medium	1.0	0.7000000000000001	8000	40520.875580158034
medium	1.0	0.7000000000000001	9000	25008.180909395476
medium	1.0	0.7000000000000001	10000	36667.1555395895
medium	1.0	0.8	1000	50388.089999098105
medium	1.0	0.8	2000	60828.68922883499
medium	1.0	0.8	3000	16302.542438735845
medium	1.0	0.8	4000	53294.20438301061
medium	1.0	0.8	5000	51587.490639538184
medium	1.0	0.8	6000	20854.370943096998
medium	1.0	0.8	7000	50528.81444580913
medium	1.0	0.8	8000	1154.4128897876321
medium	1.0	0.8	9000	53235.6415887522
medium	1.0	0.8	10000	45645.9085353803
medium	1.0	0.9	1000	25184.76735990303
medium	1.0	0.9	2000	30016.70670162555
medium	1.0	0.9	3000	18845.253890370775
medium	1.0	0.9	4000	27722.03536366275
medium	1.0	0.9	5000	69836.9128092737
medium	1.0	0.9	6000	41299.7246322051
medium	1.0	0.9	7000	45154.75191802271
medium	1.0	0.9	8000	46435.64290181817
medium	1.0	0.9	9000	44563.083534080695
medium	1.0	0.9	10000	63291.49031985862
medium	1.0	1.0	1000	34878.530292431475
medium	1.0	1.0	2000	1919.5925191734677
medium	1.0	1.0	3000	37584.759161254326
medium	1.0	1.0	4000	53337.51248210978
medium	1.0	1.0	5000	53714.440371669385
medium	1.0	1.0	6000	13634.842493939112
medium	1.0	1.0	7000	12860.196884706396
medium	1.0	1.0	8000	33117.42201919837
medium	1.0	1.0	9000	36696.074755354515
medium	1.0	1.0	10000	25180.09109654984
medium	0.1	0.4	2000	15199.228966033932
medium	0.1	0.4	3000	4062.715892062365
medium	0.1	0.4	4000	15543.45230715913
medium	0.1	0.4	5000	6678.332089394081
medium	0.1	0.4	6000	7498.691845758111
medium	0.1	0.4	7000	4943.762149937081
medium	0.1	0.4	8000	1298.1884972525604
medium	0.1	0.4	9000	12246.12291396129
medium	0.1	0.4	10000	5203.0529127004575
medium	0.1	0.5	1000	13400.915095711249
medium	0.1	0.5	2000	17381.821036209076
medium	0.1	0.5	3000	14140.050437492015
medium	0.1	0.5	4000	11385.08478674218
medium	0.1	0.5	5000	1815.4142139365274
medium	0.1	0.5	6000	5581.019700081675
medium	0.1	0.5	7000	16274.082368391684
medium	0.1	0.5	8000	9513.746098562673
medium	0.1	0.5	9000	17767.490675644327
medium	0.1	0.5	10000	8690.37689521284
medium	0.1	0.6000000000000001	1000	10853.181611781996
medium	0.1	0.6000000000000001	2000	5832.371680205751
medium	0.1	0.6000000000000001	3000	10012.191693705445
medium	0.1	0.6000000000000001	4000	12905.714480137152
medium	0.1	0.6000000000000001	5000	8644.551502147993
medium	0.1	0.6000000000000001	6000	19799.50432366083
medium	0.1	0.6000000000000001	7000	18819.28466475958
medium	0.1	0.6000000000000001	8000	5659.340745138012
medium	0.1	0.6000000000000001	9000	21894.502548243767
medium	0.1	0.6000000000000001	10000	12395.008847313677
medium	0.1	0.7000000000000001	1000	6391.206186668683
medium	0.1	0.7000000000000001	2000	23518.876559620105
medium	0.1	0.7000000000000001	3000	7576.811580420901
medium	0.1	0.7000000000000001	4000	8474.368025034088
medium	0.1	0.7000000000000001	5000	8820.18022336109
medium	0.1	0.7000000000000001	6000	7555.816290509769
medium	0.1	0.7000000000000001	7000	12365.063976245487
medium	0.1	0.7000000000000001	8000	19976.550224409715
medium	0.1	0.7000000000000001	9000	11950.491717390723
medium	0.1	0.7000000000000001	10000	4185.809961819262
medium	0.1	0.8	1000	20007.708922992853
medium	0.1	0.8	2000	17922.492579175156
medium	0.1	0.8	3000	14940.320083911896
medium	0.1	0.8	4000	21373.25774909286
medium	0.1	0.8	5000	12288.172899065348
medium	0.1	0.8	6000	18313.63792665686
medium	0.1	0.8	7000	7254.285115496826
medium	0.1	0.8	8000	14147.987915930868
medium	0.1	0.8	9000	8800.331236778473
medium	0.1	0.8	10000	14064.292477536947
medium	0.1	0.9	1000	30394.38724245151
medium	0.1	0.9	2000	15409.739264626187
medium	0.1	0.9	3000	29159.41604113711
medium	0.1	0.9	4000	16138.370320270593
medium	0.1	0.9	5000	32399.290850801004
medium	0.1	0.9	6000	7447.858170295788
medium	0.1	0.9	7000	25569.40657326727
medium	0.1	0.9	8000	18851.064370929504
medium	0.1	0.9	9000	29007.505570058867
medium	0.1	0.9	10000	32213.47884957663
medium	0.1	1.0	1000	21139.54024034796
medium	0.1	1.0	2000	10245.858120275574
medium	0.1	1.0	3000	13067.807938389125
medium	0.1	1.0	4000	15910.186579289262
medium	0.1	1.0	5000	24020.97486657674
medium	0.1	1.0	6000	29252.37857121939
medium	0.1	1.0	7000	39980.56312600419
medium	0.1	1.0	8000	26464.86212060193
medium	0.1	1.0	9000	45112.97410114218
medium	0.1	1.0	10000	32784.8589577976
medium	0.2	0.0	1000	2356.500308092302
medium	0.2	0.0	2000	15014.57502176555
medium	0.2	0.0	3000	4691.701619739611
medium	0.2	0.0	4000	14454.372049586069
medium	0.2	0.0	5000	5904.932540435179
medium	0.2	0.0	6000	2211.0582375468603
medium	0.2	0.0	7000	2282.644851309535
medium	0.2	0.0	8000	5898.630725825943
medium	0.2	0.0	9000	456.5612050099263
medium	0.2	0.0	10000	1112.3383768387478
medium	0.2	0.1	1000	1582.2751277336904
medium	0.2	0.1	2000	964.8798343828494
medium	0.2	0.1	3000	8409.566527536736
medium	0.2	0.1	4000	1399.5500909363811
medium	0.2	0.1	5000	2589.2329068820645
medium	0.2	0.1	6000	951.1135932597927
medium	0.2	0.1	7000	13601.335038095758
medium	0.2	0.1	8000	5748.71993053624
medium	0.2	0.1	9000	15451.94833066627
medium	0.2	0.1	10000	12388.820060317776
medium	0.2	0.2	1000	7350.8098580281785
medium	0.2	0.2	2000	3234.517120866052
medium	0.2	0.2	3000	99.6708860063039
medium	0.2	0.2	4000	5710.056465984707
medium	0.2	0.2	5000	3346.339260395708
medium	0.2	0.2	6000	375.02166778254355
medium	0.2	0.2	7000	20794.341231422633
medium	0.2	0.2	8000	8030.457461903491
medium	0.2	0.2	9000	7991.174664274655
medium	0.2	0.2	10000	1032.4480172020508
medium	0.2	0.30000000000000004	1000	9797.883545669136
medium	0.2	0.30000000000000004	2000	2714.5959131053587
medium	0.2	0.30000000000000004	3000	7999.035018680457
medium	0.2	0.30000000000000004	4000	22808.63275230592
medium	0.2	0.30000000000000004	5000	16744.04761764134
medium	0.2	0.30000000000000004	6000	6695.898075539841
medium	0.2	0.30000000000000004	7000	5999.470631251255
medium	0.2	0.30000000000000004	8000	930.4492477521757
medium	0.2	0.30000000000000004	9000	2415.6582817149942
medium	0.2	0.30000000000000004	10000	15666.022536850649
medium	0.2	0.4	1000	14594.964888475735
medium	0.2	0.4	2000	14987.165409672447
medium	0.2	0.4	3000	11487.358033825249
medium	0.2	0.4	4000	6807.997580851027
medium	0.2	0.4	5000	3867.3303342540585
medium	0.2	0.4	6000	7542.312838213606
medium	0.2	0.4	7000	7101.479932647329
medium	0.2	0.4	8000	6663.840041399362
medium	0.2	0.4	9000	3930.6577292308066
medium	0.2	0.4	10000	10242.992118476199
medium	0.2	0.5	1000	5276.280138798806
medium	0.2	0.5	2000	15500.022598431098
medium	0.2	0.5	3000	10370.953446919893
medium	0.2	0.5	4000	23316.744094307785
medium	0.2	0.5	5000	16728.113794680226
medium	0.2	0.5	6000	4195.700058812851
medium	0.2	0.5	7000	37382.751867056104
medium	0.2	0.5	8000	7505.314286314441
medium	0.2	0.5	9000	18496.713180685114
medium	0.2	0.5	10000	2955.886045532459
medium	0.2	0.6000000000000001	1000	20681.68510759436
medium	0.2	0.6000000000000001	2000	15210.758357981405
medium	0.2	0.6000000000000001	3000	20562.76612899131
medium	0.2	0.6000000000000001	4000	8142.101416690267
medium	0.2	0.6000000000000001	5000	8219.754047392957
medium	0.2	0.6000000000000001	6000	8218.497392621917
medium	0.2	0.6000000000000001	7000	43533.73250911586
medium	0.2	0.6000000000000001	8000	4140.980698957842
medium	0.2	0.6000000000000001	9000	25866.387813789595
medium	0.2	0.6000000000000001	10000	2828.070942123779
medium	0.2	0.7000000000000001	1000	8304.589481622425
medium	0.2	0.7000000000000001	2000	11502.822188650296
medium	0.2	0.7000000000000001	3000	14171.184308252155
medium	0.2	0.7000000000000001	4000	8578.232669334811
medium	0.2	0.7000000000000001	5000	12706.081359527761
medium	0.2	0.7000000000000001	6000	15198.998257664909
medium	0.2	0.7000000000000001	7000	12166.997993616711
medium	0.2	0.7000000000000001	8000	21316.50829729289
medium	0.2	0.7000000000000001	9000	21858.102677910294
medium	0.2	0.7000000000000001	10000	18549.035955900446
medium	0.2	0.8	1000	27049.916956907036
medium	0.2	0.8	2000	5923.016714096288
medium	0.0	0.7000000000000001	6000	14728.0
medium	0.0	0.7000000000000001	7000	11683.0
medium	0.0	0.7000000000000001	8000	29184.0
medium	0.0	0.7000000000000001	9000	20561.0
medium	0.0	0.7000000000000001	10000	16174.0
medium	0.0	0.8	1000	20172.0
medium	0.0	0.8	2000	21260.0
medium	0.0	0.8	3000	10294.0
medium	0.0	0.8	4000	22343.0
medium	0.0	0.8	5000	7919.0
medium	0.0	0.8	6000	11283.0
medium	0.0	0.8	7000	17753.0
medium	0.0	0.8	8000	9635.0
medium	0.0	0.8	9000	10257.0
medium	0.0	0.8	10000	18093.0
medium	0.0	0.9	1000	4123.0
medium	0.0	0.9	2000	11978.0
medium	0.0	0.9	3000	31653.0
medium	0.0	0.9	4000	43028.0
medium	0.0	0.9	5000	21318.0
medium	0.0	0.9	6000	19258.0
medium	0.0	0.9	7000	16401.0
medium	0.0	0.9	8000	32702.0
medium	0.0	0.9	9000	11198.0
medium	0.0	0.9	10000	33394.0
medium	0.0	1.0	1000	23801.0
medium	0.0	1.0	2000	22378.0
medium	0.0	1.0	3000	21048.0
medium	0.0	1.0	4000	15572.0
medium	0.0	1.0	5000	25255.0
medium	0.0	1.0	6000	11911.0
medium	0.0	1.0	7000	16765.0
medium	0.0	1.0	8000	39450.0
medium	0.0	1.0	9000	37469.0
medium	0.0	1.0	10000	22416.0
medium	0.1	0.0	1000	584.0630650463696
medium	0.1	0.0	2000	4349.7617810168895
medium	0.1	0.0	3000	71.26081575125741
medium	0.1	0.0	4000	1987.1416944813725
medium	0.1	0.0	5000	854.858727830696
medium	0.1	0.0	6000	61.293235215820744
medium	0.1	0.0	7000	78.4460377519128
medium	0.1	0.0	8000	1365.9355546965862
medium	0.1	0.0	9000	299.42550976733065
medium	0.1	0.0	10000	1216.0926152615764
medium	0.1	0.1	1000	1899.5630548979068
medium	0.1	0.1	2000	3795.657486901631
medium	0.1	0.1	3000	3228.956595930026
medium	0.1	0.1	4000	8488.995218712062
medium	0.1	0.1	5000	2002.324999850162
medium	0.1	0.1	6000	96.6754297927766
medium	0.1	0.1	7000	1088.3870163128893
medium	0.1	0.1	8000	62.99800803749427
medium	0.1	0.1	9000	15817.40980808725
medium	0.1	0.1	10000	67.91072366838897
medium	0.1	0.2	1000	2017.986232089997
medium	0.1	0.2	2000	4524.5009224786245
medium	0.1	0.2	3000	6089.143343451358
medium	0.1	0.2	4000	4112.343655242594
medium	0.1	0.2	5000	5449.587400677544
medium	0.1	0.2	6000	8739.703991004732
medium	0.1	0.2	7000	5900.421773538959
medium	0.1	0.2	8000	5182.780088822509
medium	0.1	0.2	9000	220.82697961673696
medium	0.1	0.2	10000	7672.720816947752
medium	0.1	0.30000000000000004	1000	12206.787365877803
medium	0.1	0.30000000000000004	2000	4601.489514364176
medium	0.1	0.30000000000000004	3000	7478.426335716885
medium	0.1	0.30000000000000004	4000	8596.645228788311
medium	0.1	0.30000000000000004	5000	4604.224025496653
medium	0.1	0.30000000000000004	6000	4491.626767513293
medium	0.1	0.30000000000000004	7000	1980.7707023327905
medium	0.1	0.30000000000000004	8000	4596.197460390205
medium	0.1	0.30000000000000004	9000	7425.891290017359
medium	0.1	0.30000000000000004	10000	18135.04425051846
medium	0.1	0.4	1000	9663.00799267163
medium	0.6000000000000001	0.9	7000	45878.29350551078
medium	0.6000000000000001	0.9	8000	4989.367969633372
medium	0.6000000000000001	0.9	9000	47339.83661061446
medium	0.6000000000000001	0.9	10000	40242.869779081935
medium	0.6000000000000001	1.0	1000	21828.14069936161
medium	0.6000000000000001	1.0	2000	30337.246709215695
medium	0.6000000000000001	1.0	3000	66952.28136465118
medium	0.6000000000000001	1.0	4000	42646.03690301785
medium	0.6000000000000001	1.0	5000	2430.8026585188295
medium	0.6000000000000001	1.0	6000	13160.63080899755
medium	0.6000000000000001	1.0	7000	11617.919435689459
medium	0.6000000000000001	1.0	8000	20018.19428352043
medium	0.6000000000000001	1.0	9000	64081.57447419997
medium	0.6000000000000001	1.0	10000	4566.562646173158
medium	0.7000000000000001	0.0	1000	58946.86688887339
medium	0.7000000000000001	0.0	2000	6728.259946822767
medium	0.7000000000000001	0.0	3000	16749.049126602382
medium	0.7000000000000001	0.0	4000	18027.575136249223
medium	0.7000000000000001	0.0	5000	53052.481076467215
medium	0.7000000000000001	0.0	6000	22175.941818762072
medium	0.7000000000000001	0.0	7000	4194.975972133247
medium	0.7000000000000001	0.0	8000	27060.664309844466
medium	0.7000000000000001	0.0	9000	19389.08753784391
medium	0.7000000000000001	0.0	10000	48423.806520405735
medium	0.7000000000000001	0.1	1000	26129.34548486159
medium	0.7000000000000001	0.1	2000	58964.89391396308
medium	0.7000000000000001	0.1	3000	6209.629299193295
medium	0.7000000000000001	0.1	4000	44083.919886937445
medium	0.7000000000000001	0.1	5000	5457.188266211198
medium	0.7000000000000001	0.1	6000	61944.70177117977
medium	0.7000000000000001	0.1	7000	24008.211370019868
medium	0.7000000000000001	0.1	8000	13414.349735482843
medium	0.7000000000000001	0.1	9000	3352.2816764296626
medium	0.7000000000000001	0.1	10000	43216.91100211065
medium	0.7000000000000001	0.2	1000	54168.64295506031
medium	0.7000000000000001	0.2	2000	11599.761682322835
medium	0.7000000000000001	0.2	3000	18229.034150225787
medium	0.7000000000000001	0.2	4000	40948.43680587192
medium	0.7000000000000001	0.2	5000	17343.01483692137
medium	0.7000000000000001	0.2	6000	3933.016431965332
medium	0.7000000000000001	0.2	7000	6155.766481640021
medium	0.7000000000000001	0.2	8000	52562.88569098902
medium	0.7000000000000001	0.2	9000	38391.87800141822
medium	0.7000000000000001	0.2	10000	8286.389369285629
medium	0.7000000000000001	0.30000000000000004	1000	11361.55397116863
medium	0.7000000000000001	0.30000000000000004	2000	60659.056905847116
medium	0.7000000000000001	0.30000000000000004	3000	2542.5179781250436
medium	0.7000000000000001	0.30000000000000004	4000	15461.31469617213
medium	0.7000000000000001	0.30000000000000004	5000	14369.961649438688
medium	0.7000000000000001	0.30000000000000004	6000	27762.273656000634
medium	0.7000000000000001	0.30000000000000004	7000	5304.005002044884
medium	0.7000000000000001	0.30000000000000004	8000	42185.57900128814
medium	0.7000000000000001	0.30000000000000004	9000	6790.928941530388
medium	0.7000000000000001	0.30000000000000004	10000	31582.948544428993
medium	0.7000000000000001	0.4	1000	18855.295130079667
medium	0.7000000000000001	0.4	2000	11507.812502882338
medium	0.7000000000000001	0.4	3000	15654.366494431291
medium	0.7000000000000001	0.4	4000	6107.1852343054825
medium	0.7000000000000001	0.4	5000	72879.1807426658
medium	0.7000000000000001	0.4	6000	11483.88760047849
medium	0.7000000000000001	0.4	7000	23282.64125512105
medium	0.7000000000000001	0.4	8000	54548.87439224885
medium	0.7000000000000001	0.4	9000	32306.86613109529
medium	0.7000000000000001	0.4	10000	26262.511286856126
medium	0.7000000000000001	0.5	1000	40782.80428768453
medium	0.7000000000000001	0.5	2000	9321.841470847981
medium	0.7000000000000001	0.5	3000	3765.6056463403647
medium	0.7000000000000001	0.5	4000	5651.137684379281
medium	0.7000000000000001	0.5	5000	37404.94060564107
medium	0.7000000000000001	0.5	6000	57282.85520692129
medium	0.7000000000000001	0.5	7000	28564.197603599205
medium	0.7000000000000001	0.5	8000	41585.22130887046
medium	0.7000000000000001	0.5	9000	31252.881205372316
medium	0.7000000000000001	0.5	10000	23222.04577270428
medium	0.7000000000000001	0.6000000000000001	1000	33812.43628990706
medium	0.7000000000000001	0.6000000000000001	2000	8419.667191858794
medium	0.7000000000000001	0.6000000000000001	3000	4171.512624934105
medium	0.7000000000000001	0.6000000000000001	4000	5012.312264689631
medium	0.7000000000000001	0.6000000000000001	5000	65789.48724321445
medium	0.7000000000000001	0.6000000000000001	6000	7550.1568556754555
medium	0.7000000000000001	0.6000000000000001	7000	4679.188421392575
medium	0.7000000000000001	0.6000000000000001	8000	35093.89129507927
medium	0.7000000000000001	0.6000000000000001	9000	30842.437624910544
medium	0.7000000000000001	0.6000000000000001	10000	22130.22712803104
medium	0.7000000000000001	0.7000000000000001	1000	17971.29496224839
medium	0.7000000000000001	0.7000000000000001	2000	14709.617711902167
medium	0.7000000000000001	0.7000000000000001	3000	18590.01168563006
medium	0.7000000000000001	0.7000000000000001	4000	1344.1759285083588
medium	0.7000000000000001	0.7000000000000001	5000	48437.31516192778
medium	0.0	0.0	1000	25.0
medium	0.0	0.0	2000	25.0
medium	0.0	0.0	3000	25.0
medium	0.0	0.0	4000	25.0
medium	0.0	0.0	5000	25.0
medium	0.0	0.0	6000	25.0
medium	0.0	0.0	7000	25.0
medium	0.0	0.0	8000	25.0
medium	0.0	0.0	9000	25.0
medium	0.0	0.0	10000	25.0
medium	0.0	0.1	1000	6282.0
medium	0.0	0.1	2000	25.0
medium	0.0	0.1	3000	27.0
medium	0.0	0.1	4000	25.0
medium	0.0	0.1	5000	4145.0
medium	0.0	0.1	6000	1044.0
medium	0.0	0.1	7000	1276.0
medium	0.0	0.1	8000	29.0
medium	0.0	0.1	9000	3145.0
medium	0.0	0.1	10000	3122.0
medium	0.0	0.2	1000	2131.0
medium	0.0	0.2	2000	2017.0
medium	0.0	0.2	3000	3026.0
medium	0.0	0.2	4000	6182.0
medium	0.0	0.2	5000	1038.0
medium	0.0	0.2	6000	7031.0
medium	0.0	0.2	7000	10495.0
medium	0.0	0.2	8000	3115.0
medium	0.0	0.2	9000	6159.0
medium	0.0	0.2	10000	2940.0
medium	0.0	0.30000000000000004	1000	2118.0
medium	0.0	0.30000000000000004	2000	10045.0
medium	0.0	0.30000000000000004	3000	17806.0
medium	0.0	0.30000000000000004	4000	3974.0
medium	0.0	0.30000000000000004	5000	9822.0
medium	0.0	0.30000000000000004	6000	1133.0
medium	0.5	0.5	6000	46283.50349541749
medium	0.0	0.30000000000000004	7000	6795.0
medium	0.0	0.30000000000000004	8000	5102.0
medium	0.0	0.30000000000000004	9000	5203.0
medium	0.0	0.30000000000000004	10000	2016.0
medium	0.0	0.4	1000	3104.0
medium	0.0	0.4	2000	4905.0
medium	0.0	0.4	3000	3041.0
medium	0.0	0.4	4000	8984.0
medium	0.0	0.4	5000	12071.0
medium	0.0	0.4	6000	6296.0
medium	0.0	0.4	7000	9771.0
medium	0.0	0.4	8000	8144.0
medium	0.0	0.4	9000	10241.0
medium	0.0	0.4	10000	10113.0
medium	0.0	0.5	1000	10104.0
medium	0.0	0.5	2000	9671.0
medium	0.0	0.5	3000	1295.0
medium	0.0	0.5	4000	8249.0
medium	0.0	0.5	5000	15634.0
medium	0.0	0.5	6000	7095.0
medium	0.0	0.5	7000	15010.0
medium	0.0	0.5	8000	9505.0
medium	0.0	0.5	9000	23585.0
medium	0.0	0.5	10000	8871.0
medium	0.0	0.6000000000000001	1000	17367.0
medium	0.0	0.6000000000000001	2000	27119.0
medium	0.0	0.6000000000000001	3000	12007.0
medium	0.0	0.6000000000000001	4000	23050.0
medium	0.0	0.6000000000000001	5000	18006.0
medium	0.0	0.6000000000000001	6000	17712.0
medium	0.0	0.6000000000000001	7000	12296.0
medium	0.0	0.6000000000000001	8000	23329.0
medium	0.0	0.6000000000000001	9000	6279.0
medium	0.0	0.6000000000000001	10000	8646.0
medium	0.0	0.7000000000000001	1000	7156.0
medium	0.0	0.7000000000000001	2000	11434.0
medium	0.0	0.7000000000000001	3000	10866.0
medium	0.0	0.7000000000000001	4000	3685.0
medium	0.0	0.7000000000000001	5000	19784.0
medium	0.4	0.4	9000	7499.03265189613
medium	0.4	0.4	10000	3434.0076320962417
medium	0.4	0.5	1000	19954.821293429926
medium	0.4	0.5	2000	27621.14683530668
medium	0.4	0.5	3000	8482.312982745478
medium	0.4	0.5	4000	30565.898213553413
medium	0.4	0.5	5000	12885.118687973973
medium	0.5	0.5	7000	57729.59949735911
medium	0.5	0.5	8000	14022.882697684412
medium	0.5	0.5	9000	6636.262370357776
medium	0.5	0.5	10000	19700.752679066303
medium	0.5	0.6000000000000001	1000	36294.28191101709
medium	0.5	0.6000000000000001	2000	40655.9813066565
medium	0.5	0.6000000000000001	3000	25365.96053049402
medium	0.5	0.6000000000000001	4000	11641.621651687887
medium	0.5	0.6000000000000001	5000	19272.455151285405
medium	0.5	0.6000000000000001	6000	17527.296793712227
medium	0.5	0.6000000000000001	7000	23066.87664943888
medium	0.5	0.6000000000000001	8000	43529.345520733055
medium	0.5	0.6000000000000001	9000	7124.75937056505
medium	0.5	0.6000000000000001	10000	9480.204866167807
medium	0.5	0.7000000000000001	1000	11962.028141257213
medium	0.5	0.7000000000000001	2000	14592.58403302162
medium	0.5	0.7000000000000001	3000	21331.902098051938
medium	0.5	0.7000000000000001	4000	7945.653925509104
medium	0.5	0.7000000000000001	5000	4278.07379761434
medium	0.5	0.7000000000000001	6000	50898.61485397938
medium	0.5	0.7000000000000001	7000	19201.226812313424
medium	0.5	0.7000000000000001	8000	30053.427351210597
medium	0.5	0.7000000000000001	9000	6166.688786511221
medium	0.5	0.7000000000000001	10000	39295.27502739011
medium	0.5	0.8	1000	37176.15454498142
medium	0.5	0.8	2000	42087.32748980569
medium	0.5	0.8	3000	9462.667192729092
medium	0.5	0.8	4000	16266.559238555452
medium	0.5	0.8	5000	42914.81738944261
medium	0.5	0.8	6000	6434.837073633773
medium	0.5	0.8	7000	8432.591449386562
medium	0.5	0.8	8000	23469.474022502498
medium	0.5	0.8	9000	20058.584673131892
medium	0.5	0.8	10000	50975.923480450285
medium	0.5	0.9	1000	10206.628338587756
medium	0.5	0.9	2000	2579.0659879528907
medium	0.5	0.9	3000	9381.689722739799
medium	0.5	0.9	4000	7685.746390906907
medium	0.5	0.9	5000	23553.420171385347
medium	0.5	0.9	6000	8125.104481618728
medium	0.5	0.9	7000	3550.93134177129
medium	0.5	0.9	8000	59429.9643454416
medium	0.5	0.9	9000	12178.01342587228
medium	0.5	0.9	10000	12676.231257866364
medium	0.5	1.0	1000	16049.357048121516
medium	0.5	1.0	2000	74937.9798274202
medium	0.5	1.0	3000	47039.720439371544
medium	0.5	1.0	4000	16199.010081538934
medium	0.5	1.0	5000	17765.45554775765
medium	0.5	1.0	6000	18816.064579046048
medium	0.5	1.0	7000	2080.8297663669696
medium	0.5	1.0	8000	32969.50239215084
medium	0.5	1.0	9000	74932.48597993389
medium	0.5	1.0	10000	40440.56634532704
medium	0.6000000000000001	0.0	1000	2561.1376530779435
medium	0.6000000000000001	0.0	2000	38754.1729711498
medium	0.6000000000000001	0.0	3000	20638.191326421478
medium	0.6000000000000001	0.0	4000	31219.26306875862
medium	0.6000000000000001	0.0	5000	1964.055751805411
medium	0.6000000000000001	0.0	6000	5982.678669176574
medium	0.6000000000000001	0.0	7000	43173.97733697414
medium	0.6000000000000001	0.0	8000	3123.492507190538
medium	0.6000000000000001	0.0	9000	23235.840799662787
medium	0.6000000000000001	0.0	10000	8453.979957360072
medium	0.6000000000000001	0.1	1000	17256.196565635513
medium	0.6000000000000001	0.1	2000	15659.049884196742
medium	0.6000000000000001	0.1	3000	35198.517615293335
medium	0.6000000000000001	0.1	4000	27624.038881639197
medium	0.6000000000000001	0.1	5000	4497.264267716678
medium	0.6000000000000001	0.1	6000	24402.55641557757
medium	0.6000000000000001	0.1	7000	19380.083429023365
medium	0.6000000000000001	0.1	8000	35905.840720650776
medium	0.6000000000000001	0.1	9000	1706.882635456924
medium	0.6000000000000001	0.1	10000	65512.26037674023
medium	0.6000000000000001	0.2	1000	5314.910441835596
medium	0.6000000000000001	0.2	2000	20341.503409996694
medium	0.6000000000000001	0.2	3000	2360.5546435104925
medium	0.6000000000000001	0.2	4000	2426.137542678646
medium	0.6000000000000001	0.2	5000	50396.221019117846
medium	0.6000000000000001	0.2	6000	35468.12124016569
medium	0.6000000000000001	0.2	7000	18910.78525262267
medium	0.6000000000000001	0.2	8000	2926.084331225797
medium	0.6000000000000001	0.2	9000	6303.008341721608
medium	0.6000000000000001	0.2	10000	16901.009444337396
medium	0.6000000000000001	0.30000000000000004	1000	1564.4961214209318
medium	0.6000000000000001	0.30000000000000004	2000	58838.17570273802
medium	0.6000000000000001	0.30000000000000004	3000	8948.196017629622
medium	0.6000000000000001	0.30000000000000004	4000	2665.267119117576
medium	0.6000000000000001	0.30000000000000004	5000	24092.500414907423
medium	0.6000000000000001	0.30000000000000004	6000	15414.262059744698
medium	0.6000000000000001	0.30000000000000004	7000	22760.09863177158
medium	0.6000000000000001	0.30000000000000004	8000	6661.1520457732895
medium	0.6000000000000001	0.30000000000000004	9000	22903.467823804553
medium	0.6000000000000001	0.30000000000000004	10000	3007.149788043654
medium	0.6000000000000001	0.4	1000	29943.089400172164
medium	0.6000000000000001	0.4	2000	9386.4863725282
medium	0.6000000000000001	0.4	3000	67973.27292360432
medium	0.6000000000000001	0.4	4000	1921.7160791201322
medium	0.6000000000000001	0.4	5000	71422.1359415738
medium	0.6000000000000001	0.4	6000	3572.694874229915
medium	0.6000000000000001	0.4	7000	59505.511599654055
medium	0.6000000000000001	0.4	8000	63998.994236741004
medium	0.6000000000000001	0.4	9000	3403.542232472812
medium	0.6000000000000001	0.4	10000	61964.42553602247
medium	0.6000000000000001	0.5	1000	18273.953177614483
medium	0.6000000000000001	0.5	2000	4836.834914831906
medium	0.6000000000000001	0.5	3000	35512.736313311376
medium	0.6000000000000001	0.5	4000	26705.275382661035
medium	0.6000000000000001	0.5	5000	6706.832870104337
medium	0.6000000000000001	0.5	6000	24324.707784148566
medium	0.6000000000000001	0.5	7000	6783.976839687149
medium	0.6000000000000001	0.5	8000	8735.30858581131
medium	0.6000000000000001	0.5	9000	7534.745394856755
medium	0.6000000000000001	0.5	10000	38998.993517412644
medium	0.6000000000000001	0.6000000000000001	1000	13230.272714837247
medium	0.6000000000000001	0.6000000000000001	2000	9894.702864673478
medium	0.6000000000000001	0.6000000000000001	3000	79503.02019940081
medium	0.6000000000000001	0.6000000000000001	4000	41378.336742228275
medium	0.6000000000000001	0.6000000000000001	5000	7383.447835440504
medium	0.6000000000000001	0.6000000000000001	6000	30915.660828636035
medium	0.6000000000000001	0.6000000000000001	7000	9886.172836211283
medium	0.6000000000000001	0.6000000000000001	8000	74193.57737837112
medium	0.6000000000000001	0.6000000000000001	9000	18318.07724076033
medium	0.6000000000000001	0.6000000000000001	10000	15183.32598510931
medium	0.6000000000000001	0.7000000000000001	1000	40136.79834946226
medium	0.6000000000000001	0.7000000000000001	2000	14700.878163658204
medium	0.6000000000000001	0.7000000000000001	3000	9165.111261381928
medium	0.6000000000000001	0.7000000000000001	4000	9465.014095419445
medium	0.6000000000000001	0.7000000000000001	5000	47701.17333633409
medium	0.6000000000000001	0.7000000000000001	6000	3800.5090711430407
medium	0.6000000000000001	0.7000000000000001	7000	29665.554240874033
medium	0.6000000000000001	0.7000000000000001	8000	41413.630894634975
medium	0.6000000000000001	0.7000000000000001	9000	2440.9238457899796
medium	0.6000000000000001	0.7000000000000001	10000	2996.8701126998626
medium	0.6000000000000001	0.8	1000	47049.53135912294
medium	0.6000000000000001	0.8	2000	53855.44354354482
medium	0.6000000000000001	0.8	3000	18443.641859408155
medium	0.6000000000000001	0.8	4000	13172.625024534018
medium	0.6000000000000001	0.8	5000	8744.783213047214
medium	0.6000000000000001	0.8	6000	6695.243132485529
medium	0.6000000000000001	0.8	7000	27360.709847236696
medium	0.6000000000000001	0.8	8000	50444.649842250576
medium	0.6000000000000001	0.8	9000	23206.886498878896
medium	0.6000000000000001	0.8	10000	11187.609218484109
medium	0.6000000000000001	0.9	1000	21932.160624217544
medium	0.6000000000000001	0.9	2000	21122.02653208704
medium	0.6000000000000001	0.9	3000	8635.146409872177
medium	0.6000000000000001	0.9	4000	8920.00320444885
medium	0.6000000000000001	0.9	5000	18220.610098169775
medium	0.6000000000000001	0.9	6000	48080.84553309301
medium	0.4	0.5	6000	18521.38795472617
medium	0.4	0.5	7000	3894.4058282204687
medium	0.4	0.5	8000	36439.558523289445
medium	0.4	0.5	9000	38246.375160486874
medium	0.4	0.5	10000	8903.789682652465
medium	0.4	0.6000000000000001	1000	55638.34825454728
medium	0.4	0.6000000000000001	2000	13294.90333269065
medium	0.4	0.6000000000000001	3000	5562.013149863488
medium	0.4	0.6000000000000001	4000	7341.701394413663
medium	0.4	0.6000000000000001	5000	16084.34136788937
medium	0.4	0.6000000000000001	6000	32256.113836815082
medium	0.4	0.6000000000000001	7000	10330.33636424991
medium	0.4	0.6000000000000001	8000	12810.131811279594
medium	0.4	0.6000000000000001	9000	12418.40789910528
medium	0.4	0.6000000000000001	10000	5404.222007723727
medium	0.4	0.7000000000000001	1000	9826.100481573943
medium	0.4	0.7000000000000001	2000	15436.173307705289
medium	0.4	0.7000000000000001	3000	19732.348917514468
medium	0.4	0.7000000000000001	4000	46082.58374144493
medium	0.4	0.7000000000000001	5000	2910.8613333809826
medium	0.4	0.7000000000000001	6000	3795.9050104081434
medium	0.4	0.7000000000000001	7000	8759.592820671423
medium	0.4	0.7000000000000001	8000	20317.45199343767
medium	0.4	0.7000000000000001	9000	18130.940034835112
medium	0.4	0.7000000000000001	10000	25611.319225523694
medium	0.4	0.8	1000	5409.779513572823
medium	0.4	0.8	2000	40647.58133196865
medium	0.4	0.8	3000	24954.548901684408
medium	0.4	0.8	4000	29736.262464506544
medium	0.4	0.8	5000	21910.28142963454
medium	0.4	0.8	6000	8216.212354698357
medium	0.4	0.8	7000	8753.216117176802
medium	0.4	0.8	8000	16994.412516649736
medium	0.4	0.8	9000	15718.485537932347
medium	0.4	0.8	10000	48036.08649493969
medium	0.4	0.9	1000	56602.39621206328
medium	0.4	0.9	2000	39784.130144320596
medium	0.4	0.9	3000	19937.289643763856
medium	0.4	0.9	4000	45198.2180837978
medium	0.4	0.9	5000	25050.61632559644
medium	0.4	0.9	6000	43734.88452777267
medium	0.4	0.9	7000	10797.52707820718
medium	0.4	0.9	8000	24627.27989961027
medium	0.4	0.9	9000	10762.07302142323
medium	0.4	0.9	10000	17255.04858644667
medium	0.4	1.0	1000	38963.49788925722
medium	0.4	1.0	2000	42870.99199613125
medium	0.4	1.0	3000	51334.62203893307
medium	0.4	1.0	4000	13114.64325276989
medium	0.4	1.0	5000	27805.359125798925
medium	0.4	1.0	6000	37679.82565505472
medium	0.4	1.0	7000	51141.81453643387
medium	0.4	1.0	8000	68884.28142166958
medium	0.4	1.0	9000	9747.200585822968
medium	0.4	1.0	10000	11113.449262825441
medium	0.5	0.0	1000	5006.951094339185
medium	0.5	0.0	2000	1272.589843071382
medium	0.5	0.0	3000	13932.123973006808
medium	0.5	0.0	4000	4425.848110171836
medium	0.5	0.0	5000	57528.27175280097
medium	0.5	0.0	6000	2916.0027323388535
medium	0.5	0.0	7000	6348.225415555453
medium	0.5	0.0	8000	3091.878836709635
medium	0.5	0.0	9000	2963.0754681411736
medium	0.5	0.0	10000	18213.68657639459
medium	0.5	0.1	1000	4517.608252314592
medium	0.5	0.1	2000	36651.95734682564
medium	0.5	0.1	3000	15450.68085789898
medium	0.5	0.1	4000	3169.8560591267287
medium	0.5	0.1	5000	44892.94906836946
medium	0.5	0.1	6000	11198.065278217746
medium	0.5	0.1	7000	6396.843487338185
medium	0.5	0.1	8000	50333.17340664497
medium	0.5	0.1	9000	64456.69507975058
medium	0.5	0.1	10000	3272.5032549719203
medium	0.5	0.2	1000	3563.4681057729754
medium	0.5	0.2	2000	4875.722754425874
medium	0.5	0.2	3000	29263.64246680249
medium	0.5	0.2	4000	31061.12007663792
medium	0.5	0.2	5000	15176.23821991271
medium	0.5	0.2	6000	6980.472355675224
medium	0.5	0.2	7000	4513.436302006796
medium	0.5	0.2	8000	51720.882455456194
medium	0.5	0.2	9000	9291.017205382188
medium	0.5	0.2	10000	2868.422216777412
medium	0.5	0.30000000000000004	1000	59825.09122705013
medium	0.5	0.30000000000000004	2000	3913.654406087956
medium	0.5	0.30000000000000004	3000	20023.679043338776
medium	0.5	0.30000000000000004	4000	5542.984510363322
medium	0.5	0.30000000000000004	5000	1715.5032435731366
medium	0.5	0.30000000000000004	6000	27985.102984996647
medium	0.5	0.30000000000000004	7000	77967.7035309801
medium	0.5	0.30000000000000004	8000	8553.905350596395
medium	0.5	0.30000000000000004	9000	1215.8029587778146
medium	0.5	0.30000000000000004	10000	57201.05421880215
medium	0.5	0.4	1000	5195.7585018718555
medium	0.5	0.4	2000	6792.232670032634
medium	0.5	0.4	3000	38953.43185903335
medium	0.5	0.4	4000	7086.677794546737
medium	0.5	0.4	5000	20164.30720896588
medium	0.5	0.4	6000	8487.645385764152
medium	0.5	0.4	7000	32313.878378521757
medium	0.5	0.4	8000	22162.36890154541
medium	0.5	0.4	9000	34303.93552119902
medium	0.5	0.4	10000	46395.66519057144
medium	0.5	0.5	1000	39562.530129509556
medium	0.5	0.5	2000	2385.927906646713
medium	0.5	0.5	3000	40950.04318667918
medium	0.5	0.5	4000	41041.66012638893
medium	0.5	0.5	5000	9214.639520843384
medium	0.7000000000000001	0.7000000000000001	6000	19403.054342530202
medium	0.7000000000000001	0.7000000000000001	7000	46745.065660802306
medium	0.7000000000000001	0.7000000000000001	8000	4962.835041043114
medium	0.7000000000000001	0.7000000000000001	9000	12807.310396143062
medium	0.7000000000000001	0.7000000000000001	10000	60955.34315885751
medium	0.7000000000000001	0.8	1000	56316.53966818407
medium	0.7000000000000001	0.8	2000	67785.56246555135
medium	0.7000000000000001	0.8	3000	11133.622750973753
medium	0.7000000000000001	0.8	4000	27599.276594081275
medium	0.7000000000000001	0.8	5000	63967.71106364459
medium	0.7000000000000001	0.8	6000	1493.2903246895228
medium	0.7000000000000001	0.8	7000	37529.70604700552
medium	0.7000000000000001	0.8	8000	58617.45542730101
medium	0.7000000000000001	0.8	9000	56612.37130427731
medium	0.7000000000000001	0.8	10000	76237.89104343239
medium	0.7000000000000001	0.9	1000	24614.790236373778
medium	0.7000000000000001	0.9	2000	45057.98063609119
medium	0.7000000000000001	0.9	3000	10409.054146050337
medium	0.7000000000000001	0.9	4000	35010.05127183903
medium	0.7000000000000001	0.9	5000	21220.949909327792
medium	0.7000000000000001	0.9	6000	24642.050294926372
medium	0.7000000000000001	0.9	7000	29859.6499846566
medium	0.7000000000000001	0.9	8000	59847.946301231445
medium	0.7000000000000001	0.9	9000	46633.695180678194
medium	0.7000000000000001	0.9	10000	30746.830800187636
medium	0.7000000000000001	1.0	1000	40091.85231052505
medium	0.7000000000000001	1.0	2000	16675.734154113303
medium	0.7000000000000001	1.0	3000	47412.86619341959
medium	0.7000000000000001	1.0	4000	40144.35136377681
medium	0.7000000000000001	1.0	5000	28741.917091730367
medium	0.7000000000000001	1.0	6000	62801.182314019126
medium	0.7000000000000001	1.0	7000	36889.63947902313
medium	0.7000000000000001	1.0	8000	3661.6186919374177
medium	0.7000000000000001	1.0	9000	24582.023558896384
medium	0.7000000000000001	1.0	10000	52539.20783624391
medium	0.8	0.0	1000	12694.937343002519
medium	0.8	0.0	2000	70460.70576792257
medium	0.8	0.0	3000	36671.01216256018
medium	0.8	0.0	4000	53384.16679055947
medium	0.8	0.0	5000	33957.90511583854
medium	0.8	0.0	6000	46797.71082726232
medium	0.8	0.0	7000	49967.10554756041
medium	0.8	0.0	8000	4278.836576833967
medium	0.8	0.0	9000	7551.048458956974
medium	0.8	0.0	10000	12893.49361846626
medium	0.8	0.1	1000	76689.21206953096
medium	0.8	0.1	2000	3646.252387995941
medium	0.8	0.1	3000	4455.596644396009
medium	0.8	0.1	4000	24443.800664064373
medium	0.8	0.1	5000	27881.56009849148
medium	0.8	0.1	6000	38498.169022867
medium	0.8	0.1	7000	56671.536133184105
medium	0.8	0.1	8000	6915.714025459702
medium	0.8	0.1	9000	49399.80006448264
medium	0.8	0.1	10000	70653.92947696875
medium	0.8	0.2	1000	27015.60275002348
medium	0.8	0.2	2000	25719.20231620828
medium	0.8	0.2	3000	23699.241066515013
medium	0.8	0.2	4000	7579.862795838571
medium	0.8	0.2	5000	36171.13182343505
medium	0.8	0.2	6000	33433.44910015579
medium	0.8	0.2	7000	36670.492491855155

BUILD SUCCESSFUL

Total time: 28.236 secs
