This is pdfTeX, Version 3.1415926-1.40.10 (TeX Live 2009/Debian) (format=pdflatex 2013.1.27)  1 APR 2013 01:30
entering extended mode
 %&-line parsing enabled.
**machine_learning_p3
(./machine_learning_p3.tex
LaTeX2e <2009/09/24>
Babel <v3.8l> and hyphenation patterns for english, usenglishmax, dumylang, noh
yphenation, loaded.
(./acmsiggraph.cls
Document Class: acmsiggraph 2012/01/05 ACM SIGGRAPH class
\ACMpointsize=\skip41
(/usr/share/texmf-texlive/tex/latex/base/article.cls
Document Class: article 2007/10/19 v1.4h Standard LaTeX document class
(/usr/share/texmf-texlive/tex/latex/base/size10.clo
File: size10.clo 2007/10/19 v1.4h Standard LaTeX file (size option)
)
\c@part=\count79
\c@section=\count80
\c@subsection=\count81
\c@subsubsection=\count82
\c@paragraph=\count83
\c@subparagraph=\count84
\c@figure=\count85
\c@table=\count86
\abovecaptionskip=\skip42
\belowcaptionskip=\skip43
\bibindent=\dimen102
)
(/usr/share/texmf-texlive/tex/latex/amsmath/amsmath.sty
Package: amsmath 2000/07/18 v2.13 AMS math features
\@mathmargin=\skip44

For additional information on amsmath, use the `?' option.
(/usr/share/texmf-texlive/tex/latex/amsmath/amstext.sty
Package: amstext 2000/06/29 v2.01

(/usr/share/texmf-texlive/tex/latex/amsmath/amsgen.sty
File: amsgen.sty 1999/11/30 v2.0
\@emptytoks=\toks14
\ex@=\dimen103
))
(/usr/share/texmf-texlive/tex/latex/amsmath/amsbsy.sty
Package: amsbsy 1999/11/29 v1.2d
\pmbraise@=\dimen104
)
(/usr/share/texmf-texlive/tex/latex/amsmath/amsopn.sty
Package: amsopn 1999/12/14 v2.01 operator names
)
\inf@bad=\count87
LaTeX Info: Redefining \frac on input line 211.
\uproot@=\count88
\leftroot@=\count89
LaTeX Info: Redefining \overline on input line 307.
\classnum@=\count90
\DOTSCASE@=\count91
LaTeX Info: Redefining \ldots on input line 379.
LaTeX Info: Redefining \dots on input line 382.
LaTeX Info: Redefining \cdots on input line 467.
\Mathstrutbox@=\box26
\strutbox@=\box27
\big@size=\dimen105
LaTeX Font Info:    Redeclaring font encoding OML on input line 567.
LaTeX Font Info:    Redeclaring font encoding OMS on input line 568.
\macc@depth=\count92
\c@MaxMatrixCols=\count93
\dotsspace@=\muskip10
\c@parentequation=\count94
\dspbrk@lvl=\count95
\tag@help=\toks15
\row@=\count96
\column@=\count97
\maxfields@=\count98
\andhelp@=\toks16
\eqnshift@=\dimen106
\alignsep@=\dimen107
\tagshift@=\dimen108
\tagwidth@=\dimen109
\totwidth@=\dimen110
\lineht@=\dimen111
\@envbody=\toks17
\multlinegap=\skip45
\multlinetaggap=\skip46
\mathdisplay@stack=\toks18
LaTeX Info: Redefining \[ on input line 2666.
LaTeX Info: Redefining \] on input line 2667.
)
(/usr/share/texmf-texlive/tex/latex/lineno/lineno.sty
Package: lineno 2005/11/02 line numbers on paragraphs v4.41
\linenopenalty=\count99
\output=\toks19
\linenoprevgraf=\count100
\linenumbersep=\dimen112
\linenumberwidth=\dimen113
\c@linenumber=\count101
\c@pagewiselinenumber=\count102
\c@LN@truepage=\count103
\c@internallinenumber=\count104
\c@internallinenumbers=\count105
\quotelinenumbersep=\dimen114
\bframerule=\dimen115
\bframesep=\dimen116
\bframebox=\box28
LaTeX Info: Redefining \\ on input line 3056.
)
(/usr/share/texmf-texlive/tex/latex/psnfss/helvet.sty
Package: helvet 2005/04/12 PSNFSS-v9.2a (WaS) 

(/usr/share/texmf-texlive/tex/latex/graphics/keyval.sty
Package: keyval 1999/03/16 v1.13 key=value parser (DPC)
\KV@toks@=\toks20
))
(/usr/share/texmf-texlive/tex/latex/psnfss/times.sty
Package: times 2005/04/12 PSNFSS-v9.2a (SPQR) 
)
(/usr/share/texmf-texlive/tex/latex/graphics/graphicx.sty
Package: graphicx 1999/02/16 v1.0f Enhanced LaTeX Graphics (DPC,SPQR)

(/usr/share/texmf-texlive/tex/latex/graphics/graphics.sty
Package: graphics 2009/02/05 v1.0o Standard LaTeX Graphics (DPC,SPQR)

(/usr/share/texmf-texlive/tex/latex/graphics/trig.sty
Package: trig 1999/03/16 v1.09 sin cos tan (DPC)
)
(/etc/texmf/tex/latex/config/graphics.cfg
File: graphics.cfg 2009/08/28 v1.8 graphics configuration of TeX Live
)
Package graphics Info: Driver file: pdftex.def on input line 91.

(/usr/share/texmf-texlive/tex/latex/pdftex-def/pdftex.def
File: pdftex.def 2010/03/12 v0.04p Graphics/color for pdfTeX
\Gread@gobject=\count106
))
\Gin@req@height=\dimen117
\Gin@req@width=\dimen118
)
(/usr/share/texmf-texlive/tex/latex/caption/caption.sty
Package: caption 2009/10/09 v3.1k Customizing captions (AR)

(/usr/share/texmf-texlive/tex/latex/caption/caption3.sty
Package: caption3 2009/10/09 v3.1k caption3 kernel (AR)
\captionmargin=\dimen119
\captionmargin@=\dimen120
\captionwidth=\dimen121
\caption@indent=\dimen122
\caption@parindent=\dimen123
\caption@hangindent=\dimen124
)
\c@ContinuedFloat=\count107
)
(/usr/share/texmf-texlive/tex/latex/ltxmisc/parskip.sty
Package: parskip 2001/04/09 non-zero parskip adjustments
)
\ACMcopyrightspace=\skip47
\bibhang=\skip48
\titlespace=\skip49
\teaserspace=\skip50
\@ACMabs=\toks21

(/usr/share/texmf-texlive/tex/generic/oberdiek/ifpdf.sty
Package: ifpdf 2009/04/10 v2.0 Provides the ifpdf switch (HO)
Package ifpdf Info: pdfTeX in pdf mode detected.
)
(/usr/share/texmf-texlive/tex/latex/hyperref/hyperref.sty
Package: hyperref 2009/10/09 v6.79a Hypertext links for LaTeX

(/usr/share/texmf-texlive/tex/generic/oberdiek/ifvtex.sty
Package: ifvtex 2008/11/04 v1.4 Switches for detecting VTeX and its modes (HO)
Package ifvtex Info: VTeX not detected.
)
(/usr/share/texmf-texlive/tex/generic/ifxetex/ifxetex.sty
Package: ifxetex 2009/01/23 v0.5 Provides ifxetex conditional
)
(/usr/share/texmf-texlive/tex/latex/oberdiek/hycolor.sty
Package: hycolor 2009/10/02 v1.5 Code for color options of hyperref/bookmark (H
O)

(/usr/share/texmf-texlive/tex/latex/oberdiek/xcolor-patch.sty
Package: xcolor-patch 2009/10/02 xcolor patch
))
\@linkdim=\dimen125
\Hy@linkcounter=\count108
\Hy@pagecounter=\count109

(/usr/share/texmf-texlive/tex/latex/hyperref/pd1enc.def
File: pd1enc.def 2009/10/09 v6.79a Hyperref: PDFDocEncoding definition (HO)
)
(/usr/share/texmf-texlive/tex/generic/oberdiek/etexcmds.sty
Package: etexcmds 2007/12/12 v1.2 Prefix for e-TeX command names (HO)

(/usr/share/texmf-texlive/tex/generic/oberdiek/infwarerr.sty
Package: infwarerr 2007/09/09 v1.2 Providing info/warning/message (HO)
)
Package etexcmds Info: Could not find \expanded.
(etexcmds)             That can mean that you are not using pdfTeX 1.50 or
(etexcmds)             that some package has redefined \expanded.
(etexcmds)             In the latter case, load this package earlier.
)
(/usr/share/texmf-texlive/tex/latex/latexconfig/hyperref.cfg
File: hyperref.cfg 2002/06/06 v1.2 hyperref configuration of TeXLive
)
(/usr/share/texmf-texlive/tex/latex/oberdiek/kvoptions.sty
Package: kvoptions 2009/08/13 v3.4 Keyval support for LaTeX options (HO)

(/usr/share/texmf-texlive/tex/generic/oberdiek/kvsetkeys.sty
Package: kvsetkeys 2009/07/30 v1.5 Key value parser with default handler suppor
t (HO)
))
Package hyperref Info: Option `breaklinks' set `true' on input line 2864.
Package hyperref Info: Option `hyperfootnotes' set `false' on input line 2864.
Package hyperref Info: Option `bookmarks' set `false' on input line 2864.
Package hyperref Info: Hyper figures OFF on input line 2975.
Package hyperref Info: Link nesting OFF on input line 2980.
Package hyperref Info: Hyper index ON on input line 2983.
Package hyperref Info: Plain pages OFF on input line 2990.
Package hyperref Info: Backreferencing OFF on input line 2995.

Implicit mode ON; LaTeX internals redefined
Package hyperref Info: Bookmarks OFF on input line 3197.
(/usr/share/texmf-texlive/tex/latex/ltxmisc/url.sty
\Urlmuskip=\muskip11
Package: url 2006/04/12  ver 3.3  Verb mode for urls, etc.
)
LaTeX Info: Redefining \url on input line 3428.

(/usr/share/texmf-texlive/tex/generic/oberdiek/bitset.sty
Package: bitset 2007/09/28 v1.0 Data type bit set (HO)

(/usr/share/texmf-texlive/tex/generic/oberdiek/intcalc.sty
Package: intcalc 2007/09/27 v1.1 Expandable integer calculations (HO)
)
(/usr/share/texmf-texlive/tex/generic/oberdiek/bigintcalc.sty
Package: bigintcalc 2007/11/11 v1.1 Expandable big integer calculations (HO)

(/usr/share/texmf-texlive/tex/generic/oberdiek/pdftexcmds.sty
Package: pdftexcmds 2009/09/23 v0.6 LuaTeX support for pdfTeX utility functions
 (HO)

(/usr/share/texmf-texlive/tex/generic/oberdiek/ifluatex.sty
Package: ifluatex 2009/04/17 v1.2 Provides the ifluatex switch (HO)
Package ifluatex Info: LuaTeX not detected.
)
(/usr/share/texmf-texlive/tex/generic/oberdiek/ltxcmds.sty
Package: ltxcmds 2009/08/05 v1.0 Some LaTeX kernel commands for general use (HO
)
)
Package pdftexcmds Info: LuaTeX not detected.
Package pdftexcmds Info: \pdf@primitive is available.
Package pdftexcmds Info: \pdf@ifprimitive is available.
)))
\Fld@menulength=\count110
\Field@Width=\dimen126
\Fld@charsize=\dimen127
\Field@toks=\toks22
Package hyperref Info: Hyper figures OFF on input line 4377.
Package hyperref Info: Link nesting OFF on input line 4382.
Package hyperref Info: Hyper index ON on input line 4385.
Package hyperref Info: backreferencing OFF on input line 4392.
Package hyperref Info: Link coloring OFF on input line 4397.
Package hyperref Info: Link coloring with OCG OFF on input line 4402.
Package hyperref Info: PDF/A mode OFF on input line 4407.

(/usr/share/texmf-texlive/tex/generic/oberdiek/atbegshi.sty
Package: atbegshi 2008/07/31 v1.9 At begin shipout hook (HO)
)
\Hy@abspage=\count111
\c@Item=\count112
)
*hyperref using driver hpdftex*
(/usr/share/texmf-texlive/tex/latex/hyperref/hpdftex.def
File: hpdftex.def 2009/10/09 v6.79a Hyperref driver for pdfTeX
\Fld@listcount=\count113
)
Package hyperref Info: Option `colorlinks' set `true' on input line 510.
Package hyperref Info: Option `breaklinks' set `true' on input line 510.
)
(./machine_learning_p3.aux)
\openout1 = `machine_learning_p3.aux'.

LaTeX Font Info:    Checking defaults for OML/cmm/m/it on input line 29.
LaTeX Font Info:    ... okay on input line 29.
LaTeX Font Info:    Checking defaults for T1/cmr/m/n on input line 29.
LaTeX Font Info:    ... okay on input line 29.
LaTeX Font Info:    Checking defaults for OT1/cmr/m/n on input line 29.
LaTeX Font Info:    ... okay on input line 29.
LaTeX Font Info:    Checking defaults for OMS/cmsy/m/n on input line 29.
LaTeX Font Info:    ... okay on input line 29.
LaTeX Font Info:    Checking defaults for OMX/cmex/m/n on input line 29.
LaTeX Font Info:    ... okay on input line 29.
LaTeX Font Info:    Checking defaults for U/cmr/m/n on input line 29.
LaTeX Font Info:    ... okay on input line 29.
LaTeX Font Info:    Checking defaults for PD1/pdf/m/n on input line 29.
LaTeX Font Info:    ... okay on input line 29.
LaTeX Font Info:    Try loading font information for OT1+ptm on input line 29.

(/usr/share/texmf-texlive/tex/latex/psnfss/ot1ptm.fd
File: ot1ptm.fd 2001/06/04 font definitions for OT1/ptm.
)
(/usr/share/texmf-texlive/tex/context/base/supp-pdf.mkii
[Loading MPS to PDF converter (version 2006.09.02).]
\scratchcounter=\count114
\scratchdimen=\dimen128
\scratchbox=\box29
\nofMPsegments=\count115
\nofMParguments=\count116
\everyMPshowfont=\toks23
\MPscratchCnt=\count117
\MPscratchDim=\dimen129
\MPnumerator=\count118
\everyMPtoPDFconversion=\toks24
)
Package caption Info: Begin \AtBeginDocument code.
Package caption Info: hyperref package is loaded.
Package caption Info: End \AtBeginDocument code.
 (/usr/share/texmf-texlive/tex/latex/graphics/color.sty
Package: color 2005/11/14 v1.0j Standard LaTeX Color (DPC)

(/etc/texmf/tex/latex/config/color.cfg
File: color.cfg 2007/01/18 v1.5 color configuration of teTeX/TeXLive
)
Package color Info: Driver file: pdftex.def on input line 130.
)
Package hyperref Info: Link coloring ON on input line 29.

(/usr/share/texmf-texlive/tex/latex/hyperref/nameref.sty
Package: nameref 2007/05/29 v2.31 Cross-referencing by name of section

(/usr/share/texmf-texlive/tex/latex/oberdiek/refcount.sty
Package: refcount 2008/08/11 v3.1 Data extraction from references (HO)
)
\c@section@level=\count119
)
LaTeX Info: Redefining \ref on input line 29.
LaTeX Info: Redefining \pageref on input line 29.
\AtBeginShipoutBox=\box30
LaTeX Font Info:    Try loading font information for OT1+phv on input line 31.

(/usr/share/texmf-texlive/tex/latex/psnfss/ot1phv.fd
File: ot1phv.fd 2001/06/04 scalable font definitions for OT1/phv.
)
LaTeX Font Info:    Font shape `OT1/phv/m/n' will be
(Font)              scaled to size 13.24796pt on input line 31.
LaTeX Font Info:    Font shape `OT1/phv/bx/n' in size <14.4> not available
(Font)              Font shape `OT1/phv/b/n' tried instead on input line 31.
LaTeX Font Info:    Font shape `OT1/phv/b/n' will be
(Font)              scaled to size 13.24796pt on input line 31.
LaTeX Font Info:    Font shape `OT1/phv/m/n' will be
(Font)              scaled to size 11.03998pt on input line 33.
LaTeX Font Info:    Font shape `OT1/phv/bx/n' in size <12> not available
(Font)              Font shape `OT1/phv/b/n' tried instead on input line 33.
LaTeX Font Info:    Font shape `OT1/phv/b/n' will be
(Font)              scaled to size 11.03998pt on input line 33.
LaTeX Font Info:    Font shape `OT1/phv/m/n' will be
(Font)              scaled to size 9.19998pt on input line 41.
LaTeX Font Info:    Font shape `OT1/phv/bx/n' in size <10> not available
(Font)              Font shape `OT1/phv/b/n' tried instead on input line 41.
LaTeX Font Info:    Font shape `OT1/phv/b/n' will be
(Font)              scaled to size 9.19998pt on input line 41.
LaTeX Font Info:    Font shape `OT1/phv/m/n' will be
(Font)              scaled to size 8.27998pt on input line 43.
LaTeX Font Info:    Font shape `OT1/phv/bx/n' in size <9> not available
(Font)              Font shape `OT1/phv/b/n' tried instead on input line 43.
LaTeX Font Info:    Font shape `OT1/phv/b/n' will be
(Font)              scaled to size 8.27998pt on input line 43.
 [1{/var/lib/texmf/fonts/map/pdftex/updmap/pdftex.map}


]
<charts/k-means-comparison.png, id=32, 514.92375pt x 321.2pt>
File: charts/k-means-comparison.png Graphic file (type png)

<use charts/k-means-comparison.png>
Overfull \hbox (12.0pt too wide) in paragraph at lines 69--70
 [][] 
 []

LaTeX Font Info:    Font shape `OT1/ptm/bx/n' in size <9> not available
(Font)              Font shape `OT1/ptm/b/n' tried instead on input line 70.
<charts/em_result.png, id=34, 451.6875pt x 321.2pt>
File: charts/em_result.png Graphic file (type png)
 <use charts/em_result.png>
Overfull \hbox (12.0pt too wide) in paragraph at lines 78--79
 [][] 
 []

[2 <./charts/k-means-comparison.png (PNG copy)>]
<charts/clust_dim_red.png, id=53, 570.13pt x 321.2pt>
File: charts/clust_dim_red.png Graphic file (type png)

<use charts/clust_dim_red.png>
Overfull \hbox (12.0pt too wide) in paragraph at lines 104--105
 [][] 
 []

[3 <./charts/em_result.png (PNG copy)>]
<charts/time_vs_attr_ica.png, id=67, 451.6875pt x 321.2pt>
File: charts/time_vs_attr_ica.png Graphic file (type png)

<use charts/time_vs_attr_ica.png>
Overfull \hbox (12.0pt too wide) in paragraph at lines 117--118
 [][] 
 []

<charts/clust_dim_red_2.png, id=68, 451.6875pt x 321.2pt>
File: charts/clust_dim_red_2.png Graphic file (type png)

<use charts/clust_dim_red_2.png>
Overfull \hbox (12.0pt too wide) in paragraph at lines 123--124
 [][] 
 []

<charts/accuracy_time_tradeoff.png, id=71, 451.6875pt x 322.20375pt>
File: charts/accuracy_time_tradeoff.png Graphic file (type png)

<use charts/accuracy_time_tradeoff.png>
Overfull \hbox (12.0pt too wide) in paragraph at lines 134--135
 [][] 
 []


Underfull \vbox (badness 3240) has occurred while \output is active []

Missing character: There is no Â in font ptmr7t!
Missing character: There is no   in font ptmr7t!
Missing character: There is no Â in font ptmr7t!
Missing character: There is no   in font ptmr7t!
Missing character: There is no Â in font ptmr7t!
Missing character: There is no   in font ptmr7t!
Missing character: There is no Â in font ptmr7t!
Missing character: There is no   in font ptmr7t!
Missing character: There is no Â in font ptmr7t!
Missing character: There is no   in font ptmr7t!
Missing character: There is no Â in font ptmr7t!
Missing character: There is no   in font ptmr7t!
Missing character: There is no Â in font ptmr7t!
Missing character: There is no   in font ptmr7t!
Missing character: There is no Â in font ptmr7t!
Missing character: There is no   in font ptmr7t!
Missing character: There is no Â in font ptmr7t!
Missing character: There is no   in font ptmr7t!
Missing character: There is no Â in font ptmr7t!
Missing character: There is no   in font ptmr7t!
Missing character: There is no Â in font ptmr7t!
Missing character: There is no   in font ptmr7t!
Missing character: There is no Â in font ptmr7t!
Missing character: There is no   in font ptmr7t!
Missing character: There is no Â in font ptmr7t!
Missing character: There is no   in font ptmr7t!
Missing character: There is no Â in font ptmr7t!
Missing character: There is no   in font ptmr7t!
Missing character: There is no Â in font ptmr7t!
Missing character: There is no   in font ptmr7t!
Missing character: There is no Â in font ptmr7t!
Missing character: There is no   in font ptmr7t!
Missing character: There is no Â in font ptmr7t!
Missing character: There is no   in font ptmr7t!
Missing character: There is no Â in font ptmr7t!
Missing character: There is no   in font ptmr7t!
Missing character: There is no Â in font ptmr7t!
Missing character: There is no   in font ptmr7t!
Missing character: There is no Â in font ptmr7t!
Missing character: There is no   in font ptmr7t!
Missing character: There is no Â in font ptmr7t!
Missing character: There is no   in font ptmr7t!
Missing character: There is no Â in font ptmr7t!
Missing character: There is no   in font ptmr7t!
Missing character: There is no Â in font ptmr7t!
Missing character: There is no   in font ptmr7t!
Missing character: There is no Â in font ptmr7t!
Missing character: There is no   in font ptmr7t!
Missing character: There is no Â in font ptmr7t!
Missing character: There is no   in font ptmr7t!
Missing character: There is no Â in font ptmr7t!
Missing character: There is no   in font ptmr7t!
Missing character: There is no Â in font ptmr7t!
Missing character: There is no   in font ptmr7t!
Missing character: There is no Â in font ptmr7t!
Missing character: There is no   in font ptmr7t!
Missing character: There is no Â in font ptmr7t!
Missing character: There is no   in font ptmr7t!
Missing character: There is no Â in font ptmr7t!
Missing character: There is no   in font ptmr7t!
Missing character: There is no Â in font ptmr7t!
Missing character: There is no   in font ptmr7t!
Missing character: There is no Â in font ptmr7t!
Missing character: There is no   in font ptmr7t!
Missing character: There is no Â in font ptmr7t!
Missing character: There is no   in font ptmr7t!
Missing character: There is no Â in font ptmr7t!
Missing character: There is no   in font ptmr7t!
Missing character: There is no Â in font ptmr7t!
Missing character: There is no   in font ptmr7t!
Missing character: There is no Â in font ptmr7t!
Missing character: There is no   in font ptmr7t!
Missing character: There is no Â in font ptmr7t!
Missing character: There is no   in font ptmr7t!
Missing character: There is no Â in font ptmr7t!
Missing character: There is no   in font ptmr7t!
Missing character: There is no Â in font ptmr7t!
Missing character: There is no   in font ptmr7t!
Missing character: There is no Â in font ptmr7t!
Missing character: There is no   in font ptmr7t!
Missing character: There is no Â in font ptmr7t!
Missing character: There is no   in font ptmr7t!
Missing character: There is no Â in font ptmr7t!
Missing character: There is no   in font ptmr7t!
Missing character: There is no Â in font ptmr7t!
Missing character: There is no   in font ptmr7t!
Missing character: There is no Â in font ptmr7t!
Missing character: There is no   in font ptmr7t!
Missing character: There is no Â in font ptmr7t!
Missing character: There is no   in font ptmr7t!
Missing character: There is no Â in font ptmr7t!
Missing character: There is no   in font ptmr7t!
Missing character: There is no Â in font ptmr7t!
Missing character: There is no   in font ptmr7t!
Missing character: There is no Â in font ptmr7t!
Missing character: There is no   in font ptmr7t!
Missing character: There is no Â in font ptmr7t!
Missing character: There is no   in font ptmr7t!
Missing character: There is no Â in font ptmr7t!
Missing character: There is no   in font ptmr7t!
Missing character: There is no Â in font ptmr7t!
Missing character: There is no   in font ptmr7t!
Missing character: There is no Â in font ptmr7t!
Missing character: There is no   in font ptmr7t!
Missing character: There is no Â in font ptmr7t!
Missing character: There is no   in font ptmr7t!
Missing character: There is no Â in font ptmr7t!
Missing character: There is no   in font ptmr7t!
Missing character: There is no Â in font ptmr7t!
Missing character: There is no   in font ptmr7t!
Missing character: There is no Â in font ptmr7t!
Missing character: There is no   in font ptmr7t!
Missing character: There is no Â in font ptmr7t!
Missing character: There is no   in font ptmr7t!
Missing character: There is no Â in font ptmr7t!
Missing character: There is no   in font ptmr7t!
Missing character: There is no Â in font ptmr7t!
Missing character: There is no   in font ptmr7t!
Missing character: There is no Â in font ptmr7t!
Missing character: There is no   in font ptmr7t!
Missing character: There is no Â in font ptmr7t!
Missing character: There is no   in font ptmr7t!
Missing character: There is no Â in font ptmr7t!
Missing character: There is no   in font ptmr7t!
Missing character: There is no Â in font ptmr7t!
Missing character: There is no   in font ptmr7t!
Missing character: There is no Â in font ptmr7t!
Missing character: There is no   in font ptmr7t!
Missing character: There is no Â in font ptmr7t!
Missing character: There is no   in font ptmr7t!
Missing character: There is no Â in font ptmr7t!
Missing character: There is no   in font ptmr7t!
Missing character: There is no Â in font ptmr7t!
Missing character: There is no   in font ptmr7t!
Missing character: There is no Â in font ptmr7t!
Missing character: There is no   in font ptmr7t!
Missing character: There is no Â in font ptmr7t!
Missing character: There is no   in font ptmr7t!
Missing character: There is no Â in font ptmr7t!
Missing character: There is no   in font ptmr7t!
Missing character: There is no Â in font ptmr7t!
Missing character: There is no   in font ptmr7t!
Missing character: There is no Â in font ptmr7t!
Missing character: There is no   in font ptmr7t!
Missing character: There is no Â in font ptmr7t!
Missing character: There is no   in font ptmr7t!
Missing character: There is no Â in font ptmr7t!
Missing character: There is no   in font ptmr7t!
Missing character: There is no Â in font ptmr7t!
Missing character: There is no   in font ptmr7t!
Missing character: There is no Â in font ptmr7t!
Missing character: There is no   in font ptmr7t!
Missing character: There is no Â in font ptmr7t!
Missing character: There is no   in font ptmr7t!
Missing character: There is no Â in font ptmr7t!
Missing character: There is no   in font ptmr7t!
Missing character: There is no Â in font ptmr7t!
Missing character: There is no   in font ptmr7t!
Missing character: There is no Â in font ptmr7t!
Missing character: There is no   in font ptmr7t!
Missing character: There is no Â in font ptmr7t!
Missing character: There is no   in font ptmr7t!
Missing character: There is no Â in font ptmr7t!
Missing character: There is no   in font ptmr7t!
Missing character: There is no Â in font ptmr7t!
Missing character: There is no   in font ptmr7t!
Missing character: There is no Â in font ptmr7t!
Missing character: There is no   in font ptmr7t!
Missing character: There is no Â in font ptmr7t!
Missing character: There is no   in font ptmr7t!
Missing character: There is no Â in font ptmr7t!
Missing character: There is no   in font ptmr7t!
Missing character: There is no Â in font ptmr7t!
Missing character: There is no   in font ptmr7t!
Missing character: There is no Â in font ptmr7t!
Missing character: There is no   in font ptmr7t!
Missing character: There is no Â in font ptmr7t!
Missing character: There is no   in font ptmr7t!
Missing character: There is no Â in font ptmr7t!
Missing character: There is no   in font ptmr7t!
Missing character: There is no Â in font ptmr7t!
Missing character: There is no   in font ptmr7t!
Missing character: There is no Â in font ptmr7t!
Missing character: There is no   in font ptmr7t!
Missing character: There is no Â in font ptmr7t!
Missing character: There is no   in font ptmr7t!
Missing character: There is no Â in font ptmr7t!
Missing character: There is no   in font ptmr7t!
Missing character: There is no Â in font ptmr7t!
Missing character: There is no   in font ptmr7t!
Missing character: There is no Â in font ptmr7t!
Missing character: There is no   in font ptmr7t!
Missing character: There is no Â in font ptmr7t!
Missing character: There is no   in font ptmr7t!
Missing character: There is no Â in font ptmr7t!
Missing character: There is no   in font ptmr7t!
Missing character: There is no Â in font ptmr7t!
Missing character: There is no   in font ptmr7t!
Missing character: There is no Â in font ptmr7t!
Missing character: There is no   in font ptmr7t!
Missing character: There is no Â in font ptmr7t!
Missing character: There is no   in font ptmr7t!
Missing character: There is no Â in font ptmr7t!
Missing character: There is no   in font ptmr7t!
Missing character: There is no Â in font ptmr7t!
Missing character: There is no   in font ptmr7t!
Missing character: There is no Â in font ptmr7t!
Missing character: There is no   in font ptmr7t!
Missing character: There is no Â in font ptmr7t!
Missing character: There is no   in font ptmr7t!
Missing character: There is no Â in font ptmr7t!
Missing character: There is no   in font ptmr7t!
Missing character: There is no Â in font ptmr7t!
Missing character: There is no   in font ptmr7t!
Missing character: There is no Â in font ptmr7t!
Missing character: There is no   in font ptmr7t!
Missing character: There is no Â in font ptmr7t!
Missing character: There is no   in font ptmr7t!
Missing character: There is no Â in font ptmr7t!
Missing character: There is no   in font ptmr7t!
Missing character: There is no Â in font ptmr7t!
Missing character: There is no   in font ptmr7t!
Missing character: There is no Â in font ptmr7t!
Missing character: There is no   in font ptmr7t!
Missing character: There is no Â in font ptmr7t!
Missing character: There is no   in font ptmr7t!
Missing character: There is no Â in font ptmr7t!
Missing character: There is no   in font ptmr7t!
Missing character: There is no Â in font ptmr7t!
Missing character: There is no   in font ptmr7t!
Missing character: There is no Â in font ptmr7t!
Missing character: There is no   in font ptmr7t!
Missing character: There is no Â in font ptmr7t!
Missing character: There is no   in font ptmr7t!
Missing character: There is no Â in font ptmr7t!
Missing character: There is no   in font ptmr7t!
Missing character: There is no Â in font ptmr7t!
Missing character: There is no   in font ptmr7t!
Missing character: There is no Â in font ptmr7t!
Missing character: There is no   in font ptmr7t!
Missing character: There is no Â in font ptmr7t!
Missing character: There is no   in font ptmr7t!
Missing character: There is no Â in font ptmr7t!
Missing character: There is no   in font ptmr7t!
Missing character: There is no Â in font ptmr7t!
Missing character: There is no   in font ptmr7t!
Missing character: There is no Â in font ptmr7t!
Missing character: There is no   in font ptmr7t!
Missing character: There is no Â in font ptmr7t!
Missing character: There is no   in font ptmr7t!
Missing character: There is no Â in font ptmr7t!
Missing character: There is no   in font ptmr7t!
Missing character: There is no Â in font ptmr7t!
Missing character: There is no   in font ptmr7t!
Missing character: There is no Â in font ptmr7t!
Missing character: There is no   in font ptmr7t!
Missing character: There is no Â in font ptmr7t!
Missing character: There is no   in font ptmr7t!
Missing character: There is no Â in font ptmr7t!
Missing character: There is no   in font ptmr7t!
Missing character: There is no Â in font ptmr7t!
Missing character: There is no   in font ptmr7t!
Missing character: There is no Â in font ptmr7t!
Missing character: There is no   in font ptmr7t!
Missing character: There is no Â in font ptmr7t!
Missing character: There is no   in font ptmr7t!
Missing character: There is no Â in font ptmr7t!
Missing character: There is no   in font ptmr7t!
Missing character: There is no Â in font ptmr7t!
Missing character: There is no   in font ptmr7t!
Missing character: There is no Â in font ptmr7t!
Missing character: There is no   in font ptmr7t!
Missing character: There is no Â in font ptmr7t!
Missing character: There is no   in font ptmr7t!
Missing character: There is no Â in font ptmr7t!
Missing character: There is no   in font ptmr7t!
Missing character: There is no Â in font ptmr7t!
Missing character: There is no   in font ptmr7t!
Missing character: There is no Â in font ptmr7t!
Missing character: There is no   in font ptmr7t!
Missing character: There is no Â in font ptmr7t!
Missing character: There is no   in font ptmr7t!
Missing character: There is no Â in font ptmr7t!
Missing character: There is no   in font ptmr7t!
Missing character: There is no Â in font ptmr7t!
Missing character: There is no   in font ptmr7t!
Missing character: There is no Â in font ptmr7t!
Missing character: There is no   in font ptmr7t!
Missing character: There is no Â in font ptmr7t!
Missing character: There is no   in font ptmr7t!
Missing character: There is no Â in font ptmr7t!
Missing character: There is no   in font ptmr7t!
Missing character: There is no Â in font ptmr7t!
Missing character: There is no   in font ptmr7t!
Missing character: There is no Â in font ptmr7t!
Missing character: There is no   in font ptmr7t!
Missing character: There is no Â in font ptmr7t!
Missing character: There is no   in font ptmr7t!
Missing character: There is no Â in font ptmr7t!
Missing character: There is no   in font ptmr7t!
Missing character: There is no Â in font ptmr7t!
Missing character: There is no   in font ptmr7t!
Missing character: There is no Â in font ptmr7t!
Missing character: There is no   in font ptmr7t!
Missing character: There is no Â in font ptmr7t!
Missing character: There is no   in font ptmr7t!
Missing character: There is no Â in font ptmr7t!
Missing character: There is no   in font ptmr7t!
Missing character: There is no Â in font ptmr7t!
Missing character: There is no   in font ptmr7t!
Missing character: There is no Â in font ptmr7t!
Missing character: There is no   in font ptmr7t!
Missing character: There is no Â in font ptmr7t!
Missing character: There is no   in font ptmr7t!
Missing character: There is no Â in font ptmr7t!
Missing character: There is no   in font ptmr7t!
Missing character: There is no Â in font ptmr7t!
Missing character: There is no   in font ptmr7t!
Missing character: There is no Â in font ptmr7t!
Missing character: There is no   in font ptmr7t!
Missing character: There is no Â in font ptmr7t!
Missing character: There is no   in font ptmr7t!
Missing character: There is no Â in font ptmr7t!
Missing character: There is no   in font ptmr7t!
Missing character: There is no Â in font ptmr7t!
Missing character: There is no   in font ptmr7t!
Missing character: There is no Â in font ptmr7t!
Missing character: There is no   in font ptmr7t!
Missing character: There is no Â in font ptmr7t!
Missing character: There is no   in font ptmr7t!
Missing character: There is no Â in font ptmr7t!
Missing character: There is no   in font ptmr7t!
Missing character: There is no Â in font ptmr7t!
Missing character: There is no   in font ptmr7t!
Missing character: There is no Â in font ptmr7t!
Missing character: There is no   in font ptmr7t!
Missing character: There is no Â in font ptmr7t!
Missing character: There is no   in font ptmr7t!
Missing character: There is no Â in font ptmr7t!
Missing character: There is no   in font ptmr7t!
Missing character: There is no Â in font ptmr7t!
Missing character: There is no   in font ptmr7t!
Missing character: There is no Â in font ptmr7t!
Missing character: There is no   in font ptmr7t!
Missing character: There is no Â in font ptmr7t!
Missing character: There is no   in font ptmr7t!
Missing character: There is no Â in font ptmr7t!
Missing character: There is no   in font ptmr7t!
Missing character: There is no Â in font ptmr7t!
Missing character: There is no   in font ptmr7t!
Missing character: There is no Â in font ptmr7t!
Missing character: There is no   in font ptmr7t!
Missing character: There is no Â in font ptmr7t!
Missing character: There is no   in font ptmr7t!
Missing character: There is no Â in font ptmr7t!
Missing character: There is no   in font ptmr7t!
Missing character: There is no Â in font ptmr7t!
Missing character: There is no   in font ptmr7t!
Missing character: There is no Â in font ptmr7t!
Missing character: There is no   in font ptmr7t!
Missing character: There is no Â in font ptmr7t!
Missing character: There is no   in font ptmr7t!
 [4 <./charts/clust_dim_red.png (PNG copy)> <./charts/time_vs_attr_ica.png (PNG
 copy)> <./charts/clust_dim_red_2.png (PNG copy)>]
Underfull \vbox (badness 4954) has occurred while \output is active []


(./machine_learning_p3.bbl) [5 <./charts/accuracy_time_tradeoff.png (PNG copy)>
] (./machine_learning_p3.aux)

LaTeX Warning: Label(s) may have changed. Rerun to get cross-references right.

 ) 
Here is how much of TeX's memory you used:
 6136 strings out of 495061
 91107 string characters out of 1182621
 179165 words of memory out of 3000000
 9172 multiletter control sequences out of 15000+50000
 24543 words of font info for 48 fonts, out of 3000000 for 9000
 28 hyphenation exceptions out of 8191
 45i,8n,40p,1520b,326s stack positions out of 5000i,500n,10000p,200000b,50000s
{/usr/share/texmf-texlive/fonts/enc/dvips/base/8r.enc}</usr/share/texmf-texli
ve/fonts/type1/public/amsfonts/cm/uhvb8a.pfb></usr/share/texmf-texlive/fonts/ty
pe1/public/amsfonts/cm/utmb8a.pfb></usr/share/texmf-texlive/fonts/type1/public/
amsfonts/cm/utmr8a.pfb></usr/share/texmf-texlive/fonts/type1/public/amsfonts/cm
/utmri8a.pfb>
Output written on machine_learning_p3.pdf (5 pages, 147135 bytes).
PDF statistics:
 126 PDF objects out of 1000 (max. 8388607)
 50 named destinations out of 1000 (max. 500000)
 31 words of extra memory for PDF output out of 10000 (max. 10000000)

