

=== Clustering stats for training data ===


kMeans
======

Number of iterations: 23
Within cluster sum of squared errors: 179.38382858222172

Initial starting points (random):

Cluster 0: -1.16654,0.165521,-0.179376,-0.191344,-0.448659,0.158853,1.915214,-0.748212,0.485651,0.629594,-0.426427,-0.315878,0.073675,0.246802,-0.271292,-0.848602,-0.839562,0.737435,0.387303,-0.062424,-0.546735,0.42929,0.450655,-0.196012,0.183655,0.420267,-0.3983,-0.269924,-0.554752,-1.171325,0.268902,-0.554225,0.365375,-0.119127,-0.304182,0.10044,0.099169,-0.723295,0.245398,1.144481,0.103888,-0.235538,-0.174543,0.307971,-0.143014,0.312472,-0.148342,0.456728,-0.879737,0.152035,-0.974484,0.920798,-0.240471,0.010378,0.438438,-0.145096,0.539605
Cluster 1: -1.345905,0.211712,-0.213721,-0.23012,-0.533777,0.174859,2.213957,-0.843716,0.554021,0.730188,-0.497074,-0.351946,0.100297,0.28637,-0.320867,-0.982825,-0.939026,0.846882,0.464718,-0.054537,-0.633959,0.504675,0.533031,-0.21517,0.223048,0.486928,-0.450072,-0.328973,-0.632112,-1.343773,0.296959,-0.637571,0.404883,-0.138946,-0.341595,0.131988,0.127941,-0.835042,0.29839,1.321234,0.124192,-0.25647,-0.202171,0.34156,-0.168125,0.354801,-0.173213,0.526104,-1.017545,0.17895,-1.131456,1.071987,-0.28179,0.019636,0.509944,-0.15224,0.624757

Missing values globally replaced with mean/mode

Final cluster centroids:
                         Cluster#
Attribute    Full Data          0          1
              (4601.0)   (4353.0)    (248.0)
============================================
Source_0       -3.4943    -2.1929   -26.3369
Source_1        0.5157     0.3232     3.8938
Source_2       -0.5446    -0.3416    -4.1084
Source_3       -0.5872    -0.3687    -4.4211
Source_4       -1.3755    -0.8632   -10.3681
Source_5        0.4638     0.2912     3.4931
Source_6        5.7426      3.604      43.28
Source_7       -2.2109    -1.3877   -16.6611
Source_8        1.4406     0.9042     10.857
Source_9        1.8973     1.1907    14.2996
Source_10      -1.2974     -0.814    -9.7828
Source_11      -0.9368    -0.5873    -7.0705
Source_12       0.2433     0.1525     1.8378
Source_13       0.7442      0.467     5.6087
Source_14       -0.842    -0.5283    -6.3486
Source_15      -2.5351    -1.5908   -19.1099
Source_16      -2.4841     -1.559   -18.7217
Source_17       2.1965     1.3789    16.5465
Source_18       1.1923     0.7481     8.9895
Source_19      -0.1661    -0.1042     -1.252
Source_20      -1.6635     -1.044   -12.5373
Source_21        1.291     0.8102      9.729
Source_22       1.4014     0.8796    10.5601
Source_23      -0.5824    -0.3651     -4.397
Source_24       0.5588     0.3503     4.2172
Source_25       1.2454     0.7817     9.3842
Source_26      -1.1733    -0.7364    -8.8426
Source_27      -0.8294    -0.5209    -6.2441
Source_28       -1.647    -1.0334   -12.4156
Source_29      -3.5011    -2.1974   -26.3851
Source_30        0.742     0.4659     5.5876
Source_31      -1.6804    -1.0543   -12.6695
Source_32       1.0716     0.6727     8.0716
Source_33      -0.3491    -0.2187    -2.6374
Source_34      -0.9094    -0.5707    -6.8548
Source_35       0.3343     0.2102      2.512
Source_36        0.297     0.1866     2.2355
Source_37      -2.1571    -1.3536   -16.2601
Source_38       0.7538     0.4731     5.6812
Source_39       3.4544      2.168    26.0349
Source_40       0.3099     0.1942     2.3406
Source_41      -0.6785    -0.4259    -5.1112
Source_42      -0.5292    -0.3323    -3.9858
Source_43       0.8977     0.5636     6.7612
Source_44      -0.4278     -0.269    -3.2146
Source_45       0.9063     0.5685     6.8364
Source_46      -0.4687    -0.2938    -3.5381
Source_47       1.3807     0.8659    10.4161
Source_48      -2.6326    -1.6523   -19.8386
Source_49       0.4371     0.2744     3.2932
Source_50       -2.925    -1.8355   -22.0486
Source_51       2.7611     1.7327    20.8123
Source_52       -0.725    -0.4551    -5.4619
Source_53       0.0456     0.0285     0.3464
Source_54       1.3066     0.8198     9.8513
Source_55      -0.4338    -0.2721    -3.2718
Source_56       1.6142     1.0128    12.1705


Clustered Instances

0      4353 ( 95%)
1       248 (  5%)


Class attribute: class
Classes to Clusters:

    0    1  <-- assigned to cluster
 2730   58 | 0
 1623  190 | 1

Cluster 0 <-- 0
Cluster 1 <-- 1

Incorrectly clustered instances :	1681.0	 36.5355 %

