

=== Clustering stats for training data ===


kMeans
======

Number of iterations: 33
Within cluster sum of squared errors: 373.2022248801376
Missing values globally replaced with mean/mode

Cluster centroids:
                                        Cluster#
Attribute                    Full Data         0         1         2         3         4         5         6         7         8         9        10        11        12        13        14        15        16        17        18        19        20        21        22        23        24        25        26        27        28        29
                                (4601)      (81)     (438)     (304)     (119)     (109)      (34)      (12)      (14)      (22)      (28)      (96)      (36)      (37)      (15)      (68)     (230)      (21)     (335)    (1176)      (67)     (178)     (108)      (91)      (21)      (54)     (206)      (18)      (75)     (113)     (495)
==================================================================================================================================================================================================================================================================================================================================================
word_freq_make                  0.1046    0.1593    0.0536    0.0369         0    0.1638    0.0074    1.8333         0    0.1127    0.0096    0.0399         0    0.0154    0.0233    0.0459    0.3516    0.0143    0.0753    0.0347    0.0137    0.1183    0.0538    1.5057         0     0.017    0.0959         0    0.0145    0.0417    0.0894
word_freq_address                0.213    0.1949    0.0626    0.0896         0    0.2885    0.0056    0.0192         0    0.0532         0    0.2405   14.1478    0.0878    0.2527    0.0424     0.169         0    0.1036     0.047    0.0136    0.2051    0.0625    0.1686         0    0.0906    0.1446         0    0.0167    0.1503    0.1878
word_freq_all                   0.2807    0.3986    0.1296     0.066         0    0.7042    0.0391         0         0    0.1318    0.0239    0.0679         0    0.1454    0.0527    2.7585    0.4612    0.0286    1.0412    0.0757     0.504     0.327    0.1879    0.3533         0    0.0726    0.3928         0    0.0925    0.0872    0.2218
word_freq_3d                    0.0654         0    0.0026    0.0019         0    0.0087         0         0         0         0         0    0.0091         0    0.6538         0    0.0062     0.188         0    0.0145    0.0805         0         0         0    0.1498         0         0         0         0         0         0    0.2353
word_freq_our                   0.3122    0.7264    0.1934    0.0735         0    0.5752         0    0.0192         0    0.0259         0    0.1272         0    0.2208    0.0533     0.291    0.4853     0.029    0.3406    0.1258    0.1606    0.6354    0.1798    0.2973    0.1252    4.0093     0.391      0.82    0.1232    0.2018    0.5558
word_freq_over                  0.0959    0.1893    0.0754    0.0759         0    0.4251    0.0074    0.0392         0    0.0295         0    0.0283         0      0.13     0.028    0.0171    0.3017    0.0438    0.1204    0.0577    0.0404    0.1258    0.0156    0.1445         0    0.0298    0.1838         0    0.0029    0.0225    0.1057
word_freq_remove                0.1142    0.5912    0.0066    0.0616         0    0.2177         0         0         0         0         0    0.0048         0    0.1305         0    0.0922    0.1498    0.2114     0.091    0.0363    0.0266    0.3643         0    0.0887         0    0.2185    0.1178         0    0.0219         0    0.3963
word_freq_internet              0.1053    0.7262     0.068    0.0283         0    0.2615         0    0.0392         0         0         0    0.0371         0    0.0373         0    0.0171    0.1503     3.819    0.0824    0.0526    0.0082    0.2562    0.0093    0.0177         0    0.1324    0.1732         0    0.1224    0.0191    0.0908
word_freq_order                 0.0901    0.3662    0.0332    0.0135         0     0.578         0         0         0         0         0         0         0    0.0427         0    0.0478    0.1804         0    0.0793    0.0736    0.0619    0.1251    0.0169    0.1853         0    0.0215    0.0593         0    0.0179    0.0413    0.1601
word_freq_mail                  0.2394    0.5622    0.1508    0.2422         0    0.8052    0.1106    0.0792         0      0.15         0    0.2667    0.1322    0.3281    0.3053     0.064    0.4299    0.0314    0.2418    0.1599    0.3718    0.4476    0.2594    0.2309         0    0.1974    0.2898         0    0.1725    0.3687    0.2464
word_freq_receive               0.0598    0.2598    0.0236    0.0037         0    0.1241         0    2.0508         0         0         0         0         0    0.0441         0     0.024    0.1235         0    0.0332    0.0083    0.0045    0.6963    0.0127    0.0009         0         0    0.0204         0         0    0.0155    0.0412
word_freq_will                  0.5417     0.569    1.2505    0.2639         0    0.7778    0.0462    1.9717         0    0.5418    0.1275    0.3009         0    0.2165    0.1747    0.5466    0.6772    0.0429    0.5146    0.1076    0.6293    0.8312      3.91     0.577    0.1319     0.535    0.6638    2.4922    0.2681    0.2821    0.4656
word_freq_people                0.0939     0.136     0.068    0.0858         0    0.2938    0.0488         0         0    0.0664         0    0.0509         0    0.0178         0     0.044      0.46    0.1167    0.1035    0.0581         0    0.1234    0.0265    0.0586         0         0     0.093         0    0.0123    0.0496    0.1101
word_freq_report                0.0586         0    0.0213    0.0104         0    0.0061         0    0.2175         0         0         0    0.0288         0         0         0    0.1647    0.2859         0    0.0089    0.0791    0.0236    0.0512    0.0336    0.0271         0    0.1909    0.1043         0    0.0029    0.0272    0.0532
word_freq_addresses             0.0492    0.0186    0.0029    0.0021         0    1.4901         0         0         0    0.0395         0    0.0709         0    0.0749         0    0.0171    0.0423         0    0.0299    0.0049    0.0091    0.0225    0.0063    0.0207         0         0    0.0036         0         0    0.0226    0.0263
word_freq_free                  0.2488    0.4284    0.0473    0.1883    0.3361     0.222    0.0347         0         0    0.1055         0    0.0384         0    0.2327         0    0.3337    0.4066     0.219    0.3902    0.1495    0.0391     0.812    0.0376    0.5233         0      0.76    0.3081         0    0.0177     0.042    0.4354
word_freq_business              0.1426    2.5765     0.194    0.0081         0    0.1676    0.0074         0         0         0         0    0.0156         0    0.0284         0    0.0216    0.3528    0.3371    0.0741    0.0279    0.0899    0.2053    0.0815    0.0801         0     0.027    0.1527         0         0    0.0192    0.1974
word_freq_email                 0.1847    0.4305    0.0566    0.1326         0     1.282    0.0282         0         0    0.0395         0    0.0795         0    0.0841         0    0.3059    0.1602    0.0143    0.1588    0.0848    0.7281    0.4205    0.0635    0.2292         0    0.1557    0.1134         0     0.088    0.0427    0.3884
word_freq_you                   1.6621    2.3901    0.7807    5.0388         0    2.0816    0.9194      2.15      2.13    0.7268    0.0464    1.0203         0    1.2305     1.174    2.3041    3.0393    0.6567    1.8669    0.5426    0.7924    2.7937    1.1175     2.558    0.4057    1.3672    2.6293    0.3183    0.4749     1.085    2.5516
word_freq_credit                0.0856    0.8285    0.0163    0.0255         0    0.1616    0.0056         0         0         0         0         0         0    0.2462         0         0     0.101         0    0.0845    0.0354         0     0.599    0.0064    0.0293         0    0.0581      0.08         0         0         0    0.1253
word_freq_your                  0.8098    2.4842    0.3178      0.35         0      1.38    0.2012    7.4125         0    0.0764    0.0786      0.35         0    0.6638    0.0767    0.6646    1.3586    0.6157    0.7398    0.1678    0.3451    1.5077    0.1755    0.9609    0.1252    0.4669    4.1515     0.085    0.0889     0.523    1.6272
word_freq_font                  0.1212    0.0714    0.0002    0.0077         0         0         0         0         0         0         0         0         0    9.6154    7.5987         0    0.0266      0.14    0.0107    0.0238         0    0.0171         0    0.0626         0         0     0.016         0         0         0    0.0546
word_freq_000                   0.1016    0.0988    0.0171    0.0084         0    0.8599         0    0.0192         0         0         0         0         0    0.2262         0    0.0544    0.9585    0.1024    0.0453    0.0291    0.0146    0.1592         0    0.0696         0         0    0.0584         0         0         0    0.0483
word_freq_money                 0.0943    0.1659    0.0231    0.1597         0    0.1995    0.0209         0         0         0         0         0         0    0.0584         0    0.0229    0.2728     0.029    0.0715    0.0326         0    0.2176     0.016    0.4053         0    0.0346    0.3125         0    0.0029         0    0.1334
word_freq_hp                    0.5495         0    1.1474    0.1195         0    0.0008    0.0544    0.0592         0    0.3427    14.385     0.974         0    0.0057         0     0.166    0.0083    0.0576    0.1422    0.2369     3.341    0.0647    0.5483    0.1656    8.0162     0.203    0.0829    0.4472    3.9872    2.7045    0.0471
word_freq_hpl                   0.2654         0    0.3445    0.0216         0    0.0008         0         0         0    0.3641    1.0804    0.5208         0    0.0057         0    0.1621    0.0083    0.0867     0.085    0.1211    1.2079    0.0461    0.5139    0.1412    4.0057    0.0139    0.0185    0.3594    4.5571    1.5428    0.0416
word_freq_george                0.7673    0.0053    0.0951    0.3965   20.3425    0.0103         0         0    0.6493    0.2673     0.435    0.9791         0         0         0    0.3201    0.0241         0    0.0656     0.259    0.4022    0.0233    0.1828    0.2387    4.0057    0.3031    0.1274    1.2344    0.5333    1.6173    0.0536
word_freq_650                   0.1248         0    0.1176     0.029         0    0.0057         0         0         0    0.2673    0.0096    0.1444         0         0         0    0.0581         0    0.0286    0.0526    0.0859    0.9493    0.0144    0.1456    0.0695    4.0057    0.0317    0.0371    0.2056    0.4881    1.2207    0.0209
word_freq_lab                   0.0989         0    0.0777    0.0338         0         0    0.0065         0         0         0    0.0096    0.1082         0         0         0    0.1116         0         0    0.0243    0.0399    0.1748         0    0.1341    0.0376    4.1381    0.0881    0.0427    5.5211    0.1323    0.8563    0.0023
word_freq_labs                  0.1029         0     0.115    0.0096         0         0    0.0056         0         0     0.275    0.0196    0.0518         0         0         0    0.0328         0    0.0286    0.0337    0.0237    2.2179    0.0184    0.0662    0.0382    4.0057         0    0.0049         0    0.1725    0.9136    0.0048
word_freq_telnet                0.0648         0    0.0487    0.0018         0         0         0         0         0         0    0.0096    0.0629         0         0         0    0.0185         0         0    0.0047    0.0343    0.4972    0.0202     0.047    0.0185    4.0057         0         0         0    0.0563    0.8201    0.0037
word_freq_857                    0.047         0    0.0079    0.0023         0         0         0         0         0         0    0.0096     0.082         0         0         0         0         0         0    0.0079    0.0039    0.0309         0    0.0029    0.0285    4.0057         0         0         0    0.0203    0.9224    0.0041
word_freq_data                  0.0972    0.0026    0.1434    0.0501         0    0.0117         0         0         0    0.0945    0.0861    0.1479         0    0.0051         0     0.056    0.0017         0    0.0355    0.2356    0.0779    0.0123    0.0793    0.0032         0    0.1419    0.0328         0    0.0515    0.0428    0.0333
word_freq_415                   0.0478         0      0.01    0.0033         0         0         0         0         0         0    0.0096     0.082         0         0         0         0         0         0    0.0097    0.0052    0.0309    0.0007         0    0.0332    4.0057         0         0         0    0.0203    0.9224    0.0044
word_freq_85                    0.1054    0.0098    0.0852    0.0409         0    0.0187         0         0         0    0.2673    0.0096     0.072         0         0         0    0.0581    0.0063    0.0286    0.0195    0.0894    0.8339    0.0226    0.0719    0.0202    4.0057    0.0139    0.0216         0    0.4183    0.9135    0.0167
word_freq_technology            0.0975    0.0072    0.1836    0.0033         0    0.0067         0         0         0    0.0136    0.0096    0.1517         0    0.0046         0      0.03     0.007    0.0286    0.0355    0.0571    0.6146    0.0097    0.0939    0.0057    4.0057    0.0665    0.0011         0    0.1067    0.9088    0.0303
word_freq_1999                   0.137    0.0673    0.2359    0.0545         0    0.0061    0.6185    0.0792         0    0.5427    0.1036    1.5685         0    0.0173    0.0287    0.0679    0.0075    0.1924    0.0617    0.1124    0.3272    0.0708    0.1217    0.0379         0    0.0172     0.019         0    0.4251    0.4196    0.0345
word_freq_parts                 0.0132         0    0.0051    0.0018         0         0         0         0         0         0         0         0         0    0.0051         0    0.0949    0.0001         0    0.0068    0.0219    0.0176    0.0174         0    0.0215         0    0.1543         0         0    0.0533         0    0.0095
word_freq_pm                    0.0786         0    0.0941     0.117         0    0.0328    0.0124         0    0.7936    0.0173    0.0768    0.8317         0    0.0011    0.0427    0.0703    0.0166    0.1152    0.0483     0.046    0.1013     0.003    0.2566    0.0614         0    0.0613    0.0095         0    0.0857    0.3852    0.0196
word_freq_direct                0.0648    0.0901    0.0576    0.0073         0    0.1712         0         0         0         0    0.0096    0.0518         0         0         0    0.0404    0.0256         0    0.0247    0.0112    0.0376    0.0404     0.006    0.0186    4.0057         0    0.0074         0    0.0203    0.8828    0.0214
word_freq_cs                    0.0437         0    0.0089    0.0245         0         0    0.1082         0         0    4.2336         0    0.2679         0         0         0    0.0172    0.0004    0.2105    0.0259    0.0247    0.0163         0         0     0.029         0         0         0         0    0.1235    0.0396    0.0123
word_freq_meeting               0.1323    0.0088    0.1221     0.034         0         0         0    0.0192         0         0    0.0382    0.2252         0         0         0    0.5003         0         0    0.1007    0.1278         0    0.0224    0.2404     0.157         0    0.7861    0.0055    8.5189    0.4947    0.1236    0.0225
word_freq_original              0.0461    0.0023    0.0298    0.0012         0    0.0547         0         0         0    0.0123    0.0843    1.0745         0    0.0046     0.014    0.0171    0.0057    0.0576    0.0163     0.013    0.0112    0.0158    0.0056         0         0         0         0         0    0.0464    0.4478    0.0075
word_freq_project               0.0792         0    0.1266    0.0675         0    0.0073    0.0488         0         0         0         0    0.0782         0    0.0141         0         0    0.0022         0    0.0228    0.1484    0.0252         0    0.3291    0.0547    0.1252       0.3    0.0046         0    0.1167    0.1173    0.0227
word_freq_re                    0.3012    0.0346    0.1205    0.6752     0.056    0.0624    0.3744    0.0392   11.8614    0.1459    1.4989    0.8584    0.1322    0.0235         0    0.4118    0.0853    0.7505    0.2395     0.251     0.217    0.0813    0.1755    0.3582         0    0.4954    0.3717         0    0.1815    0.6732    0.1754
word_freq_edu                   0.1798         0    0.0737    0.3805         0    0.0401    7.8197         0         0    3.7918         0    0.4125         0         0    0.0813    0.1919    0.0003    0.2281    0.0924    0.1378    0.0076    0.0123    0.0563    0.1416         0         0    0.0841         0         0    0.0849    0.0514
word_freq_table                 0.0054         0    0.0067         0         0         0         0         0         0         0         0         0         0         0         0         0    0.0015         0    0.0006    0.0109         0         0    0.0075    0.0112         0         0    0.0117         0    0.0301    0.0142    0.0013
word_freq_conference            0.0319         0    0.0863    0.0395         0         0         0         0         0    0.0077         0     0.055         0         0         0         0     0.001         0    0.0294    0.0477    0.0255     0.007    0.1206    0.0152         0    0.0176    0.0058         0    0.0245    0.0116    0.0052
char_freq_;                     0.0386         0    0.0307    0.0096         0     0.007    0.0145         0         0    0.2346    0.1524    0.0788         0    0.1214     3.868    0.0122    0.0448    0.0052    0.0188    0.0328    0.0126    0.0067    0.0152    0.0071         0    0.0334    0.0086         0    0.0752    0.0333    0.0141
char_freq_(                      0.139    0.1067    0.1481    0.0668    0.0295    0.1271    0.1433    0.0101    0.1632    0.2315    0.1194    0.2229         0    0.0307    0.0039    0.1927    0.0899    0.1356    0.1241    0.1696    0.1612    0.0767    0.1165    0.1229    1.1174    0.1263    0.0963     0.041    0.1747    0.4476    0.1007
char_freq_[                      0.017    0.0009    0.0077     0.006         0    0.0036     0.002    0.0033         0    0.0266     0.013    0.0779         0    0.0176         0         0    0.0099     0.009    0.0138    0.0281    0.0096    0.0038    0.0008         0         0         0    0.0108         0    0.0711    0.0635    0.0142
char_freq_!                     0.2691    0.7792    0.0545    0.5896    0.0097    0.4108    0.1431         0    0.6613    0.0873    0.0414    0.1698         0    0.2285    0.0778     0.346    0.7658    0.1271    0.4369    0.1414    0.0624    0.3324    0.1981    0.4326         0    0.1992    0.2969    0.0947    0.0507    0.0485    0.3247
char_freq_$                     0.0758    0.1371    0.0197    0.0173         0    0.2649      0.01    0.0033         0         0         0    0.0009         0    0.0659         0    0.0065    0.5344    0.1781    0.0558     0.048    0.0108    0.1037    0.0025       0.1         0    0.0101    0.1038         0     0.003     0.002    0.0784
char_freq_#                     0.0442    0.0298    0.0058    0.0121         0    0.0142    0.0023         0         0         0         0    0.0159         0    0.8234    0.4488    0.0018     0.062    0.0214    0.0548    0.0255    0.3214    0.0368    0.0081    0.0171         0    0.0024    0.0138    0.0835    0.0389    0.0182     0.104
capital_run_length_average      5.1915   13.1523    2.5752    2.3966    1.1937   10.1256    2.2329    5.7123    1.6141    3.1986    4.3907    2.3748    1.7778   12.1389    6.5453    2.5571    5.4154    3.6764    18.657    4.0674    2.3399    5.1942    2.0479    4.4489    3.2308    3.1296    6.8717    1.5548    2.4974    2.5539    4.2935
capital_run_length_longest     52.1728   99.8889   27.1119   13.7895    1.6387   355.789   13.2647   31.1667    3.6429        12   16.3571    14.625    4.8889  116.5405   41.2667      16.5  118.3217   19.4286   83.0358   39.6896   16.5821   81.1011   10.9537   31.6264        11   15.1111   71.6845         4   18.8667   16.0619   54.2303
capital_run_length_total      283.2893  279.5432  270.2671   53.1053    5.4034  872.1651      85.5   64.3333         9  141.1818       155    85.375    9.0278       964  350.6667   76.7059 1042.5087   76.1429  274.2179   312.256   83.6418  294.2809   61.3519  140.2747   32.4286   48.4074  212.1942   15.8333  119.7333  114.8142  277.8788


Clustered Instances

 0        81 (  2%)
 1       438 ( 10%)
 2       304 (  7%)
 3       119 (  3%)
 4       109 (  2%)
 5        34 (  1%)
 6        12 (  0%)
 7        14 (  0%)
 8        22 (  0%)
 9        28 (  1%)
10        96 (  2%)
11        36 (  1%)
12        37 (  1%)
13        15 (  0%)
14        68 (  1%)
15       230 (  5%)
16        21 (  0%)
17       335 (  7%)
18      1176 ( 26%)
19        67 (  1%)
20       178 (  4%)
21       108 (  2%)
22        91 (  2%)
23        21 (  0%)
24        54 (  1%)
25       206 (  4%)
26        18 (  0%)
27        75 (  2%)
28       113 (  2%)
29       495 ( 11%)


Class attribute: class
Classes to Clusters:

   0   1   2   3   4   5   6   7   8   9  10  11  12  13  14  15  16  17  18  19  20  21  22  23  24  25  26  27  28  29  <-- assigned to cluster
   4 401 229 119   3  34  11  14  22  28  91  36   1  15  51   2   8 155 890  65  24 105  48  21  30  57  18  75 111 120 | 0
  77  37  75   0 106   0   1   0   0   0   5   0  36   0  17 228  13 180 286   2 154   3  43   0  24 149   0   0   2 375 | 1

Cluster  0 <-- No class
Cluster  1 <-- No class
Cluster  2 <-- No class
Cluster  3 <-- No class
Cluster  4 <-- No class
Cluster  5 <-- No class
Cluster  6 <-- No class
Cluster  7 <-- No class
Cluster  8 <-- No class
Cluster  9 <-- No class
Cluster 10 <-- No class
Cluster 11 <-- No class
Cluster 12 <-- No class
Cluster 13 <-- No class
Cluster 14 <-- No class
Cluster 15 <-- No class
Cluster 16 <-- No class
Cluster 17 <-- No class
Cluster 18 <-- 0
Cluster 19 <-- No class
Cluster 20 <-- No class
Cluster 21 <-- No class
Cluster 22 <-- No class
Cluster 23 <-- No class
Cluster 24 <-- No class
Cluster 25 <-- No class
Cluster 26 <-- No class
Cluster 27 <-- No class
Cluster 28 <-- No class
Cluster 29 <-- 1

Incorrectly clustered instances :	3336.0	 72.506  %

