

=== Clustering stats for training data ===


kMeans
======

Number of iterations: 30
Within cluster sum of squared errors: 594.6900358783139
Missing values globally replaced with mean/mode

Cluster centroids:
                                          Cluster#
Attribute                     Full Data          0          1          2          3          4          5          6
                                 (4601)     (1061)     (2288)       (36)      (124)     (1046)       (33)       (13)
====================================================================================================================
word_freq_make                   0.1046     0.1111     0.0549          0          0     0.2056          0     1.7185
word_freq_address                 0.213     0.1167     0.0555    14.1478          0     0.2031     0.1921     0.0969
word_freq_all                    0.2807     0.6314       0.09          0          0      0.397          0     0.0262
word_freq_3d                     0.0654     0.0106     0.0697          0          0     0.1245          0          0
word_freq_our                    0.3122     0.3391     0.2111          0          0      0.562     0.1415     0.0969
word_freq_over                   0.0959     0.0951      0.047          0          0      0.222          0     0.0362
word_freq_remove                 0.1142     0.1649     0.0454          0          0     0.2336          0     0.1854
word_freq_internet               0.1053     0.0596     0.0723          0          0     0.2438          0     0.0623
word_freq_order                  0.0901     0.0495     0.0492          0          0     0.2384          0          0
word_freq_mail                   0.2394     0.2208     0.1722     0.1322          0     0.4434     0.0606     0.2054
word_freq_receive                0.0598     0.0259     0.0127          0          0     0.1837          0     2.0515
word_freq_will                   0.5417     0.5969      0.493          0          0     0.6683     0.1882     1.9785
word_freq_people                 0.0939     0.1067     0.0563          0          0      0.181          0     0.0523
word_freq_report                 0.0586     0.0244     0.0534          0          0     0.1139          0     0.2008
word_freq_addresses              0.0492     0.0138     0.0085          0          0     0.1836          0     0.0262
word_freq_free                   0.2488     0.3192     0.1157          0     0.3226     0.4795          0          0
word_freq_business               0.1426     0.0629     0.0655          0          0     0.4202          0          0
word_freq_email                  0.1847     0.1863     0.0979          0          0     0.4062          0     0.2646
word_freq_you                    1.6621     3.3355     0.5948          0          0     2.5865     0.3621     2.3023
word_freq_credit                 0.0856     0.0441     0.0277          0          0     0.2712          0          0
word_freq_your                   0.8098     0.6661     0.2294          0          0     2.2908     0.2127     7.0008
word_freq_font                   0.1212     0.0649     0.1646          0          0     0.1072          0          0
word_freq_000                    0.1016     0.0496     0.0258          0          0     0.3403          0     0.0177
word_freq_money                  0.0943     0.1025     0.0194          0          0     0.2684          0          0
word_freq_hp                     0.5495     0.0991     0.9405          0     0.0896     0.0428     6.5036     0.0546
word_freq_hpl                    0.2654     0.0572     0.4435          0     0.1152     0.0229     3.2536          0
word_freq_george                 0.7673      0.193      0.302          0    19.9869     0.0456     3.2894          0
word_freq_650                    0.1248     0.0238      0.188          0          0     0.0123     3.2182          0
word_freq_lab                    0.0989     0.0343     0.1307          0          0     0.0103     3.3024          0
word_freq_labs                   0.1029     0.0321     0.1421          0          0     0.0055     3.2788          0
word_freq_telnet                 0.0648     0.0077     0.0779          0          0     0.0051     3.2182          0
word_freq_857                     0.047     0.0075     0.0407          0          0     0.0029     3.4088          0
word_freq_data                   0.0972     0.0359     0.1691          0          0     0.0213          0          0
word_freq_415                    0.0478     0.0089     0.0416          0          0      0.003     3.4088          0
word_freq_85                     0.1054     0.0236     0.1463          0          0     0.0181     3.2182          0
word_freq_technology             0.0975     0.0253     0.1309          0          0     0.0152     3.2182          0
word_freq_1999                    0.137     0.0506     0.2385          0          0     0.0286          0     0.0731
word_freq_parts                  0.0132      0.013     0.0196          0          0     0.0021          0          0
word_freq_pm                     0.0786     0.0715     0.1183          0          0     0.0135     0.0355          0
word_freq_direct                 0.0648     0.0165     0.0532          0          0     0.0505     3.2182          0
word_freq_cs                     0.0437      0.028     0.0743          0          0     0.0012          0          0
word_freq_meeting                0.1323     0.0921     0.2095          0     0.1792      0.005     0.1236     0.0177
word_freq_original               0.0461     0.0126     0.0823          0          0       0.01          0          0
word_freq_project                0.0792     0.0334     0.1401          0          0     0.0055     0.0797          0
word_freq_re                     0.3012     0.4324     0.3301     0.1322     0.0537     0.1507     0.0712     0.0362
word_freq_edu                    0.1798     0.1815     0.2644          0          0     0.0263     0.0703          0
word_freq_table                  0.0054     0.0018     0.0087          0          0     0.0032          0          0
word_freq_conference             0.0319     0.0276     0.0484          0          0     0.0063          0          0
char_freq_;                      0.0386     0.0205     0.0636          0          0     0.0096     0.0056          0
char_freq_(                       0.139     0.1009     0.1726          0     0.0283     0.0986     0.9379     0.0182
char_freq_[                       0.017     0.0077     0.0258          0          0     0.0102          0     0.0031
char_freq_!                      0.2691     0.4884     0.1207          0     0.0093      0.423          0          0
char_freq_$                      0.0758     0.0527     0.0354          0          0     0.2025          0     0.0031
char_freq_#                      0.0442     0.0413     0.0497          0          0     0.0434     0.0146          0
capital_run_length_average       5.1915     7.0513     3.9287     1.7778     1.2168      6.719     3.1069     5.4182
capital_run_length_longest      52.1728    43.0028    32.3488     4.8889     1.7339   114.0239    11.1212    29.2308
capital_run_length_total       283.2893   167.3723   257.2898     9.0278     5.5323   510.4943    40.1515    64.6154


Clustered Instances

0      1061 ( 23%)
1      2288 ( 50%)
2        36 (  1%)
3       124 (  3%)
4      1046 ( 23%)
5        33 (  1%)
6        13 (  0%)


Class attribute: class
Classes to Clusters:

    0    1    2    3    4    5    6  <-- assigned to cluster
  563 1883   36  124  138   33   11 | 0
  498  405    0    0  908    0    2 | 1

Cluster 0 <-- No class
Cluster 1 <-- 0
Cluster 2 <-- No class
Cluster 3 <-- No class
Cluster 4 <-- 1
Cluster 5 <-- No class
Cluster 6 <-- No class

Incorrectly clustered instances :	1810.0	 39.3393 %

