

=== Clustering stats for training data ===


kMeans
======

Number of iterations: 23
Within cluster sum of squared errors: 605.4878812201861
Missing values globally replaced with mean/mode

Cluster centroids:
                                          Cluster#
Attribute                     Full Data          0          1          2          3          4          5
                                 (4601)     (1140)     (2294)       (36)      (124)      (974)       (33)
=========================================================================================================
word_freq_make                   0.1046      0.113     0.0547          0          0     0.2329          0
word_freq_address                 0.213     0.1192     0.0565    14.1478          0     0.2043     0.1921
word_freq_all                    0.2807     0.6041     0.0905          0          0     0.4054          0
word_freq_3d                     0.0654     0.0101     0.0696          0          0     0.1334          0
word_freq_our                    0.3122      0.371     0.2136          0          0     0.5328     0.1415
word_freq_over                   0.0959     0.1051     0.0486          0          0     0.2154          0
word_freq_remove                 0.1142     0.1737     0.0461          0          0     0.2277          0
word_freq_internet               0.1053     0.0655      0.072          0          0     0.2512          0
word_freq_order                  0.0901     0.0506     0.0487          0          0     0.2516          0
word_freq_mail                   0.2394     0.2217     0.1749     0.1322          0     0.4527     0.0606
word_freq_receive                0.0598     0.0283     0.0127          0          0     0.2195          0
word_freq_will                   0.5417     0.5936     0.4974          0          0     0.6863     0.1882
word_freq_people                 0.0939     0.1133     0.0557          0          0     0.1799          0
word_freq_report                 0.0586     0.0242     0.0532          0          0     0.1234          0
word_freq_addresses              0.0492      0.014     0.0085          0          0     0.1959          0
word_freq_free                   0.2488     0.3228     0.1159          0     0.3226     0.4836          0
word_freq_business               0.1426     0.0828     0.0688          0          0     0.4145          0
word_freq_email                  0.1847     0.1931     0.0979          0          0     0.4161          0
word_freq_you                    1.6621     3.3152     0.5905          0          0     2.5683     0.3621
word_freq_credit                 0.0856     0.0471     0.0276          0          0      0.284          0
word_freq_your                   0.8098     0.7105     0.2335          0          0     2.4363     0.2127
word_freq_font                   0.1212     0.0463     0.1779          0          0     0.0994          0
word_freq_000                    0.1016     0.0745      0.026          0          0     0.3317          0
word_freq_money                  0.0943     0.1032       0.02          0          0     0.2773          0
word_freq_hp                     0.5495     0.0984     0.9363          0     0.0896     0.0436     6.5036
word_freq_hpl                    0.2654     0.0556      0.442          0     0.1152     0.0226     3.2536
word_freq_george                 0.7673     0.1807      0.302          0    19.9869     0.0458     3.2894
word_freq_650                    0.1248     0.0231     0.1875          0          0     0.0122     3.2182
word_freq_lab                    0.0989     0.0321     0.1303          0          0     0.0109     3.3024
word_freq_labs                   0.1029     0.0308     0.1418          0          0     0.0048     3.2788
word_freq_telnet                 0.0648     0.0073     0.0777          0          0     0.0053     3.2182
word_freq_857                     0.047     0.0071     0.0406          0          0     0.0029     3.4088
word_freq_data                   0.0972     0.0339     0.1705          0          0      0.018          0
word_freq_415                    0.0478     0.0084     0.0414          0          0      0.003     3.4088
word_freq_85                     0.1054     0.0268     0.1446          0          0     0.0169     3.2182
word_freq_technology             0.0975     0.0263     0.1314          0          0     0.0111     3.2182
word_freq_1999                    0.137     0.0474     0.2387          0          0     0.0293          0
word_freq_parts                  0.0132     0.0121     0.0195          0          0     0.0022          0
word_freq_pm                     0.0786     0.0668     0.1181          0          0     0.0138     0.0355
word_freq_direct                 0.0648     0.0173     0.0531          0          0      0.052     3.2182
word_freq_cs                     0.0437     0.0265     0.0739          0          0     0.0013          0
word_freq_meeting                0.1323     0.0867      0.209          0     0.1792     0.0045     0.1236
word_freq_original               0.0461     0.0122      0.082          0          0     0.0102          0
word_freq_project                0.0792      0.032     0.1393          0          0     0.0059     0.0797
word_freq_re                     0.3012     0.4123     0.3287     0.1322     0.0537     0.1519     0.0712
word_freq_edu                    0.1798     0.1717     0.2633          0          0     0.0261     0.0703
word_freq_table                  0.0054     0.0016     0.0087          0          0     0.0034          0
word_freq_conference             0.0319     0.0265     0.0493          0          0     0.0034          0
char_freq_;                      0.0386     0.0183     0.0639          0          0       0.01     0.0056
char_freq_(                       0.139     0.1001     0.1723          0     0.0283     0.0984     0.9379
char_freq_[                       0.017     0.0076     0.0258          0          0     0.0106          0
char_freq_!                      0.2691     0.4784     0.1211          0     0.0093     0.4248          0
char_freq_$                      0.0758     0.0585     0.0356          0          0     0.2059          0
char_freq_#                      0.0442     0.0391     0.0509          0          0     0.0428     0.0146
capital_run_length_average       5.1915     6.8304     3.9547     1.7778     1.2168     6.8892     3.1069
capital_run_length_longest      52.1728    44.3474    32.4991     4.8889     1.7339   117.2279    11.1212
capital_run_length_total       283.2893   181.1149   257.1072     9.0278     5.5323   518.2782    40.1515


Clustered Instances

0      1140 ( 25%)
1      2294 ( 50%)
2        36 (  1%)
3       124 (  3%)
4       974 ( 21%)
5        33 (  1%)


Class attribute: class
Classes to Clusters:

    0    1    2    3    4    5  <-- assigned to cluster
  575 1882   36  124  138   33 | 0
  565  412    0    0  836    0 | 1

Cluster 0 <-- No class
Cluster 1 <-- 0
Cluster 2 <-- No class
Cluster 3 <-- No class
Cluster 4 <-- 1
Cluster 5 <-- No class

Incorrectly clustered instances :	1883.0	 40.9259 %

