

=== Clustering stats for training data ===


kMeans
======

Number of iterations: 28
Within cluster sum of squared errors: 437.57233970845436
Missing values globally replaced with mean/mode

Cluster centroids:
                                          Cluster#
Attribute                     Full Data          0          1          2          3          4          5          6          7          8          9         10         11         12         13         14         15         16         17         18         19
                                 (4601)      (557)      (238)      (429)      (122)      (136)       (36)       (13)       (17)       (25)       (79)      (200)       (36)       (37)       (15)      (135)      (501)       (54)      (333)     (1608)       (30)
===================================================================================================================================================================================================================================================================
word_freq_make                   0.1046     0.2871     0.0942     0.0847          0     0.2026          0     1.7185          0     0.0992     0.0034     0.0566          0     0.0154     0.0233     0.0675     0.0948     0.1576     0.1381     0.0537          0
word_freq_address                 0.213     0.2046     0.0411     0.0915          0     0.2357     0.0053     0.0969          0     0.0468      0.013     0.1536    14.1478     0.0878     0.2527     0.0745     0.1426     0.1896     0.1741     0.0487     0.2113
word_freq_all                    0.2807     0.3428     0.1816     0.0492          0     0.6532     0.0228     0.0262          0      0.116     0.0666      0.119          0     0.1454     0.0527     2.2286     0.7477     0.3298     0.3406     0.0629          0
word_freq_3d                     0.0654     0.1531          0          0          0     0.3212          0          0          0          0          0     0.0044          0     0.6538          0     0.0099     0.0202          0     0.0048     0.0833          0
word_freq_our                    0.3122     0.8048     0.3066     0.1286          0     0.5124          0     0.0969       0.42     0.0228      0.188     0.1708          0     0.2208     0.0533     0.3044     0.3654     0.7565     0.4342     0.1923     0.1557
word_freq_over                   0.0959     0.1797      0.045     0.0694          0     0.4955          0     0.0362          0      0.026          0     0.0326          0       0.13      0.028     0.0264     0.1498      0.108     0.1532     0.0528          0
word_freq_remove                 0.1142     0.3988     0.0103     0.0791          0     0.2409          0     0.1854          0          0     0.0084     0.0035          0     0.1305          0     0.1176      0.088     0.7874     0.1214     0.0514          0
word_freq_internet               0.1053      0.199     0.0221     0.0539          0      0.249          0     0.0623          0          0     0.0237      0.052          0     0.0373          0     0.0253     0.0771     0.6531     0.2256     0.0898          0
word_freq_order                  0.0901     0.1906     0.0248     0.0161          0     0.5025          0          0          0          0     0.0325     0.0272          0     0.0427          0     0.0944     0.0908     0.4672     0.1139     0.0598          0
word_freq_mail                   0.2394     0.4105     0.2326      0.241          0     0.7483     0.1011     0.2054          0      0.132     0.1637     0.3517     0.1322     0.3281     0.3053      0.207     0.2162     0.6044     0.2943     0.1424     0.0667
word_freq_receive                0.0598     0.2888     0.0127     0.0066          0     0.1085          0     2.0515          0          0          0     0.0088          0     0.0441          0     0.0216     0.0257     0.3281     0.0384     0.0109          0
word_freq_will                   0.5417     0.7432     3.0545     0.3593          0     0.6571     0.0436     1.9785          0     0.5892     0.1577     0.3028          0     0.2165     0.1747     0.5454     0.4909     0.3435     0.6006     0.2745     0.0923
word_freq_people                 0.0939     0.2057     0.0397     0.1074          0     0.2808     0.0392     0.0523          0     0.0584     0.0089     0.0536          0     0.0178          0     0.0587     0.1413     0.1856     0.0698     0.0598          0
word_freq_report                 0.0586     0.1562     0.0211     0.0325          0     0.0049          0     0.2008          0          0          0     0.0349          0          0          0     0.1108     0.0129          0     0.0792     0.0657          0
word_freq_addresses              0.0492     0.0307     0.0029     0.0034          0     1.1965          0     0.0262          0     0.0348          0     0.0468          0     0.0749          0     0.0086     0.0339     0.0163     0.0111     0.0052          0
word_freq_free                   0.2488      0.601     0.0414     0.2365     0.3279     0.2747     0.0258          0          0     0.0928          0     0.0502          0     0.2327          0     0.3339     0.3324     0.6422     0.3869     0.1396          0
word_freq_business               0.1426      0.303     0.1281     0.0318          0     0.1651          0          0          0          0     0.0399     0.0323          0     0.0284          0     0.0232     0.1183     3.1072     0.2299     0.0642          0
word_freq_email                  0.1847     0.3303     0.1114     0.1552          0     1.1335     0.0161     0.2646          0     0.0348     0.2338     0.0777          0     0.0841          0     0.2778     0.2053      0.452     0.2114     0.0881          0
word_freq_you                    1.6621     2.9538     1.0028     4.5687          0     2.1182     0.8981     2.3023     1.7541     0.6896     0.2776     1.0955          0     1.2305      1.174     1.8392     2.1107     2.4552     2.4667     0.5174     0.3367
word_freq_credit                 0.0856     0.2759     0.0096     0.0369          0     0.1618     0.0053          0          0          0     0.0203          0          0     0.2462          0     0.0677     0.0689     0.5194     0.1955     0.0325          0
word_freq_your                   0.8098     1.4438      0.263     0.5665          0     1.3996     0.1758     7.0008     0.2447     0.0672     0.1435     0.4442          0     0.6638     0.0767     0.5823     0.8613     2.2469     3.6567     0.2117      0.234
word_freq_font                   0.1212     0.0452          0     0.0149          0      0.019          0          0          0          0          0          0          0     9.6154     7.5987          0     0.0418          0     0.0258      0.015          0
word_freq_000                    0.1016      0.307     0.0084     0.0199          0     1.1792          0     0.0177          0          0          0          0          0     0.2262          0     0.0318     0.0707     0.1028     0.0675     0.0307          0
word_freq_money                  0.0943     0.2893     0.0249     0.1241          0     0.1746     0.0197          0          0          0          0     0.0011          0     0.0584          0     0.0158     0.0956     0.0907     0.2736     0.0252          0
word_freq_hp                     0.5495     0.0311     0.7284     0.1192          0     0.0143     0.0514     0.0546          0     0.3016     9.3744     2.0068          0     0.0057          0     0.4347     0.1258          0     0.0545     0.4903     6.8013
word_freq_hpl                    0.2654     0.0191     0.4934     0.0455      0.117     0.0143          0          0          0     0.3204     2.7718     1.1862          0     0.0057          0     0.2608     0.0613          0     0.0428     0.2553     3.4027
word_freq_george                 0.7673     0.0103     0.1534     0.3489    20.1415     0.0082          0          0     0.5347     0.2352     0.4047     1.2675          0          0          0        0.2      0.054     0.0607     0.1284      0.234      3.442
word_freq_650                    0.1248     0.0058     0.1869      0.041          0     0.0046          0          0          0     0.2352     0.4041     0.7465          0          0          0     0.2001     0.0353          0      0.025     0.1042     3.3637
word_freq_lab                    0.0989          0     0.4452     0.0253          0          0     0.0061          0          0          0     0.0663     0.4775          0          0          0     0.0836     0.0143          0     0.0317     0.0651     3.4563
word_freq_labs                   0.1029     0.0055     0.1757     0.0167          0          0     0.0053          0          0      0.242     0.8658     0.5082          0          0          0     0.1804     0.0332          0     0.0177     0.0591     3.4303
word_freq_telnet                 0.0648     0.0075     0.0451     0.0017          0          0          0          0          0          0     0.2182     0.4382          0          0          0     0.0801     0.0101          0     0.0036      0.037     3.3637
word_freq_857                     0.047     0.0003     0.0013     0.0035          0          0          0          0          0          0      0.037     0.4487          0          0          0          0     0.0088          0     0.0079     0.0047     3.5733
word_freq_data                   0.0972      0.015     0.0609     0.0428          0     0.0094          0          0          0     0.0832     0.0533     0.0921          0     0.0051          0      0.046     0.0291          0     0.0288     0.2174          0
word_freq_415                    0.0478     0.0011          0     0.0035          0          0          0          0          0          0      0.037     0.4487          0          0          0          0     0.0113          0     0.0079     0.0061     3.5733
word_freq_85                     0.1054     0.0167     0.0888     0.0403          0      0.015          0          0          0     0.2352     0.4041     0.5266          0          0          0     0.1288     0.0214          0     0.0247     0.0963     3.3637
word_freq_technology             0.0975     0.0148     0.1471     0.0079          0     0.0085          0          0          0      0.012     0.3297      0.491          0     0.0046          0     0.1308     0.0318     0.0107     0.0162     0.0843     3.3637
word_freq_1999                    0.137     0.0358      0.161     0.0676          0     0.0135     0.8467     0.0731          0     0.6512     0.2351     0.8516          0     0.0173     0.0287     0.0659     0.0543     0.1281     0.0185     0.1581          0
word_freq_parts                  0.0132     0.0231     0.0003          0          0          0          0          0          0          0     0.0624          0          0     0.0051          0     0.0478     0.0125          0          0     0.0187          0
word_freq_pm                     0.0786     0.0102     0.1473      0.113          0     0.0279     0.0117          0     0.6535     0.0776     0.0856     0.5967          0     0.0011     0.0427     0.1534     0.0207          0     0.0154     0.0567      0.039
word_freq_direct                 0.0648     0.0253     0.0027     0.0066          0     0.1615          0          0          0          0     0.0427     0.4581          0          0          0     0.0292     0.0198      0.048     0.0273     0.0232     3.3637
word_freq_cs                     0.0437     0.0006          0     0.0297          0          0     0.1022          0          0     4.0732     0.1172     0.1098          0          0          0     0.0383     0.0153          0     0.0027     0.0232          0
word_freq_meeting                0.1323     0.0248     0.6295     0.0407     0.1821          0     0.0842     0.0177          0       0.05     0.2201     0.1481          0          0          0     0.3787     0.0347     0.0659     0.0034     0.1721      0.136
word_freq_original               0.0461     0.0079     0.0138     0.0071          0     0.0438          0          0          0     0.1844     0.0461     0.7667          0     0.0046      0.014     0.0121     0.0114          0     0.0023     0.0158          0
word_freq_project                0.0792     0.0072      0.189     0.0606          0     0.0059     0.0461          0          0          0     0.0329     0.1065          0     0.0141          0          0     0.0308          0     0.0085     0.1503     0.0877
word_freq_re                     0.3012     0.1092     0.1711     0.5851     0.0546     0.0547     0.6056     0.0362    11.0459      0.302     0.6286     0.7312     0.1322     0.0235          0     0.3009     0.2139     0.0352     0.2918     0.2182     0.0783
word_freq_edu                    0.1798     0.0128     0.0476      0.298          0     0.0313     7.5272          0          0      3.622          0     0.1575          0          0     0.0813     0.1336     0.0981          0      0.068     0.1184     0.0773
word_freq_table                  0.0054     0.0008     0.0138          0          0          0          0          0          0          0     0.0085      0.008          0          0          0          0     0.0025          0     0.0073     0.0096          0
word_freq_conference             0.0319     0.0051     0.1092     0.0284          0          0          0          0          0     0.0068     0.0127     0.0211          0          0          0     0.0173     0.0195          0     0.0054     0.0537          0
char_freq_;                      0.0386     0.0083     0.0216     0.0085          0     0.0169     0.0132          0          0     0.2065     0.1183     0.0528          0     0.1214      3.868      0.012     0.0324          0     0.0083     0.0329     0.0062
char_freq_(                       0.139     0.0818     0.1458     0.0791     0.0288     0.1221     0.1636     0.0182     0.1344     0.2224     0.1429     0.3266          0     0.0307     0.0039     0.1675     0.1224     0.0969     0.1003     0.1627     0.9792
char_freq_[                       0.017     0.0104     0.0062     0.0054          0     0.0115     0.0019     0.0031       0.04     0.0505      0.029     0.0773          0     0.0176          0     0.0063     0.0087          0      0.007     0.0242          0
char_freq_!                      0.2691     0.4133     0.1559     0.4782     0.0094     0.4238     0.2141          0     0.5846     0.0768     0.0619     0.0605          0     0.2285     0.0778     0.4034     0.4913     0.6113     0.3678     0.1272          0
char_freq_$                      0.0758       0.22     0.0121     0.0276          0     0.3269     0.0084     0.0031          0          0          0     0.0027          0     0.0659          0     0.0273     0.0921     0.1505     0.0922     0.0467          0
char_freq_#                      0.0442     0.0553     0.0045      0.012          0     0.0186     0.0022          0          0          0     0.2764     0.0181          0     0.8234     0.4488     0.0077     0.0661     0.0349     0.0138     0.0374     0.0161
capital_run_length_average       5.1915     5.6121     2.1189     2.5213      1.208     9.3073     2.1804     5.4182     1.6528     3.1028     3.2095     2.4799     1.7778    12.1389     6.5453    33.4374     3.2022    17.3493     5.7722     4.3988     3.1645
capital_run_length_longest      52.1728    98.2424     15.063    15.9161     1.6803   296.3456    12.4722    29.2308     4.3529      12.04     18.038      16.58     4.8889   116.5405    41.2667    112.637    46.2715    97.3889    60.5856    36.8141    11.1333
capital_run_length_total       283.2893   647.0592    86.8067    63.8928      5.459   760.2794      76.75    64.6154         10      129.6   131.7848    120.955     9.0278        964   350.6667   179.0519   286.9621   162.5741   210.2432   286.1126    40.0333


Clustered Instances

 0       557 ( 12%)
 1       238 (  5%)
 2       429 (  9%)
 3       122 (  3%)
 4       136 (  3%)
 5        36 (  1%)
 6        13 (  0%)
 7        17 (  0%)
 8        25 (  1%)
 9        79 (  2%)
10       200 (  4%)
11        36 (  1%)
12        37 (  1%)
13        15 (  0%)
14       135 (  3%)
15       501 ( 11%)
16        54 (  1%)
17       333 (  7%)
18      1608 ( 35%)
19        30 (  1%)


Class attribute: class
Classes to Clusters:

    0    1    2    3    4    5    6    7    8    9   10   11   12   13   14   15   16   17   18   19  <-- assigned to cluster
   45  224  300  122    2   36   11   17   25   79  197   36    1   15   90  201    4   90 1263   30 | 0
  512   14  129    0  134    0    2    0    0    0    3    0   36    0   45  300   50  243  345    0 | 1

Cluster  0 <-- 1
Cluster  1 <-- No class
Cluster  2 <-- No class
Cluster  3 <-- No class
Cluster  4 <-- No class
Cluster  5 <-- No class
Cluster  6 <-- No class
Cluster  7 <-- No class
Cluster  8 <-- No class
Cluster  9 <-- No class
Cluster 10 <-- No class
Cluster 11 <-- No class
Cluster 12 <-- No class
Cluster 13 <-- No class
Cluster 14 <-- No class
Cluster 15 <-- No class
Cluster 16 <-- No class
Cluster 17 <-- No class
Cluster 18 <-- 0
Cluster 19 <-- No class

Incorrectly clustered instances :	2826.0	 61.4214 %

