

=== Clustering stats for training data ===


kMeans
======

Number of iterations: 30
Within cluster sum of squared errors: 589.3733366197262
Missing values globally replaced with mean/mode

Cluster centroids:
                                          Cluster#
Attribute                     Full Data          0          1          2          3          4          5          6          7
                                 (4601)     (1059)     (2270)       (36)      (124)     (1038)       (33)       (13)       (28)
===============================================================================================================================
word_freq_make                   0.1046     0.1114     0.0554          0          0     0.2072          0     1.7185          0
word_freq_address                 0.213     0.1177     0.0559    14.1478          0     0.2039     0.1921     0.0969          0
word_freq_all                    0.2807     0.6328     0.0907          0          0     0.3998          0     0.0262          0
word_freq_3d                     0.0654     0.0106     0.0703          0          0     0.1255          0          0          0
word_freq_our                    0.3122     0.3457     0.2082          0          0     0.5602     0.1415     0.0969       0.37
word_freq_over                   0.0959      0.095     0.0478          0          0     0.2232          0     0.0362          0
word_freq_remove                 0.1142     0.1657     0.0459          0          0     0.2344          0     0.1854          0
word_freq_internet               0.1053     0.0609     0.0729          0          0     0.2444          0     0.0623          0
word_freq_order                  0.0901     0.0496     0.0496          0          0     0.2402          0          0          0
word_freq_mail                   0.2394     0.2215     0.1738     0.1322          0     0.4461     0.0606     0.2054          0
word_freq_receive                0.0598     0.0262     0.0129          0          0     0.1846          0     2.0515          0
word_freq_will                   0.5417     0.6026     0.4956          0          0     0.6686     0.1882     1.9785      0.115
word_freq_people                 0.0939     0.1069     0.0568          0          0     0.1824          0     0.0523          0
word_freq_report                 0.0586     0.0245     0.0538          0          0     0.1148          0     0.2008          0
word_freq_addresses              0.0492     0.0138     0.0086          0          0     0.1848          0     0.0262          0
word_freq_free                   0.2488     0.3198     0.1167          0     0.3226      0.483          0          0          0
word_freq_business               0.1426      0.063      0.066          0          0     0.4235          0          0          0
word_freq_email                  0.1847     0.1882     0.0988          0          0     0.4076          0     0.2646          0
word_freq_you                    1.6621     3.3094     0.6017          0          0     2.5936     0.3621     2.3023     1.5261
word_freq_credit                 0.0856     0.0442     0.0279          0          0     0.2733          0          0          0
word_freq_your                   0.8098     0.6751     0.2326          0          0     2.2934     0.2127     7.0008     0.1486
word_freq_font                   0.1212     0.0531     0.1774          0          0     0.0952          0          0          0
word_freq_000                    0.1016     0.0497     0.0267          0          0     0.3413          0     0.0177          0
word_freq_money                  0.0943     0.1027     0.0195          0          0     0.2704          0          0          0
word_freq_hp                     0.5495     0.0995     0.9124          0     0.0896     0.0429     6.5036     0.0546     2.8836
word_freq_hpl                    0.2654     0.0575     0.4437          0     0.1152     0.0228     3.2536          0     0.2746
word_freq_george                 0.7673     0.1789     0.3005          0    19.9869      0.046     3.2894          0     0.8611
word_freq_650                    0.1248     0.0239     0.1894          0          0     0.0124     3.2182          0          0
word_freq_lab                    0.0989     0.0343     0.1317          0          0     0.0103     3.3024          0          0
word_freq_labs                   0.1029     0.0322     0.1433          0          0     0.0055     3.2788          0          0
word_freq_telnet                 0.0648     0.0077     0.0785          0          0     0.0051     3.2182          0          0
word_freq_857                     0.047     0.0075      0.041          0          0     0.0029     3.4088          0          0
word_freq_data                   0.0972     0.0301     0.1705          0          0     0.0214          0          0     0.2232
word_freq_415                    0.0478     0.0089     0.0419          0          0      0.003     3.4088          0          0
word_freq_85                     0.1054     0.0236     0.1475          0          0     0.0183     3.2182          0          0
word_freq_technology             0.0975     0.0254      0.132          0          0     0.0153     3.2182          0          0
word_freq_1999                    0.137     0.0507     0.2404          0          0     0.0286          0     0.0731          0
word_freq_parts                  0.0132      0.013     0.0197          0          0     0.0021          0          0          0
word_freq_pm                     0.0786     0.0717     0.1143          0          0     0.0136     0.0355          0     0.3968
word_freq_direct                 0.0648     0.0165     0.0537          0          0     0.0509     3.2182          0          0
word_freq_cs                     0.0437      0.028     0.0749          0          0     0.0012          0          0          0
word_freq_meeting                0.1323     0.0922     0.2098          0     0.1792     0.0051     0.1236     0.0177      0.115
word_freq_original               0.0461     0.0126     0.0829          0          0     0.0101          0          0          0
word_freq_project                0.0792     0.0335     0.1412          0          0     0.0055     0.0797          0          0
word_freq_re                     0.3012     0.3687     0.2502     0.1322     0.0537     0.1416     0.0712     0.0362     9.5107
word_freq_edu                    0.1798     0.1818     0.2631          0          0     0.0265     0.0703          0     0.2746
word_freq_table                  0.0054     0.0018     0.0087          0          0     0.0032          0          0          0
word_freq_conference             0.0319     0.0277     0.0488          0          0     0.0063          0          0          0
char_freq_;                      0.0386     0.0205     0.0641          0          0     0.0097     0.0056          0          0
char_freq_(                       0.139     0.1007     0.1727          0     0.0283      0.099     0.9379     0.0182     0.1276
char_freq_[                       0.017     0.0077     0.0261          0          0     0.0097          0     0.0031     0.0243
char_freq_!                      0.2691     0.4579     0.1191          0     0.0093      0.423          0          0     1.5149
char_freq_$                      0.0758     0.0528     0.0359          0          0     0.2036          0     0.0031          0
char_freq_#                      0.0442       0.04     0.0515          0          0     0.0422     0.0146          0          0
capital_run_length_average       5.1915     7.0607      3.963     1.7778     1.2168     6.7098     3.1069     5.4182     2.1551
capital_run_length_longest      52.1728    43.0935    32.6467     4.8889     1.7339   114.6243    11.1212    29.2308     6.6071
capital_run_length_total       283.2893    167.712   260.1101     9.0278     5.5323   512.3507    40.1515    64.6154    12.8929


Clustered Instances

0      1059 ( 23%)
1      2270 ( 49%)
2        36 (  1%)
3       124 (  3%)
4      1038 ( 23%)
5        33 (  1%)
6        13 (  0%)
7        28 (  1%)


Class attribute: class
Classes to Clusters:

    0    1    2    3    4    5    6    7  <-- assigned to cluster
  560 1862   36  124  134   33   11   28 | 0
  499  408    0    0  904    0    2    0 | 1

Cluster 0 <-- No class
Cluster 1 <-- 0
Cluster 2 <-- No class
Cluster 3 <-- No class
Cluster 4 <-- 1
Cluster 5 <-- No class
Cluster 6 <-- No class
Cluster 7 <-- No class

Incorrectly clustered instances :	1835.0	 39.8826 %

