

=== Clustering stats for training data ===


kMeans
======

Number of iterations: 30
Within cluster sum of squared errors: 312.1735167278678
Missing values globally replaced with mean/mode

Cluster centroids:
                                        Cluster#
Attribute                    Full Data         0         1         2         3         4         5         6         7         8         9        10        11        12        13        14        15        16        17        18        19        20        21        22        23        24        25        26        27        28        29        30        31        32        33        34        35        36        37        38        39        40        41        42        43        44        45        46        47        48        49
                                (4601)      (45)     (320)      (61)     (119)     (143)      (33)      (11)      (14)      (19)      (28)     (143)      (36)      (37)      (15)      (28)     (143)      (19)      (91)      (32)      (32)      (78)      (99)      (12)      (18)      (46)     (271)       (6)      (53)      (23)     (343)     (111)      (55)      (63)      (86)      (58)      (55)     (152)      (16)      (18)      (52)     (100)      (63)     (223)     (168)      (93)       (7)      (68)     (583)      (14)     (298)
==========================================================================================================================================================================================================================================================================================================================================================================================================================================================================================================================================================
word_freq_make                  0.1046    0.1011    0.0532    0.0248         0    0.1055         0         2         0    0.1147    0.0096    0.0571         0    0.0154    0.0233         0    0.3622         0    0.1423    0.0181    0.0288    0.0396    0.0546         0         0      0.02    0.0668         0         0         0    0.1173    0.0607    0.0631    0.0487    0.0636    0.0655    0.0055    0.1612         0    0.0644    1.8808    0.1785    0.2735    0.0257    0.2549     0.029         0    0.1338    0.0136         0    0.0861
word_freq_address                0.213    0.1627    0.0406     0.198         0    0.2261    0.0058         0         0    0.0616         0    0.0893   14.1478    0.0878    0.2527    0.0575    0.2677         0     0.162    0.0175    0.0284    0.0446    0.0573         0    0.3522    0.0611    0.1638         0    0.0236         0    0.0596    0.0779    0.0447    0.3292    0.1062     0.016    0.0029    0.1445         0         0    0.2065    0.3049    0.0879     0.056    0.0851    0.4122         0    0.2325    0.0394         0    0.0996
word_freq_all                   0.2807    0.3411    0.1313     0.042         0    0.3128    0.0248         0         0    0.1526    0.0239     0.153         0    0.1454    0.0527    3.4682    0.4538    0.0316    1.2007    0.0163     0.175    0.3592    0.1801         0         0    0.0852    0.1193         0    0.0826    0.9057    0.0852    0.1108     0.122    0.0959    1.8452    0.0712    0.0736    0.1758         0         0    0.4119    0.7074    0.6744    0.0413    0.4571     0.123    0.3657    0.7443    0.0226    0.1057    0.7421
word_freq_3d                    0.0654         0    0.0026         0         0         0         0         0         0         0         0    0.1015         0    0.6538         0     0.015    0.0004         0         0         0         0         0         0         0         0         0    0.0059         0         0         0    0.0286         0    0.0158         0    0.0106         0         0    0.0038         0   12.0178    0.2621    0.0095         0         0    0.0026         0         0         0    0.0183         0    0.0175
word_freq_our                   0.3122    0.8051    0.1776    0.0413         0    0.6616         0         0         0      0.03         0    0.1501         0    0.2208    0.0533    0.2261    0.2767         0    0.5563    0.0728    0.3303    0.3756    0.1933      1.23    0.3461    4.2813    0.3386         0    0.1342         0    0.3041      0.19    0.0895    0.0767    0.2845    0.2974    0.0411    0.3672         0    0.1656    0.1683     0.562    0.4381    0.0972    0.9957    0.5961      0.31    0.4506    0.0709         0    0.3076
word_freq_over                  0.0959    0.0951    0.0548    0.0944         0    0.1138         0         0         0    0.0342         0    0.0504         0      0.13     0.028    0.0214    0.1952    0.0542    0.0682         0    0.0787    0.0918    0.0232         0         0     0.035    0.1614         0    0.0042         0    0.1523    0.0281    0.0078    0.0246    0.0476    0.0174    0.0371    0.1059         0     0.015    0.1598    0.4634    0.5237    0.0617    0.2373    0.1295         0     0.106    0.0243         0     0.119
word_freq_remove                0.1142    0.7756     0.006    0.0305         0    0.3617         0         0         0         0         0    0.0312         0    0.1305         0    0.0611    0.0801         0    0.1659         0         0    0.1277    0.0069         0         0    0.2339    0.1481         0    0.0125         0    0.0514    0.0021         0    0.0073    0.1603    0.0024    0.0178    0.0787         0    0.1033    0.0829    0.2022    0.3394    0.0298    0.2073    1.8015         0    0.0731    0.0156         0    0.0646
word_freq_internet              0.1053    0.5684    0.0864         0         0    0.2706         0         0         0         0         0    0.0294         0    0.0373         0    0.0414    0.2554    3.5705    0.1601         0    0.0172    0.0953    0.0101         0         0    0.1554    0.1166         0    0.1358         0    0.0455    0.0195         0    0.0565    0.0462      0.01    0.0604    0.0541         0    0.1544    0.0279    0.2524    0.1517    0.0295    0.3168    0.0941         0     0.266    0.0648    0.0643    0.0342
word_freq_order                 0.0901    0.5069    0.0219    0.0297         0    0.1109         0         0         0         0         0    0.6349         0    0.0427         0    0.0414    0.5245         0    0.0558    0.0181    0.1297    0.0199    0.0184         0         0    0.0252    0.0852         0    0.0136         0    0.0264    0.0346         0         0    0.1195    0.0676    0.0024    0.1057         0    0.0461    0.3242    0.6252    0.0598    0.0083    0.0837    0.0225         0    0.0353    0.0056         0    0.0313
word_freq_mail                  0.2394    0.5816    0.0844    0.2098         0     0.515    0.1103         0         0    0.0516         0    0.0923    0.1322    0.3281    0.3053         0     0.695    0.0347    0.2821    0.0256    0.5647    0.2162    0.2583         0    0.1111    0.2154    0.2134         0    0.1506    0.0626    0.3194    0.3679    0.5416    0.3249    0.3079    0.0248    0.1384    0.2397         0    0.2233     0.259    0.7793    0.3392    0.2442    0.2885    0.2951         0    0.4524    0.0998    0.3164    0.1453
word_freq_receive               0.0598    0.3184     0.026         0         0    0.7757         0         2         0         0         0    0.0313         0    0.0441         0    0.0304    0.2019         0    0.0251         0    0.0094    0.0287    0.0138         0         0         0    0.0354         0         0         0     0.031    0.0158         0         0    0.0256         0         0    0.0313         0         0         0    0.1305    0.0848    0.0055    0.0932    0.0332         0     0.024    0.0017         0     0.026
word_freq_will                  0.5417    0.3847    1.0488    0.4264         0    0.8077    0.0476         2         0    0.5837    0.1275    0.2671         0    0.2165    0.1747    0.2596    0.8645    0.0316    0.7835    0.2672    0.6363    0.3264    3.9648    3.4742     0.345    0.5446    0.3241    0.5283    0.2421    0.4378      0.26    0.3103    0.3513     0.387     0.738    0.1338    0.2913    1.6864         0    0.7689    0.5956    0.8135      0.39    0.1795    0.7157    0.3615         0    1.0694    0.0661    1.4479    0.2932
word_freq_people                0.0939    0.2002     0.062    0.0152         0    0.1208    0.0427         0         0    0.0768         0    0.0206         0    0.0178         0         0    0.4578    0.0484    0.1062         0         0    1.6282    0.0175         0         0         0    0.0648         0    0.0174         0    0.0876    0.0505         0    0.0721    0.0308    0.0334    0.0249    0.0456         0         0    0.0771    0.2237    0.1276    0.0668     0.077    0.0229         0    0.0313    0.0123    0.0643    0.0928
word_freq_report                0.0586         0     0.029    0.0448         0     0.082         0         0         0         0         0    0.0094         0         0         0         0    0.4843         0    0.0375         0         0    0.0377    0.0367         0         0    0.1298    0.0493         0    0.0042         0    0.0169    0.0311    0.0422    0.0438    0.0834    0.3333         0     0.017         0    0.0644     0.025    0.0066         0    0.0049    0.0159         0    5.2214    0.1674    0.0727         0    0.0178
word_freq_addresses             0.0492    0.0196    0.0038         0         0    0.0273         0         0         0    0.0458         0    0.0032         0    0.0749         0         0    0.0943         0    0.0418         0    0.0191    0.0923    0.0069         0         0         0    0.0075         0         0         0     0.005     0.023         0    0.1081    0.0209      0.01         0    0.0006         0    0.0533         0    1.5218    0.1044    0.0028    0.0134    0.0361         0         0    0.0025         0    0.0253
word_freq_free                  0.2488    0.6264    0.0292    0.1298    0.3361    0.8454    0.0282         0         0         0         0    0.1368         0    0.2327         0    0.4193    0.2464    0.2421    0.5413    0.0241    0.0819     0.169    0.0547         0         0    0.7639    0.3443         0    0.0251         0    0.1432    0.0428         0    0.0586    0.3441    0.1481    0.0505    0.2749         0    0.0722    0.8427    0.2239    0.5278    0.2097    0.4432    0.7675      0.68    0.4328    0.1884         0    0.2658
word_freq_business              0.1426      3.34    0.2018    0.0038         0    0.1887         0         0         0         0         0    0.0464         0    0.0284         0         0    0.2458    0.3726    0.0665         0    0.1881    0.0876    0.0889         0         0    0.0046    0.1285         0         0         0    0.0556    0.0297    0.0211    0.0179    0.0356    0.0521         0    0.0712         0    0.4144    0.1258    0.1779    0.1884    0.0103    1.0199    0.1508         0    0.0854    0.0145         0    0.0473
word_freq_email                 0.1847    0.4633    0.0592    0.0452         0    0.3857    0.0176         0         0    0.0458         0    0.1179         0    0.0841         0    0.5486    0.2265         0    0.2313    0.0588    0.1156    0.3083    0.0693         0         0    0.0924    0.2283         0    0.0585    1.7757    0.0982    0.0575    0.2249    0.1092    0.0941    0.1009    0.0238    0.1554         0    0.1683     0.279    1.3009    0.2562    0.1558    0.2627    0.8369         0    0.0807    0.0518         0    0.2055
word_freq_you                   1.6621    2.5769    0.3873    8.5207         0    2.7485    0.8933         2    1.4807    0.7105    0.0464    0.6219         0    1.2305     1.174    2.5257    3.1499    0.9563    4.3424    0.6556      1.04    2.1524    0.8265    0.2133    0.8372    1.2928    2.3609    0.5283    0.3604    0.2283    1.6239     1.195    0.9065    1.0663    1.0771    0.8776    0.4527    3.1475         0    1.2461    2.4933    2.0972    2.6216    4.1894    2.7417    1.9824    1.7757    2.3315    0.1488      1.01    1.4803
word_freq_credit                0.0856    0.5076    0.0199         0         0    0.6539    0.0058         0         0         0         0    0.0245         0    0.2462         0         0    0.1629         0    0.0533         0         0         0     0.007         0         0    0.0683    0.0867         0         0         0    0.0805         0         0         0    0.1006         0         0    0.0572         0         0    0.0513    0.1761    0.1854    0.0425    0.4263    0.0297         0    0.0891    0.0417         0     0.039
word_freq_your                  0.8098    2.2469    0.1545    0.6534         0    1.5077    0.1918         8    0.2971    0.0884    0.0786    0.3236         0    0.6638    0.0767    0.4282    1.4572    0.0637    1.4171    0.0844    0.2919    0.7632    0.1605    0.1275      0.39      0.43    2.8188         0    0.0909    0.2583    0.5387    0.5267    0.3985    0.4127    0.5463     0.249    0.0556     1.112         0    1.3661    1.0219    1.3788    1.3043    0.3567    1.8356    0.9397      0.34    5.6244    0.0468    0.1736    0.6446
word_freq_font                  0.1212         0    0.0002         0         0    0.0103         0         0         0         0         0    0.0256         0    9.6154    7.5987         0    0.0212    0.1547    0.0299         0         0         0         0         0         0         0    0.0598         0         0         0    0.0716         0         0         0         0         0         0    0.0018         0         0         0         0     0.041    0.0093    0.0644         0         0         0    0.0105         0    0.0381
word_freq_000                   0.1016    0.1011    0.0242         0         0    0.1788         0         0         0         0         0    0.0176         0    0.2262         0    0.1321    0.3544    0.0974    0.0454         0         0    0.1785    0.0137         0         0         0    0.0732         0         0         0    0.0227         0         0         0    0.0069    0.0088    0.0444    0.0347         0    0.0711     0.095    0.7626    2.0432    0.0098    0.3368     0.024         0    0.0188    0.0321         0    0.0492
word_freq_money                 0.0943    0.0624    0.0078    0.7113         0    0.1964    0.0215         0         0         0         0    0.0452         0    0.0584         0         0    0.4781         0    0.1492         0         0     0.054         0         0         0    0.0407    0.1283         0    0.0042         0    0.0516         0         0         0    0.0228    0.0291         0    0.1303         0    0.1522     0.646    0.2127    0.1056    0.0266    0.2123    0.1276         0    0.4779    0.0326         0    0.0477
word_freq_hp                    0.5495         0     1.581         0         0    0.0717    0.0561         0         0    0.2274    14.385    0.3592         0    0.0057         0    0.1354    0.0023    0.0637    0.0581    0.2541    3.6122    0.1006     0.587    0.5392    4.3133     0.222    0.1088    0.2633    4.2491    3.9326    0.2462    2.6541    1.4425    1.0329    0.2936    0.1452    0.9715    0.1319    8.7562         0         0    0.0009    0.0295    0.1625    0.0006    0.0157         0         0    0.0999    0.2757    0.1265
word_freq_hpl                   0.2654         0    0.4333         0         0    0.0457         0         0         0    0.2268    1.0804    0.3392         0    0.0057         0    0.0904    0.0023    0.0958     0.022    0.0878    0.6775    0.0449    0.4878    0.5392    2.1622         0    0.0466         0    5.2706    1.8213    0.1135    1.5741    1.1791    0.5594    0.2392    0.0419    0.5482    0.1717    4.3756         0    0.0287    0.0009    0.0295    0.0334    0.0006    0.0157         0         0    0.0435     0.845    0.0596
word_freq_george                0.7673    0.0096    0.0636    0.7751   20.3425    0.0252         0         0         0    0.3095     0.435     0.124         0         0         0    0.4871     0.002         0    0.0726    0.4591    0.3022    0.2503    0.1879         0    2.2278    0.3233    0.1013    3.7033    0.5445    0.2957    0.1578     1.568    0.2811    0.8649    0.0842    0.2334    0.7998    0.1101    4.3756      0.35    0.1367    0.0112         0    0.2201         0         0    0.3657    0.1925    0.3623    1.1729    0.0749
word_freq_650                   0.1248         0    0.1188         0         0     0.018         0         0         0    0.3095    0.0096    0.0202         0         0         0     0.045         0    0.0316    0.0144    0.0078    0.1625    0.0221    0.1312    0.3083    2.0972    0.0046    0.0138         0    0.1443    2.0213    0.0476    0.9475    2.8451    0.1138    0.0398     0.025    0.0358    0.0417    4.3756         0         0    0.0062         0    0.0074    0.0006         0         0         0    0.0396         0    0.0271
word_freq_lab                   0.0989         0    0.0894         0         0         0    0.0067         0         0         0    0.0096    0.0027         0         0         0         0         0         0    0.0174    0.0709    0.1188     0.039    0.1098      8.15    2.2517    0.1035    0.0194    0.2633    0.1149         0    0.0096     0.744    0.1356    0.0849    0.1049    0.0945    0.0949    0.0624    4.3756         0    0.0117         0         0      0.02         0         0         0    0.0544    0.0573    0.0643    0.0238
word_freq_labs                  0.1029         0    0.1423    0.0264         0     0.019    0.0058         0         0    0.3184    0.0196    0.0048         0         0         0     0.045         0    0.0316    0.0462    0.0334    2.8419    0.0217    0.0838         0    2.2083         0    0.0161         0    0.2006    1.6365    0.0424    0.7848     0.134    0.0338    0.0359    0.0078    0.1249    0.0191    4.3756         0         0         0         0    0.0075         0    0.0191         0         0    0.0132    0.0643    0.0299
word_freq_telnet                0.0648         0    0.0516         0         0    0.0212         0         0         0         0    0.0096    0.0034         0         0         0     0.045         0         0         0    0.0078    0.0397    0.0141    0.0513         0    2.0972         0    0.0094         0     0.036    1.3013    0.0203    0.6847         0    0.0508         0         0    0.0238    0.0011    4.3756      0.35         0         0         0    0.0024         0         0         0         0    0.0517         0    0.0064
word_freq_857                    0.047         0    0.0114         0         0         0         0         0         0         0    0.0096         0         0         0         0         0         0         0         0    0.0078    0.0397    0.0069    0.0031         0    2.4467         0    0.0111         0    0.0153         0    0.0085    0.7155         0    0.0546         0         0         0    0.0041    4.3756         0         0         0         0    0.0031         0         0         0         0    0.0008         0    0.0159
word_freq_data                  0.0972         0    0.1259         0         0    0.0088         0         0         0    0.0847    0.0861     0.353         0    0.0051         0         0    0.0066         0    0.0181    4.9328      0.13    0.0055    0.0865         0         0    0.1665    0.0401         0    0.0232    0.0461    0.0571    0.0661    0.1889     0.156    0.1038    0.0541    0.2624    0.0104         0         0         0    0.0128         0    0.0081    0.0079    0.0122         0    0.0103    0.1154         0    0.0266
word_freq_415                   0.0478         0    0.0143         0         0    0.0008         0         0         0         0    0.0096    0.0057         0         0         0         0         0         0    0.0033    0.0078    0.0397    0.0069         0         0    2.4467         0    0.0111         0    0.0153         0    0.0099    0.7155         0    0.0546         0         0         0    0.0041    4.3756         0         0         0         0    0.0031    0.0026         0         0         0    0.0011         0    0.0183
word_freq_85                    0.1054         0    0.1182         0         0    0.0269         0         0         0    0.3095    0.0096    0.0152         0         0         0     0.045    0.0093    0.0316         0    0.0078    0.3456     0.011    0.0906         0    2.0972         0    0.0258         0    0.2221    1.4896     0.044    0.7832    0.8498    0.0473    0.0398    0.9667    0.0358     0.015    4.3756    0.0856         0    0.0156    0.0295    0.0322    0.0047    0.0055         0         0    0.0238         0    0.0238
word_freq_technology            0.0975    0.0129    0.2217         0         0     0.012         0         0         0         0    0.0096    0.0429         0    0.0046         0     0.045    0.0035    0.0316    0.0174    0.0972    0.1337    0.0179    0.0887         0    2.0972     0.062    0.0084         0    0.0604    1.6357    0.0455    0.7186    0.3449    0.0508    0.0669    0.0093    0.1949    0.0293    4.3756    0.1044         0    0.0073    0.0067    0.0044    0.0317    0.0417         0         0    0.0589         0     0.023
word_freq_1999                   0.137    0.0849     0.259         0         0    0.0806    0.6373         0         0       0.4    0.1036    0.2887         0    0.0173    0.0287    0.1371    0.0056    0.1968    0.0066    0.0847    0.2319    0.0395    0.1327         0         0    0.0202    0.0199         0    0.4409    0.2791    0.1246    0.5275    0.0369    1.1376    0.0676    0.0353    2.3187     0.058         0    0.0233     0.031    0.0067    0.0178    0.0459    0.0054    0.0615         0    0.0054    0.0423    0.1343    0.0664
word_freq_parts                 0.0132         0    0.0148         0         0    0.0141         0         0         0         0         0    0.0141         0    0.0051         0         0    0.0084         0         0    0.0891    0.0369         0         0         0         0    0.1811     0.002         0    0.0755         0    0.0202         0         0         0    0.0793    0.0593         0    0.0024         0         0         0         0         0    0.0025         0         0         0         0    0.0189         0    0.0153
word_freq_pm                    0.0786         0    0.0639     0.109         0         0    0.0127         0    0.7936      0.02    0.0768    0.0162         0    0.0011    0.0427         0    0.0177    0.1274    0.0755    0.3047    0.0338    0.0696    0.2651         0     0.065    0.0202    0.0339         0    0.0358    0.1952     0.056    0.4376    0.1484    0.6732    0.1378    0.1336    0.7669    0.0453         0    0.0294    0.1019    0.0309    0.0111    0.0767    0.0149    0.0042         0         0    0.0365    0.0286    0.0245
word_freq_direct                0.0648    0.0576    0.0176         0         0    0.0436         0         0         0         0    0.0096    0.0324         0         0         0         0    0.0171         0    0.0121    0.0078    0.0538    0.0901    0.0066         0    2.0972         0    0.0121         0    0.0153         0    0.0194    0.6659         0    0.0338    0.0534    0.0036         0    0.0099    4.3756    1.6078         0    0.1515    0.0327    0.0101    0.0474    0.0024         0    0.0193    0.0037         0    0.0163
word_freq_cs                    0.0437         0    0.0172         0         0         0    0.1115         0         0      4.52         0    0.0172         0         0         0         0    0.0007    0.2326    0.0373    0.0269         0         0         0         0         0         0    0.0122         0    0.1747         0     0.035    0.0624    0.0229    0.3754    0.0465         0    0.1244    0.0126         0         0    0.0265         0         0    0.0281         0         0         0         0    0.0213         0     0.018
word_freq_meeting               0.1323    0.0158    0.0682         0         0    0.0238         0         0         0         0    0.0382    0.0094         0         0         0         0    0.0004         0    0.0615    0.0581         0    0.0337    0.2626    7.7342    0.2267    0.8193    0.0138   10.0883    0.5609         0    0.0785    0.1331    0.1362    0.2554    0.6403    2.3097    0.1316    0.1363         0         0    0.1177         0         0    0.0223    0.0012    0.0037         0         0    0.0195         0    0.0354
word_freq_original              0.0461         0    0.0455         0         0    0.0151         0         0         0    0.0142    0.0843    0.0069         0    0.0046     0.014         0    0.0036    0.0637         0    0.0078         0         0    0.0061         0         0         0    0.0078         0    0.0153    0.0161    0.0326    0.5348    0.0209    1.4716    0.0191         0    0.0225    0.0185         0         0         0    0.0596         0    0.0037    0.0051         0         0         0    0.0039         0    0.0184
word_freq_project               0.0792         0    0.1414         0         0         0    0.0503         0         0         0         0    0.0125         0    0.0141         0         0    0.0032         0    0.0147    0.2116    0.0222      0.05    0.3412         0    0.2328    0.3522     0.042         0    0.0491         0    0.0594    0.1083    0.0807    0.1141         0     0.066    0.0349    0.0447         0         0    0.0287     0.008         0     0.092         0         0         0         0    0.2379    0.0643    0.0499
word_freq_re                    0.3012    0.0422    0.0999    1.4097     0.056    0.0759    0.3742         0   11.8071    0.1689    1.4989    0.0526    0.1322    0.0235         0    0.4468    0.0566    0.5374     0.282    0.4728    0.2113     0.205    0.1792         0    0.1306    0.5567    0.2596         0    0.1177    0.1148    0.2357    0.7605    0.2304    0.8905    0.2367    0.3841    0.4684    0.1969         0         0    0.3662     0.068    0.1495    0.5472    0.1327    0.1409    0.9143    0.1997    0.2939    0.5779    0.2311
word_freq_edu                   0.1798         0    0.0834    0.3087         0    0.0069    7.9252         0         0    3.9995         0    0.0369         0         0    0.0813    0.2014    0.0038    0.2521    0.1523    0.0238    0.0159    0.0788    0.0614         0    0.1289         0    0.0939         0         0         0    0.2121    0.0861    0.0978    0.4422    0.0712    0.0581    0.3704    0.1101         0         0     0.099    0.0389    0.0076    0.4168    0.0019         0         0         0      0.12         0    0.1203
word_freq_table                 0.0054         0    0.0064         0         0         0         0         0         0         0         0    0.0028         0         0         0         0    0.0057         0    0.0021    0.0175         0         0    0.0082         0         0         0    0.0009         0    0.0426         0    0.0033    0.0144    0.0131         0         0    0.2009    0.0049         0         0         0         0         0         0         0    0.0005         0         0    0.0319    0.0002         0         0
word_freq_conference            0.0319         0     0.072    0.0244         0     0.005         0         0         0         0         0    0.0448         0         0         0         0    0.0015         0         0    0.0356    0.0475     0.005     0.017         0         0    0.0046    0.0061         0    0.0189         0    0.0109    0.0135    0.0965    0.0156    0.0272    0.0422    0.1678    0.0284         0    0.0078    0.0265         0         0    0.0165         0         0         0         0    0.0121    3.9164    0.0344
char_freq_;                     0.0386         0    0.0335    0.0068         0    0.0039    0.0144         0         0    0.2386    0.1524    0.0918         0    0.1214     3.868         0    0.0571    0.0058    0.0148     0.015     0.023    0.0253    0.0132         0    0.0103    0.0392    0.0111         0    0.0825         0    0.0305    0.0398    0.0033      0.06    0.0166    0.0285    0.1001    0.0246         0    0.0014         0    0.0076    0.0247    0.0107    0.0044    0.0191         0    0.0031    0.0229     0.009    0.0177
char_freq_(                      0.139    0.0821    0.1391    0.0537    0.0295    0.0811    0.1471         0    0.1632    0.1934    0.1194    0.2279         0    0.0307    0.0039    0.2094    0.0796    0.0848    0.0927    0.1265    0.1169    0.0783    0.1196    0.0615    0.7073    0.1215    0.1105         0    0.1378    0.2081    0.1381    0.3898    0.4332    0.1581    0.1735    0.1238     0.322    0.1184    1.1718    0.1614     0.128    0.1262    0.1165    0.0721    0.0922    0.1152    0.2924    0.0632    0.1653    0.0099     0.119
char_freq_[                      0.017         0    0.0092         0         0    0.0037     0.002         0    0.0486    0.0111     0.013    0.0232         0    0.0176         0         0    0.0312    0.0137    0.0011     0.056     0.011    0.0049    0.0008         0         0         0      0.01         0     0.039    0.0103    0.0093    0.0734    0.0329     0.112    0.0245    0.0163    0.0342    0.0046         0    0.0351         0    0.0039    0.0186    0.0084    0.0058    0.0049         0    0.0011    0.0378    0.0045    0.0113
char_freq_!                     0.2691     0.648    0.0263    0.7264    0.0097    0.3229    0.1475         0    0.7099    0.0813    0.0414     0.126         0    0.2285    0.0778    0.6782    0.8233    0.2114    0.5133    0.0152    0.0065    0.3262    0.2133     0.142         0    0.1843    0.2246         0    0.0559      0.12    0.1989    0.0582    0.0671    0.0736    0.3453    0.0908    0.2326    0.2868         0    0.0698    0.4615    0.4098    0.6053    0.5417    0.5977    0.3459         0     0.439    0.1468    0.1404    0.3443
char_freq_$                     0.0758    0.1637    0.0165    0.0027         0    0.0883    0.0092         0         0         0         0    0.1219         0    0.0659         0         0    0.4838     0.116    0.0622         0         0    0.1751    0.0047         0         0    0.0091    0.0719         0    0.0042    0.0261    0.0355    0.0021    0.0019         0    0.0503    0.0249    0.0111    0.0755         0    0.0493    0.3411    0.2421    0.4807    0.0239     0.163     0.091         0    0.1394    0.0405         0    0.0455
char_freq_#                     0.0442     0.034    0.0064         0         0    0.0406    0.0024         0         0         0         0     0.032         0    0.8234    0.4488    0.0043    0.0839    0.0509    0.1358         0    0.6625     0.002    0.0088    0.1253    0.0268         0    0.0173         0    0.0142    0.0147      0.04    0.0196    0.0198    0.0232    0.0107    0.0604         0    0.0095         0    0.0334    0.0077    0.0155    0.0296    0.0033    0.0596    0.3019         0    0.0182    0.0169         0    0.0612
capital_run_length_average      5.1915   17.9713    2.1865    1.6665    1.1937    5.6751    2.2508     5.888    1.7499    3.1664    4.3907   13.5695    1.7778   12.1389    6.5453    2.4634    5.3195    3.6087    3.1307    1.7481    1.9751    2.5609    2.0809    1.7114    2.9025    3.1317    3.5445    1.2417    2.3978    2.0358    2.6483    2.4851    3.1015    2.1593   63.5082    2.3438    3.2393     3.191     3.301   11.7656    5.8073   10.5491    5.5903    2.5389    4.5761     8.206    2.2263   13.7383    2.8517    2.1509    2.9915
capital_run_length_longest     52.1728  101.8889   23.6125    5.5738    1.6387   87.1049   13.1515        29    4.8571   11.6316   16.3571   169.028    4.8889  116.5405   41.2667   11.3214  173.2448   18.5789   36.3956     14.25   12.5313   20.9231   11.6869    4.8333   11.2222   14.7174   33.8044    2.3333   17.8113   10.2174   27.9242   17.2973   18.3818    13.254  191.3256   29.7069   22.4364   38.0132        11  147.8889   41.0192    383.07   55.3968   15.1704   73.4286   66.7742    5.4286  143.5294   18.9005   11.7143   41.0503
capital_run_length_total      283.2893  161.8889  320.9938   18.5902    5.4034  288.8811   81.8182        53   10.6429       111       155 1579.4266    9.0278       964  350.6667   53.5714 1576.6573   70.6842  166.8352        84   73.9375  125.4487   65.3838     19.25   48.4444   46.2609   185.048         9  115.1509   59.6522  175.6531  138.1532   81.5273    79.381  281.0116  240.2069  142.2182  198.4013   30.6875  350.6667  173.4423    926.37  236.3492   60.5112  380.7321  162.8065   18.4286  202.7059  130.1201   46.6429  268.8087


Clustered Instances

 0        45 (  1%)
 1       320 (  7%)
 2        61 (  1%)
 3       119 (  3%)
 4       143 (  3%)
 5        33 (  1%)
 6        11 (  0%)
 7        14 (  0%)
 8        19 (  0%)
 9        28 (  1%)
10       143 (  3%)
11        36 (  1%)
12        37 (  1%)
13        15 (  0%)
14        28 (  1%)
15       143 (  3%)
16        19 (  0%)
17        91 (  2%)
18        32 (  1%)
19        32 (  1%)
20        78 (  2%)
21        99 (  2%)
22        12 (  0%)
23        18 (  0%)
24        46 (  1%)
25       271 (  6%)
26         6 (  0%)
27        53 (  1%)
28        23 (  0%)
29       343 (  7%)
30       111 (  2%)
31        55 (  1%)
32        63 (  1%)
33        86 (  2%)
34        58 (  1%)
35        55 (  1%)
36       152 (  3%)
37        16 (  0%)
38        18 (  0%)
39        52 (  1%)
40       100 (  2%)
41        63 (  1%)
42       223 (  5%)
43       168 (  4%)
44        93 (  2%)
45         7 (  0%)
46        68 (  1%)
47       583 ( 13%)
48        14 (  0%)
49       298 (  6%)


Class attribute: class
Classes to Clusters:

   0   1   2   3   4   5   6   7   8   9  10  11  12  13  14  15  16  17  18  19  20  21  22  23  24  25  26  27  28  29  30  31  32  33  34  35  36  37  38  39  40  41  42  43  44  45  46  47  48  49  <-- assigned to cluster
   2 309  48 119  16  33  11  14  19  28  88  36   1  15  20   1   7  38  32  30  40  96  12  18  26  93   6  53  23 237 111  52  63  52  58  46  77  16  11  20   3   1 167   3   7   6  15 448  14 147 | 0
  43  11  13   0 127   0   0   0   0   0  55   0  36   0   8 142  12  53   0   2  38   3   0   0  20 178   0   0   0 106   0   3   0  34   0   9  75   0   7  32  97  62  56 165  86   1  53 135   0 151 | 1

Cluster  0 <-- No class
Cluster  1 <-- No class
Cluster  2 <-- No class
Cluster  3 <-- No class
Cluster  4 <-- No class
Cluster  5 <-- No class
Cluster  6 <-- No class
Cluster  7 <-- No class
Cluster  8 <-- No class
Cluster  9 <-- No class
Cluster 10 <-- No class
Cluster 11 <-- No class
Cluster 12 <-- No class
Cluster 13 <-- No class
Cluster 14 <-- No class
Cluster 15 <-- No class
Cluster 16 <-- No class
Cluster 17 <-- No class
Cluster 18 <-- No class
Cluster 19 <-- No class
Cluster 20 <-- No class
Cluster 21 <-- No class
Cluster 22 <-- No class
Cluster 23 <-- No class
Cluster 24 <-- No class
Cluster 25 <-- 1
Cluster 26 <-- No class
Cluster 27 <-- No class
Cluster 28 <-- No class
Cluster 29 <-- No class
Cluster 30 <-- No class
Cluster 31 <-- No class
Cluster 32 <-- No class
Cluster 33 <-- No class
Cluster 34 <-- No class
Cluster 35 <-- No class
Cluster 36 <-- No class
Cluster 37 <-- No class
Cluster 38 <-- No class
Cluster 39 <-- No class
Cluster 40 <-- No class
Cluster 41 <-- No class
Cluster 42 <-- No class
Cluster 43 <-- No class
Cluster 44 <-- No class
Cluster 45 <-- No class
Cluster 46 <-- No class
Cluster 47 <-- 0
Cluster 48 <-- No class
Cluster 49 <-- No class

Incorrectly clustered instances :	3975.0	 86.3943 %

