

=== Clustering stats for training data ===


kMeans
======

Number of iterations: 32
Within cluster sum of squared errors: 339.2936901732884
Missing values globally replaced with mean/mode

Cluster centroids:
                                        Cluster#
Attribute                    Full Data         0         1         2         3         4         5         6         7         8         9        10        11        12        13        14        15        16        17        18        19        20        21        22        23        24        25        26        27        28        29        30        31        32        33        34        35        36        37        38        39
                                (4601)      (84)     (263)      (77)     (119)     (155)      (33)      (11)      (14)      (20)      (28)     (158)      (36)      (37)      (15)      (30)     (391)      (18)      (66)      (33)      (30)      (97)      (92)      (12)      (96)     (106)      (71)      (11)      (52)      (72)     (819)     (256)     (324)      (69)     (124)      (57)      (46)     (252)      (21)     (335)      (71)
======================================================================================================================================================================================================================================================================================================================================================================================================================================================
word_freq_make                  0.1046    0.1588    0.0672    0.0108         0    0.1066         0         2         0     0.109    0.0096    0.0611         0    0.0154    0.0233         0    0.0825         0     0.267      0.01    0.0307    0.0312    0.0588         0    0.0329    0.1684     0.133         0         0    0.0307    0.0272    0.0642    0.0521    0.0499    0.0611    0.0496    0.0065    0.3571         0    0.0825    1.6627
word_freq_address                0.213    0.1686    0.0883    0.1857         0    0.2228    0.0058         0         0    0.0585         0    0.0985   14.1478    0.0878    0.2527    0.0537      0.09         0    0.0945     0.017    0.0303    0.3945    0.0598         0    0.1249    0.2876    0.2569         0     0.024    0.0342    0.0379    0.0429    0.0546    0.3346    0.1212    0.0493         0    0.1898         0    0.1333    0.2077
word_freq_all                   0.2807     0.395     0.133    0.0791         0    0.3241    0.0248         0         0     0.145    0.0239    0.1928         0    0.1454    0.0527    3.4297    0.6915    0.0333    0.5836    0.0158    0.1867    0.1138    0.1939         0    0.1029    0.7106    0.7735         0    0.0842    0.3569    0.0384    0.1224     0.054    0.0875    1.7758    0.1116    0.1098    0.4654         0    0.1532    0.3049
word_freq_3d                    0.0654         0    0.0033         0         0         0         0         0         0         0         0    0.0918         0    0.6538         0     0.014    0.0107         0    0.6474         0         0         0         0         0         0     0.009         0         0         0         0    0.1472    0.0045    0.0083         0    0.0182         0         0    0.0016         0    0.2165     0.192
word_freq_our                   0.3122    0.7499    0.2379    0.0355         0     0.663         0         0         0    0.0285         0    0.1889         0    0.2208    0.0533    0.3183    0.4226         0    0.4714    0.0706     0.327    0.5771    0.1828      1.23    0.1808    0.5734    0.4339    0.9736    0.1421    0.0563    0.1106    0.1599    0.1329    0.1116    0.3285    3.8196    0.0457    0.5067    0.1252    0.4243     0.198
word_freq_over                  0.0959    0.2039    0.1075    0.0748         0    0.1181         0         0         0    0.0325         0    0.0706         0      0.13     0.028      0.02    0.1273         0    0.4585         0     0.084    0.1241    0.0183         0    0.0265    0.4372    0.1087         0    0.0042         0    0.0494     0.044     0.078    0.0193     0.049    0.0282    0.0409    0.2181         0    0.1449    0.1361
word_freq_remove                0.1142     0.536    0.0075         0         0     0.348         0         0         0         0         0    0.0555         0    0.1305         0     0.057    0.0927         0    0.3224         0         0    1.7833    0.0074         0         0    0.2193    0.0827         0    0.0127         0    0.0215    0.0127    0.0344    0.0067    0.1446    0.2072    0.0213    0.1051         0    0.1614    0.0639
word_freq_internet              0.1053    0.7279    0.0504    0.0464         0    0.2657         0         0         0         0         0    0.0332         0    0.0373         0    0.0387    0.0409    4.0728    0.1577         0    0.0183    0.0895    0.0092         0    0.0225    0.2643    0.1637         0    0.1123         0    0.0669    0.0798    0.0259    0.0516    0.0835    0.1349     0.043    0.2114         0    0.1141    0.0204
word_freq_order                 0.0901    0.3531    0.0479    0.0291         0    0.1119         0         0         0         0         0    0.7336         0    0.0427         0    0.0387    0.0338         0    0.0571      0.01     0.062    0.0249    0.0182         0    0.0654    0.5898    0.0362         0    0.0138         0    0.0124    0.0231    0.0098         0    0.0865    0.0204         0     0.257         0    0.0771    0.2375
word_freq_mail                  0.2394    0.5539     0.183    0.1881         0    0.4906    0.1103         0         0     0.165         0     0.142    0.1322    0.3281    0.3053         0    0.1595    0.0367    0.3615    0.0248    0.6023    0.3014    0.2745         0    0.3878    0.7928    0.4682         0    0.1535    0.3893    0.1625    0.1023    0.2442    0.3416    0.2871     0.206    0.1078    0.4693         0    0.1956    0.2341
word_freq_receive               0.0598    0.2536    0.0155    0.0056         0     0.753         0         2         0         0         0    0.0422         0    0.0441         0    0.0283    0.0325         0    0.0762         0      0.01    0.0319    0.0133         0    0.0182    0.1231    0.0289         0         0         0    0.0063    0.0248    0.0063         0    0.0272         0         0    0.1389         0    0.0312         0
word_freq_will                  0.5417    0.5637    1.6946    0.2894         0    0.8414    0.0476         2         0    0.5545    0.1275    0.3103         0    0.2165    0.1747    0.2423    0.2973    0.0333    0.3571    0.2591    0.6533    0.3653    4.1286    3.4742    0.2729    0.7817    1.0779    0.2882    0.2402    0.3517    0.1152    0.5601    0.2144    0.4088    0.7765    0.4882    0.4009    0.9019    0.1319    0.4119    0.6111
word_freq_people                0.0939    0.1312    0.0429    0.0116         0    0.1283    0.0427         0         0     0.073         0    0.0297         0    0.0178         0         0    0.1318    0.0511    0.1982         0         0    0.0553    0.0188         0    0.0584    0.2975      0.03         0    0.0177         0    0.0471    0.0813    0.1031    0.0709    0.1094    0.0179     0.078    0.4992         0    0.0669    0.0565
word_freq_report                0.0586         0    0.0173    0.0355         0    0.0756         0         0         0         0         0     0.007         0         0         0    0.1707    0.0197         0         0         0         0         0    0.0395         0    0.0223    0.0062    0.1603         0    0.0042    0.0322    0.1024     0.032    0.0124      0.04    0.0794    0.1996         0    0.2838         0    0.0667    0.0348
word_freq_addresses             0.0492    0.0232    0.0022         0         0    0.0258         0         0         0    0.0435         0    0.0028         0    0.0749         0         0     0.024         0    0.1198         0    0.0203    0.0395    0.0074         0    0.0266    1.4789         0         0         0         0    0.0039    0.0026    0.0019    0.1029    0.0145         0         0    0.0686         0    0.0102         0
word_freq_free                  0.2488    0.4074    0.0625    0.1269    0.3361    0.8289    0.0282         0         0     0.116         0    0.1382         0    0.2327         0    0.3913     0.308    0.2556    0.5041    0.0158    0.0873    0.7276    0.0551         0    0.0361    0.2112    0.4404         0    0.0256         0    0.1633    0.0384    0.2006    0.0577    0.4491    0.7567    0.0604    0.3416         0    0.3866    0.6385
word_freq_business              0.1426    2.5377    0.1592     0.003         0    0.2006         0         0         0         0         0    0.0358         0    0.0284         0         0    0.1343    0.3933    0.2212         0    0.1753    0.1473    0.0957         0    0.0105    0.1678     0.109         0         0    0.0322    0.0258    0.1634    0.0171    0.0217    0.0411    0.0563         0    0.3326         0    0.1856    0.1021
word_freq_email                 0.1847    0.4979    0.0779    0.0753         0    0.3961    0.0176         0         0    0.0435         0    0.1975         0    0.0841         0     0.512    0.2157         0    0.3059     0.057    0.1233    0.8004    0.0488         0    0.0393    1.3138    0.1228         0    0.0585    0.6679    0.0642    0.0554    0.1407    0.1039     0.151    0.0986    0.1354    0.1496         0    0.2007    0.2717
word_freq_you                   1.6621    2.3931    1.2093    7.9365         0    2.7874    0.8933         2    1.4807     0.791    0.0464    0.8149         0    1.2305     1.174    2.4427    1.7384    0.6128    2.7191    0.4388    1.1093    1.9968     1.101    0.2133    1.1147    2.0916    2.4349    0.2882    0.3356    0.7569    0.3761    0.5722    3.6202    1.1057    1.9437    1.4949    0.6485    3.4828    0.4057    2.4606     2.367
word_freq_credit                0.0856    0.8237    0.0091    0.0347         0    0.6083    0.0058         0         0         0         0    0.0524         0    0.2462         0         0    0.0498         0     0.177         0         0    0.0285    0.0075         0         0    0.1661    0.1072         0         0         0     0.036    0.0186    0.0658         0     0.079    0.0551         0    0.1665         0    0.1034    0.0376
word_freq_your                  0.8098     2.417    0.4848    0.6762         0    1.5028    0.1918         8    0.2971     0.084    0.0786    0.5087         0    0.6638    0.0767     0.507    0.7176    0.6844     1.398    0.0818    0.3113    0.9112    0.1799    0.1275    0.4936    1.3873    5.4535         0    0.1006    0.3694      0.12    0.2565    0.3856    0.4565    0.7156    0.5321    0.0535    1.4126    0.1252    2.6816    0.9923
word_freq_font                  0.1212    0.0688         0         0         0    0.0137         0         0         0         0         0    0.0232         0    9.6154    7.5987         0    0.0604    0.1633    0.0391         0         0         0         0         0         0         0         0         0         0         0    0.0209         0    0.0173         0         0         0         0    0.0342         0    0.0386     0.042
word_freq_000                   0.1016    0.0952    0.0184         0         0    0.1689         0         0         0         0         0    0.0154         0    0.2262         0    0.1233    0.0692    0.1028     2.038         0         0     0.023    0.0148         0         0    0.7602    0.0204         0         0         0    0.0305    0.0271    0.0083    0.0042    0.0263    0.0188    0.0426    0.3602         0    0.0843    0.0696
word_freq_money                 0.0943    0.1706    0.0562    0.5778         0    0.1975    0.0215         0         0         0         0     0.072         0    0.0584         0         0    0.0575         0    0.0814         0         0    0.1058         0         0         0    0.2007    0.4649         0    0.0042         0    0.0363    0.0062    0.0396         0    0.0412    0.0516         0    0.3706         0    0.1262    0.4903
word_freq_hp                    0.5495         0    0.3708         0         0    0.0621    0.0561         0         0     0.216    14.385    0.2811         0    0.0057         0    0.1263    0.1054    0.0672    0.0282    0.1839    3.5983    0.0151    0.6023    0.5392    2.8519    0.0008         0    0.1436    4.3502    2.1628    0.0923    2.3501    0.1595    0.9728    0.2269    0.1923    0.8907    0.0054    8.0162    0.0993    0.0807
word_freq_hpl                   0.2654         0    0.2155         0         0    0.0363         0         0         0    0.2155    1.0804    0.2831         0    0.0057         0    0.0843     0.047    0.1011    0.0282    0.0539    0.6467    0.0151    0.5885    0.5392    1.6317    0.0008         0         0     5.356    1.4324    0.0429    0.7489     0.032    0.5817    0.1659    0.0132    0.5515    0.0054    4.0057     0.052    0.0852
word_freq_george                0.7673    0.0051    0.1294    0.7114   20.3425    0.0267         0         0         0     0.294     0.435    0.1295         0         0         0      0.54    0.0603         0         0    0.2482    0.2717         0    0.1954         0    1.7089    0.0106    0.1844      2.02    0.5717    0.3324    0.3115    0.2166    0.1937     0.897    0.0944    0.2872    1.0922    0.0254    4.0057    0.0922    0.2052
word_freq_650                   0.1248         0    0.0742         0         0    0.0131         0         0         0     0.294    0.0096    0.0178         0         0         0     0.042    0.0201    0.0333         0         0     0.148         0    0.1105    0.3083    1.1171    0.0058         0         0    0.1687    2.7047    0.0416    0.2089     0.019    0.1236    0.0381      0.03     0.082    0.0004    4.0057    0.0158    0.0356
word_freq_lab                   0.0989         0    0.0776         0         0         0    0.0067         0         0         0    0.0096    0.0075         0         0         0         0    0.0183         0         0    0.0612    0.1013         0    0.1082      8.15    0.9417         0    0.0521    0.1436    0.1308    0.1283    0.0442    0.1157    0.0315    0.1291    0.1056    0.0835    0.0507         0    4.1381    0.0192    0.0408
word_freq_labs                  0.1029         0    0.0462    0.0209         0    0.0141    0.0058         0         0    0.3025    0.0196    0.0032         0         0         0     0.042    0.0262    0.0333         0    0.0248     2.904    0.0184     0.099         0    1.0355         0         0         0    0.2346    0.6354    0.0152    0.2312    0.0136    0.0506    0.0482         0    0.1335         0    4.0057    0.0176         0
word_freq_telnet                0.0648         0    0.0332         0         0    0.0232         0         0         0         0    0.0096    0.0031         0         0         0     0.042    0.0036         0         0         0     0.017         0    0.0552         0     0.906         0         0         0    0.0669    0.4093    0.0387    0.0976    0.0098    0.0661         0         0     0.082         0    4.0057    0.0096    0.0163
word_freq_857                    0.047         0    0.0012         0         0         0         0         0         0         0    0.0096         0         0         0         0         0    0.0113         0         0         0     0.017         0         0         0    1.0006         0         0         0    0.0292    0.0151    0.0028    0.0561    0.0065    0.0839         0         0         0         0    4.0057     0.011         0
word_freq_data                  0.0972    0.0025    0.0663    0.0812         0    0.0115         0         0         0    0.0805    0.0861    0.3058         0    0.0051         0         0    0.0183         0         0    4.5082    0.1387    0.0116    0.0914         0    0.0504    0.0121    0.0099         0    0.0346     0.159    0.1089    0.1355    0.0103    0.1546    0.0768    0.1344    0.2633    0.0056         0    0.0324         0
word_freq_415                   0.0478         0         0         0         0    0.0008         0         0         0         0    0.0096    0.0044         0         0         0         0    0.0134         0         0         0     0.017         0         0         0    1.0006         0         0         0    0.0292    0.0151    0.0035    0.0596    0.0065    0.0839         0         0         0    0.0029    4.0057     0.011         0
word_freq_85                    0.1054    0.0094    0.0402         0         0    0.0225         0         0         0     0.294    0.0096    0.0182         0         0         0     0.042    0.0184    0.0333    0.0282         0    0.3433    0.0053    0.0845         0    0.9969    0.0147         0         0    0.2217    1.1115    0.0747     0.209     0.067    0.0629    0.0276    0.0132     0.082    0.0029    4.0057    0.0275         0
word_freq_technology            0.0975    0.0069    0.0879         0         0    0.0111         0         0         0         0    0.0096    0.0332         0    0.0046         0     0.042    0.0354    0.0333    0.0064    0.0867    0.1173    0.0546    0.0752         0    0.9137    0.0069         0         0    0.0917    0.6307    0.0614    0.2798    0.0068    0.0661    0.0591    0.0814     0.258    0.0032    4.0057    0.0197         0
word_freq_1999                   0.137    0.0455    0.1371         0         0    0.0797    0.6373         0         0      0.38    0.1036    0.2418         0    0.0173    0.0287     0.128    0.0544    0.2078    0.0233    0.0745    0.2473     0.059    0.1274         0    0.4525    0.0063    0.0052         0    0.4627    0.0208    0.0671    0.3402    0.0676    1.1068    0.0469    0.0258    2.5717    0.0073         0     0.027    0.0361
word_freq_parts                 0.0132         0    0.0029         0         0    0.0158         0         0         0         0         0    0.0192         0    0.0051         0     0.215    0.0137         0         0    0.0864    0.0393         0         0         0         0         0         0    0.7573    0.0769         0    0.0237     0.009    0.0024         0     0.003         0         0    0.0004         0    0.0062    0.0149
word_freq_pm                    0.0786         0    0.0679    0.1175         0    0.0034    0.0127         0    0.7936     0.019    0.0768     0.018         0    0.0011    0.0427         0    0.0218    0.1344    0.0106    0.2955    0.0107     0.004    0.2736         0    0.4425    0.0292         0    0.2164    0.0448    0.1543    0.0411     0.102    0.0854    0.6657    0.1215     0.053    0.8283    0.0129         0    0.0297    0.0746
word_freq_direct                0.0648     0.103    0.0783    0.0116         0    0.0438         0         0         0         0    0.0096    0.0319         0         0         0         0    0.0201         0    0.0695         0     0.032    0.0023    0.0071         0    0.9849    0.1715    0.0185         0    0.0292    0.0151    0.0055    0.0625    0.0042    0.0506    0.0445         0         0    0.0163    4.0057    0.0147    0.0165
word_freq_cs                    0.0437         0    0.0078    0.0156         0         0    0.1115         0         0      4.41         0    0.0156         0         0         0         0    0.0195    0.2456         0    0.0261         0         0         0         0    0.0467         0         0         0    0.1781         0    0.0193    0.0383    0.0249    0.3481    0.0417         0    0.1267    0.0004         0    0.0156    0.0372
word_freq_meeting               0.1323    0.0085     0.159         0         0    0.0272         0         0         0         0    0.0382    0.0076         0         0         0     0.215     0.034         0         0    0.0564         0    0.0035     0.202    7.7342    0.1268         0         0    8.1536    0.5717    0.1182    0.1335    0.0582    0.0978    0.2714    0.4355    0.5151    0.1574    0.0046         0    0.0216    0.1803
word_freq_original              0.0461    0.0023    0.0135         0         0    0.0128         0         0         0    0.0135    0.0843    0.0087         0    0.0046     0.014         0    0.0133    0.0672         0         0         0         0    0.0065         0    0.4856    0.0562         0         0    0.0292    0.0051     0.008    0.1086    0.0068    1.4207    0.0132         0    0.0126    0.0063         0    0.0063         0
word_freq_project               0.0792         0    0.1414         0         0         0    0.0503         0         0         0         0    0.0136         0    0.0141         0         0    0.0414         0         0    0.2052    0.0237         0    0.3585         0    0.1325    0.0075         0         0      0.05    0.0261    0.1925    0.0907    0.0804    0.1042         0    0.2842    0.0313    0.0024    0.1252    0.0339    0.0255
word_freq_re                    0.3012    0.0333     0.143    1.3842     0.056    0.0723    0.3742         0   11.8071    0.1605    1.4989    0.0472    0.1322    0.0235         0    0.5023    0.2107    0.8756    0.1533    0.2615       0.2    0.1309    0.2134         0    0.7332    0.0642    0.1155    0.4782    0.1392     0.184    0.2825     0.176    0.4527    0.8493    0.3092    0.4693    0.5735    0.0756         0    0.2612    0.3379
word_freq_edu                   0.1798         0    0.1083    0.4045         0    0.0141    7.9252         0         0    3.9155         0    0.0273         0         0    0.0813     0.188    0.1079    0.2661    0.0073     0.023     0.017         0    0.0661         0    0.0999    0.0367         0         0         0    0.0396    0.1346     0.097    0.3388    0.4091    0.1114         0    0.3359    0.0084         0    0.0865    0.1397
word_freq_table                 0.0054         0    0.0095         0         0         0         0         0         0         0         0    0.0073         0         0         0         0    0.0056         0         0     0.017         0         0    0.0088         0    0.0167         0    0.0306         0    0.0435      0.01    0.0102    0.0023         0         0         0         0         0    0.0036         0    0.0007    0.0144
word_freq_conference            0.0319         0     0.103    0.0194         0    0.0081         0         0         0         0         0    0.0338         0         0         0         0    0.0212         0         0    0.0345    0.0507         0    0.0947         0    0.0096         0         0         0    0.0192    0.0738     0.051     0.066    0.0261    0.0142    0.0189    0.0167    0.1859     0.004         0    0.0068    0.0194
char_freq_;                     0.0386         0    0.0222    0.0121         0    0.0073    0.0144         0         0    0.2267    0.1524    0.0827         0    0.1214     3.868         0    0.0187    0.0061    0.0236    0.0054    0.0246    0.0183    0.0104         0    0.0327    0.0072    0.0036         0    0.0839    0.0047    0.0253    0.0498    0.0124    0.0542    0.0147    0.0316    0.1016    0.0379         0    0.0118    0.0025
char_freq_(                      0.139    0.1036    0.1375    0.0497    0.0295    0.0795    0.1471         0    0.1632    0.1837    0.1194    0.2041         0    0.0307    0.0039    0.2116    0.1121    0.0815    0.1148    0.1084    0.1194    0.1105     0.112    0.0615    0.4319    0.1234    0.0674         0    0.1457     0.375     0.164    0.1683     0.086    0.1717    0.1418    0.1205    0.2998    0.0877    1.1174    0.1067    0.1242
char_freq_[                      0.017    0.0009    0.0098    0.0043         0     0.004     0.002         0    0.0486    0.0105     0.013      0.04         0    0.0176         0         0    0.0095    0.0105    0.0177     0.345    0.0117    0.0055    0.0009         0    0.0668    0.0037    0.0011         0    0.0447     0.026    0.0189    0.0214     0.007     0.105     0.008         0    0.0239    0.0086         0    0.0089         0
char_freq_!                     0.2691    0.7759     0.098    0.7325    0.0097    0.3327    0.1475         0    0.7099     0.096    0.0414    0.1991         0    0.2285    0.0778     0.633    0.3444    0.1368    0.5495    0.0134    0.0069    0.3426    0.2282     0.142    0.0403    0.4116    0.4531         0    0.0601    0.0865    0.1344    0.0322    0.4491    0.0784    0.3969    0.2316    0.2459    0.7168         0    0.2533    0.4585
char_freq_$                     0.0758    0.1313    0.0263    0.0094         0      0.09    0.0092         0         0         0         0    0.1382         0    0.0659         0         0    0.0512    0.1224    0.4687         0         0    0.0914    0.0045         0    0.0016    0.2523    0.1355         0    0.0043    0.0111    0.0392    0.0182    0.0229    0.0007     0.044    0.0201     0.012    0.3786         0    0.0804    0.2523
char_freq_#                     0.0442    0.0284    0.0057    0.0067         0     0.039    0.0024         0         0         0         0    0.0307         0    0.8234    0.4488     0.004    0.0551     0.025    0.0282         0    0.7066     0.288    0.0095    0.1253    0.0153    0.0146    0.0175         0    0.0363    0.0198    0.0231     0.016    0.0146    0.0221    0.0095    0.0198         0    0.0752         0     0.049     0.013
capital_run_length_average      5.1915   12.5826    2.7547    1.6633    1.1937    5.4571    2.2508     5.888    1.7499    3.0803    4.3907   19.5463    1.7778   12.1389    6.5453    2.3658    3.0694    3.6628    5.5445    1.7438    1.8887    7.9134    2.0466    1.7114    2.5417   10.0892    13.274    1.2896    2.4187    2.8207    2.8301    2.3445    2.5826    2.1321   36.1907    4.4998     3.019    4.7276    3.2308    3.4529    4.8964
capital_run_length_longest     52.1728   95.5595   27.9924    6.0779    1.6387   82.9161   13.1515        29    4.8571      11.3   16.3571  173.4494    4.8889  116.5405   41.2667   10.6333   46.1944   18.2222   54.9394   13.4848      11.4   63.9897   11.1413    4.8333   15.8854  362.4623  138.7324    2.5455   18.2308   16.1944   22.2967   23.2969   18.0679   13.5507  126.4597   20.4035   18.3261  121.3214        11   38.4179   33.8169
capital_run_length_total      283.2893  278.6667  154.8327    21.987    5.4034  280.6194   81.8182        53   10.6429     106.1       155 1448.0949    9.0278       964  350.6667   50.6333  267.3018   69.1667  240.0758   75.8788      69.6  157.0928   58.0543     19.25  110.2604   887.934  206.1127    8.9091  122.4423   75.5833  166.9267  369.0898   79.0556   82.8116   225.379   55.6842  101.8696 1033.0913   32.4286  190.6836  147.8873


Clustered Instances

 0        84 (  2%)
 1       263 (  6%)
 2        77 (  2%)
 3       119 (  3%)
 4       155 (  3%)
 5        33 (  1%)
 6        11 (  0%)
 7        14 (  0%)
 8        20 (  0%)
 9        28 (  1%)
10       158 (  3%)
11        36 (  1%)
12        37 (  1%)
13        15 (  0%)
14        30 (  1%)
15       391 (  8%)
16        18 (  0%)
17        66 (  1%)
18        33 (  1%)
19        30 (  1%)
20        97 (  2%)
21        92 (  2%)
22        12 (  0%)
23        96 (  2%)
24       106 (  2%)
25        71 (  2%)
26        11 (  0%)
27        52 (  1%)
28        72 (  2%)
29       819 ( 18%)
30       256 (  6%)
31       324 (  7%)
32        69 (  1%)
33       124 (  3%)
34        57 (  1%)
35        46 (  1%)
36       252 (  5%)
37        21 (  0%)
38       335 (  7%)
39        71 (  2%)


Class attribute: class
Classes to Clusters:

   0   1   2   3   4   5   6   7   8   9  10  11  12  13  14  15  16  17  18  19  20  21  22  23  24  25  26  27  28  29  30  31  32  33  34  35  36  37  38  39  <-- assigned to cluster
   4 224  60 119  20  33  11  14  20  28  86  36   1  15  22 173   6   1  33  28   7  88  12  96   3  16  11  52  69 626 252 242  68  72  29  39  10  21 106  35 | 0
  80  39  17   0 135   0   0   0   0   0  72   0  36   0   8 218  12  65   0   2  90   4   0   0 103  55   0   0   3 193   4  82   1  52  28   7 242   0 229  36 | 1

Cluster  0 <-- No class
Cluster  1 <-- No class
Cluster  2 <-- No class
Cluster  3 <-- No class
Cluster  4 <-- No class
Cluster  5 <-- No class
Cluster  6 <-- No class
Cluster  7 <-- No class
Cluster  8 <-- No class
Cluster  9 <-- No class
Cluster 10 <-- No class
Cluster 11 <-- No class
Cluster 12 <-- No class
Cluster 13 <-- No class
Cluster 14 <-- No class
Cluster 15 <-- No class
Cluster 16 <-- No class
Cluster 17 <-- No class
Cluster 18 <-- No class
Cluster 19 <-- No class
Cluster 20 <-- No class
Cluster 21 <-- No class
Cluster 22 <-- No class
Cluster 23 <-- No class
Cluster 24 <-- No class
Cluster 25 <-- No class
Cluster 26 <-- No class
Cluster 27 <-- No class
Cluster 28 <-- No class
Cluster 29 <-- 0
Cluster 30 <-- No class
Cluster 31 <-- No class
Cluster 32 <-- No class
Cluster 33 <-- No class
Cluster 34 <-- No class
Cluster 35 <-- No class
Cluster 36 <-- 1
Cluster 37 <-- No class
Cluster 38 <-- No class
Cluster 39 <-- No class

Incorrectly clustered instances :	3733.0	 81.1345 %

