

=== Clustering stats for training data ===


kMeans
======

Number of iterations: 15
Within cluster sum of squared errors: 545.5957026031425
Missing values globally replaced with mean/mode

Cluster centroids:
                                          Cluster#
Attribute                     Full Data          0          1          2          3          4          5          6          7          8          9
                                 (4601)     (1102)     (2041)       (36)      (123)      (632)      (317)       (13)       (33)      (274)       (30)
=====================================================================================================================================================
word_freq_make                   0.1046     0.1126     0.0602          0          0     0.2646     0.0384     1.7185          0     0.1184          0
word_freq_address                 0.213     0.1398     0.0501    14.1478          0      0.227     0.1049     0.0969          0     0.1101     0.2113
word_freq_all                    0.2807     0.1995     0.1052          0          0       0.55     0.1179     0.0262          0     1.7204          0
word_freq_3d                     0.0654     0.0694     0.0799          0          0     0.0908     0.0027          0          0     0.0116          0
word_freq_our                    0.3122     0.4076     0.2196          0          0     0.5903     0.1802     0.0969     0.3139     0.3379     0.1557
word_freq_over                   0.0959     0.1261     0.0576          0          0     0.2474     0.0225     0.0362          0     0.0757          0
word_freq_remove                 0.1142     0.1974      0.054          0          0      0.263     0.0064     0.1854          0     0.0987          0
word_freq_internet               0.1053     0.0887     0.0757          0          0      0.316     0.0453     0.0623          0      0.063          0
word_freq_order                  0.0901     0.0673     0.0528          0          0     0.3284     0.0251          0          0      0.062          0
word_freq_mail                   0.2394     0.2506     0.1518     0.1322          0     0.5594     0.3155     0.2054          0     0.1921     0.0667
word_freq_receive                0.0598     0.0326     0.0148          0          0      0.266     0.0091     2.0515          0     0.0415          0
word_freq_will                   0.5417     0.5538     0.5232          0          0     0.7816     0.3426     1.9785     0.0976     0.6562     0.0923
word_freq_people                 0.0939     0.1298     0.0609          0          0     0.2097     0.0349     0.0523          0     0.0751          0
word_freq_report                 0.0586     0.0353     0.0555          0          0     0.1461     0.0241     0.2008          0     0.0546          0
word_freq_addresses              0.0492     0.0159     0.0063          0          0     0.2892     0.0315     0.0262          0     0.0101          0
word_freq_free                   0.2488     0.3506     0.1347          0     0.3252     0.5253     0.0402          0          0     0.3608          0
word_freq_business               0.1426     0.1186     0.0766          0          0     0.5481     0.0278          0          0     0.0504          0
word_freq_email                  0.1847     0.2177     0.0858          0          0     0.4951      0.153     0.2646          0     0.2559          0
word_freq_you                    1.6621     3.5213     0.6254          0          0     2.5513      0.847     2.3023     1.5906     1.8865     0.3367
word_freq_credit                 0.0856     0.0704     0.0285          0          0     0.3832      0.005          0          0     0.0518          0
word_freq_your                   0.8098      1.403     0.2073          0          0     2.1322     0.3632     7.0008     0.1261     0.6993      0.234
word_freq_font                   0.1212     0.0775      0.199          0          0     0.0797          0          0          0     0.0569          0
word_freq_000                    0.1016     0.0543     0.0335          0          0      0.517     0.0031     0.0177          0     0.0418          0
word_freq_money                  0.0943     0.1595     0.0248          0          0     0.3087     0.0007          0          0     0.0438          0
word_freq_hp                     0.5495     0.0785     0.4282          0          0     0.0107     3.7485     0.0546     2.4467     0.3184     6.8013
word_freq_hpl                    0.2654     0.0453     0.2211          0     0.1161     0.0075     1.6903          0      0.233     0.2015     3.4027
word_freq_george                 0.7673     0.1484      0.196          0     20.059     0.0244     0.9538          0     1.1779     0.1448      3.442
word_freq_650                    0.1248     0.0282     0.0818          0          0     0.0022     0.7536          0          0     0.1286     3.3637
word_freq_lab                    0.0989      0.016     0.0968          0          0     0.0059     0.3675          0          0     0.0588     3.4563
word_freq_labs                   0.1029      0.013     0.0446          0          0     0.0011     0.7128          0          0     0.1393     3.4303
word_freq_telnet                 0.0648     0.0028     0.0316          0          0      0.003     0.3528          0          0     0.0573     3.3637
word_freq_857                     0.047     0.0049     0.0038          0          0          0     0.2919          0          0     0.0131     3.5733
word_freq_data                   0.0972     0.0317     0.1755          0          0     0.0097      0.095          0     0.1894     0.0425          0
word_freq_415                    0.0478     0.0069     0.0048          0          0     0.0002     0.2919          0          0     0.0104     3.5733
word_freq_85                     0.1054     0.0209      0.078          0          0     0.0097     0.5507          0          0     0.0768     3.3637
word_freq_technology             0.0975     0.0184     0.0782          0          0     0.0064     0.4326          0          0     0.0964     3.3637
word_freq_1999                    0.137      0.043     0.1606          0          0     0.0255     0.6999     0.0731          0     0.0586          0
word_freq_parts                  0.0132     0.0068     0.0197          0          0     0.0019     0.0156          0          0     0.0249          0
word_freq_pm                     0.0786     0.0427     0.0633          0          0     0.0163      0.415          0     0.3367     0.1146      0.039
word_freq_direct                 0.0648     0.0153     0.0214          0          0     0.0677      0.276          0          0     0.0238     3.3637
word_freq_cs                     0.0437     0.0126     0.0653          0          0     0.0002     0.1298          0          0     0.0454          0
word_freq_meeting                0.1323      0.027     0.2035          0     0.1807     0.0028     0.1897     0.0177      0.257     0.2441      0.136
word_freq_original               0.0461     0.0092     0.0171          0          0     0.0131     0.4919          0          0     0.0101          0
word_freq_project                0.0792     0.0262     0.1437          0          0     0.0021     0.0975          0     0.1515     0.0083     0.0877
word_freq_re                     0.3012       0.33     0.2019     0.1322     0.0541     0.0705      0.539     0.0362     8.8279     0.3259     0.0783
word_freq_edu                    0.1798      0.143       0.28          0          0     0.0098     0.1274          0     0.3845     0.1338     0.0773
word_freq_table                  0.0054      0.001     0.0094          0          0      0.004     0.0072          0          0          0          0
word_freq_conference             0.0319     0.0121     0.0551          0          0     0.0035     0.0229          0     0.1442     0.0238          0
char_freq_;                      0.0386     0.0171     0.0614          0          0     0.0099     0.0656          0          0     0.0225     0.0062
char_freq_(                       0.139     0.0957     0.1519          0     0.0285     0.0944     0.2771     0.0182     0.1082     0.1458     0.9792
char_freq_[                       0.017     0.0065     0.0197          0          0     0.0107     0.0635     0.0031     0.0206     0.0113          0
char_freq_!                      0.2691     0.3852     0.1547          0     0.0093     0.5088     0.0583          0     1.3569     0.4077          0
char_freq_$                      0.0758      0.067     0.0411          0          0     0.2812      0.004     0.0031          0     0.0443          0
char_freq_#                      0.0442     0.0289      0.053          0          0     0.0545       0.08          0          0     0.0116     0.0161
capital_run_length_average       5.1915     3.4036     4.1265     1.7778     1.2185     8.7298     2.6518     5.4182     2.0248    17.9168     3.1645
capital_run_length_longest      52.1728    35.9737    35.5982     4.8889     1.7398   159.2041    18.0189    29.2308     6.0303    73.4161    11.1333
capital_run_length_total       283.2893   181.9819   282.5051     9.0278     5.5366   687.4937   129.4984    64.6154    12.2424   172.5511    40.0333


Clustered Instances

 0      1102 ( 24%)
 1      2041 ( 44%)
 2        36 (  1%)
 3       123 (  3%)
 4       632 ( 14%)
 5       317 (  7%)
 6        13 (  0%)
 7        33 (  1%)
 8       274 (  6%)
 9        30 (  1%)


Class attribute: class
Classes to Clusters:

    0    1    2    3    4    5    6    7    8    9  <-- assigned to cluster
  458 1589   36  123   30  313   11   33  165   30 | 0
  644  452    0    0  602    4    2    0  109    0 | 1

Cluster  0 <-- 1
Cluster  1 <-- 0
Cluster  2 <-- No class
Cluster  3 <-- No class
Cluster  4 <-- No class
Cluster  5 <-- No class
Cluster  6 <-- No class
Cluster  7 <-- No class
Cluster  8 <-- No class
Cluster  9 <-- No class

Incorrectly clustered instances :	2368.0	 51.4671 %

