

=== Clustering stats for training data ===


kMeans
======

Number of iterations: 12
Within cluster sum of squared errors: 777.5437051529677
Missing values globally replaced with mean/mode

Cluster centroids:
                                          Cluster#
Attribute                     Full Data          0          1
                                 (4601)     (1791)     (2810)
=============================================================
word_freq_make                   0.1046     0.1881     0.0513
word_freq_address                 0.213     0.1762     0.2365
word_freq_all                    0.2807      0.526     0.1243
word_freq_3d                     0.0654     0.0763     0.0585
word_freq_our                    0.3122     0.5013     0.1917
word_freq_over                   0.0959     0.1711      0.048
word_freq_remove                 0.1142     0.2201     0.0467
word_freq_internet               0.1053     0.1749     0.0609
word_freq_order                  0.0901     0.1678     0.0405
word_freq_mail                   0.2394     0.3568     0.1646
word_freq_receive                0.0598     0.1367     0.0109
word_freq_will                   0.5417     0.6868     0.4492
word_freq_people                 0.0939     0.1564     0.0541
word_freq_report                 0.0586     0.0825     0.0434
word_freq_addresses              0.0492     0.1147     0.0074
word_freq_free                   0.2488     0.4402     0.1269
word_freq_business               0.1426     0.2809     0.0544
word_freq_email                  0.1847     0.3377     0.0873
word_freq_you                    1.6621     2.9998     0.8095
word_freq_credit                 0.0856     0.1835     0.0232
word_freq_your                   0.8098     1.7521     0.2091
word_freq_font                   0.1212      0.089     0.1417
word_freq_000                    0.1016     0.2251      0.023
word_freq_money                  0.0943     0.2107       0.02
word_freq_hp                     0.5495     0.0499     0.8679
word_freq_hpl                    0.2654     0.0318     0.4143
word_freq_george                 0.7673     0.0841     1.2027
word_freq_650                    0.1248     0.0091     0.1986
word_freq_lab                    0.0989     0.0145     0.1527
word_freq_labs                   0.1029     0.0113     0.1612
word_freq_telnet                 0.0648     0.0049     0.1029
word_freq_857                     0.047     0.0021     0.0757
word_freq_data                   0.0972     0.0237     0.1441
word_freq_415                    0.0478     0.0028     0.0766
word_freq_85                     0.1054      0.014     0.1637
word_freq_technology             0.0975     0.0166      0.149
word_freq_1999                    0.137     0.0313     0.2043
word_freq_parts                  0.0132     0.0078     0.0167
word_freq_pm                     0.0786     0.0301     0.1095
word_freq_direct                 0.0648     0.0344     0.0842
word_freq_cs                     0.0437     0.0073     0.0669
word_freq_meeting                0.1323     0.0363     0.1936
word_freq_original               0.0461     0.0116     0.0681
word_freq_project                0.0792     0.0098     0.1234
word_freq_re                     0.3012     0.2455     0.3367
word_freq_edu                    0.1798     0.0594     0.2566
word_freq_table                  0.0054     0.0029     0.0071
word_freq_conference             0.0319     0.0081      0.047
char_freq_;                      0.0386     0.0136     0.0545
char_freq_(                       0.139     0.0976     0.1654
char_freq_[                       0.017     0.0074     0.0231
char_freq_!                      0.2691     0.4594     0.1478
char_freq_$                      0.0758     0.1467     0.0306
char_freq_#                      0.0442     0.0397     0.0471
capital_run_length_average       5.1915     7.6432     3.6289
capital_run_length_longest      52.1728    88.2334     29.189
capital_run_length_total       283.2893   388.3903   216.3014


Clustered Instances

0      1791 ( 39%)
1      2810 ( 61%)


Class attribute: class
Classes to Clusters:

    0    1  <-- assigned to cluster
  451 2337 | 0
 1340  473 | 1

Cluster 0 <-- 1
Cluster 1 <-- 0

Incorrectly clustered instances :	924.0	 20.0826 %

