

=== Clustering stats for training data ===


kMeans
======

Number of iterations: 12
Within cluster sum of squared errors: 699.4272848291898
Missing values globally replaced with mean/mode

Cluster centroids:
                                          Cluster#
Attribute                     Full Data          0          1          2          3
                                 (4601)     (1750)     (2691)       (36)      (124)
===================================================================================
word_freq_make                   0.1046     0.1907     0.0548          0          0
word_freq_address                 0.213     0.1839     0.0554    14.1478          0
word_freq_all                    0.2807     0.5303      0.135          0          0
word_freq_3d                     0.0654     0.0781     0.0611          0          0
word_freq_our                    0.3122     0.5065     0.2045          0          0
word_freq_over                   0.0959     0.1741     0.0508          0          0
word_freq_remove                 0.1142     0.2202     0.0521          0          0
word_freq_internet               0.1053     0.1787     0.0638          0          0
word_freq_order                  0.0901     0.1708     0.0429          0          0
word_freq_mail                   0.2394     0.3587     0.1743     0.1322          0
word_freq_receive                0.0598     0.1395     0.0116          0          0
word_freq_will                   0.5417     0.6918     0.4763          0          0
word_freq_people                 0.0939     0.1558     0.0593          0          0
word_freq_report                 0.0586     0.0844     0.0454          0          0
word_freq_addresses              0.0492     0.1171     0.0079          0          0
word_freq_free                   0.2488     0.4455     0.1209          0     0.3226
word_freq_business               0.1426     0.2864     0.0575          0          0
word_freq_email                  0.1847     0.3394     0.0952          0          0
word_freq_you                    1.6621     2.9996     0.8912          0          0
word_freq_credit                 0.0856     0.1842     0.0265          0          0
word_freq_your                   0.8098     1.7827     0.2252          0          0
word_freq_font                   0.1212     0.0897     0.1489          0          0
word_freq_000                    0.1016     0.2297     0.0244          0          0
word_freq_money                  0.0943     0.2147     0.0215          0          0
word_freq_hp                     0.5495     0.0489     0.9036          0     0.0896
word_freq_hpl                    0.2654     0.0317     0.4278          0     0.1152
word_freq_george                 0.7673     0.0894     0.3328          0    19.9869
word_freq_650                    0.1248     0.0085     0.2079          0          0
word_freq_lab                    0.0989     0.0148     0.1595          0          0
word_freq_labs                   0.1029     0.0105      0.169          0          0
word_freq_telnet                 0.0648     0.0047     0.1077          0          0
word_freq_857                     0.047      0.003     0.0785          0          0
word_freq_data                   0.0972     0.0209     0.1527          0          0
word_freq_415                    0.0478     0.0038     0.0793          0          0
word_freq_85                     0.1054      0.014     0.1711          0          0
word_freq_technology             0.0975      0.017     0.1556          0          0
word_freq_1999                    0.137      0.031      0.214          0          0
word_freq_parts                  0.0132     0.0079     0.0174          0          0
word_freq_pm                     0.0786     0.0303     0.1147          0          0
word_freq_direct                 0.0648     0.0349     0.0881          0          0
word_freq_cs                     0.0437     0.0075     0.0698          0          0
word_freq_meeting                0.1323      0.032     0.1972          0     0.1792
word_freq_original               0.0461     0.0123     0.0708          0          0
word_freq_project                0.0792       0.01     0.1289          0          0
word_freq_re                     0.3012     0.2474     0.3499     0.1322     0.0537
word_freq_edu                    0.1798     0.0584     0.2695          0          0
word_freq_table                  0.0054      0.003     0.0074          0          0
word_freq_conference             0.0319     0.0083     0.0491          0          0
char_freq_;                      0.0386     0.0137     0.0571          0          0
char_freq_(                       0.139     0.0978     0.1728          0     0.0283
char_freq_[                       0.017     0.0075     0.0242          0          0
char_freq_!                      0.2691     0.4652     0.1571          0     0.0093
char_freq_$                      0.0758     0.1487     0.0329          0          0
char_freq_#                      0.0442     0.0404     0.0493          0          0
capital_run_length_average       5.1915     7.7582     3.7512     1.7778     1.2168
capital_run_length_longest      52.1728    89.7291    30.7061     4.8889     1.7339
capital_run_length_total       283.2893   386.0291   232.9439     9.0278     5.5323


Clustered Instances

0      1750 ( 38%)
1      2691 ( 58%)
2        36 (  1%)
3       124 (  3%)


Class attribute: class
Classes to Clusters:

    0    1    2    3  <-- assigned to cluster
  425 2203   36  124 | 0
 1325  488    0    0 | 1

Cluster 0 <-- 1
Cluster 1 <-- 0
Cluster 2 <-- No class
Cluster 3 <-- No class

Incorrectly clustered instances :	1073.0	 23.321  %

