

=== Clustering stats for training data ===


kMeans
======

Number of iterations: 4
Within cluster sum of squared errors: 519.0
Missing values globally replaced with mean/mode

Cluster centroids:
                                                      Cluster#
Attribute                                 Full Data          0          1          2          3          4          5          6          7          8          9         10         11         12         13         14         15         16         17         18         19         20         21         22         23         24         25         26         27         28         29         30         31         32         33         34         35         36         37         38         39         40         41         42         43         44         45         46         47         48         49
                                              (435)        (7)        (6)        (7)       (23)       (22)        (4)        (8)        (7)        (5)       (11)        (4)        (7)        (5)        (9)        (3)       (10)       (57)       (21)       (14)        (4)        (9)       (12)       (17)        (1)       (11)       (12)       (11)        (7)        (7)        (5)        (7)        (6)        (1)        (1)       (19)        (5)        (1)        (4)        (4)       (16)        (1)        (6)        (1)        (1)        (6)       (12)        (9)        (2)        (1)        (6)
=========================================================================================================================================================================================================================================================================================================================================================================================================================================================================================================================================================================================================================
handicapped-infants                               n          y          n          n          y          n          y          n          n          n          n          n          n          y          n          n          y          n          y          y          y          y          y          n          n          y          n          y          y          n          n          y          n          n          n          n          n          y          n          y          y          n          y          y          y          y          n          y          n          n          n
water-project-cost-sharing                        y          n          n          y          n          y          n          n          n          n          n          y          y          n          y          y          y          y          y          y          n          n          y          y          y          n          n          y          n          n          y          y          n          n          n          n          n          y          n          n          y          n          n          y          y          y          n          n          y          y          y
adoption-of-the-budget-resolution                 y          y          y          y          y          y          y          y          y          n          y          y          y          y          y          n          y          n          y          n          n          y          n          n          y          y          n          y          y          n          y          y          n          n          y          n          y          y          y          y          y          y          y          y          n          y          y          y          n          y          y
physician-fee-freeze                              n          n          n          n          n          n          n          n          n          y          n          n          n          n          y          n          n          y          n          y          n          y          y          y          y          n          y          n          n          y          n          n          y          y          n          y          n          n          n          n          n          n          n          n          y          n          n          n          n          n          n
el-salvador-aid                                   y          y          n          y          n          n          n          n          n          n          n          y          y          n          y          y          n          y          n          y          y          y          y          y          y          n          y          n          n          y          n          y          y          y          y          y          y          n          n          n          n          n          n          y          y          n          n          n          y          y          n
religious-groups-in-schools                       y          y          n          y          n          y          n          y          y          y          n          y          y          n          y          y          n          y          n          y          y          y          y          y          y          n          y          n          n          y          y          y          y          n          y          y          y          n          n          n          n          n          n          y          y          y          n          y          y          y          y
anti-satellite-test-ban                           y          n          y          y          y          y          y          y          y          y          y          n          n          y          n          y          y          n          y          n          y          y          n          n          n          y          n          y          y          y          n          n          n          y          n          n          n          y          y          y          y          y          y          n          n          y          y          y          n          n          y
aid-to-nicaraguan-contras                         y          n          y          y          y          y          y          y          y          y          y          y          n          y          n          n          y          n          y          n          n          y          n          n          n          y          n          y          y          y          y          y          n          y          n          n          n          y          y          y          y          y          y          n          y          y          y          y          n          n          y
mx-missile                                        y          y          y          n          y          y          n          y          y          y          y          n          n          y          n          n          y          n          y          n          n          n          n          n          n          y          n          y          y          y          y          n          n          n          n          n          n          n          y          y          y          n          y          n          n          y          y          y          n          n          y
immigration                                       y          y          n          n          y          y          y          n          n          n          n          n          n          n          y          n          y          y          n          y          n          y          n          n          y          n          n          n          y          y          y          y          y          y          n          n          y          y          y          y          n          y          n          n          n          y          y          y          y          n          y
synfuels-corporation-cutback                      n          n          n          y          n          y          y          y          y          n          n          n          y          y          n          y          n          n          y          n          n          n          y          n          y          n          n          n          y          n          y          y          n          n          n          n          y          n          n          y          n          y          n          y          y          n          y          n          y          y          n
education-spending                                n          n          n          n          n          n          n          n          y          y          n          n          n          n          y          y          n          y          n          y          n          n          y          n          y          n          y          n          n          y          n          n          y          y          n          y          y          n          n          n          n          n          n          n          y          n          n          n          n          n          n
superfund-right-to-sue                            y          y          n          y          n          y          n          n          n          y          n          n          y          n          y          n          y          y          n          y          n          n          y          y          y          n          y          n          n          y          n          y          n          y          y          y          y          n          y          n          n          n          n          y          y          n          n          n          y          n          n
crime                                             y          y          y          n          n          y          n          y          y          y          n          n          y          n          y          y          n          y          n          y          y          y          y          y          y          n          y          n          n          y          n          y          y          y          y          y          y          n          n          y          n          n          n          n          y          n          n          y          y          n          n
duty-free-exports                                 n          y          n          y          y          n          n          y          y          n          y          n          n          y          n          n          y          n          y          n          n          y          n          n          y          y          n          n          y          n          y          n          n          n          n          n          n          n          y          n          y          y          n          n          n          n          y          n          n          y          y
export-administration-act-south-africa            y          y          y          y          y          y          y          y          y          y          y          y          y          y          y          y          y          y          y          y          y          y          n          n          y          y          y          y          y          y          y          y          y          y          n          n          y          y          y          y          y          y          y          y          n          y          y          y          n          y          y


Clustered Instances

 0        7 (  2%)
 1        6 (  1%)
 2        7 (  2%)
 3       23 (  5%)
 4       22 (  5%)
 5        4 (  1%)
 6        8 (  2%)
 7        7 (  2%)
 8        5 (  1%)
 9       11 (  3%)
10        4 (  1%)
11        7 (  2%)
12        5 (  1%)
13        9 (  2%)
14        3 (  1%)
15       10 (  2%)
16       57 ( 13%)
17       21 (  5%)
18       14 (  3%)
19        4 (  1%)
20        9 (  2%)
21       12 (  3%)
22       17 (  4%)
23        1 (  0%)
24       11 (  3%)
25       12 (  3%)
26       11 (  3%)
27        7 (  2%)
28        7 (  2%)
29        5 (  1%)
30        7 (  2%)
31        6 (  1%)
32        1 (  0%)
33        1 (  0%)
34       19 (  4%)
35        5 (  1%)
36        1 (  0%)
37        4 (  1%)
38        4 (  1%)
39       16 (  4%)
40        1 (  0%)
41        6 (  1%)
42        1 (  0%)
43        1 (  0%)
44        6 (  1%)
45       12 (  3%)
46        9 (  2%)
47        2 (  0%)
48        1 (  0%)
49        6 (  1%)


Class attribute: Class
Classes to Clusters:

  0  1  2  3  4  5  6  7  8  9 10 11 12 13 14 15 16 17 18 19 20 21 22 23 24 25 26 27 28 29 30 31 32 33 34 35 36 37 38 39 40 41 42 43 44 45 46 47 48 49  <-- assigned to cluster
  6  5  5 22 20  4  8  7  0 11  3  6  5  2  2 10  2 21  1  3  1  6  1  1 11  1 11  7  0  5  7  0  0  1  1  4  1  4  2 16  1  6  1  0  6 12  9  2  1  6 | democrat
  1  1  2  1  2  0  0  0  5  0  1  1  0  7  1  0 55  0 13  1  8  6 16  0  0 11  0  0  7  0  0  6  1  0 18  1  0  0  2  0  0  0  0  1  0  0  0  0  0  0 | republican

Cluster  0 <-- No class
Cluster  1 <-- No class
Cluster  2 <-- No class
Cluster  3 <-- democrat
Cluster  4 <-- No class
Cluster  5 <-- No class
Cluster  6 <-- No class
Cluster  7 <-- No class
Cluster  8 <-- No class
Cluster  9 <-- No class
Cluster 10 <-- No class
Cluster 11 <-- No class
Cluster 12 <-- No class
Cluster 13 <-- No class
Cluster 14 <-- No class
Cluster 15 <-- No class
Cluster 16 <-- republican
Cluster 17 <-- No class
Cluster 18 <-- No class
Cluster 19 <-- No class
Cluster 20 <-- No class
Cluster 21 <-- No class
Cluster 22 <-- No class
Cluster 23 <-- No class
Cluster 24 <-- No class
Cluster 25 <-- No class
Cluster 26 <-- No class
Cluster 27 <-- No class
Cluster 28 <-- No class
Cluster 29 <-- No class
Cluster 30 <-- No class
Cluster 31 <-- No class
Cluster 32 <-- No class
Cluster 33 <-- No class
Cluster 34 <-- No class
Cluster 35 <-- No class
Cluster 36 <-- No class
Cluster 37 <-- No class
Cluster 38 <-- No class
Cluster 39 <-- No class
Cluster 40 <-- No class
Cluster 41 <-- No class
Cluster 42 <-- No class
Cluster 43 <-- No class
Cluster 44 <-- No class
Cluster 45 <-- No class
Cluster 46 <-- No class
Cluster 47 <-- No class
Cluster 48 <-- No class
Cluster 49 <-- No class

Incorrectly clustered instances :	358.0	 82.2989 %

