

=== Clustering stats for training data ===


kMeans
======

Number of iterations: 6
Within cluster sum of squared errors: 657.0
Missing values globally replaced with mean/mode

Cluster centroids:
                                                      Cluster#
Attribute                                 Full Data          0          1          2          3          4          5          6          7          8          9         10         11         12         13         14         15         16         17         18         19         20         21         22         23         24         25         26         27         28         29
                                              (435)       (11)       (26)        (7)       (27)       (23)        (8)       (10)        (5)        (4)       (20)        (6)       (16)       (24)       (14)       (11)        (7)       (79)       (20)       (13)        (8)        (7)       (10)        (7)        (1)       (16)       (21)       (12)        (8)        (9)        (5)
=============================================================================================================================================================================================================================================================================================================================================================================================
handicapped-infants                               n          y          n          n          y          n          y          n          n          n          y          n          y          n          n          n          y          n          y          y          y          y          y          n          n          y          n          y          y          n          n
water-project-cost-sharing                        y          n          n          y          n          y          n          n          n          n          y          y          y          n          y          y          y          y          y          y          n          y          y          y          y          n          n          y          n          n          y
adoption-of-the-budget-resolution                 y          y          y          y          y          y          y          y          y          n          y          y          y          y          y          n          y          n          y          n          n          y          n          n          y          y          n          y          y          n          y
physician-fee-freeze                              n          n          n          n          n          n          n          n          n          y          n          n          n          n          y          n          n          y          n          y          n          n          y          y          y          n          y          n          n          y          n
el-salvador-aid                                   y          y          n          y          n          n          n          n          n          n          n          y          y          n          y          y          n          y          n          y          y          y          y          y          y          n          y          n          n          y          n
religious-groups-in-schools                       y          y          y          y          n          y          n          y          y          n          n          y          y          n          y          y          n          y          n          y          y          y          y          y          y          n          y          n          n          y          y
anti-satellite-test-ban                           y          n          y          y          y          y          y          y          y          y          y          n          n          y          n          y          y          n          y          n          y          y          n          n          n          y          n          y          y          y          n
aid-to-nicaraguan-contras                         y          n          y          y          y          y          y          y          y          y          y          y          n          y          n          n          y          n          y          n          n          y          n          n          n          y          n          y          y          y          y
mx-missile                                        y          y          y          n          y          y          n          y          y          y          y          n          n          y          n          n          y          n          y          n          n          n          n          n          n          y          n          y          y          y          n
immigration                                       y          y          y          n          y          y          y          n          n          n          n          n          n          n          y          n          y          y          n          y          n          y          n          y          y          n          n          n          y          y          y
synfuels-corporation-cutback                      n          n          n          y          n          y          y          y          y          n          n          n          y          y          n          y          n          n          y          n          n          y          y          n          y          n          n          n          y          n          y
education-spending                                n          n          n          n          n          n          n          n          y          y          n          n          n          n          y          y          n          y          n          y          n          n          y          n          y          n          y          n          n          y          n
superfund-right-to-sue                            y          y          n          y          n          y          n          n          n          y          n          n          y          n          y          y          y          y          n          y          n          n          y          y          y          n          y          n          n          y          n
crime                                             y          y          y          n          n          y          n          n          y          y          n          n          y          n          y          y          n          y          n          y          y          y          y          y          y          n          y          n          n          y          n
duty-free-exports                                 n          n          n          y          y          n          n          y          y          n          y          n          n          y          n          n          y          n          y          n          n          y          n          n          y          y          n          n          y          n          y
export-administration-act-south-africa            y          y          y          y          y          y          y          y          y          y          y          y          y          y          y          y          y          y          y          y          y          y          n          n          y          y          y          y          y          y          y


Clustered Instances

 0       11 (  3%)
 1       26 (  6%)
 2        7 (  2%)
 3       27 (  6%)
 4       23 (  5%)
 5        8 (  2%)
 6       10 (  2%)
 7        5 (  1%)
 8        4 (  1%)
 9       20 (  5%)
10        6 (  1%)
11       16 (  4%)
12       24 (  6%)
13       14 (  3%)
14       11 (  3%)
15        7 (  2%)
16       79 ( 18%)
17       20 (  5%)
18       13 (  3%)
19        8 (  2%)
20        7 (  2%)
21       10 (  2%)
22        7 (  2%)
23        1 (  0%)
24       16 (  4%)
25       21 (  5%)
26       12 (  3%)
27        8 (  2%)
28        9 (  2%)
29        5 (  1%)


Class attribute: Class
Classes to Clusters:

  0  1  2  3  4  5  6  7  8  9 10 11 12 13 14 15 16 17 18 19 20 21 22 23 24 25 26 27 28 29  <-- assigned to cluster
 10 22  6 26 20  8 10  5  1 20  5 14 24  4  6  7  1 20  1  4  5  4  2  1 16  0 12  8  0  5 | democrat
  1  4  1  1  3  0  0  0  3  0  1  2  0 10  5  0 78  0 12  4  2  6  5  0  0 21  0  0  9  0 | republican

Cluster  0 <-- No class
Cluster  1 <-- No class
Cluster  2 <-- No class
Cluster  3 <-- democrat
Cluster  4 <-- No class
Cluster  5 <-- No class
Cluster  6 <-- No class
Cluster  7 <-- No class
Cluster  8 <-- No class
Cluster  9 <-- No class
Cluster 10 <-- No class
Cluster 11 <-- No class
Cluster 12 <-- No class
Cluster 13 <-- No class
Cluster 14 <-- No class
Cluster 15 <-- No class
Cluster 16 <-- republican
Cluster 17 <-- No class
Cluster 18 <-- No class
Cluster 19 <-- No class
Cluster 20 <-- No class
Cluster 21 <-- No class
Cluster 22 <-- No class
Cluster 23 <-- No class
Cluster 24 <-- No class
Cluster 25 <-- No class
Cluster 26 <-- No class
Cluster 27 <-- No class
Cluster 28 <-- No class
Cluster 29 <-- No class

Incorrectly clustered instances :	331.0	 76.092  %

