

=== Clustering stats for training data ===


kMeans
======

Number of iterations: 6
Within cluster sum of squared errors: 580.0
Missing values globally replaced with mean/mode

Cluster centroids:
                                                      Cluster#
Attribute                                 Full Data          0          1          2          3          4          5          6          7          8          9         10         11         12         13         14         15         16         17         18         19         20         21         22         23         24         25         26         27         28         29         30         31         32         33         34         35         36         37         38         39
                                              (435)        (8)       (24)        (6)       (25)       (24)        (6)       (10)        (5)       (14)       (18)        (6)        (5)       (12)        (8)        (3)       (10)       (57)       (20)       (10)        (6)        (4)       (13)        (7)        (1)       (16)       (12)        (9)        (8)       (10)        (5)        (8)        (7)        (1)        (1)       (27)        (5)        (1)        (3)        (4)       (16)
===========================================================================================================================================================================================================================================================================================================================================================================================================================================================================================================
handicapped-infants                               n          y          n          n          y          n          y          n          n          n          n          n          n          n          n          n          y          n          y          y          y          y          y          n          n          y          n          y          y          n          n          y          n          n          n          n          n          y          n          y          y
water-project-cost-sharing                        y          n          n          y          n          y          n          n          n          y          y          y          y          n          y          y          y          y          y          y          n          n          y          y          y          n          n          y          n          n          y          y          n          n          n          n          n          y          n          n          y
adoption-of-the-budget-resolution                 y          y          y          y          y          y          y          y          y          n          y          y          y          y          y          n          y          n          y          n          n          y          n          n          y          y          n          y          y          n          y          y          n          n          y          n          y          y          y          y          y
physician-fee-freeze                              n          n          n          n          n          n          n          n          n          y          n          n          n          n          y          n          n          y          n          y          n          n          y          y          y          n          y          n          n          y          n          n          y          y          n          y          n          n          n          n          n
el-salvador-aid                                   y          y          n          y          n          n          n          n          n          y          n          y          y          n          y          y          n          y          n          y          y          y          y          y          y          n          y          n          n          y          n          y          y          y          y          y          y          n          n          n          n
religious-groups-in-schools                       y          y          y          y          n          y          n          y          y          y          n          y          y          n          y          y          n          y          n          y          y          y          y          y          y          n          y          n          n          y          y          y          y          n          y          y          y          n          n          n          n
anti-satellite-test-ban                           y          n          y          y          y          y          y          y          y          y          y          n          n          y          n          y          y          n          y          n          y          y          n          n          n          y          n          y          y          y          n          n          n          y          n          n          n          y          y          y          y
aid-to-nicaraguan-contras                         y          n          y          y          y          y          y          y          y          y          y          y          n          y          n          n          y          n          y          n          n          y          n          n          n          y          n          y          y          y          y          y          n          y          n          n          n          y          y          y          y
mx-missile                                        y          y          y          n          y          y          n          y          y          n          y          n          n          y          n          n          y          n          y          n          n          n          n          n          n          y          n          y          y          y          n          n          n          n          n          n          n          n          y          y          y
immigration                                       y          n          y          n          y          y          y          n          n          n          n          n          n          n          y          n          y          y          n          y          n          y          n          y          y          n          n          n          y          y          y          n          y          y          n          n          y          y          y          y          n
synfuels-corporation-cutback                      n          n          n          y          n          y          y          y          y          n          n          n          y          y          n          y          n          n          y          n          n          n          y          n          y          n          n          n          y          n          y          y          n          n          n          n          y          n          n          y          n
education-spending                                n          n          n          n          n          n          n          n          y          y          n          n          n          n          y          y          n          y          n          y          n          n          y          n          y          n          y          n          n          y          n          n          y          y          n          y          y          n          n          n          n
superfund-right-to-sue                            y          y          n          y          n          y          n          n          n          y          n          n          y          n          y          n          y          y          n          y          n          n          y          y          y          n          y          n          n          y          n          y          n          y          y          y          y          n          y          n          n
crime                                             y          y          y          n          n          y          n          n          y          y          n          n          n          n          y          y          n          y          n          y          y          n          y          y          y          n          y          n          n          y          n          y          y          y          y          y          y          n          n          y          n
duty-free-exports                                 n          y          n          y          y          n          n          y          y          n          y          n          n          y          n          n          y          n          y          n          n          y          n          n          y          y          n          n          y          n          y          n          n          n          n          n          n          n          y          n          y
export-administration-act-south-africa            y          y          y          y          y          y          y          y          y          y          y          y          y          y          y          y          y          y          y          y          y          y          n          n          y          y          y          y          y          y          y          y          y          y          n          n          y          y          y          y          y


Clustered Instances

 0        8 (  2%)
 1       24 (  6%)
 2        6 (  1%)
 3       25 (  6%)
 4       24 (  6%)
 5        6 (  1%)
 6       10 (  2%)
 7        5 (  1%)
 8       14 (  3%)
 9       18 (  4%)
10        6 (  1%)
11        5 (  1%)
12       12 (  3%)
13        8 (  2%)
14        3 (  1%)
15       10 (  2%)
16       57 ( 13%)
17       20 (  5%)
18       10 (  2%)
19        6 (  1%)
20        4 (  1%)
21       13 (  3%)
22        7 (  2%)
23        1 (  0%)
24       16 (  4%)
25       12 (  3%)
26        9 (  2%)
27        8 (  2%)
28       10 (  2%)
29        5 (  1%)
30        8 (  2%)
31        7 (  2%)
32        1 (  0%)
33        1 (  0%)
34       27 (  6%)
35        5 (  1%)
36        1 (  0%)
37        3 (  1%)
38        4 (  1%)
39       16 (  4%)


Class attribute: Class
Classes to Clusters:

  0  1  2  3  4  5  6  7  8  9 10 11 12 13 14 15 16 17 18 19 20 21 22 23 24 25 26 27 28 29 30 31 32 33 34 35 36 37 38 39  <-- assigned to cluster
  7 21  5 24 22  6 10  5  0 18  5  4 12  2  3 10  3 20  1  3  2  6  2  1 16  1  9  8  0  5  8  0  0  1  1  4  1  3  2 16 | democrat
  1  3  1  1  2  0  0  0 14  0  1  1  0  6  0  0 54  0  9  3  2  7  5  0  0 11  0  0 10  0  0  7  1  0 26  1  0  0  2  0 | republican

Cluster  0 <-- No class
Cluster  1 <-- No class
Cluster  2 <-- No class
Cluster  3 <-- democrat
Cluster  4 <-- No class
Cluster  5 <-- No class
Cluster  6 <-- No class
Cluster  7 <-- No class
Cluster  8 <-- No class
Cluster  9 <-- No class
Cluster 10 <-- No class
Cluster 11 <-- No class
Cluster 12 <-- No class
Cluster 13 <-- No class
Cluster 14 <-- No class
Cluster 15 <-- No class
Cluster 16 <-- republican
Cluster 17 <-- No class
Cluster 18 <-- No class
Cluster 19 <-- No class
Cluster 20 <-- No class
Cluster 21 <-- No class
Cluster 22 <-- No class
Cluster 23 <-- No class
Cluster 24 <-- No class
Cluster 25 <-- No class
Cluster 26 <-- No class
Cluster 27 <-- No class
Cluster 28 <-- No class
Cluster 29 <-- No class
Cluster 30 <-- No class
Cluster 31 <-- No class
Cluster 32 <-- No class
Cluster 33 <-- No class
Cluster 34 <-- No class
Cluster 35 <-- No class
Cluster 36 <-- No class
Cluster 37 <-- No class
Cluster 38 <-- No class
Cluster 39 <-- No class

Incorrectly clustered instances :	357.0	 82.069  %

