

=== Clustering stats for training data ===


kMeans
======

Number of iterations: 4
Within cluster sum of squared errors: 1077.0
Missing values globally replaced with mean/mode

Cluster centroids:
                                                      Cluster#
Attribute                                 Full Data          0          1          2          3          4          5          6          7
                                              (435)      (168)       (55)       (21)      (103)       (36)       (32)       (14)        (6)
===========================================================================================================================================
handicapped-infants                               n          n          n          n          y          n          y          n          n
water-project-cost-sharing                        y          y          n          y          n          y          y          n          n
adoption-of-the-budget-resolution                 y          n          y          y          y          y          y          y          y
physician-fee-freeze                              n          y          n          n          n          n          n          n          n
el-salvador-aid                                   y          y          n          y          n          y          n          n          n
religious-groups-in-schools                       y          y          n          y          n          y          n          y          y
anti-satellite-test-ban                           y          n          y          n          y          y          y          y          y
aid-to-nicaraguan-contras                         y          n          y          y          y          y          y          y          y
mx-missile                                        y          n          y          n          y          y          y          y          y
immigration                                       y          y          n          n          y          y          n          n          n
synfuels-corporation-cutback                      n          n          n          y          n          y          y          y          y
education-spending                                n          y          n          n          n          n          n          n          y
superfund-right-to-sue                            y          y          n          y          n          y          n          n          n
crime                                             y          y          y          n          n          y          n          n          y
duty-free-exports                                 n          n          n          y          y          n          n          y          y
export-administration-act-south-africa            y          y          y          y          y          y          y          y          y


Clustered Instances

0      168 ( 39%)
1       55 ( 13%)
2       21 (  5%)
3      103 ( 24%)
4       36 (  8%)
5       32 (  7%)
6       14 (  3%)
7        6 (  1%)


Class attribute: Class
Classes to Clusters:

   0   1   2   3   4   5   6   7  <-- assigned to cluster
  24  44  19 100  30  31  14   5 | democrat
 144  11   2   3   6   1   0   1 | republican

Cluster 0 <-- republican
Cluster 1 <-- No class
Cluster 2 <-- No class
Cluster 3 <-- democrat
Cluster 4 <-- No class
Cluster 5 <-- No class
Cluster 6 <-- No class
Cluster 7 <-- No class

Incorrectly clustered instances :	191.0	 43.908  %

