

=== Attribute Selection on all input data ===

Search Method:
	Attribute ranking.

Attribute Evaluator (unsupervised):
	Principal Components Attribute Transformer

Correlation matrix
  1     -0.02   0.07   0.01   0.02   0.06   0.01  -0      0.11   0.04   0.19   0.11   0.07   0.04   0.03   0.06   0.08   0.05   0.13   0.02   0.2   -0.02   0.13   0.19  -0.07  -0.06  -0.07  -0.05  -0.04  -0.05  -0.04  -0.03  -0.04  -0.03  -0.04  -0.05  -0.06  -0.01  -0.01  -0.04  -0.01  -0.03  -0.02  -0.02  -0.04  -0.03  -0     -0.02  -0.03  -0.02  -0.03   0.06   0.12  -0.01   0.04   0.06   0.09   0.13 
 -0.02   1     -0.03  -0.01  -0.02  -0.02   0     -0.02  -0      0.03  -0.01  -0.04  -0.02  -0.01   0.01  -0.01  -0.02   0.03  -0.06  -0.02  -0.02  -0.01  -0.02   0     -0.04  -0.04  -0.03  -0.03  -0.02  -0.03  -0.02  -0     -0.02  -0     -0.02  -0.03  -0.02  -0.01  -0.02  -0.01  -0.02  -0.03  -0     -0.02  -0.02  -0.02  -0.01  -0.02  -0.01  -0.05  -0.02  -0.01  -0.01   0      0      0     -0.02  -0.03 
  0.07  -0.03   1     -0.02   0.08   0.09   0.04   0.01   0.09   0.03   0.05   0.08   0.05   0.01   0.12   0.06   0.04   0.12   0.14   0.03   0.16  -0.04   0.12   0.04  -0.09  -0.06  -0.11  -0.05  -0.06  -0.03  -0.04  -0.06  -0.05  -0.06  -0.05  -0.05  -0.07   0.03  -0.01  -0.05  -0.03  -0.01  -0.04  -0.05  -0.05  -0.06   0.03  -0.03  -0.03  -0.02  -0.03   0.11   0.09  -0      0.1    0.11   0.07   0.2  
  0.01  -0.01  -0.02   1      0     -0.01   0.02   0.01  -0     -0     -0.01  -0.02  -0.01   0.01   0      0.01   0      0.02  -0.01  -0.01   0.01   0.03   0.01   0.04  -0.02  -0.01  -0.01  -0.01  -0.01  -0.01  -0.01  -0.01  -0.01  -0.01  -0.01  -0.01  -0.01  -0     -0     -0.01  -0.01  -0.01  -0.01  -0.01  -0.01  -0.01  -0     -0     -0     -0.01  -0.01  -0      0.01  -0      0.01   0.02   0.02   0.06 
  0.02  -0.02   0.08   0      1      0.05   0.15   0.03   0.02   0.03   0.07   0.07   0.03   0      0.06   0.08   0.14   0.06   0.1    0.03   0.14  -0.02   0.07   0     -0.07  -0.08  -0.09  -0.06   0.03  -0.05  -0.04  -0.03  -0.03  -0.03  -0.05  -0.05  -0.07   0.13  -0.04  -0.02  -0.05   0.12  -0.05   0.02  -0.04  -0.08  -0.03  -0.03  -0.03  -0.05  -0.03   0.03   0.04   0      0.05   0.05   0      0.24 
  0.06  -0.02   0.09  -0.01   0.05   1      0.06   0.08   0.12   0.01   0.05   0.01   0.08   0.01   0.17   0.02   0.06   0.08   0.1    0.06   0.11   0.01   0.21   0.06  -0.08  -0.09  -0.07  -0.07  -0.05  -0.05  -0.05  -0.04  -0.03  -0.04  -0.05  -0.05  -0.06  -0.02  -0.05  -0.03  -0.03  -0.05  -0.03  -0.03  -0.05  -0.03  -0.01  -0.03  -0.02  -0.01  -0.02   0.07   0.11   0.02  -0.01   0.09   0.08   0.23 
  0.01   0      0.04   0.02   0.15   0.06   1      0.04   0.05   0.06   0.16  -0      0.01  -0.02   0.04   0.13   0.19   0.12   0.11   0.05   0.13  -0      0.06   0.03  -0.09  -0.08  -0.07  -0.07  -0.05  -0.06  -0.05  -0.04  -0.04  -0.04  -0.05  -0.05  -0.05  -0.01  -0.05  -0.02  -0.03  -0.05  -0.05  -0.03  -0.05  -0.06  -0.02  -0.03  -0.03  -0.05  -0.03   0.05   0.07   0.05   0.04   0.06  -0.01   0.33 
 -0     -0.02   0.01   0.01   0.03   0.08   0.04   1      0.11   0.08   0.13  -0      0.03   0.01   0.07   0.05   0.22   0.04   0.02   0.11   0.16  -0.02   0.09   0.03  -0.05  -0.04  -0.06  -0.05  -0.04  -0.04  -0.04  -0.03  -0.04  -0.03  -0.04  -0.03  -0.02  -0.01  -0.03  -0.01  -0     -0.04  -0     -0.03  -0     -0.04  -0.01  -0.02  -0.03  -0.03  -0.02   0.03   0.06  -0.01   0.01   0.04   0.04   0.21 
  0.11  -0      0.09  -0      0.02   0.12   0.05   0.11   1      0.13   0.14   0.03   0.03   0.07   0.24   0.01   0.16   0.1    0.04   0.12   0.16  -0.02   0.13   0.1   -0.07  -0.05  -0.06  -0.06  -0.04  -0.04  -0.04  -0.03  -0.01  -0.03  -0.04  -0.06  -0.03  -0     -0.04  -0.01  -0.04  -0.05  -0.03  -0.04  -0.08  -0.06   0.01  -0.03  -0.01  -0.03   0.01   0.04   0.15  -0      0.11   0.19   0.25   0.23 
  0.04   0.03   0.03  -0      0.03   0.01   0.06   0.08   0.13   1      0.13   0.07   0.05   0.02   0.16   0.03   0.08   0.04   0.09   0.03   0.1    0.01   0.1    0.05  -0.03  -0.01  -0.07   0.02  -0.03   0.01  -0.02  -0.02  -0.04  -0.01  -0.02  -0.02  -0     -0.02  -0.02   0     -0.03  -0.05   0.02  -0.03  -0.03  -0.03  -0.02  -0.02   0.01   0      0.01   0.04   0.08   0.04   0.07   0.1    0.09   0.14 
  0.19  -0.01   0.05  -0.01   0.07   0.05   0.16   0.13   0.14   0.13   1      0.12   0.05   0.05   0.06   0.1    0.17   0.09   0.14   0.16   0.29  -0.01   0.11   0.06  -0.08  -0.08  -0.07  -0.06  -0.05  -0.05  -0.03  -0.04  -0.04  -0.04  -0.05  -0.05  -0.03  -0     -0.04  -0.02  -0.03  -0.04  -0.03  -0.04  -0.06  -0.05  -0.02  -0.02  -0.03  -0.06  -0.03   0.02   0.07   0      0.03   0.09   0.12   0.23 
  0.11  -0.04   0.08  -0.02   0.07   0.01  -0     -0      0.03   0.07   0.12   1      0      0.01   0.02  -0.03   0.06   0.01   0.09   0.01   0.11  -0.05   0.02   0.02  -0.02   0.01  -0.12  -0.04   0.1   -0.01  -0.04  -0.06  -0.02  -0.06  -0.05  -0.01  -0.03  -0.03   0.02  -0.04  -0.02   0.11  -0.02   0.02  -0.09  -0.07   0      0.03  -0.03  -0.03  -0.04   0.01   0.02  -0.03  -0.01   0.02   0.02   0.01 
  0.07  -0.02   0.05  -0.01   0.03   0.08   0.01   0.03   0.03   0.05   0.05   0      1      0.06   0.08   0      0.05   0.07   0.12  -0.02   0.05  -0.03   0.12   0.08  -0.06  -0.07  -0.05  -0.06  -0.03  -0.05  -0.04  -0.03  -0.05  -0.03  -0.05  -0.05  -0.04  -0.01  -0.02  -0.01  -0.02  -0.04  -0.01  -0.02  -0.04  -0.02  -0.01  -0.02  -0.02  -0.05  -0.03   0.04   0.21  -0.01  -0.01   0.04   0.11   0.13 
  0.04  -0.01   0.01   0.01   0      0.01  -0.02   0.01   0.07   0.02   0.05   0.01   0.06   1     -0.02   0      0.01  -0.03   0.02   0.03   0.04  -0.02   0.04   0.03  -0.04  -0.04  -0.03  -0.02  -0.01  -0.03  -0.02  -0.02  -0.01  -0.02  -0.02   0.01  -0.03  -0     -0.03  -0.02  -0.02   0.01  -0     -0.01  -0     -0.02   0.05  -0.02  -0.02  -0.01  -0.01  -0.01   0.08   0.01   0      0.06   0.17   0.06 
  0.03   0.01   0.12   0      0.06   0.17   0.04   0.07   0.24   0.16   0.06   0.02   0.08  -0.02   1      0      0.02   0.25   0.04   0.02   0.07  -0      0.37   0.03  -0.05  -0.03  -0.04  -0.04  -0.03  -0.04  -0.03  -0.02  -0.02  -0.02  -0.03  -0.03  -0.04  -0.01  -0.02   0.05  -0.01  -0.03   0.05  -0.02  -0.04  -0.02  -0.01  -0.02  -0.02  -0     -0      0.02   0.12  -0.01   0.02   0.21   0.15   0.2  
  0.06  -0.01   0.06   0.01   0.08   0.02   0.13   0.05   0.01   0.03   0.1   -0.03   0      0      0      1      0.06   0.07   0.08   0.03   0.1   -0.01   0.06   0.1   -0.09  -0.08  -0     -0.06  -0.05  -0.06  -0.04  -0.04  -0.04  -0.04  -0.06  -0.06  -0.06   0.02  -0.04  -0.03  -0.03  -0.04  -0.05  -0.03  -0.05  -0.05  -0.02  -0.03  -0.03  -0.05  -0.03   0.1    0.05   0.04   0.02   0.03   0      0.26 
  0.08  -0.02   0.04   0      0.14   0.06   0.19   0.22   0.16   0.08   0.17   0.06   0.05   0.01   0.02   0.06   1      0.05   0.08   0.19   0.22  -0.02   0.1    0.04  -0.05  -0.08  -0.07  -0.06  -0.05  -0.04  -0.04  -0.04  -0.04  -0.04  -0.06  -0.03  -0.05  -0.02  -0.04   0.01  -0.04  -0.04  -0.05  -0.02  -0.06  -0.06  -0.01  -0.03  -0.03  -0.04  -0.04   0.08   0.1   -0      0.04   0.06   0.06   0.26 
  0.05   0.03   0.12   0.02   0.06   0.08   0.12   0.04   0.1    0.04   0.09   0.01   0.07  -0.03   0.25   0.07   0.05   1      0.09   0.01   0.14  -0.03   0.09   0.09  -0.04  -0.03  -0.07   0.04  -0.05   0.03   0.03  -0.04  -0.03  -0.04   0.02   0.02  -0.04   0.01  -0.03   0.01  -0.03  -0.05  -0.02  -0.03  -0.05  -0.04   0.02  -0.02  -0.04  -0.04  -0.02   0.04   0.06   0.02  -0.01   0.08   0.05   0.2  
  0.13  -0.06   0.14  -0.01   0.1    0.1    0.11   0.02   0.04   0.09   0.14   0.09   0.12   0.02   0.04   0.08   0.08   0.09   1      0.04   0.3   -0.02   0.12   0.18  -0.2   -0.16  -0.15  -0.12  -0.09  -0.11  -0.09  -0.08  -0.1   -0.08  -0.09  -0.13  -0.13  -0.03  -0.04  -0.06  -0.05  -0.09  -0.05  -0.07   0.1   -0.01  -0     -0.04  -0.04  -0.13  -0.06   0.15   0.09  -0     -0.03   0.01  -0.01   0.27 
  0.02  -0.02   0.03  -0.01   0.03   0.06   0.05   0.11   0.12   0.03   0.16   0.01  -0.02   0.03   0.02   0.03   0.19   0.01   0.04   1      0.13   0.03   0.04   0.06  -0.05  -0.05  -0.04  -0.04  -0.03  -0.04  -0.03  -0.02  -0.03  -0.02  -0.03  -0.04  -0.04   0.01  -0.03  -0     -0.02  -0.03  -0.03  -0.01  -0.04  -0.03  -0.01  -0.02  -0.02  -0.02  -0.01   0.05   0.03   0.01   0.07   0.1    0.08   0.19 
  0.2   -0.02   0.16   0.01   0.14   0.11   0.13   0.16   0.16   0.1    0.29   0.11   0.05   0.04   0.07   0.1    0.22   0.14   0.3    0.13   1     -0.02   0.12   0.17  -0.15  -0.14  -0.13  -0.1   -0.07  -0.09  -0.07  -0.05  -0.08  -0.05  -0.08  -0.11  -0.11  -0.01  -0.06  -0.02  -0.06  -0.08  -0.05  -0.06  -0.04  -0.08   0.01  -0.05  -0.06  -0.09  -0.05   0.08   0.14  -0      0.04   0.09   0.05   0.38 
 -0.02  -0.01  -0.04   0.03  -0.02   0.01  -0     -0.02  -0.02   0.01  -0.01  -0.05  -0.03  -0.02  -0     -0.01  -0.02  -0.03  -0.02   0.03  -0.02   1      0.02  -0.01  -0.04  -0.04  -0.03  -0.03  -0.02  -0.03  -0.02  -0.02  -0.02  -0.02  -0.02  -0.03  -0.03  -0     -0.02  -0.02  -0.01  -0.02  -0.02  -0.01  -0.03  -0.02  -0.01  -0.01   0.42  -0.05  -0     -0     -0.01   0.18   0.02   0.03   0.1    0.09 
  0.13  -0.02   0.12   0.01   0.07   0.21   0.06   0.09   0.13   0.1    0.11   0.02   0.12   0.04   0.37   0.06   0.1    0.09   0.12   0.04   0.12   0.02   1      0.05  -0.09  -0.08  -0.07  -0.07  -0.05  -0.06  -0.05  -0.04  -0.05  -0.04  -0.05  -0.06  -0.07  -0.02  -0.04  -0     -0.03  -0.05  -0.04  -0.03  -0.05  -0.05  -0.02  -0.03  -0.03  -0.03  -0      0.07   0.31   0.02   0.01   0.12   0.17   0.33 
  0.19   0      0.04   0.04   0      0.06   0.03   0.03   0.1    0.05   0.06   0.02   0.08   0.03   0.03   0.1    0.04   0.09   0.18   0.06   0.17  -0.01   0.05   1     -0.07  -0.06  -0.05  -0.05  -0.04  -0.05  -0.03  -0.03  -0.04  -0.03  -0.04  -0.05  -0.06  -0.01  -0.03  -0.02  -0.03  -0.03  -0.04  -0.02  -0.05  -0.03  -0.01  -0.02  -0.02  -0.03  -0.02   0.05   0.1    0      0.01   0.04   0.08   0.22 
 -0.07  -0.04  -0.09  -0.02  -0.07  -0.08  -0.09  -0.05  -0.07  -0.03  -0.08  -0.02  -0.06  -0.04  -0.05  -0.09  -0.05  -0.04  -0.2   -0.05  -0.15  -0.04  -0.09  -0.07   1      0.52  -0.01   0.34   0.22   0.45   0.35   0.37   0      0.36   0.31   0.39   0.13   0.01   0.05   0.33   0      0.02   0.11  -0      0.05  -0.05   0     -0      0.03   0.14   0.04  -0.09  -0.09   0.06  -0.02  -0.05  -0.04  -0.26 
 -0.06  -0.04  -0.06  -0.01  -0.08  -0.09  -0.08  -0.04  -0.05  -0.01  -0.08   0.01  -0.07  -0.04  -0.03  -0.08  -0.08  -0.03  -0.16  -0.05  -0.14  -0.04  -0.08  -0.06   0.52   1      0.01   0.37   0.22   0.39   0.34   0.36  -0      0.36   0.33   0.35   0.16   0.02   0.06   0.32   0.02   0.06   0.13   0.02  -0.01  -0.04   0.03   0.03   0.01   0.14   0.06  -0.08  -0.08  -0.02  -0.02  -0.05  -0.06  -0.23 
 -0.07  -0.03  -0.11  -0.01  -0.09  -0.07  -0.07  -0.06  -0.06  -0.07  -0.07  -0.12  -0.05  -0.03  -0.04  -0     -0.07  -0.07  -0.15  -0.04  -0.13  -0.03  -0.07  -0.05  -0.01   0.01   1      0.03   0.03   0.04   0.05   0.08  -0.02   0.08   0.03   0.04  -0.02  -0.01   0      0.06  -0.02  -0.01   0.01  -0.01  -0.01  -0.04  -0.01   0.01  -0.02  -0.03  -0.02  -0.07  -0.07  -0.02  -0.03  -0.05  -0.1   -0.18 
 -0.05  -0.03  -0.05  -0.01  -0.06  -0.07  -0.07  -0.05  -0.06   0.02  -0.06  -0.04  -0.06  -0.02  -0.04  -0.06  -0.06   0.04  -0.12  -0.04  -0.1   -0.03  -0.07  -0.05   0.34   0.37   0.03   1      0.34   0.55   0.52   0.56   0      0.56   0.58   0.57   0.02  -0.01   0.04   0.51   0.02   0      0.08  -0     -0     -0.01   0      0     -0.03   0.31   0.03  -0.06  -0.06  -0.01  -0.01  -0.04  -0.07  -0.16 
 -0.04  -0.02  -0.06  -0.01   0.03  -0.05  -0.05  -0.04  -0.04  -0.03  -0.05   0.1   -0.03  -0.01  -0.03  -0.05  -0.05  -0.05  -0.09  -0.03  -0.07  -0.02  -0.05  -0.04   0.22   0.22   0.03   0.34   1      0.38   0.41   0.51  -0      0.5    0.32   0.41   0.01  -0.01   0.01   0.46  -0.02   0.43   0.06  -0     -0.01  -0.02  -0     -0     -0.02   0.16   0.01  -0.04  -0.05   0     -0.01  -0.03  -0.06  -0.13 
 -0.05  -0.03  -0.03  -0.01  -0.05  -0.05  -0.06  -0.04  -0.04   0.01  -0.05  -0.01  -0.05  -0.03  -0.04  -0.06  -0.04   0.03  -0.11  -0.04  -0.09  -0.03  -0.06  -0.05   0.45   0.39   0.04   0.55   0.38   1      0.61   0.66  -0.01   0.66   0.54   0.63   0.06  -0      0.03   0.6    0.04  -0.02   0.07  -0     -0.01  -0.01  -0.01  -0.01  -0.02   0.22   0     -0.06  -0.07   0.08  -0.02  -0.04  -0.06  -0.17 
 -0.04  -0.02  -0.04  -0.01  -0.04  -0.05  -0.05  -0.04  -0.04  -0.02  -0.03  -0.04  -0.04  -0.02  -0.03  -0.04  -0.04   0.03  -0.09  -0.03  -0.07  -0.02  -0.05  -0.03   0.35   0.34   0.05   0.52   0.41   0.61   1      0.74  -0.01   0.74   0.52   0.68   0.04  -0.01   0.04   0.7   -0.01  -0.01   0.09   0.08  -0.01  -0.02  -0     -0.01  -0.02   0.23   0.01  -0.05  -0.05   0     -0.01  -0.03  -0.05  -0.13 
 -0.03  -0     -0.06  -0.01  -0.03  -0.04  -0.04  -0.03  -0.03  -0.02  -0.04  -0.06  -0.03  -0.02  -0.02  -0.04  -0.04  -0.04  -0.08  -0.02  -0.05  -0.02  -0.04  -0.03   0.37   0.36   0.08   0.56   0.51   0.66   0.74   1     -0.02   1      0.56   0.73   0.03  -0.01   0.04   0.85  -0.01  -0.01   0.12   0      0.02  -0.02   0     -0.01  -0.01   0.3    0.01  -0.04  -0.04  -0.01  -0.01  -0.03  -0.05  -0.11 
 -0.04  -0.02  -0.05  -0.01  -0.03  -0.03  -0.04  -0.04  -0.01  -0.04  -0.04  -0.02  -0.05  -0.01  -0.02  -0.04  -0.04  -0.03  -0.1   -0.03  -0.08  -0.02  -0.05  -0.04   0     -0     -0.02   0     -0     -0.01  -0.01  -0.02   1     -0.02  -0     -0.01   0.05   0.02   0.06  -0.02  -0      0.01   0.01   0.03   0     -0.02   0      0     -0.01   0.03   0.11  -0.05  -0.05  -0.01  -0.02  -0.03   0.01  -0.12 
 -0.03  -0     -0.06  -0.01  -0.03  -0.04  -0.04  -0.03  -0.03  -0.01  -0.04  -0.06  -0.03  -0.02  -0.02  -0.04  -0.04  -0.04  -0.08  -0.02  -0.05  -0.02  -0.04  -0.03   0.36   0.36   0.08   0.56   0.5    0.66   0.74   1     -0.02   1      0.55   0.73   0.03  -0.01   0.04   0.85  -0.01  -0.01   0.12   0      0.02  -0.02   0     -0.01  -0.01   0.3    0.01  -0.04  -0.04  -0.01  -0     -0.02  -0.04  -0.11 
 -0.04  -0.02  -0.05  -0.01  -0.05  -0.05  -0.05  -0.04  -0.04  -0.02  -0.05  -0.05  -0.05  -0.02  -0.03  -0.06  -0.06   0.02  -0.09  -0.03  -0.08  -0.02  -0.05  -0.04   0.31   0.33   0.03   0.58   0.32   0.54   0.52   0.56  -0      0.55   1      0.52   0.02  -0.01   0.02   0.51   0.02   0.03   0.06   0     -0.01  -0.01   0.02   0     -0.02   0.2    0.03  -0.05  -0.05  -0.01  -0.01  -0.03  -0.05  -0.15 
 -0.05  -0.03  -0.05  -0.01  -0.05  -0.05  -0.05  -0.03  -0.06  -0.02  -0.05  -0.01  -0.05   0.01  -0.03  -0.06  -0.03   0.02  -0.13  -0.04  -0.11  -0.03  -0.06  -0.05   0.39   0.35   0.04   0.57   0.41   0.63   0.68   0.73  -0.01   0.73   0.52   1      0.05  -0.01   0.07   0.67  -0.02  -0.02   0.08   0.01  -0.01  -0.04  -0      0.01  -0.02   0.25   0     -0.06  -0.06   0.01  -0.02  -0.04  -0.05  -0.14 
 -0.06  -0.02  -0.07  -0.01  -0.07  -0.06  -0.05  -0.02  -0.03  -0     -0.03  -0.03  -0.04  -0.03  -0.04  -0.06  -0.05  -0.04  -0.13  -0.04  -0.11  -0.03  -0.07  -0.06   0.13   0.16  -0.02   0.02   0.01   0.06   0.04   0.03   0.05   0.03   0.02   0.05   1     -0      0.24   0.02   0.11   0.01   0.32   0.01   0.05   0.13  -0.02   0.05   0.05   0.11   0.07  -0.05  -0.06  -0.02  -0.01  -0.03  -0     -0.18 
 -0.01  -0.01   0.03  -0      0.13  -0.02  -0.01  -0.01  -0     -0.02  -0     -0.03  -0.01  -0     -0.01   0.02  -0.02   0.01  -0.03   0.01  -0.01  -0     -0.02  -0.01   0.01   0.02  -0.01  -0.01  -0.01  -0     -0.01  -0.01   0.02  -0.01  -0.01  -0.01  -0      1      0     -0.01  -0.01   0.17  -0.01   0     -0     -0.01  -0      0.02   0.01  -0.01   0     -0.02  -0.01  -0     -0.01  -0.01  -0.01  -0.03 
 -0.01  -0.02  -0.01  -0     -0.04  -0.05  -0.05  -0.03  -0.04  -0.02  -0.04   0.02  -0.02  -0.03  -0.02  -0.04  -0.04  -0.03  -0.04  -0.03  -0.06  -0.02  -0.04  -0.03   0.05   0.06   0      0.04   0.01   0.03   0.04   0.04   0.06   0.04   0.02   0.07   0.24   0      1      0.02   0.03   0.04   0.21   0.01   0.11  -0      0      0.01   0.03   0.11   0.04  -0.02  -0.04  -0.01  -0.01  -0.03  -0.05  -0.12 
 -0.04  -0.01  -0.05  -0.01  -0.02  -0.03  -0.02  -0.01  -0.01   0     -0.02  -0.04  -0.01  -0.02   0.05  -0.03   0.01   0.01  -0.06  -0     -0.02  -0.02  -0     -0.02   0.33   0.32   0.06   0.51   0.46   0.6    0.7    0.85  -0.02   0.85   0.51   0.67   0.02  -0.01   0.02   1     -0.02  -0.02   0.1   -0     -0.01  -0.03   0     -0.02  -0.02   0.27   0.01  -0.03  -0.02  -0.01  -0     -0     -0.03  -0.06 
 -0.01  -0.02  -0.03  -0.01  -0.05  -0.03  -0.03  -0     -0.04  -0.03  -0.03  -0.02  -0.02  -0.02  -0.01  -0.03  -0.04  -0.03  -0.05  -0.02  -0.06  -0.01  -0.03  -0.03   0      0.02  -0.02   0.02  -0.02   0.04  -0.01  -0.01  -0     -0.01   0.02  -0.02   0.11  -0.01   0.03  -0.02   1     -0.01   0.09  -0.01   0.02   0.35  -0.01  -0      0.05   0.02   0.03  -0.03  -0.04  -0.01  -0.01  -0.02  -0.03  -0.1  
 -0.03  -0.03  -0.01  -0.01   0.12  -0.05  -0.05  -0.04  -0.05  -0.05  -0.04   0.11  -0.04   0.01  -0.03  -0.04  -0.04  -0.05  -0.09  -0.03  -0.08  -0.02  -0.05  -0.03   0.02   0.06  -0.01   0      0.43  -0.02  -0.01  -0.01   0.01  -0.01   0.03  -0.02   0.01   0.17   0.04  -0.02  -0.01   1      0.02   0.01   0.01  -0.02   0.01  -0     -0.01  -0.01   0.01  -0.04  -0.04  -0     -0.02  -0.03  -0.06  -0.14 
 -0.02  -0     -0.04  -0.01  -0.05  -0.03  -0.05  -0     -0.03   0.02  -0.03  -0.02  -0.01  -0      0.05  -0.05  -0.05  -0.02  -0.05  -0.03  -0.05  -0.02  -0.04  -0.04   0.11   0.13   0.01   0.08   0.06   0.07   0.09   0.12   0.01   0.12   0.06   0.08   0.32  -0.01   0.21   0.1    0.09   0.02   1      0.01   0.09   0.01   0.02  -0.01   0.02   0.06   0.12  -0.05  -0.05  -0.01  -0.02  -0.02  -0.04  -0.14 
 -0.02  -0.02  -0.05  -0.01   0.02  -0.03  -0.03  -0.03  -0.04  -0.03  -0.04   0.02  -0.02  -0.01  -0.02  -0.03  -0.02  -0.03  -0.07  -0.01  -0.06  -0.01  -0.03  -0.02  -0      0.02  -0.01  -0     -0     -0      0.08   0      0.03   0      0      0.01   0.01   0      0.01  -0     -0.01   0.01   0.01   1     -0     -0.02  -0      0     -0.01  -0     -0.01  -0.03  -0.04   0     -0.01  -0.03  -0.04  -0.09 
 -0.04  -0.02  -0.05  -0.01  -0.04  -0.05  -0.05  -0     -0.08  -0.03  -0.06  -0.09  -0.04  -0     -0.04  -0.05  -0.06  -0.05   0.1   -0.04  -0.04  -0.03  -0.05  -0.05   0.05  -0.01  -0.01  -0     -0.01  -0.01  -0.01   0.02   0      0.02  -0.01  -0.01   0.05  -0      0.11  -0.01   0.02   0.01   0.09  -0      1      0.04  -0.01   0.01  -0.02   0      0.01   0.07  -0.05  -0.02  -0.03  -0.05  -0.1   -0.14 
 -0.03  -0.02  -0.06  -0.01  -0.08  -0.03  -0.06  -0.04  -0.06  -0.03  -0.05  -0.07  -0.02  -0.02  -0.02  -0.05  -0.06  -0.04  -0.01  -0.03  -0.08  -0.02  -0.05  -0.03  -0.05  -0.04  -0.04  -0.01  -0.02  -0.01  -0.02  -0.02  -0.02  -0.02  -0.01  -0.04   0.13  -0.01  -0     -0.03   0.35  -0.02   0.01  -0.02   0.04   1     -0.01  -0.02   0.02   0.01  -0     -0.03  -0.05  -0.02  -0.02  -0.03  -0.05  -0.15 
 -0     -0.01   0.03  -0     -0.03  -0.01  -0.02  -0.01   0.01  -0.02  -0.02   0     -0.01   0.05  -0.01  -0.02  -0.01   0.02  -0     -0.01   0.01  -0.01  -0.02  -0.01   0      0.03  -0.01   0     -0     -0.01  -0      0      0      0      0.02  -0     -0.02  -0      0      0     -0.01   0.01   0.02  -0     -0.01  -0.01   1     -0.01   0     -0     -0     -0.02  -0.02   0     -0.01  -0.01   0.01  -0.04 
 -0.02  -0.02  -0.03  -0     -0.03  -0.03  -0.03  -0.02  -0.03  -0.02  -0.02   0.03  -0.02  -0.02  -0.02  -0.03  -0.03  -0.02  -0.04  -0.02  -0.05  -0.01  -0.03  -0.02  -0      0.03   0.01   0     -0     -0.01  -0.01  -0.01   0     -0.01   0      0.01   0.05   0.02   0.01  -0.02  -0     -0     -0.01   0      0.01  -0.02  -0.01   1     -0     -0.01  -0.01  -0.03  -0.03  -0.01  -0.01  -0.02  -0.01  -0.08 
 -0.03  -0.01  -0.03  -0     -0.03  -0.02  -0.03  -0.03  -0.01   0.01  -0.03  -0.03  -0.02  -0.02  -0.02  -0.03  -0.03  -0.04  -0.04  -0.02  -0.06   0.42  -0.03  -0.02   0.03   0.01  -0.02  -0.03  -0.02  -0.02  -0.02  -0.01  -0.01  -0.01  -0.02  -0.02   0.05   0.01   0.03  -0.02   0.05  -0.01   0.02  -0.01  -0.02   0.02   0     -0      1      0.05   0.01   0.02   0.01   0.06   0      0.04   0.06  -0.06 
 -0.02  -0.05  -0.02  -0.01  -0.05  -0.01  -0.05  -0.03  -0.03   0     -0.06  -0.03  -0.05  -0.01  -0     -0.05  -0.04  -0.04  -0.13  -0.02  -0.09  -0.05  -0.03  -0.03   0.14   0.14  -0.03   0.31   0.16   0.22   0.23   0.3    0.03   0.3    0.2    0.25   0.11  -0.01   0.11   0.27   0.02  -0.01   0.06  -0      0      0.01  -0     -0.01   0.05   1      0.02  -0.03   0.04   0.02   0.03   0.37   0.11  -0.09 
 -0.03  -0.02  -0.03  -0.01  -0.03  -0.02  -0.03  -0.02   0.01   0.01  -0.03  -0.04  -0.03  -0.01  -0     -0.03  -0.04  -0.02  -0.06  -0.01  -0.05  -0     -0     -0.02   0.04   0.06  -0.02   0.03   0.01   0      0.01   0.01   0.11   0.01   0.03   0      0.07   0      0.04   0.01   0.03   0.01   0.12  -0.01   0.01  -0     -0     -0.01   0.01   0.02   1     -0.03  -0.03  -0.01  -0.01  -0.01   0.01  -0.06 
  0.06  -0.01   0.11  -0      0.03   0.07   0.05   0.03   0.04   0.04   0.02   0.01   0.04  -0.01   0.02   0.1    0.08   0.04   0.15   0.05   0.08  -0      0.07   0.05  -0.09  -0.08  -0.07  -0.06  -0.04  -0.06  -0.05  -0.04  -0.05  -0.04  -0.05  -0.06  -0.05  -0.02  -0.02  -0.03  -0.03  -0.04  -0.05  -0.03   0.07  -0.03  -0.02  -0.03   0.02  -0.03  -0.03   1      0.14   0.02   0.05   0.08   0.04   0.24 
  0.12  -0.01   0.09   0.01   0.04   0.11   0.07   0.06   0.15   0.08   0.07   0.02   0.21   0.08   0.12   0.05   0.1    0.06   0.09   0.03   0.14  -0.01   0.31   0.1   -0.09  -0.08  -0.07  -0.06  -0.05  -0.07  -0.05  -0.04  -0.05  -0.04  -0.05  -0.06  -0.06  -0.01  -0.04  -0.02  -0.04  -0.04  -0.05  -0.04  -0.05  -0.05  -0.02  -0.03   0.01   0.04  -0.03   0.14   1      0.01   0.08   0.18   0.2    0.32 
 -0.01   0     -0     -0      0      0.02   0.05  -0.01  -0      0.04   0     -0.03  -0.01   0.01  -0.01   0.04  -0      0.02  -0      0.01  -0      0.18   0.02   0      0.06  -0.02  -0.02  -0.01   0      0.08   0     -0.01  -0.01  -0.01  -0.01   0.01  -0.02  -0     -0.01  -0.01  -0.01  -0     -0.01   0     -0.02  -0.02   0     -0.01   0.06   0.02  -0.01   0.02   0.01   1      0.01   0.06   0.04   0.07 
  0.04   0      0.1    0.01   0.05  -0.01   0.04   0.01   0.11   0.07   0.03  -0.01  -0.01   0      0.02   0.02   0.04  -0.01  -0.03   0.07   0.04   0.02   0.01   0.01  -0.02  -0.02  -0.03  -0.01  -0.01  -0.02  -0.01  -0.01  -0.02  -0     -0.01  -0.02  -0.01  -0.01  -0.01  -0     -0.01  -0.02  -0.02  -0.01  -0.03  -0.02  -0.01  -0.01   0      0.03  -0.01   0.05   0.08   0.01   1      0.49   0.16   0.11 
  0.06   0      0.11   0.02   0.05   0.09   0.06   0.04   0.19   0.1    0.09   0.02   0.04   0.06   0.21   0.03   0.06   0.08   0.01   0.1    0.09   0.03   0.12   0.04  -0.05  -0.05  -0.05  -0.04  -0.03  -0.04  -0.03  -0.03  -0.03  -0.02  -0.03  -0.04  -0.03  -0.01  -0.03  -0     -0.02  -0.03  -0.02  -0.03  -0.05  -0.03  -0.01  -0.02   0.04   0.37  -0.01   0.08   0.18   0.06   0.49   1      0.48   0.22 
  0.09  -0.02   0.07   0.02   0      0.08  -0.01   0.04   0.25   0.09   0.12   0.02   0.11   0.17   0.15   0      0.06   0.05  -0.01   0.08   0.05   0.1    0.17   0.08  -0.04  -0.06  -0.1   -0.07  -0.06  -0.06  -0.05  -0.05   0.01  -0.04  -0.05  -0.05  -0     -0.01  -0.05  -0.03  -0.03  -0.06  -0.04  -0.04  -0.1   -0.05   0.01  -0.01   0.06   0.11   0.01   0.04   0.2    0.04   0.16   0.48   1      0.25 
  0.13  -0.03   0.2    0.06   0.24   0.23   0.33   0.21   0.23   0.14   0.23   0.01   0.13   0.06   0.2    0.26   0.26   0.2    0.27   0.19   0.38   0.09   0.33   0.22  -0.26  -0.23  -0.18  -0.16  -0.13  -0.17  -0.13  -0.11  -0.12  -0.11  -0.15  -0.14  -0.18  -0.03  -0.12  -0.06  -0.1   -0.14  -0.14  -0.09  -0.14  -0.15  -0.04  -0.08  -0.06  -0.09  -0.06   0.24   0.32   0.07   0.11   0.22   0.25   1    


eigenvalue	proportion	cumulative
  6.69858	  0.11549	  0.11549	-0.339word_freq_857-0.338word_freq_415-0.31word_freq_direct-0.309word_freq_technology-0.304word_freq_telnet...
  3.69587	  0.06372	  0.17921	0.36 class=1+0.25 word_freq_your+0.227word_freq_000+0.216char_freq_$+0.215capital_run_length_longest...
  2.01246	  0.0347 	  0.21391	0.46 capital_run_length_longest+0.384capital_run_length_total+0.294char_freq_(+0.293capital_run_length_average-0.234word_freq_you...
  1.61558	  0.02785	  0.24177	0.395word_freq_original+0.383word_freq_1999-0.328word_freq_font+0.3  word_freq_pm+0.228word_freq_cs...
  1.5575 	  0.02685	  0.26862	-0.527word_freq_meeting-0.347word_freq_will-0.313word_freq_lab+0.267word_freq_font-0.254word_freq_our...
  1.4682 	  0.02531	  0.29393	0.292word_freq_font+0.29 word_freq_business+0.289char_freq_;-0.27word_freq_addresses+0.259word_freq_credit...
  1.41599	  0.02441	  0.31835	-0.392word_freq_font-0.367char_freq_;+0.285capital_run_length_average-0.271word_freq_000-0.271word_freq_addresses...
  1.37544	  0.02371	  0.34206	-0.32word_freq_edu-0.314word_freq_you-0.255word_freq_cs+0.235word_freq_internet-0.233char_freq_!...
  1.31222	  0.02262	  0.36469	0.329word_freq_make-0.312word_freq_our-0.292word_freq_remove+0.275word_freq_will+0.254word_freq_report...
  1.28261	  0.02211	  0.3868 	-0.476word_freq_edu-0.473word_freq_cs+0.307word_freq_pm+0.275word_freq_re+0.231char_freq_!...
  1.22274	  0.02108	  0.40788	-0.36word_freq_email-0.287word_freq_all+0.259word_freq_report+0.234char_freq_$+0.23 word_freq_george...
  1.13254	  0.01953	  0.42741	0.375word_freq_money+0.339word_freq_free-0.314word_freq_re+0.254word_freq_make+0.25 word_freq_3d...
  1.12113	  0.01933	  0.44674	-0.356word_freq_address+0.336word_freq_hp+0.297word_freq_hpl-0.282word_freq_george-0.233word_freq_mail...
  1.0956 	  0.01889	  0.46563	0.529word_freq_data+0.374char_freq_[-0.242word_freq_people-0.204word_freq_address-0.189word_freq_hp...
  1.08879	  0.01877	  0.4844 	0.382word_freq_table-0.381word_freq_project-0.282word_freq_will+0.265word_freq_re+0.261word_freq_parts...
  1.0635 	  0.01834	  0.50274	0.432word_freq_address-0.373word_freq_george+0.308word_freq_mail+0.298word_freq_report-0.255word_freq_conference...
  1.0487 	  0.01808	  0.52082	-0.511word_freq_table+0.358char_freq_[-0.276word_freq_report-0.253word_freq_project+0.244char_freq_!...
  1.02458	  0.01767	  0.53848	0.444word_freq_project+0.439word_freq_parts+0.296word_freq_3d+0.241word_freq_re-0.238word_freq_table...
  1.01644	  0.01752	  0.55601	0.762word_freq_3d-0.364word_freq_parts-0.183word_freq_people+0.17 word_freq_lab-0.162word_freq_receive...
  1.00347	  0.0173 	  0.57331	0.599word_freq_conference-0.49word_freq_project-0.332char_freq_#-0.164word_freq_make-0.161word_freq_hp...
  0.99709	  0.01719	  0.5905 	0.472word_freq_address-0.368char_freq_#-0.324word_freq_conference-0.28word_freq_re-0.256word_freq_mail...
  0.97848	  0.01687	  0.60737	0.435char_freq_#+0.322word_freq_address+0.277word_freq_conference-0.247word_freq_3d+0.243word_freq_over...
  0.96715	  0.01668	  0.62405	-0.428word_freq_project-0.408word_freq_conference-0.367char_freq_!-0.294word_freq_table+0.262char_freq_(...
  0.94254	  0.01625	  0.6403 	-0.333word_freq_internet-0.324char_freq_(-0.302word_freq_mail+0.251char_freq_[+0.249word_freq_over...
  0.93752	  0.01616	  0.65646	-0.437word_freq_people-0.336word_freq_money-0.308word_freq_email+0.305word_freq_report+0.237word_freq_000...
  0.92643	  0.01597	  0.67243	-0.412word_freq_table-0.405word_freq_make+0.254word_freq_all-0.253word_freq_000+0.233word_freq_report...
  0.91618	  0.0158 	  0.68823	0.337word_freq_email-0.322word_freq_over+0.261word_freq_data-0.252word_freq_mail+0.244char_freq_!...
  0.90596	  0.01562	  0.70385	0.434char_freq_#+0.266word_freq_all-0.257word_freq_free+0.249word_freq_3d+0.236word_freq_pm...
  0.87458	  0.01508	  0.71893	0.431word_freq_internet-0.299word_freq_order+0.275char_freq_[-0.275word_freq_mail-0.268word_freq_remove...
  0.86609	  0.01493	  0.73386	0.494word_freq_credit-0.314word_freq_data+0.3  char_freq_(-0.291word_freq_internet+0.282char_freq_[...
  0.83654	  0.01442	  0.74828	-0.373word_freq_credit-0.296word_freq_free+0.295word_freq_order+0.284word_freq_business-0.284word_freq_data...
  0.82936	  0.0143 	  0.76258	0.414char_freq_!+0.387word_freq_over-0.316word_freq_000+0.264word_freq_receive-0.24word_freq_credit...
  0.79865	  0.01377	  0.77635	0.379word_freq_our-0.287word_freq_order+0.267word_freq_report-0.233word_freq_all+0.229word_freq_email...
  0.78171	  0.01348	  0.78983	0.356word_freq_remove-0.342word_freq_our+0.295word_freq_over+0.259capital_run_length_average+0.246word_freq_report...
  0.77815	  0.01342	  0.80325	0.405word_freq_pm+0.318word_freq_free+0.307word_freq_order-0.283word_freq_original+0.268word_freq_people...
  0.75563	  0.01303	  0.81628	0.517word_freq_will-0.329word_freq_make+0.271word_freq_parts+0.261word_freq_pm-0.207word_freq_1999...
  0.74063	  0.01277	  0.82905	-0.444word_freq_all-0.3word_freq_business+0.274word_freq_pm-0.23word_freq_re-0.23word_freq_remove...
  0.72354	  0.01247	  0.84152	0.368word_freq_your-0.294word_freq_make+0.264char_freq_$+0.242word_freq_george+0.219word_freq_our...
  0.70468	  0.01215	  0.85367	-0.423word_freq_original+0.285word_freq_receive-0.268char_freq_$+0.251word_freq_pm+0.222char_freq_!...
  0.69489	  0.01198	  0.86565	-0.35word_freq_cs+0.327word_freq_business+0.304word_freq_edu+0.265word_freq_email+0.237word_freq_1999...
  0.6754 	  0.01164	  0.8773 	-0.367word_freq_business-0.359word_freq_you+0.3  word_freq_re+0.279char_freq_$+0.274word_freq_our...
  0.66659	  0.01149	  0.88879	0.438capital_run_length_total+0.315word_freq_85+0.297word_freq_business-0.24word_freq_addresses-0.203word_freq_report...
  0.62569	  0.01079	  0.89958	0.333capital_run_length_total-0.312word_freq_85+0.256word_freq_mail+0.24 word_freq_your+0.239word_freq_cs...
  0.60845	  0.01049	  0.91007	-0.441word_freq_you+0.361word_freq_receive+0.294word_freq_money-0.276word_freq_make-0.265word_freq_hpl...

Eigenvectors
 V1	 V2	 V3	 V4	 V5	 V6	 V7	 V8	 V9	 V10	 V11	 V12	 V13	 V14	 V15	 V16	 V17	 V18	 V19	 V20	 V21	 V22	 V23	 V24	 V25	 V26	 V27	 V28	 V29	 V30	 V31	 V32	 V33	 V34	 V35	 V36	 V37	 V38	 V39	 V40	 V41	 V42	 V43	 V44	
 0.0485	 0.1405	-0.0441	 0.1089	-0.0545	-0.0026	 0.0291	-0.2092	 0.3294	 0.0037	-0.0539	 0.2539	-0.0821	-0.0126	-0.0725	-0.1784	 0.1033	 0.0693	-0.0847	-0.1636	 0.0225	-0.004 	 0.1054	-0.0669	 0.1285	-0.405 	 0.0419	 0.0527	 0.0796	-0.1043	 0.124 	 0.0484	 0.1875	 0.0376	 0.1802	-0.3292	-0.0428	-0.2938	-0.0962	-0.064 	 0.1108	-0.1367	 0.0756	-0.2756	word_freq_make
 0.0098	-0.0188	-0.0097	-0.0487	 0.0549	-0.0549	 0.0432	 0.104 	-0.0244	-0.0055	-0.0873	 0.0823	-0.3559	-0.2036	 0.1739	 0.4322	 0.0869	 0.1145	-0.0473	 0.1337	 0.4718	 0.3216	-0.0167	 0.046 	 0.2029	-0.21  	-0.0424	 0.0289	 0.076 	 0.0138	-0.0181	-0.0309	 0.0669	-0.0301	 0.0022	 0.0969	-0.1324	 0.1567	 0.0668	-0.0204	-0.0605	 0.0714	-0.0965	-0.1437	word_freq_address
 0.0536	 0.1457	-0.0074	 0.0482	-0.1012	-0.0999	-0.0713	-0.1299	-0.0943	 0.1249	-0.2871	-0.1198	 0.0806	 0.1478	 0.1372	-0.1715	-0.1284	-0.1075	-0.0966	 0.0675	 0.1529	-0.0553	-0.0665	 0.0817	 0.2358	 0.254 	 0.011 	 0.2659	 0.1909	-0.0646	 0.1243	-0.1569	-0.2328	 0.1476	 0.0657	-0.1799	-0.444 	 0.0768	 0.0973	-0.0742	 0.1484	 0.1068	-0.0125	-0.0179	word_freq_all
 0.0077	 0.0155	 0.0095	-0.0462	 0.0406	 0.0126	-0.0041	 0.0105	-0.0116	 0.0138	 0.0354	 0.2504	 0.0363	-0.0876	 0.0163	-0.0217	-0.0739	 0.2958	 0.7616	 0.0733	-0.0541	-0.2468	 0.0478	 0.018 	 0.2178	 0.0087	 0.0187	 0.2489	 0.0376	 0.1014	-0.0727	 0.1403	-0.0076	-0.0297	 0.0661	 0.0012	-0.0857	 0.1034	-0.0108	 0.0233	-0.0058	-0.0097	-0.0586	-0.0148	word_freq_3d
 0.0439	 0.1215	-0.1324	-0.0746	-0.2536	 0.1263	-0.1234	-0.0101	-0.3115	 0.0098	 0.0118	 0.0499	 0.0974	-0.0032	-0.0907	 0.1318	-0.1131	 0.1718	-0.1418	 0.0486	-0.0509	-0.1823	 0.0879	 0.0958	 0.0371	-0.0427	-0.1298	-0.0224	-0.1043	-0.1114	 0.1009	-0.1472	 0.3787	-0.3422	-0.0173	-0.1591	 0.1312	 0.2195	 0.1791	-0.1794	 0.2735	-0.0062	-0.1116	-0.0285	word_freq_our
 0.0532	 0.1533	 0.016 	 0.0611	 0.068 	-0.1515	-0.161 	 0.0702	-0.0742	-0.0756	 0.0878	-0.1279	 0.0456	 0.1819	-0.0831	-0.1706	-0.0701	-0.052 	 0.051 	-0.0734	 0.0736	 0.2426	 0.2129	 0.249 	 0.0992	-0.0608	-0.3219	-0.0721	-0.1899	-0.1486	-0.1418	 0.3867	 0.2263	 0.2949	 0.1553	 0.0438	-0.0317	 0.2037	-0.0618	 0.1454	 0.061 	 0.1294	 0.0704	 0.0083	word_freq_over
 0.0558	 0.1505	-0.1299	-0.0221	 0.0458	 0.1994	 0.0208	 0.1265	-0.2918	 0.0594	-0.0692	 0.1303	 0.0485	-0.1196	-0.1802	 0.1767	-0.1017	-0.1612	 0.0485	 0.0812	-0.0856	-0.0591	 0.0259	 0.1276	-0.1231	-0.2034	 0.1575	-0.1374	-0.2682	 0.0068	 0.0569	 0.0125	-0.2112	 0.3563	 0.0287	 0.1592	-0.23  	-0.2065	-0.0386	-0.1879	 0.0728	-0.1185	-0.0371	-0.1739	word_freq_remove
 0.0404	 0.1249	-0.0411	 0.1037	 0.0277	 0.1855	 0.0784	 0.2349	-0.0274	-0.1578	 0.2063	-0.228 	 0.0569	-0.0359	 0.1098	-0.0586	 0.0252	 0.0616	 0.1538	 0.0172	 0.0515	 0.0768	-0.0121	-0.3333	-0.0901	 0.1368	-0.231 	-0.0427	 0.4305	-0.2914	 0.0642	 0.0376	 0.0261	 0.1369	-0.094 	 0.1147	 0.056 	-0.1469	 0.0859	-0.1689	 0.1435	-0.1028	-0.0972	-0.2436	word_freq_internet
 0.054 	 0.2031	 0.15  	 0.0705	-0.0703	-0.0168	 0.0425	 0.1794	 0.1202	-0.1463	 0.0075	-0.0016	-0.0921	 0.1048	 0.2019	-0.0602	 0.0903	 0.0737	-0.0103	-0.0463	 0.0098	 0.011 	-0.1327	 0.0598	-0.0414	 0.0651	 0.1645	 0.022 	-0.2989	-0.1949	 0.295 	 0.1181	-0.2867	-0.1578	 0.3066	 0.0274	 0.1553	 0.2112	-0.2222	-0.0863	 0.0604	-0.1363	-0.2331	-0.0511	word_freq_order
 0.0257	 0.1334	 0.0726	 0.1027	-0.0056	 0.0856	-0.0454	 0.0941	 0.0847	-0.0203	-0.127 	-0.1185	-0.2333	-0.1642	 0.0294	 0.308 	 0.2343	 0.0052	-0.0571	-0.0276	-0.2563	-0.1919	-0.169 	-0.3022	 0.0278	 0.2163	-0.2521	 0.1504	-0.2748	 0.1393	-0.089 	 0.0348	 0.1133	 0.2058	 0.0897	-0.1975	-0.0608	 0.0304	 0.0041	 0.0869	 0.1287	 0.0582	 0.256 	-0.0351	word_freq_mail
 0.0586	 0.1931	-0.0855	 0.1061	-0.0649	 0.2465	 0.0946	 0.0731	 0.1838	-0.1082	-0.0326	 0.0868	-0.1268	-0.0278	-0.0518	 0.003 	-0.0102	-0.0618	-0.1617	 0.0171	-0.1753	-0.0293	 0.1233	-0.0384	 0.1264	-0.1485	 0.2055	-0.0837	 0.2089	 0.14  	-0.2363	 0.264 	-0.1548	 0.1016	-0.0094	-0.0139	 0.0105	 0.1975	 0.2846	-0.1365	 0.079 	 0.0936	-0.1739	 0.3611	word_freq_receive
 0.023 	 0.0555	-0.0756	 0.0628	-0.3465	 0.0766	-0.0989	-0.1147	 0.2752	-0.0649	-0.2255	-0.1682	-0.1066	-0.0167	-0.2822	-0.0048	-0.0318	-0.158 	 0.1015	 0.0311	 0.0218	-0.0096	-0.0313	-0.0301	 0.1267	 0.1035	 0.0541	 0.0287	-0.022 	 0.0288	 0.0102	 0.0564	 0.1859	-0.1641	-0.0729	 0.5172	-0.0601	-0.1431	-0.1649	 0.0968	 0.179 	 0.0949	-0.181 	-0.0378	word_freq_will
 0.042 	 0.108 	-0.0005	 0.0888	 0.0421	-0.2214	-0.1157	-0.1115	 0.1168	-0.0096	 0.1917	 0.0189	 0.1794	-0.2421	-0.1221	 0.1809	-0.0472	 0.0263	-0.1826	 0.1299	 0.1085	-0.1339	 0.0395	 0.0827	-0.4367	 0.1428	 0.0418	 0.2314	 0.2108	 0.0188	-0.2372	 0.2251	 0.0559	-0.0679	 0.2681	-0.0292	-0.1531	 0.0333	-0.0175	-0.0792	-0.0225	-0.112 	-0.1377	-0.0135	word_freq_people
 0.0201	 0.0567	 0.0683	-0.0286	-0.0587	-0.0676	 0.0837	-0.083 	 0.2541	-0.0552	 0.2593	 0.0889	 0.2171	-0.0551	 0.2363	 0.298 	-0.2764	-0.0222	-0.0514	 0.0529	-0.2311	 0.0905	-0.0622	 0.1302	 0.305 	 0.2325	 0.1534	-0.1877	-0.0264	-0.0516	 0.1517	-0.0752	 0.267 	 0.2455	-0.0631	-0.0061	-0.0775	-0.0281	 0.0339	 0.1256	-0.0686	-0.2026	-0.1007	 0.0028	word_freq_report
 0.0386	 0.1879	 0.1655	 0.1722	-0.0097	-0.27  	-0.2709	 0.2213	-0.1379	-0.1059	-0.0985	-0.0735	-0.2326	 0.0425	 0.0695	-0.0578	-0.0112	 0.0681	 0.0359	-0.0614	-0.1353	-0.0298	-0.0229	-0.0572	-0.0059	 0.008 	 0.0935	-0.0899	-0.0317	 0.0074	-0.0778	-0.0795	 0.0494	-0.144 	-0.0256	 0.0121	-0.1004	-0.1044	 0.0697	-0.0519	-0.1565	-0.2396	-0.1398	 0.1218	word_freq_addresses
 0.05  	 0.1089	-0.1291	-0.0539	 0.0786	 0.0948	 0.0375	-0.03  	-0.2014	 0.1514	-0     	 0.3391	 0.0667	-0.1545	 0.0002	-0.138 	 0.0399	-0.1988	-0.0727	-0.1039	-0.0498	 0.0971	-0.2599	-0.2345	 0.2092	 0.1639	-0.0409	-0.2568	 0.1213	-0.1239	-0.296 	-0.0384	 0.0166	-0.2048	 0.3178	 0.0459	-0.0487	 0.0959	-0.2172	 0.1861	-0.0753	 0.0476	-0.0687	-0.0359	word_freq_free
 0.054 	 0.1842	-0.0992	 0.0439	-0.0458	 0.2898	 0.133 	 0.1821	-0.0193	-0.1277	 0.1492	-0.1443	 0.1206	-0.037 	-0.0761	 0.0022	-0.0289	 0.0242	 0.0257	 0.0329	 0.1198	-0.0148	 0.0077	-0.077 	-0.1467	-0.1264	 0.0802	 0.1271	-0.0749	-0.0376	 0.2844	-0.0712	 0.1467	-0.1186	 0.1267	-0.1136	-0.2996	-0.0894	-0.0324	 0.3273	-0.3667	 0.2973	-0.0056	 0.1809	word_freq_business
 0.027 	 0.1554	-0.0385	 0.1227	 0.0415	-0.1223	-0.1449	 0.1481	-0.1386	 0.0337	-0.3601	 0.1859	-0.0515	 0.0245	 0.1218	-0.0071	-0.1465	 0.0801	 0.0652	 0.0446	 0.0057	 0.1298	 0.0299	-0.0326	-0.3076	 0.096 	 0.3369	-0.1364	 0.2179	 0.1256	 0.1209	 0.1031	 0.2291	 0.0421	-0.0858	-0.0399	 0.105 	-0.0357	-0.0478	 0.2649	 0.1321	 0.0298	 0.2016	-0.07  	word_freq_email
 0.0912	 0.1654	-0.2342	 0.1349	 0.097 	 0.0127	-0.0427	-0.3137	 0.064 	 0.1581	-0.0697	-0.1163	-0.0525	 0.1243	 0.0537	 0.0939	 0.02  	 0.0536	-0.0034	 0.0368	-0.1599	-0.0762	 0.0665	 0.1004	-0.1155	 0.0557	-0.0937	-0.0283	-0.0777	 0.0435	-0.0871	-0.0237	-0.0776	-0.0589	-0.0927	 0.087 	 0.0353	 0.0623	 0.0237	 0.0341	-0.3589	 0.0762	-0.1631	-0.4411	word_freq_you
 0.037 	 0.1242	-0.0012	-0.0238	-0.0257	 0.2589	 0.1704	 0.1277	 0.0447	-0.1383	 0.1381	-0.1122	 0.0259	 0.1437	 0.1422	-0.1914	 0.0129	 0.0766	-0.0145	-0.0666	 0.1162	 0.2039	-0.0406	 0.2298	-0.0404	 0.1076	 0.1126	 0.1194	-0.0827	 0.4943	-0.3727	-0.2396	 0.1271	-0.0519	 0.0326	-0.0622	-0.0434	-0.0453	-0.1027	-0.0322	 0.1701	-0.1309	-0.0012	-0.1769	word_freq_credit
 0.0878	 0.2505	-0.1841	 0.1123	-0.019 	 0.1745	 0.0688	-0.0668	 0.1181	 0.0131	-0.052 	 0.0197	-0.0752	 0.1167	 0.0775	-0.0235	-0.0517	 0.0291	-0.0314	 0.0215	-0.0255	-0.056 	 0.1038	 0.0177	 0.0138	-0.0513	-0.0778	 0.0184	 0.1548	-0.0251	 0.0766	-0.0108	-0.1021	-0.0135	-0.2443	 0.0099	 0.1058	 0.3679	-0.0546	 0.1353	-0.202 	-0.1886	 0.24  	 0.0302	word_freq_your
 0.0164	 0.0053	 0.1399	-0.3278	 0.2672	 0.2925	-0.3923	-0.0409	 0.1171	-0.0146	 0.0177	-0.015 	-0.0981	 0.0796	 0.037 	-0.0434	-0.0402	 0.0401	-0.0151	 0.047 	-0.0003	-0.068 	-0.0011	 0.0522	-0.0163	 0.001 	 0.0411	-0.0258	 0.0705	-0.0343	-0.0473	-0.0652	 0.0138	 0.0343	 0.0043	-0.0158	 0.0568	-0.0826	-0.0391	-0.0283	 0.0041	 0.1492	 0.0346	-0.0137	word_freq_font
 0.0644	 0.2266	 0.0755	 0.1054	 0.0508	-0.2539	-0.2714	 0.0893	-0.0432	-0.079 	 0.1523	-0.0751	 0.0206	-0.0334	-0.0865	-0.0775	 0.0439	-0.0316	 0.001 	-0.063 	-0.073 	-0.0371	-0.0103	-0.0538	 0.2371	-0.2528	-0.013 	 0.0163	 0.0489	 0.0622	-0.1163	-0.3156	-0.012 	 0.0252	-0.0716	 0.0059	 0.0091	-0.1482	 0.1375	 0.0382	-0.1494	 0.088 	-0.1461	 0.0127	word_freq_000
 0.0467	 0.1371	-0.0714	 0.0598	 0.0602	-0.0244	 0.0186	-0.17  	 0.2222	 0.0589	-0.0178	 0.3749	-0.0189	-0.0074	 0.0914	-0.1282	 0.1711	 0.1692	 0.1065	-0.1426	 0.1048	 0.1625	-0.0405	 0.0007	-0.3363	 0.149 	-0.2332	-0.0966	-0.2247	-0.0838	 0.0413	-0.2377	 0.0453	 0.0931	-0.1429	 0.1421	-0.1716	-0.0372	 0.2219	-0.0801	 0.1058	 0.0859	-0.1418	 0.294 	word_freq_money
-0.2127	-0.0363	 0.0719	 0.0533	-0.0396	 0.0665	-0.0576	 0.1629	 0.1196	 0.0699	-0.1717	-0.0844	 0.3361	-0.1893	 0.0684	-0.0253	 0.1509	 0.0406	 0.005 	-0.1611	 0.0236	-0.0311	 0.1266	 0.0531	 0.0061	-0.0874	 0.064 	-0.0735	-0.0394	-0.0936	-0.1062	-0.0505	 0.0261	-0.0702	 0.0069	 0.0716	-0.1184	 0.1113	 0.1087	 0.0396	-0.0434	-0.108 	 0.1347	 0.0655	word_freq_hp
-0.2086	-0.0313	 0.0658	 0.0936	-0.0865	 0.0563	-0.0704	 0.1551	 0.1199	 0.0471	-0.1963	-0.0445	 0.2968	-0.1747	 0.0681	-0.0854	 0.1328	 0.0167	 0.0109	-0.0896	 0.0799	-0.101 	 0.0132	 0.0141	 0.0142	-0.0665	-0.0017	-0.1459	-0.068 	-0.0116	-0.1036	-0.0395	 0.0006	 0.0306	-0.0427	 0.0597	-0.0642	 0.1687	 0.1059	-0.0299	-0.1487	-0.1195	 0.0359	-0.2648	word_freq_hpl
-0.0441	-0.1068	-0.0245	-0.1329	 0.0778	-0.1485	 0.144 	 0.1539	-0.0484	 0.0042	 0.2299	 0.1281	-0.2818	-0.1766	 0.096 	-0.3731	-0.0347	-0.1737	-0.1547	-0.1174	-0.1896	-0.1895	 0.0027	-0.0168	-0.0769	-0.0051	 0.0946	 0.1446	-0.0298	 0.0739	 0.1619	 0.0709	 0.2099	 0.0333	-0.166 	 0.1619	-0.2069	 0.2417	 0.1256	 0.0068	 0.0167	 0.1319	-0.0581	-0.26  	word_freq_george
-0.2736	 0.0652	-0.0009	 0.0089	 0.0296	-0.0249	 0.0311	 0.0081	 0.0043	-0.0032	-0.1162	 0.0113	 0.0627	 0.0359	-0.0017	 0.0167	 0.0239	-0.0052	 0.016 	 0.0339	-0.0226	 0.0041	 0.0422	-0.1106	-0.0144	 0.0435	-0.0105	-0.041 	 0.027 	 0.1627	 0.0694	-0.0573	 0.1217	 0.1859	 0.0497	-0.1293	 0.1447	 0.0692	-0.1701	-0.1438	-0.0798	 0.1783	-0.2283	 0.0116	word_freq_650
-0.2156	 0.05  	-0.0769	-0.0941	-0.313 	 0.0211	-0.163 	-0.1577	-0.0445	-0.1368	 0.1636	-0.0088	-0.1609	-0.037 	 0.0332	 0.0266	 0.075 	-0.1678	 0.1703	-0.0353	 0.0042	 0.076 	-0.0683	 0.0485	-0.1211	 0.0051	 0.0334	-0.067 	 0.0363	-0.0417	-0.0491	 0.0047	-0.0839	 0.0294	-0.0013	-0.0883	-0.037 	 0.0438	 0.0167	 0.0413	-0.0238	-0.0438	 0.0936	-0.0327	word_freq_lab
-0.2976	 0.0858	-0.026 	 0.002 	 0.0511	 0.0114	-0.008 	 0.02  	 0.0156	-0.023 	-0.1151	-0.0184	 0.0806	-0.0293	 0.0119	 0.0093	 0.03  	 0.0008	-0.0158	-0.0395	-0.0482	 0.0385	 0.0192	 0.0148	 0.0177	 0.0229	 0.0326	 0.1   	 0.0002	-0.0333	 0.0236	-0.0034	 0.0542	 0.0161	 0.0135	 0.0358	 0.0082	 0.0315	-0.0156	 0.0161	 0.0211	 0.0918	-0.0325	-0.0011	word_freq_labs
-0.3042	 0.1154	-0.0496	-0.0167	 0.0533	-0.0146	 0.0132	-0.0139	-0.005 	 0.0008	 0.0171	 0.0185	-0.046 	 0.0506	-0.0362	 0.0095	-0.0614	 0.0658	-0.0379	-0.0153	 0.0153	-0.0073	-0.0719	 0.0391	 0.0169	 0.0219	 0.0379	 0.025 	 0.0346	-0.0325	-0.0019	 0.0331	-0.0327	-0.0078	-0.0072	 0.0378	 0.0072	-0.0595	 0.0431	 0.0563	 0.0579	 0.0171	 0.0534	 0.0025	word_freq_telnet
-0.3389	 0.1405	-0.0547	-0.019 	 0.0604	 0.0005	 0.0193	-0.0616	-0.0251	-0.0015	 0.1104	 0.0155	-0.1021	 0.045 	-0.0013	 0.0104	-0.026 	 0.0173	-0.0355	 0.0456	 0.0032	-0.0183	-0.0306	 0.0367	 0.034 	-0.0234	-0.034 	 0.0292	-0.0274	-0.0584	-0.0272	 0.0307	-0.0576	-0.0797	-0.0105	 0.0385	-0.0505	-0.038 	 0.0382	 0.0291	 0.0482	-0.0863	 0.0668	-0.0074	word_freq_857
-0.0098	-0.0821	 0.084 	 0.0205	-0.0867	-0.0163	 0.0108	 0.1392	 0.0133	 0.0605	 0.0787	 0.2094	 0.0748	 0.5293	-0.1749	 0.1681	 0.1708	-0.0504	 0.0081	 0.1187	-0.0489	 0.0983	-0.0428	-0.2252	-0.0596	-0.0268	 0.2614	 0.2236	-0.0812	-0.3145	-0.2835	-0.0376	 0.1084	 0.0453	-0.2344	-0.0645	-0.1474	 0.1325	-0.0583	-0.0119	-0.0381	 0.0012	-0.0342	-0.0945	word_freq_data
-0.338 	 0.1413	-0.0523	-0.0199	 0.0597	 0.0006	 0.0219	-0.064 	-0.0253	 0.0002	 0.1103	 0.0156	-0.1019	 0.0434	-0.0017	 0.0095	-0.0238	 0.0171	-0.0364	 0.0444	 0.0041	-0.021 	-0.0323	 0.0375	 0.0347	-0.0265	-0.0334	 0.031 	-0.0268	-0.0609	-0.0277	 0.0318	-0.0571	-0.0782	-0.0109	 0.0366	-0.0472	-0.0403	 0.0376	 0.0309	 0.049 	-0.087 	 0.0676	-0.0078	word_freq_415
-0.2633	 0.0742	-0.0263	-0.0072	 0.0332	-0.0314	 0.0131	 0.0061	 0.0028	-0.0366	-0.0828	 0.0209	 0.0601	 0.0456	 0.0354	 0.0025	 0.0283	 0.0029	 0.012 	 0.0278	-0.0039	-0.0212	-0.0167	-0.0272	-0.023 	 0.0044	 0.0271	-0.0212	 0.0513	 0.0867	 0.0378	-0.0387	 0.0827	 0.1776	 0.0349	-0.0962	 0.2132	 0.0563	-0.1281	-0.2008	-0.1286	 0.315 	-0.3117	-0.0442	word_freq_85
-0.3093	 0.1018	-0.0344	-0.0124	 0.0407	-0.0093	 0.0145	 0.0131	 0.0157	 0.0114	-0.0031	 0.0005	 0.0048	 0.0136	-0.0287	 0.0124	-0.0573	 0.0209	-0.0106	 0.0544	-0.004 	 0.0257	-0.0195	 0.0086	 0.0363	 0.0477	 0.0473	 0.0429	-0.0001	-0.0451	 0.0198	-0.003 	 0.0354	 0.0088	 0.0248	 0.0433	 0.0304	-0.1032	 0.0345	 0.0555	 0.0902	 0.0294	 0.0534	 0.082 	word_freq_technology
-0.0517	-0.1181	 0.2117	 0.3826	-0.0223	 0.2275	-0.0722	 0.0275	-0.0399	 0.077 	 0.0674	 0.1022	 0.0254	-0.1666	-0.0725	-0.0695	-0.0868	-0.0255	-0.0125	 0.0483	 0.081 	 0.0686	-0.0415	 0.0788	 0.0324	 0.0645	 0.0117	-0.0047	-0.1088	-0.0764	-0.019 	 0.0964	-0.1567	-0.0374	-0.206 	-0.2074	 0.0723	 0.002 	 0.1687	 0.2369	 0.207 	 0.1807	-0.202 	-0.2119	word_freq_1999
 0.0009	-0.0185	-0.0245	-0.0641	-0.2369	 0.0501	-0.1369	-0.0187	-0.1909	-0.0297	 0.0229	 0.1939	 0.185 	 0.0309	 0.2608	-0.1068	 0.0436	 0.4391	-0.3638	 0.1142	-0.0553	 0.0284	 0.0868	-0.2013	 0.1246	-0.0271	-0.0958	 0.187 	-0.0815	 0.1338	-0.0153	 0.237 	-0.1162	 0.0891	-0.0704	 0.2713	-0.0082	-0.2126	-0.0939	 0.0734	-0.0833	 0.0292	-0.0118	 0.0012	word_freq_parts
-0.0404	-0.0768	 0.1179	 0.2999	-0.0606	 0.1561	-0.0984	-0.0505	-0.0229	 0.3065	 0.1397	 0.0403	-0.1406	 0.0156	-0.0823	-0.0756	-0.2005	-0.0019	-0.003 	 0.0249	 0.054 	 0.1223	 0.0559	-0.1186	 0.0065	 0.0494	 0.1282	 0.2358	-0.048 	 0.011 	 0.057 	-0.2209	 0.0935	 0.17  	 0.4046	 0.2607	 0.2743	 0.0723	 0.2505	-0.079 	-0.1526	-0.0642	 0.1662	 0.01  	word_freq_pm
-0.3098	 0.1626	-0.0532	-0.0085	 0.0567	-0.0114	 0.0082	-0.0241	-0.0379	-0.0242	 0.0969	 0.0011	-0.106 	 0.0497	-0.0057	 0.0073	-0.0293	 0.0154	-0.0252	 0.0501	 0.0028	-0.0282	-0.0455	 0.0228	 0.0033	-0.0089	-0.0141	 0.0349	-0.0134	-0.0468	-0.0221	 0.0162	-0.0549	-0.1053	-0.0261	 0.05  	-0.0521	-0.0753	 0.0342	 0.0681	 0.0199	-0.0957	 0.079 	 0.017 	word_freq_direct
-0.0124	-0.0801	 0.1012	 0.2284	 0.155 	 0.0969	 0.0206	-0.2547	-0.1741	-0.473 	-0.1049	 0.0807	 0.0794	-0.009 	-0.0089	-0.014 	 0.0203	-0.0294	-0.0181	-0.0281	-0.006 	-0.0271	-0.1109	-0.005 	 0.0431	-0.0492	 0.0432	 0.0461	 0.0482	-0.0407	 0.0473	-0.0614	 0.1926	 0.0265	 0.0052	 0.2065	-0.1455	 0.181 	-0.1513	-0.3496	-0.0599	 0.0106	 0.2387	 0.0349	word_freq_cs
-0.0283	-0.072 	-0.0481	-0.1034	-0.5272	 0.0437	-0.2667	-0.1596	-0.1101	-0.142 	 0.1495	 0.0414	-0.0639	-0.0757	 0.1535	-0.0198	 0.0928	-0.0914	 0.1343	-0.087 	 0.0088	 0.1012	-0.032 	-0.0176	-0.1407	-0.0237	 0.0622	-0.0818	 0.0566	 0.0399	-0.0024	-0.0088	-0.0797	 0.169 	 0.0427	-0.1392	-0.0089	 0.0832	 0.0245	-0.0069	-0.1077	 0.0561	 0.045 	-0.0296	word_freq_meeting
-0.0679	-0.0626	 0.1459	 0.395 	-0.0194	 0.1703	-0.1297	 0.0334	-0.0371	 0.1726	 0.1415	 0.0883	-0.1416	-0.0975	 0.0968	 0.0115	-0.1202	-0.044 	-0.0349	-0.0629	 0.0281	-0.0677	-0.0739	 0.2127	 0.0218	 0.0348	-0.1274	 0.0027	 0.0496	-0.0111	-0.0259	 0.093 	 0.0525	-0.0806	-0.2827	-0.1055	-0.0885	-0.121 	-0.4228	-0.1826	-0.1303	 0.0191	 0.0066	 0.1763	word_freq_original
-0.0147	-0.0551	-0.003 	-0.0367	-0.0632	-0.0194	 0.0098	 0.0586	 0.0242	 0.0022	 0.0178	-0.0403	-0.0315	 0.1252	-0.3813	 0.0971	-0.2533	 0.4443	-0.0798	-0.49  	 0.0332	-0.0119	-0.4282	 0.0277	-0.0219	-0.0019	-0.0148	-0.1249	 0.1237	 0.0792	 0.0379	 0.0542	-0.099 	 0.1179	 0.0031	 0.0047	-0.0914	 0.1166	 0.0361	-0.0002	-0.0522	 0.0425	 0.0101	-0.0851	word_freq_project
-0.0136	-0.0885	-0.0289	 0.1717	 0.0735	 0.0169	 0.0322	-0.1895	-0.102 	 0.2748	 0.1592	-0.3143	-0.0418	 0.0735	 0.2652	 0.0993	 0.1386	 0.2407	 0.0771	-0.0711	-0.2799	 0.0389	 0.0975	-0.0249	-0.0584	-0.2153	 0.1962	-0.203 	 0.0888	-0.0627	-0.0354	-0.0679	 0.0123	-0.0399	 0.1598	 0.096 	-0.23  	 0.0742	-0.1206	 0.028 	 0.2996	 0.1962	-0.0177	 0.0497	word_freq_re
-0.0026	-0.1051	 0.0786	 0.198 	 0.1886	 0.0325	 0.071 	-0.3196	-0.1925	-0.476 	-0.0811	 0.0222	 0.0352	 0.017 	 0.0057	 0.0388	 0.0039	 0.0177	 0.0015	-0.0225	-0.0668	 0.0338	-0.0292	-0.0131	-0.0116	-0.0162	 0.0437	 0.032 	-0.0555	-0.004 	-0.0469	-0.0107	-0.0808	-0.0279	 0.0357	-0.0369	 0.0725	-0.0475	 0.2113	 0.3038	 0.0314	-0.0236	-0.1355	-0.0648	word_freq_edu
-0.0042	-0.0122	 0.0032	 0.0037	-0.0395	-0.0317	 0.0067	 0.0032	 0.1268	 0.0129	-0.0983	-0.01  	 0.1214	 0.1385	 0.3824	 0.0573	-0.511 	-0.2375	 0.0727	-0.0126	 0.047 	-0.0927	-0.2937	-0.2217	-0.1796	-0.4116	-0.2046	 0.065 	-0.1189	 0.0428	-0.1559	 0.047 	 0.0184	-0.0765	 0.0267	 0.0405	 0.0195	 0.0037	 0.0579	-0.0083	 0.0868	 0.0473	-0.0269	 0.019 	word_freq_table
-0.0065	-0.0529	 0.0199	 0.0041	-0.0575	-0.0189	 0.016 	 0.0401	 0.0931	 0.022 	-0.0924	-0.061 	 0.0038	-0.1317	-0.1563	-0.2547	 0.0414	 0.173 	 0.0093	 0.5995	-0.3244	 0.277 	-0.4076	 0.1541	-0.0729	-0.1809	-0.1391	-0.0369	 0.0584	-0.0167	 0.0257	-0.0519	 0.0329	 0.0217	 0.0326	-0.0653	-0.0517	 0.0954	 0.0091	-0.0203	-0.0411	-0.0519	 0.0275	 0.0052	word_freq_conference
-0.0001	-0.0392	 0.193 	-0.217 	 0.2201	 0.2894	-0.3669	-0.1072	 0.1274	-0.0155	-0.0009	-0.0398	-0.0777	 0.0516	 0.0011	-0.0872	-0.0387	 0.0605	-0.0865	 0.1405	 0.1614	-0.17  	-0.0027	-0.1344	-0.0337	 0.0042	 0.0688	-0.1676	-0.0334	-0.0235	 0.0569	 0.0193	 0.0771	 0.0738	 0.0214	 0.0047	-0.1615	 0.1573	-0.0118	 0.106 	 0.0193	-0.1762	-0.1451	-0.0117	char_freq_;
-0.1379	 0.0607	 0.2937	-0.0102	-0.0501	 0.0105	 0.148 	-0.1416	-0.1003	 0.1059	 0.0156	 0.0063	 0.0173	 0.0859	-0.1973	-0.0068	-0.1073	-0.0608	 0.0482	 0.0491	-0.0011	 0.184 	 0.2619	-0.3245	-0.0337	 0.0009	-0.2034	-0.1409	-0.0118	 0.3   	 0.1521	 0.0231	-0.0415	-0.0746	 0.0005	-0.0992	-0.1863	 0.0959	-0.0494	-0.0128	 0.0009	-0.2   	-0.1079	 0.0084	char_freq_(
-0.0204	-0.0457	 0.1035	 0.1318	-0.0227	 0.0483	-0.0689	 0.14  	-0.016 	 0.0488	 0.0862	 0.2254	 0.1006	 0.3738	 0.0443	 0.1539	 0.3578	-0.201 	-0.0074	 0.0459	-0.0056	-0.2217	-0.1631	 0.2505	-0.0026	-0.0755	-0.2284	-0.0916	 0.275 	 0.2815	 0.2434	 0.0503	 0.0394	-0.0254	 0.1796	 0.1675	-0.0253	-0.0425	 0.1477	 0.1274	 0.0537	-0.0152	-0.0178	-0.0366	char_freq_[
 0.0515	 0.1191	-0.0438	-0.0053	 0.0937	 0.0174	-0.0053	-0.2333	-0.1328	 0.2308	 0.0553	-0.2201	 0.126 	-0.0026	 0.052 	-0.0853	 0.2438	-0.0711	 0.0814	-0.0436	 0.1932	 0.0846	-0.3672	-0.105 	 0.1074	-0.0093	 0.2435	 0.0305	-0.1369	 0.1236	 0.1073	 0.4142	 0.2164	-0.036 	-0.1639	-0.0635	 0.0643	-0.0598	 0.2224	-0.1525	-0.0887	-0.1085	-0.0316	 0.0822	char_freq_!
 0.0619	 0.2159	 0.1135	 0.0224	 0.0344	-0.1883	-0.0832	-0.1035	 0.0358	 0.0235	 0.2337	-0.002 	 0.1992	-0.1872	-0.1225	 0.0382	 0.0969	-0.0282	-0.0362	 0.0308	 0.1362	-0.0463	-0.0909	-0.1246	-0.0111	-0.193 	 0.0799	 0.1051	 0.0174	 0.1392	 0.0994	-0.191 	-0.1536	 0.1164	-0.2076	 0.124 	 0.1602	 0.264 	-0.2684	 0.1743	 0.2791	 0.0401	 0.0677	 0.0199	char_freq_$
 0.0012	 0.032 	 0.0757	-0.1834	 0.1304	 0.1617	-0.1938	 0.0144	-0.013 	 0.0633	-0.1133	 0.0292	 0.1058	-0.1028	 0.0142	 0.1546	 0.0258	-0.1454	 0.0177	-0.3318	-0.3684	 0.4347	 0.0114	 0.1018	-0.0521	-0.0703	-0.0816	 0.4339	 0.1335	-0.0107	 0.1492	 0.0436	-0.0415	-0.1258	-0.0478	 0.0275	 0.0014	 0.0347	-0.0014	-0.004 	 0.0089	-0.0756	-0.117 	-0.0022	char_freq_#
 0.0208	 0.114 	 0.2929	-0.149 	-0.1338	 0.0889	 0.2846	-0.1145	-0.157 	 0.1046	-0.147 	-0.0541	-0.097 	-0.0639	 0.0689	-0.0314	 0.0918	 0.0356	-0.0362	-0.0672	 0.0438	-0.2303	-0.1097	 0.2249	-0.0815	-0.0987	-0.0131	 0.1444	 0.1174	-0.2693	-0.1651	-0.0766	 0.1347	 0.2594	-0.0064	 0.0558	 0.1805	-0.0758	-0.0406	 0.19  	-0.0303	-0.0655	-0.133 	 0.1123	capital_run_length_average
 0.0382	 0.2151	 0.4598	-0.1276	-0.1307	 0.0025	 0.2159	-0.1157	-0.1258	 0.0806	-0.0837	-0.0223	-0.0732	-0.0145	-0.0184	-0.0071	-0.0223	 0.0139	 0.0258	-0.0238	-0.0449	 0.0031	 0.0834	 0.0061	-0.0873	-0.0397	-0.0526	-0.0789	 0.0723	 0.0289	-0.0539	 0.0514	 0.055 	-0.0362	-0.0473	 0.0767	-0.0733	 0.0078	 0.021 	 0.0111	-0.1111	-0.0194	-0.0216	-0.0534	capital_run_length_longest
 0.0522	 0.1957	 0.3843	-0.0979	-0.052 	-0.0409	 0.0527	-0.0332	 0.1534	-0.0483	 0.072 	 0.0775	 0.0831	-0.0012	 0.0308	 0.0621	-0.0393	 0.0196	-0.0042	 0.0625	-0.0573	 0.0487	 0.0107	 0.0447	 0.0134	 0.0801	 0.0875	-0.1249	-0.0124	-0.0496	-0.0184	 0.0956	-0.1064	-0.2303	 0.0086	 0.0523	 0.0124	-0.0918	 0.1556	-0.202 	-0.0415	 0.4383	 0.3331	-0.177 	capital_run_length_total
 0.14  	 0.3599	-0.0684	-0.0465	 0.0951	 0.0679	-0.0414	 0.0229	-0.1362	 0.0497	 0.0683	 0.0666	 0.0885	-0.0202	-0.0351	 0.0057	-0.0081	-0.0454	 0.0639	 0.0254	 0.0325	 0.0168	-0.0557	 0.0424	 0.0317	 0.0493	-0.0293	-0.0371	-0.0394	-0.0105	-0.0102	-0.065 	-0.0417	 0.0034	-0.0539	 0.0161	 0.1149	-0.0262	 0.015 	-0.0996	 0.0375	 0.0327	 0.1269	 0.0008	class=1

Ranked attributes:
 0.8845    1 -0.339word_freq_857-0.338word_freq_415-0.31word_freq_direct-0.309word_freq_technology-0.304word_freq_telnet...
 0.8208    2 0.36 class=1+0.25 word_freq_your+0.227word_freq_000+0.216char_freq_$+0.215capital_run_length_longest...
 0.7861    3 0.46 capital_run_length_longest+0.384capital_run_length_total+0.294char_freq_(+0.293capital_run_length_average-0.234word_freq_you...
 0.7582    4 0.395word_freq_original+0.383word_freq_1999-0.328word_freq_font+0.3  word_freq_pm+0.228word_freq_cs...
 0.7314    5 -0.527word_freq_meeting-0.347word_freq_will-0.313word_freq_lab+0.267word_freq_font-0.254word_freq_our...
 0.7061    6 0.292word_freq_font+0.29 word_freq_business+0.289char_freq_;-0.27word_freq_addresses+0.259word_freq_credit...
 0.6817    7 -0.392word_freq_font-0.367char_freq_;+0.285capital_run_length_average-0.271word_freq_000-0.271word_freq_addresses...
 0.6579    8 -0.32word_freq_edu-0.314word_freq_you-0.255word_freq_cs+0.235word_freq_internet-0.233char_freq_!...
 0.6353    9 0.329word_freq_make-0.312word_freq_our-0.292word_freq_remove+0.275word_freq_will+0.254word_freq_report...
 0.6132   10 -0.476word_freq_edu-0.473word_freq_cs+0.307word_freq_pm+0.275word_freq_re+0.231char_freq_!...
 0.5921   11 -0.36word_freq_email-0.287word_freq_all+0.259word_freq_report+0.234char_freq_$+0.23 word_freq_george...
 0.5726   12 0.375word_freq_money+0.339word_freq_free-0.314word_freq_re+0.254word_freq_make+0.25 word_freq_3d...
 0.5533   13 -0.356word_freq_address+0.336word_freq_hp+0.297word_freq_hpl-0.282word_freq_george-0.233word_freq_mail...
 0.5344   14 0.529word_freq_data+0.374char_freq_[-0.242word_freq_people-0.204word_freq_address-0.189word_freq_hp...
 0.5156   15 0.382word_freq_table-0.381word_freq_project-0.282word_freq_will+0.265word_freq_re+0.261word_freq_parts...
 0.4973   16 0.432word_freq_address-0.373word_freq_george+0.308word_freq_mail+0.298word_freq_report-0.255word_freq_conference...
 0.4792   17 -0.511word_freq_table+0.358char_freq_[-0.276word_freq_report-0.253word_freq_project+0.244char_freq_!...
 0.4615   18 0.444word_freq_project+0.439word_freq_parts+0.296word_freq_3d+0.241word_freq_re-0.238word_freq_table...
 0.444    19 0.762word_freq_3d-0.364word_freq_parts-0.183word_freq_people+0.17 word_freq_lab-0.162word_freq_receive...
 0.4267   20 0.599word_freq_conference-0.49word_freq_project-0.332char_freq_#-0.164word_freq_make-0.161word_freq_hp...
 0.4095   21 0.472word_freq_address-0.368char_freq_#-0.324word_freq_conference-0.28word_freq_re-0.256word_freq_mail...
 0.3926   22 0.435char_freq_#+0.322word_freq_address+0.277word_freq_conference-0.247word_freq_3d+0.243word_freq_over...
 0.376    23 -0.428word_freq_project-0.408word_freq_conference-0.367char_freq_!-0.294word_freq_table+0.262char_freq_(...
 0.3597   24 -0.333word_freq_internet-0.324char_freq_(-0.302word_freq_mail+0.251char_freq_[+0.249word_freq_over...
 0.3435   25 -0.437word_freq_people-0.336word_freq_money-0.308word_freq_email+0.305word_freq_report+0.237word_freq_000...
 0.3276   26 -0.412word_freq_table-0.405word_freq_make+0.254word_freq_all-0.253word_freq_000+0.233word_freq_report...
 0.3118   27 0.337word_freq_email-0.322word_freq_over+0.261word_freq_data-0.252word_freq_mail+0.244char_freq_!...
 0.2961   28 0.434char_freq_#+0.266word_freq_all-0.257word_freq_free+0.249word_freq_3d+0.236word_freq_pm...
 0.2811   29 0.431word_freq_internet-0.299word_freq_order+0.275char_freq_[-0.275word_freq_mail-0.268word_freq_remove...
 0.2661   30 0.494word_freq_credit-0.314word_freq_data+0.3  char_freq_(-0.291word_freq_internet+0.282char_freq_[...
 0.2517   31 -0.373word_freq_credit-0.296word_freq_free+0.295word_freq_order+0.284word_freq_business-0.284word_freq_data...
 0.2374   32 0.414char_freq_!+0.387word_freq_over-0.316word_freq_000+0.264word_freq_receive-0.24word_freq_credit...
 0.2236   33 0.379word_freq_our-0.287word_freq_order+0.267word_freq_report-0.233word_freq_all+0.229word_freq_email...
 0.2102   34 0.356word_freq_remove-0.342word_freq_our+0.295word_freq_over+0.259capital_run_length_average+0.246word_freq_report...
 0.1968   35 0.405word_freq_pm+0.318word_freq_free+0.307word_freq_order-0.283word_freq_original+0.268word_freq_people...
 0.1837   36 0.517word_freq_will-0.329word_freq_make+0.271word_freq_parts+0.261word_freq_pm-0.207word_freq_1999...
 0.171    37 -0.444word_freq_all-0.3word_freq_business+0.274word_freq_pm-0.23word_freq_re-0.23word_freq_remove...
 0.1585   38 0.368word_freq_your-0.294word_freq_make+0.264char_freq_$+0.242word_freq_george+0.219word_freq_our...
 0.1463   39 -0.423word_freq_original+0.285word_freq_receive-0.268char_freq_$+0.251word_freq_pm+0.222char_freq_!...
 0.1343   40 -0.35word_freq_cs+0.327word_freq_business+0.304word_freq_edu+0.265word_freq_email+0.237word_freq_1999...
 0.1227   41 -0.367word_freq_business-0.359word_freq_you+0.3  word_freq_re+0.279char_freq_$+0.274word_freq_our...
 0.1112   42 0.438capital_run_length_total+0.315word_freq_85+0.297word_freq_business-0.24word_freq_addresses-0.203word_freq_report...
 0.1004   43 0.333capital_run_length_total-0.312word_freq_85+0.256word_freq_mail+0.24 word_freq_your+0.239word_freq_cs...
 0.0899   44 -0.441word_freq_you+0.361word_freq_receive+0.294word_freq_money-0.276word_freq_make-0.265word_freq_hpl...

Selected attributes: 1,2,3,4,5,6,7,8,9,10,11,12,13,14,15,16,17,18,19,20,21,22,23,24,25,26,27,28,29,30,31,32,33,34,35,36,37,38,39,40,41,42,43,44 : 44

