

=== Attribute Selection on all input data ===

Search Method:
	Attribute ranking.

Attribute Evaluator (unsupervised):
	Principal Components Attribute Transformer

Correlation matrix
  1     -0.02   0.07   0.01   0.02   0.06   0.01  -0      0.11   0.04   0.19   0.11   0.07   0.04   0.03   0.06   0.08   0.05   0.13   0.02   0.2   -0.02   0.13   0.19  -0.07  -0.06  -0.07  -0.05  -0.04  -0.05  -0.04  -0.03  -0.04  -0.03  -0.04  -0.05  -0.06  -0.01  -0.01  -0.04  -0.01  -0.03  -0.02  -0.02  -0.04  -0.03  -0     -0.02  -0.03  -0.02  -0.03   0.06   0.12  -0.01   0.04   0.06   0.09   0.13 
 -0.02   1     -0.03  -0.01  -0.02  -0.02   0     -0.02  -0      0.03  -0.01  -0.04  -0.02  -0.01   0.01  -0.01  -0.02   0.03  -0.06  -0.02  -0.02  -0.01  -0.02   0     -0.04  -0.04  -0.03  -0.03  -0.02  -0.03  -0.02  -0     -0.02  -0     -0.02  -0.03  -0.02  -0.01  -0.02  -0.01  -0.02  -0.03  -0     -0.02  -0.02  -0.02  -0.01  -0.02  -0.01  -0.05  -0.02  -0.01  -0.01   0      0      0     -0.02  -0.03 
  0.07  -0.03   1     -0.02   0.08   0.09   0.04   0.01   0.09   0.03   0.05   0.08   0.05   0.01   0.12   0.06   0.04   0.12   0.14   0.03   0.16  -0.04   0.12   0.04  -0.09  -0.06  -0.11  -0.05  -0.06  -0.03  -0.04  -0.06  -0.05  -0.06  -0.05  -0.05  -0.07   0.03  -0.01  -0.05  -0.03  -0.01  -0.04  -0.05  -0.05  -0.06   0.03  -0.03  -0.03  -0.02  -0.03   0.11   0.09  -0      0.1    0.11   0.07   0.2  
  0.01  -0.01  -0.02   1      0     -0.01   0.02   0.01  -0     -0     -0.01  -0.02  -0.01   0.01   0      0.01   0      0.02  -0.01  -0.01   0.01   0.03   0.01   0.04  -0.02  -0.01  -0.01  -0.01  -0.01  -0.01  -0.01  -0.01  -0.01  -0.01  -0.01  -0.01  -0.01  -0     -0     -0.01  -0.01  -0.01  -0.01  -0.01  -0.01  -0.01  -0     -0     -0     -0.01  -0.01  -0      0.01  -0      0.01   0.02   0.02   0.06 
  0.02  -0.02   0.08   0      1      0.05   0.15   0.03   0.02   0.03   0.07   0.07   0.03   0      0.06   0.08   0.14   0.06   0.1    0.03   0.14  -0.02   0.07   0     -0.07  -0.08  -0.09  -0.06   0.03  -0.05  -0.04  -0.03  -0.03  -0.03  -0.05  -0.05  -0.07   0.13  -0.04  -0.02  -0.05   0.12  -0.05   0.02  -0.04  -0.08  -0.03  -0.03  -0.03  -0.05  -0.03   0.03   0.04   0      0.05   0.05   0      0.24 
  0.06  -0.02   0.09  -0.01   0.05   1      0.06   0.08   0.12   0.01   0.05   0.01   0.08   0.01   0.17   0.02   0.06   0.08   0.1    0.06   0.11   0.01   0.21   0.06  -0.08  -0.09  -0.07  -0.07  -0.05  -0.05  -0.05  -0.04  -0.03  -0.04  -0.05  -0.05  -0.06  -0.02  -0.05  -0.03  -0.03  -0.05  -0.03  -0.03  -0.05  -0.03  -0.01  -0.03  -0.02  -0.01  -0.02   0.07   0.11   0.02  -0.01   0.09   0.08   0.23 
  0.01   0      0.04   0.02   0.15   0.06   1      0.04   0.05   0.06   0.16  -0      0.01  -0.02   0.04   0.13   0.19   0.12   0.11   0.05   0.13  -0      0.06   0.03  -0.09  -0.08  -0.07  -0.07  -0.05  -0.06  -0.05  -0.04  -0.04  -0.04  -0.05  -0.05  -0.05  -0.01  -0.05  -0.02  -0.03  -0.05  -0.05  -0.03  -0.05  -0.06  -0.02  -0.03  -0.03  -0.05  -0.03   0.05   0.07   0.05   0.04   0.06  -0.01   0.33 
 -0     -0.02   0.01   0.01   0.03   0.08   0.04   1      0.11   0.08   0.13  -0      0.03   0.01   0.07   0.05   0.22   0.04   0.02   0.11   0.16  -0.02   0.09   0.03  -0.05  -0.04  -0.06  -0.05  -0.04  -0.04  -0.04  -0.03  -0.04  -0.03  -0.04  -0.03  -0.02  -0.01  -0.03  -0.01  -0     -0.04  -0     -0.03  -0     -0.04  -0.01  -0.02  -0.03  -0.03  -0.02   0.03   0.06  -0.01   0.01   0.04   0.04   0.21 
  0.11  -0      0.09  -0      0.02   0.12   0.05   0.11   1      0.13   0.14   0.03   0.03   0.07   0.24   0.01   0.16   0.1    0.04   0.12   0.16  -0.02   0.13   0.1   -0.07  -0.05  -0.06  -0.06  -0.04  -0.04  -0.04  -0.03  -0.01  -0.03  -0.04  -0.06  -0.03  -0     -0.04  -0.01  -0.04  -0.05  -0.03  -0.04  -0.08  -0.06   0.01  -0.03  -0.01  -0.03   0.01   0.04   0.15  -0      0.11   0.19   0.25   0.23 
  0.04   0.03   0.03  -0      0.03   0.01   0.06   0.08   0.13   1      0.13   0.07   0.05   0.02   0.16   0.03   0.08   0.04   0.09   0.03   0.1    0.01   0.1    0.05  -0.03  -0.01  -0.07   0.02  -0.03   0.01  -0.02  -0.02  -0.04  -0.01  -0.02  -0.02  -0     -0.02  -0.02   0     -0.03  -0.05   0.02  -0.03  -0.03  -0.03  -0.02  -0.02   0.01   0      0.01   0.04   0.08   0.04   0.07   0.1    0.09   0.14 
  0.19  -0.01   0.05  -0.01   0.07   0.05   0.16   0.13   0.14   0.13   1      0.12   0.05   0.05   0.06   0.1    0.17   0.09   0.14   0.16   0.29  -0.01   0.11   0.06  -0.08  -0.08  -0.07  -0.06  -0.05  -0.05  -0.03  -0.04  -0.04  -0.04  -0.05  -0.05  -0.03  -0     -0.04  -0.02  -0.03  -0.04  -0.03  -0.04  -0.06  -0.05  -0.02  -0.02  -0.03  -0.06  -0.03   0.02   0.07   0      0.03   0.09   0.12   0.23 
  0.11  -0.04   0.08  -0.02   0.07   0.01  -0     -0      0.03   0.07   0.12   1      0      0.01   0.02  -0.03   0.06   0.01   0.09   0.01   0.11  -0.05   0.02   0.02  -0.02   0.01  -0.12  -0.04   0.1   -0.01  -0.04  -0.06  -0.02  -0.06  -0.05  -0.01  -0.03  -0.03   0.02  -0.04  -0.02   0.11  -0.02   0.02  -0.09  -0.07   0      0.03  -0.03  -0.03  -0.04   0.01   0.02  -0.03  -0.01   0.02   0.02   0.01 
  0.07  -0.02   0.05  -0.01   0.03   0.08   0.01   0.03   0.03   0.05   0.05   0      1      0.06   0.08   0      0.05   0.07   0.12  -0.02   0.05  -0.03   0.12   0.08  -0.06  -0.07  -0.05  -0.06  -0.03  -0.05  -0.04  -0.03  -0.05  -0.03  -0.05  -0.05  -0.04  -0.01  -0.02  -0.01  -0.02  -0.04  -0.01  -0.02  -0.04  -0.02  -0.01  -0.02  -0.02  -0.05  -0.03   0.04   0.21  -0.01  -0.01   0.04   0.11   0.13 
  0.04  -0.01   0.01   0.01   0      0.01  -0.02   0.01   0.07   0.02   0.05   0.01   0.06   1     -0.02   0      0.01  -0.03   0.02   0.03   0.04  -0.02   0.04   0.03  -0.04  -0.04  -0.03  -0.02  -0.01  -0.03  -0.02  -0.02  -0.01  -0.02  -0.02   0.01  -0.03  -0     -0.03  -0.02  -0.02   0.01  -0     -0.01  -0     -0.02   0.05  -0.02  -0.02  -0.01  -0.01  -0.01   0.08   0.01   0      0.06   0.17   0.06 
  0.03   0.01   0.12   0      0.06   0.17   0.04   0.07   0.24   0.16   0.06   0.02   0.08  -0.02   1      0      0.02   0.25   0.04   0.02   0.07  -0      0.37   0.03  -0.05  -0.03  -0.04  -0.04  -0.03  -0.04  -0.03  -0.02  -0.02  -0.02  -0.03  -0.03  -0.04  -0.01  -0.02   0.05  -0.01  -0.03   0.05  -0.02  -0.04  -0.02  -0.01  -0.02  -0.02  -0     -0      0.02   0.12  -0.01   0.02   0.21   0.15   0.2  
  0.06  -0.01   0.06   0.01   0.08   0.02   0.13   0.05   0.01   0.03   0.1   -0.03   0      0      0      1      0.06   0.07   0.08   0.03   0.1   -0.01   0.06   0.1   -0.09  -0.08  -0     -0.06  -0.05  -0.06  -0.04  -0.04  -0.04  -0.04  -0.06  -0.06  -0.06   0.02  -0.04  -0.03  -0.03  -0.04  -0.05  -0.03  -0.05  -0.05  -0.02  -0.03  -0.03  -0.05  -0.03   0.1    0.05   0.04   0.02   0.03   0      0.26 
  0.08  -0.02   0.04   0      0.14   0.06   0.19   0.22   0.16   0.08   0.17   0.06   0.05   0.01   0.02   0.06   1      0.05   0.08   0.19   0.22  -0.02   0.1    0.04  -0.05  -0.08  -0.07  -0.06  -0.05  -0.04  -0.04  -0.04  -0.04  -0.04  -0.06  -0.03  -0.05  -0.02  -0.04   0.01  -0.04  -0.04  -0.05  -0.02  -0.06  -0.06  -0.01  -0.03  -0.03  -0.04  -0.04   0.08   0.1   -0      0.04   0.06   0.06   0.26 
  0.05   0.03   0.12   0.02   0.06   0.08   0.12   0.04   0.1    0.04   0.09   0.01   0.07  -0.03   0.25   0.07   0.05   1      0.09   0.01   0.14  -0.03   0.09   0.09  -0.04  -0.03  -0.07   0.04  -0.05   0.03   0.03  -0.04  -0.03  -0.04   0.02   0.02  -0.04   0.01  -0.03   0.01  -0.03  -0.05  -0.02  -0.03  -0.05  -0.04   0.02  -0.02  -0.04  -0.04  -0.02   0.04   0.06   0.02  -0.01   0.08   0.05   0.2  
  0.13  -0.06   0.14  -0.01   0.1    0.1    0.11   0.02   0.04   0.09   0.14   0.09   0.12   0.02   0.04   0.08   0.08   0.09   1      0.04   0.3   -0.02   0.12   0.18  -0.2   -0.16  -0.15  -0.12  -0.09  -0.11  -0.09  -0.08  -0.1   -0.08  -0.09  -0.13  -0.13  -0.03  -0.04  -0.06  -0.05  -0.09  -0.05  -0.07   0.1   -0.01  -0     -0.04  -0.04  -0.13  -0.06   0.15   0.09  -0     -0.03   0.01  -0.01   0.27 
  0.02  -0.02   0.03  -0.01   0.03   0.06   0.05   0.11   0.12   0.03   0.16   0.01  -0.02   0.03   0.02   0.03   0.19   0.01   0.04   1      0.13   0.03   0.04   0.06  -0.05  -0.05  -0.04  -0.04  -0.03  -0.04  -0.03  -0.02  -0.03  -0.02  -0.03  -0.04  -0.04   0.01  -0.03  -0     -0.02  -0.03  -0.03  -0.01  -0.04  -0.03  -0.01  -0.02  -0.02  -0.02  -0.01   0.05   0.03   0.01   0.07   0.1    0.08   0.19 
  0.2   -0.02   0.16   0.01   0.14   0.11   0.13   0.16   0.16   0.1    0.29   0.11   0.05   0.04   0.07   0.1    0.22   0.14   0.3    0.13   1     -0.02   0.12   0.17  -0.15  -0.14  -0.13  -0.1   -0.07  -0.09  -0.07  -0.05  -0.08  -0.05  -0.08  -0.11  -0.11  -0.01  -0.06  -0.02  -0.06  -0.08  -0.05  -0.06  -0.04  -0.08   0.01  -0.05  -0.06  -0.09  -0.05   0.08   0.14  -0      0.04   0.09   0.05   0.38 
 -0.02  -0.01  -0.04   0.03  -0.02   0.01  -0     -0.02  -0.02   0.01  -0.01  -0.05  -0.03  -0.02  -0     -0.01  -0.02  -0.03  -0.02   0.03  -0.02   1      0.02  -0.01  -0.04  -0.04  -0.03  -0.03  -0.02  -0.03  -0.02  -0.02  -0.02  -0.02  -0.02  -0.03  -0.03  -0     -0.02  -0.02  -0.01  -0.02  -0.02  -0.01  -0.03  -0.02  -0.01  -0.01   0.42  -0.05  -0     -0     -0.01   0.18   0.02   0.03   0.1    0.09 
  0.13  -0.02   0.12   0.01   0.07   0.21   0.06   0.09   0.13   0.1    0.11   0.02   0.12   0.04   0.37   0.06   0.1    0.09   0.12   0.04   0.12   0.02   1      0.05  -0.09  -0.08  -0.07  -0.07  -0.05  -0.06  -0.05  -0.04  -0.05  -0.04  -0.05  -0.06  -0.07  -0.02  -0.04  -0     -0.03  -0.05  -0.04  -0.03  -0.05  -0.05  -0.02  -0.03  -0.03  -0.03  -0      0.07   0.31   0.02   0.01   0.12   0.17   0.33 
  0.19   0      0.04   0.04   0      0.06   0.03   0.03   0.1    0.05   0.06   0.02   0.08   0.03   0.03   0.1    0.04   0.09   0.18   0.06   0.17  -0.01   0.05   1     -0.07  -0.06  -0.05  -0.05  -0.04  -0.05  -0.03  -0.03  -0.04  -0.03  -0.04  -0.05  -0.06  -0.01  -0.03  -0.02  -0.03  -0.03  -0.04  -0.02  -0.05  -0.03  -0.01  -0.02  -0.02  -0.03  -0.02   0.05   0.1    0      0.01   0.04   0.08   0.22 
 -0.07  -0.04  -0.09  -0.02  -0.07  -0.08  -0.09  -0.05  -0.07  -0.03  -0.08  -0.02  -0.06  -0.04  -0.05  -0.09  -0.05  -0.04  -0.2   -0.05  -0.15  -0.04  -0.09  -0.07   1      0.52  -0.01   0.34   0.22   0.45   0.35   0.37   0      0.36   0.31   0.39   0.13   0.01   0.05   0.33   0      0.02   0.11  -0      0.05  -0.05   0     -0      0.03   0.14   0.04  -0.09  -0.09   0.06  -0.02  -0.05  -0.04  -0.26 
 -0.06  -0.04  -0.06  -0.01  -0.08  -0.09  -0.08  -0.04  -0.05  -0.01  -0.08   0.01  -0.07  -0.04  -0.03  -0.08  -0.08  -0.03  -0.16  -0.05  -0.14  -0.04  -0.08  -0.06   0.52   1      0.01   0.37   0.22   0.39   0.34   0.36  -0      0.36   0.33   0.35   0.16   0.02   0.06   0.32   0.02   0.06   0.13   0.02  -0.01  -0.04   0.03   0.03   0.01   0.14   0.06  -0.08  -0.08  -0.02  -0.02  -0.05  -0.06  -0.23 
 -0.07  -0.03  -0.11  -0.01  -0.09  -0.07  -0.07  -0.06  -0.06  -0.07  -0.07  -0.12  -0.05  -0.03  -0.04  -0     -0.07  -0.07  -0.15  -0.04  -0.13  -0.03  -0.07  -0.05  -0.01   0.01   1      0.03   0.03   0.04   0.05   0.08  -0.02   0.08   0.03   0.04  -0.02  -0.01   0      0.06  -0.02  -0.01   0.01  -0.01  -0.01  -0.04  -0.01   0.01  -0.02  -0.03  -0.02  -0.07  -0.07  -0.02  -0.03  -0.05  -0.1   -0.18 
 -0.05  -0.03  -0.05  -0.01  -0.06  -0.07  -0.07  -0.05  -0.06   0.02  -0.06  -0.04  -0.06  -0.02  -0.04  -0.06  -0.06   0.04  -0.12  -0.04  -0.1   -0.03  -0.07  -0.05   0.34   0.37   0.03   1      0.34   0.55   0.52   0.56   0      0.56   0.58   0.57   0.02  -0.01   0.04   0.51   0.02   0      0.08  -0     -0     -0.01   0      0     -0.03   0.31   0.03  -0.06  -0.06  -0.01  -0.01  -0.04  -0.07  -0.16 
 -0.04  -0.02  -0.06  -0.01   0.03  -0.05  -0.05  -0.04  -0.04  -0.03  -0.05   0.1   -0.03  -0.01  -0.03  -0.05  -0.05  -0.05  -0.09  -0.03  -0.07  -0.02  -0.05  -0.04   0.22   0.22   0.03   0.34   1      0.38   0.41   0.51  -0      0.5    0.32   0.41   0.01  -0.01   0.01   0.46  -0.02   0.43   0.06  -0     -0.01  -0.02  -0     -0     -0.02   0.16   0.01  -0.04  -0.05   0     -0.01  -0.03  -0.06  -0.13 
 -0.05  -0.03  -0.03  -0.01  -0.05  -0.05  -0.06  -0.04  -0.04   0.01  -0.05  -0.01  -0.05  -0.03  -0.04  -0.06  -0.04   0.03  -0.11  -0.04  -0.09  -0.03  -0.06  -0.05   0.45   0.39   0.04   0.55   0.38   1      0.61   0.66  -0.01   0.66   0.54   0.63   0.06  -0      0.03   0.6    0.04  -0.02   0.07  -0     -0.01  -0.01  -0.01  -0.01  -0.02   0.22   0     -0.06  -0.07   0.08  -0.02  -0.04  -0.06  -0.17 
 -0.04  -0.02  -0.04  -0.01  -0.04  -0.05  -0.05  -0.04  -0.04  -0.02  -0.03  -0.04  -0.04  -0.02  -0.03  -0.04  -0.04   0.03  -0.09  -0.03  -0.07  -0.02  -0.05  -0.03   0.35   0.34   0.05   0.52   0.41   0.61   1      0.74  -0.01   0.74   0.52   0.68   0.04  -0.01   0.04   0.7   -0.01  -0.01   0.09   0.08  -0.01  -0.02  -0     -0.01  -0.02   0.23   0.01  -0.05  -0.05   0     -0.01  -0.03  -0.05  -0.13 
 -0.03  -0     -0.06  -0.01  -0.03  -0.04  -0.04  -0.03  -0.03  -0.02  -0.04  -0.06  -0.03  -0.02  -0.02  -0.04  -0.04  -0.04  -0.08  -0.02  -0.05  -0.02  -0.04  -0.03   0.37   0.36   0.08   0.56   0.51   0.66   0.74   1     -0.02   1      0.56   0.73   0.03  -0.01   0.04   0.85  -0.01  -0.01   0.12   0      0.02  -0.02   0     -0.01  -0.01   0.3    0.01  -0.04  -0.04  -0.01  -0.01  -0.03  -0.05  -0.11 
 -0.04  -0.02  -0.05  -0.01  -0.03  -0.03  -0.04  -0.04  -0.01  -0.04  -0.04  -0.02  -0.05  -0.01  -0.02  -0.04  -0.04  -0.03  -0.1   -0.03  -0.08  -0.02  -0.05  -0.04   0     -0     -0.02   0     -0     -0.01  -0.01  -0.02   1     -0.02  -0     -0.01   0.05   0.02   0.06  -0.02  -0      0.01   0.01   0.03   0     -0.02   0      0     -0.01   0.03   0.11  -0.05  -0.05  -0.01  -0.02  -0.03   0.01  -0.12 
 -0.03  -0     -0.06  -0.01  -0.03  -0.04  -0.04  -0.03  -0.03  -0.01  -0.04  -0.06  -0.03  -0.02  -0.02  -0.04  -0.04  -0.04  -0.08  -0.02  -0.05  -0.02  -0.04  -0.03   0.36   0.36   0.08   0.56   0.5    0.66   0.74   1     -0.02   1      0.55   0.73   0.03  -0.01   0.04   0.85  -0.01  -0.01   0.12   0      0.02  -0.02   0     -0.01  -0.01   0.3    0.01  -0.04  -0.04  -0.01  -0     -0.02  -0.04  -0.11 
 -0.04  -0.02  -0.05  -0.01  -0.05  -0.05  -0.05  -0.04  -0.04  -0.02  -0.05  -0.05  -0.05  -0.02  -0.03  -0.06  -0.06   0.02  -0.09  -0.03  -0.08  -0.02  -0.05  -0.04   0.31   0.33   0.03   0.58   0.32   0.54   0.52   0.56  -0      0.55   1      0.52   0.02  -0.01   0.02   0.51   0.02   0.03   0.06   0     -0.01  -0.01   0.02   0     -0.02   0.2    0.03  -0.05  -0.05  -0.01  -0.01  -0.03  -0.05  -0.15 
 -0.05  -0.03  -0.05  -0.01  -0.05  -0.05  -0.05  -0.03  -0.06  -0.02  -0.05  -0.01  -0.05   0.01  -0.03  -0.06  -0.03   0.02  -0.13  -0.04  -0.11  -0.03  -0.06  -0.05   0.39   0.35   0.04   0.57   0.41   0.63   0.68   0.73  -0.01   0.73   0.52   1      0.05  -0.01   0.07   0.67  -0.02  -0.02   0.08   0.01  -0.01  -0.04  -0      0.01  -0.02   0.25   0     -0.06  -0.06   0.01  -0.02  -0.04  -0.05  -0.14 
 -0.06  -0.02  -0.07  -0.01  -0.07  -0.06  -0.05  -0.02  -0.03  -0     -0.03  -0.03  -0.04  -0.03  -0.04  -0.06  -0.05  -0.04  -0.13  -0.04  -0.11  -0.03  -0.07  -0.06   0.13   0.16  -0.02   0.02   0.01   0.06   0.04   0.03   0.05   0.03   0.02   0.05   1     -0      0.24   0.02   0.11   0.01   0.32   0.01   0.05   0.13  -0.02   0.05   0.05   0.11   0.07  -0.05  -0.06  -0.02  -0.01  -0.03  -0     -0.18 
 -0.01  -0.01   0.03  -0      0.13  -0.02  -0.01  -0.01  -0     -0.02  -0     -0.03  -0.01  -0     -0.01   0.02  -0.02   0.01  -0.03   0.01  -0.01  -0     -0.02  -0.01   0.01   0.02  -0.01  -0.01  -0.01  -0     -0.01  -0.01   0.02  -0.01  -0.01  -0.01  -0      1      0     -0.01  -0.01   0.17  -0.01   0     -0     -0.01  -0      0.02   0.01  -0.01   0     -0.02  -0.01  -0     -0.01  -0.01  -0.01  -0.03 
 -0.01  -0.02  -0.01  -0     -0.04  -0.05  -0.05  -0.03  -0.04  -0.02  -0.04   0.02  -0.02  -0.03  -0.02  -0.04  -0.04  -0.03  -0.04  -0.03  -0.06  -0.02  -0.04  -0.03   0.05   0.06   0      0.04   0.01   0.03   0.04   0.04   0.06   0.04   0.02   0.07   0.24   0      1      0.02   0.03   0.04   0.21   0.01   0.11  -0      0      0.01   0.03   0.11   0.04  -0.02  -0.04  -0.01  -0.01  -0.03  -0.05  -0.12 
 -0.04  -0.01  -0.05  -0.01  -0.02  -0.03  -0.02  -0.01  -0.01   0     -0.02  -0.04  -0.01  -0.02   0.05  -0.03   0.01   0.01  -0.06  -0     -0.02  -0.02  -0     -0.02   0.33   0.32   0.06   0.51   0.46   0.6    0.7    0.85  -0.02   0.85   0.51   0.67   0.02  -0.01   0.02   1     -0.02  -0.02   0.1   -0     -0.01  -0.03   0     -0.02  -0.02   0.27   0.01  -0.03  -0.02  -0.01  -0     -0     -0.03  -0.06 
 -0.01  -0.02  -0.03  -0.01  -0.05  -0.03  -0.03  -0     -0.04  -0.03  -0.03  -0.02  -0.02  -0.02  -0.01  -0.03  -0.04  -0.03  -0.05  -0.02  -0.06  -0.01  -0.03  -0.03   0      0.02  -0.02   0.02  -0.02   0.04  -0.01  -0.01  -0     -0.01   0.02  -0.02   0.11  -0.01   0.03  -0.02   1     -0.01   0.09  -0.01   0.02   0.35  -0.01  -0      0.05   0.02   0.03  -0.03  -0.04  -0.01  -0.01  -0.02  -0.03  -0.1  
 -0.03  -0.03  -0.01  -0.01   0.12  -0.05  -0.05  -0.04  -0.05  -0.05  -0.04   0.11  -0.04   0.01  -0.03  -0.04  -0.04  -0.05  -0.09  -0.03  -0.08  -0.02  -0.05  -0.03   0.02   0.06  -0.01   0      0.43  -0.02  -0.01  -0.01   0.01  -0.01   0.03  -0.02   0.01   0.17   0.04  -0.02  -0.01   1      0.02   0.01   0.01  -0.02   0.01  -0     -0.01  -0.01   0.01  -0.04  -0.04  -0     -0.02  -0.03  -0.06  -0.14 
 -0.02  -0     -0.04  -0.01  -0.05  -0.03  -0.05  -0     -0.03   0.02  -0.03  -0.02  -0.01  -0      0.05  -0.05  -0.05  -0.02  -0.05  -0.03  -0.05  -0.02  -0.04  -0.04   0.11   0.13   0.01   0.08   0.06   0.07   0.09   0.12   0.01   0.12   0.06   0.08   0.32  -0.01   0.21   0.1    0.09   0.02   1      0.01   0.09   0.01   0.02  -0.01   0.02   0.06   0.12  -0.05  -0.05  -0.01  -0.02  -0.02  -0.04  -0.14 
 -0.02  -0.02  -0.05  -0.01   0.02  -0.03  -0.03  -0.03  -0.04  -0.03  -0.04   0.02  -0.02  -0.01  -0.02  -0.03  -0.02  -0.03  -0.07  -0.01  -0.06  -0.01  -0.03  -0.02  -0      0.02  -0.01  -0     -0     -0      0.08   0      0.03   0      0      0.01   0.01   0      0.01  -0     -0.01   0.01   0.01   1     -0     -0.02  -0      0     -0.01  -0     -0.01  -0.03  -0.04   0     -0.01  -0.03  -0.04  -0.09 
 -0.04  -0.02  -0.05  -0.01  -0.04  -0.05  -0.05  -0     -0.08  -0.03  -0.06  -0.09  -0.04  -0     -0.04  -0.05  -0.06  -0.05   0.1   -0.04  -0.04  -0.03  -0.05  -0.05   0.05  -0.01  -0.01  -0     -0.01  -0.01  -0.01   0.02   0      0.02  -0.01  -0.01   0.05  -0      0.11  -0.01   0.02   0.01   0.09  -0      1      0.04  -0.01   0.01  -0.02   0      0.01   0.07  -0.05  -0.02  -0.03  -0.05  -0.1   -0.14 
 -0.03  -0.02  -0.06  -0.01  -0.08  -0.03  -0.06  -0.04  -0.06  -0.03  -0.05  -0.07  -0.02  -0.02  -0.02  -0.05  -0.06  -0.04  -0.01  -0.03  -0.08  -0.02  -0.05  -0.03  -0.05  -0.04  -0.04  -0.01  -0.02  -0.01  -0.02  -0.02  -0.02  -0.02  -0.01  -0.04   0.13  -0.01  -0     -0.03   0.35  -0.02   0.01  -0.02   0.04   1     -0.01  -0.02   0.02   0.01  -0     -0.03  -0.05  -0.02  -0.02  -0.03  -0.05  -0.15 
 -0     -0.01   0.03  -0     -0.03  -0.01  -0.02  -0.01   0.01  -0.02  -0.02   0     -0.01   0.05  -0.01  -0.02  -0.01   0.02  -0     -0.01   0.01  -0.01  -0.02  -0.01   0      0.03  -0.01   0     -0     -0.01  -0      0      0      0      0.02  -0     -0.02  -0      0      0     -0.01   0.01   0.02  -0     -0.01  -0.01   1     -0.01   0     -0     -0     -0.02  -0.02   0     -0.01  -0.01   0.01  -0.04 
 -0.02  -0.02  -0.03  -0     -0.03  -0.03  -0.03  -0.02  -0.03  -0.02  -0.02   0.03  -0.02  -0.02  -0.02  -0.03  -0.03  -0.02  -0.04  -0.02  -0.05  -0.01  -0.03  -0.02  -0      0.03   0.01   0     -0     -0.01  -0.01  -0.01   0     -0.01   0      0.01   0.05   0.02   0.01  -0.02  -0     -0     -0.01   0      0.01  -0.02  -0.01   1     -0     -0.01  -0.01  -0.03  -0.03  -0.01  -0.01  -0.02  -0.01  -0.08 
 -0.03  -0.01  -0.03  -0     -0.03  -0.02  -0.03  -0.03  -0.01   0.01  -0.03  -0.03  -0.02  -0.02  -0.02  -0.03  -0.03  -0.04  -0.04  -0.02  -0.06   0.42  -0.03  -0.02   0.03   0.01  -0.02  -0.03  -0.02  -0.02  -0.02  -0.01  -0.01  -0.01  -0.02  -0.02   0.05   0.01   0.03  -0.02   0.05  -0.01   0.02  -0.01  -0.02   0.02   0     -0      1      0.05   0.01   0.02   0.01   0.06   0      0.04   0.06  -0.06 
 -0.02  -0.05  -0.02  -0.01  -0.05  -0.01  -0.05  -0.03  -0.03   0     -0.06  -0.03  -0.05  -0.01  -0     -0.05  -0.04  -0.04  -0.13  -0.02  -0.09  -0.05  -0.03  -0.03   0.14   0.14  -0.03   0.31   0.16   0.22   0.23   0.3    0.03   0.3    0.2    0.25   0.11  -0.01   0.11   0.27   0.02  -0.01   0.06  -0      0      0.01  -0     -0.01   0.05   1      0.02  -0.03   0.04   0.02   0.03   0.37   0.11  -0.09 
 -0.03  -0.02  -0.03  -0.01  -0.03  -0.02  -0.03  -0.02   0.01   0.01  -0.03  -0.04  -0.03  -0.01  -0     -0.03  -0.04  -0.02  -0.06  -0.01  -0.05  -0     -0     -0.02   0.04   0.06  -0.02   0.03   0.01   0      0.01   0.01   0.11   0.01   0.03   0      0.07   0      0.04   0.01   0.03   0.01   0.12  -0.01   0.01  -0     -0     -0.01   0.01   0.02   1     -0.03  -0.03  -0.01  -0.01  -0.01   0.01  -0.06 
  0.06  -0.01   0.11  -0      0.03   0.07   0.05   0.03   0.04   0.04   0.02   0.01   0.04  -0.01   0.02   0.1    0.08   0.04   0.15   0.05   0.08  -0      0.07   0.05  -0.09  -0.08  -0.07  -0.06  -0.04  -0.06  -0.05  -0.04  -0.05  -0.04  -0.05  -0.06  -0.05  -0.02  -0.02  -0.03  -0.03  -0.04  -0.05  -0.03   0.07  -0.03  -0.02  -0.03   0.02  -0.03  -0.03   1      0.14   0.02   0.05   0.08   0.04   0.24 
  0.12  -0.01   0.09   0.01   0.04   0.11   0.07   0.06   0.15   0.08   0.07   0.02   0.21   0.08   0.12   0.05   0.1    0.06   0.09   0.03   0.14  -0.01   0.31   0.1   -0.09  -0.08  -0.07  -0.06  -0.05  -0.07  -0.05  -0.04  -0.05  -0.04  -0.05  -0.06  -0.06  -0.01  -0.04  -0.02  -0.04  -0.04  -0.05  -0.04  -0.05  -0.05  -0.02  -0.03   0.01   0.04  -0.03   0.14   1      0.01   0.08   0.18   0.2    0.32 
 -0.01   0     -0     -0      0      0.02   0.05  -0.01  -0      0.04   0     -0.03  -0.01   0.01  -0.01   0.04  -0      0.02  -0      0.01  -0      0.18   0.02   0      0.06  -0.02  -0.02  -0.01   0      0.08   0     -0.01  -0.01  -0.01  -0.01   0.01  -0.02  -0     -0.01  -0.01  -0.01  -0     -0.01   0     -0.02  -0.02   0     -0.01   0.06   0.02  -0.01   0.02   0.01   1      0.01   0.06   0.04   0.07 
  0.04   0      0.1    0.01   0.05  -0.01   0.04   0.01   0.11   0.07   0.03  -0.01  -0.01   0      0.02   0.02   0.04  -0.01  -0.03   0.07   0.04   0.02   0.01   0.01  -0.02  -0.02  -0.03  -0.01  -0.01  -0.02  -0.01  -0.01  -0.02  -0     -0.01  -0.02  -0.01  -0.01  -0.01  -0     -0.01  -0.02  -0.02  -0.01  -0.03  -0.02  -0.01  -0.01   0      0.03  -0.01   0.05   0.08   0.01   1      0.49   0.16   0.11 
  0.06   0      0.11   0.02   0.05   0.09   0.06   0.04   0.19   0.1    0.09   0.02   0.04   0.06   0.21   0.03   0.06   0.08   0.01   0.1    0.09   0.03   0.12   0.04  -0.05  -0.05  -0.05  -0.04  -0.03  -0.04  -0.03  -0.03  -0.03  -0.02  -0.03  -0.04  -0.03  -0.01  -0.03  -0     -0.02  -0.03  -0.02  -0.03  -0.05  -0.03  -0.01  -0.02   0.04   0.37  -0.01   0.08   0.18   0.06   0.49   1      0.48   0.22 
  0.09  -0.02   0.07   0.02   0      0.08  -0.01   0.04   0.25   0.09   0.12   0.02   0.11   0.17   0.15   0      0.06   0.05  -0.01   0.08   0.05   0.1    0.17   0.08  -0.04  -0.06  -0.1   -0.07  -0.06  -0.06  -0.05  -0.05   0.01  -0.04  -0.05  -0.05  -0     -0.01  -0.05  -0.03  -0.03  -0.06  -0.04  -0.04  -0.1   -0.05   0.01  -0.01   0.06   0.11   0.01   0.04   0.2    0.04   0.16   0.48   1      0.25 
  0.13  -0.03   0.2    0.06   0.24   0.23   0.33   0.21   0.23   0.14   0.23   0.01   0.13   0.06   0.2    0.26   0.26   0.2    0.27   0.19   0.38   0.09   0.33   0.22  -0.26  -0.23  -0.18  -0.16  -0.13  -0.17  -0.13  -0.11  -0.12  -0.11  -0.15  -0.14  -0.18  -0.03  -0.12  -0.06  -0.1   -0.14  -0.14  -0.09  -0.14  -0.15  -0.04  -0.08  -0.06  -0.09  -0.06   0.24   0.32   0.07   0.11   0.22   0.25   1    


eigenvalue	proportion	cumulative
  6.69858	  0.11549	  0.11549	-0.339word_freq_857-0.338word_freq_415-0.31word_freq_direct-0.309word_freq_technology-0.304word_freq_telnet...

Eigenvectors
 V1	
 0.0485	word_freq_make
 0.0098	word_freq_address
 0.0536	word_freq_all
 0.0077	word_freq_3d
 0.0439	word_freq_our
 0.0532	word_freq_over
 0.0558	word_freq_remove
 0.0404	word_freq_internet
 0.054 	word_freq_order
 0.0257	word_freq_mail
 0.0586	word_freq_receive
 0.023 	word_freq_will
 0.042 	word_freq_people
 0.0201	word_freq_report
 0.0386	word_freq_addresses
 0.05  	word_freq_free
 0.054 	word_freq_business
 0.027 	word_freq_email
 0.0912	word_freq_you
 0.037 	word_freq_credit
 0.0878	word_freq_your
 0.0164	word_freq_font
 0.0644	word_freq_000
 0.0467	word_freq_money
-0.2127	word_freq_hp
-0.2086	word_freq_hpl
-0.0441	word_freq_george
-0.2736	word_freq_650
-0.2156	word_freq_lab
-0.2976	word_freq_labs
-0.3042	word_freq_telnet
-0.3389	word_freq_857
-0.0098	word_freq_data
-0.338 	word_freq_415
-0.2633	word_freq_85
-0.3093	word_freq_technology
-0.0517	word_freq_1999
 0.0009	word_freq_parts
-0.0404	word_freq_pm
-0.3098	word_freq_direct
-0.0124	word_freq_cs
-0.0283	word_freq_meeting
-0.0679	word_freq_original
-0.0147	word_freq_project
-0.0136	word_freq_re
-0.0026	word_freq_edu
-0.0042	word_freq_table
-0.0065	word_freq_conference
-0.0001	char_freq_;
-0.1379	char_freq_(
-0.0204	char_freq_[
 0.0515	char_freq_!
 0.0619	char_freq_$
 0.0012	char_freq_#
 0.0208	capital_run_length_average
 0.0382	capital_run_length_longest
 0.0522	capital_run_length_total
 0.14  	class=1

Ranked attributes:
 0.885 1 -0.339word_freq_857-0.338word_freq_415-0.31word_freq_direct-0.309word_freq_technology-0.304word_freq_telnet...

Selected attributes: 1 : 1

