

=== Attribute Selection on all input data ===

Search Method:
	Attribute ranking.

Attribute Evaluator (unsupervised):
	Principal Components Attribute Transformer

Correlation matrix
  1     -0.02   0.07   0.01   0.02   0.06   0.01  -0      0.11   0.04   0.19   0.11   0.07   0.04   0.03   0.06   0.08   0.05   0.13   0.02   0.2   -0.02   0.13   0.19  -0.07  -0.06  -0.07  -0.05  -0.04  -0.05  -0.04  -0.03  -0.04  -0.03  -0.04  -0.05  -0.06  -0.01  -0.01  -0.04  -0.01  -0.03  -0.02  -0.02  -0.04  -0.03  -0     -0.02  -0.03  -0.02  -0.03   0.06   0.12  -0.01   0.04   0.06   0.09   0.13 
 -0.02   1     -0.03  -0.01  -0.02  -0.02   0     -0.02  -0      0.03  -0.01  -0.04  -0.02  -0.01   0.01  -0.01  -0.02   0.03  -0.06  -0.02  -0.02  -0.01  -0.02   0     -0.04  -0.04  -0.03  -0.03  -0.02  -0.03  -0.02  -0     -0.02  -0     -0.02  -0.03  -0.02  -0.01  -0.02  -0.01  -0.02  -0.03  -0     -0.02  -0.02  -0.02  -0.01  -0.02  -0.01  -0.05  -0.02  -0.01  -0.01   0      0      0     -0.02  -0.03 
  0.07  -0.03   1     -0.02   0.08   0.09   0.04   0.01   0.09   0.03   0.05   0.08   0.05   0.01   0.12   0.06   0.04   0.12   0.14   0.03   0.16  -0.04   0.12   0.04  -0.09  -0.06  -0.11  -0.05  -0.06  -0.03  -0.04  -0.06  -0.05  -0.06  -0.05  -0.05  -0.07   0.03  -0.01  -0.05  -0.03  -0.01  -0.04  -0.05  -0.05  -0.06   0.03  -0.03  -0.03  -0.02  -0.03   0.11   0.09  -0      0.1    0.11   0.07   0.2  
  0.01  -0.01  -0.02   1      0     -0.01   0.02   0.01  -0     -0     -0.01  -0.02  -0.01   0.01   0      0.01   0      0.02  -0.01  -0.01   0.01   0.03   0.01   0.04  -0.02  -0.01  -0.01  -0.01  -0.01  -0.01  -0.01  -0.01  -0.01  -0.01  -0.01  -0.01  -0.01  -0     -0     -0.01  -0.01  -0.01  -0.01  -0.01  -0.01  -0.01  -0     -0     -0     -0.01  -0.01  -0      0.01  -0      0.01   0.02   0.02   0.06 
  0.02  -0.02   0.08   0      1      0.05   0.15   0.03   0.02   0.03   0.07   0.07   0.03   0      0.06   0.08   0.14   0.06   0.1    0.03   0.14  -0.02   0.07   0     -0.07  -0.08  -0.09  -0.06   0.03  -0.05  -0.04  -0.03  -0.03  -0.03  -0.05  -0.05  -0.07   0.13  -0.04  -0.02  -0.05   0.12  -0.05   0.02  -0.04  -0.08  -0.03  -0.03  -0.03  -0.05  -0.03   0.03   0.04   0      0.05   0.05   0      0.24 
  0.06  -0.02   0.09  -0.01   0.05   1      0.06   0.08   0.12   0.01   0.05   0.01   0.08   0.01   0.17   0.02   0.06   0.08   0.1    0.06   0.11   0.01   0.21   0.06  -0.08  -0.09  -0.07  -0.07  -0.05  -0.05  -0.05  -0.04  -0.03  -0.04  -0.05  -0.05  -0.06  -0.02  -0.05  -0.03  -0.03  -0.05  -0.03  -0.03  -0.05  -0.03  -0.01  -0.03  -0.02  -0.01  -0.02   0.07   0.11   0.02  -0.01   0.09   0.08   0.23 
  0.01   0      0.04   0.02   0.15   0.06   1      0.04   0.05   0.06   0.16  -0      0.01  -0.02   0.04   0.13   0.19   0.12   0.11   0.05   0.13  -0      0.06   0.03  -0.09  -0.08  -0.07  -0.07  -0.05  -0.06  -0.05  -0.04  -0.04  -0.04  -0.05  -0.05  -0.05  -0.01  -0.05  -0.02  -0.03  -0.05  -0.05  -0.03  -0.05  -0.06  -0.02  -0.03  -0.03  -0.05  -0.03   0.05   0.07   0.05   0.04   0.06  -0.01   0.33 
 -0     -0.02   0.01   0.01   0.03   0.08   0.04   1      0.11   0.08   0.13  -0      0.03   0.01   0.07   0.05   0.22   0.04   0.02   0.11   0.16  -0.02   0.09   0.03  -0.05  -0.04  -0.06  -0.05  -0.04  -0.04  -0.04  -0.03  -0.04  -0.03  -0.04  -0.03  -0.02  -0.01  -0.03  -0.01  -0     -0.04  -0     -0.03  -0     -0.04  -0.01  -0.02  -0.03  -0.03  -0.02   0.03   0.06  -0.01   0.01   0.04   0.04   0.21 
  0.11  -0      0.09  -0      0.02   0.12   0.05   0.11   1      0.13   0.14   0.03   0.03   0.07   0.24   0.01   0.16   0.1    0.04   0.12   0.16  -0.02   0.13   0.1   -0.07  -0.05  -0.06  -0.06  -0.04  -0.04  -0.04  -0.03  -0.01  -0.03  -0.04  -0.06  -0.03  -0     -0.04  -0.01  -0.04  -0.05  -0.03  -0.04  -0.08  -0.06   0.01  -0.03  -0.01  -0.03   0.01   0.04   0.15  -0      0.11   0.19   0.25   0.23 
  0.04   0.03   0.03  -0      0.03   0.01   0.06   0.08   0.13   1      0.13   0.07   0.05   0.02   0.16   0.03   0.08   0.04   0.09   0.03   0.1    0.01   0.1    0.05  -0.03  -0.01  -0.07   0.02  -0.03   0.01  -0.02  -0.02  -0.04  -0.01  -0.02  -0.02  -0     -0.02  -0.02   0     -0.03  -0.05   0.02  -0.03  -0.03  -0.03  -0.02  -0.02   0.01   0      0.01   0.04   0.08   0.04   0.07   0.1    0.09   0.14 
  0.19  -0.01   0.05  -0.01   0.07   0.05   0.16   0.13   0.14   0.13   1      0.12   0.05   0.05   0.06   0.1    0.17   0.09   0.14   0.16   0.29  -0.01   0.11   0.06  -0.08  -0.08  -0.07  -0.06  -0.05  -0.05  -0.03  -0.04  -0.04  -0.04  -0.05  -0.05  -0.03  -0     -0.04  -0.02  -0.03  -0.04  -0.03  -0.04  -0.06  -0.05  -0.02  -0.02  -0.03  -0.06  -0.03   0.02   0.07   0      0.03   0.09   0.12   0.23 
  0.11  -0.04   0.08  -0.02   0.07   0.01  -0     -0      0.03   0.07   0.12   1      0      0.01   0.02  -0.03   0.06   0.01   0.09   0.01   0.11  -0.05   0.02   0.02  -0.02   0.01  -0.12  -0.04   0.1   -0.01  -0.04  -0.06  -0.02  -0.06  -0.05  -0.01  -0.03  -0.03   0.02  -0.04  -0.02   0.11  -0.02   0.02  -0.09  -0.07   0      0.03  -0.03  -0.03  -0.04   0.01   0.02  -0.03  -0.01   0.02   0.02   0.01 
  0.07  -0.02   0.05  -0.01   0.03   0.08   0.01   0.03   0.03   0.05   0.05   0      1      0.06   0.08   0      0.05   0.07   0.12  -0.02   0.05  -0.03   0.12   0.08  -0.06  -0.07  -0.05  -0.06  -0.03  -0.05  -0.04  -0.03  -0.05  -0.03  -0.05  -0.05  -0.04  -0.01  -0.02  -0.01  -0.02  -0.04  -0.01  -0.02  -0.04  -0.02  -0.01  -0.02  -0.02  -0.05  -0.03   0.04   0.21  -0.01  -0.01   0.04   0.11   0.13 
  0.04  -0.01   0.01   0.01   0      0.01  -0.02   0.01   0.07   0.02   0.05   0.01   0.06   1     -0.02   0      0.01  -0.03   0.02   0.03   0.04  -0.02   0.04   0.03  -0.04  -0.04  -0.03  -0.02  -0.01  -0.03  -0.02  -0.02  -0.01  -0.02  -0.02   0.01  -0.03  -0     -0.03  -0.02  -0.02   0.01  -0     -0.01  -0     -0.02   0.05  -0.02  -0.02  -0.01  -0.01  -0.01   0.08   0.01   0      0.06   0.17   0.06 
  0.03   0.01   0.12   0      0.06   0.17   0.04   0.07   0.24   0.16   0.06   0.02   0.08  -0.02   1      0      0.02   0.25   0.04   0.02   0.07  -0      0.37   0.03  -0.05  -0.03  -0.04  -0.04  -0.03  -0.04  -0.03  -0.02  -0.02  -0.02  -0.03  -0.03  -0.04  -0.01  -0.02   0.05  -0.01  -0.03   0.05  -0.02  -0.04  -0.02  -0.01  -0.02  -0.02  -0     -0      0.02   0.12  -0.01   0.02   0.21   0.15   0.2  
  0.06  -0.01   0.06   0.01   0.08   0.02   0.13   0.05   0.01   0.03   0.1   -0.03   0      0      0      1      0.06   0.07   0.08   0.03   0.1   -0.01   0.06   0.1   -0.09  -0.08  -0     -0.06  -0.05  -0.06  -0.04  -0.04  -0.04  -0.04  -0.06  -0.06  -0.06   0.02  -0.04  -0.03  -0.03  -0.04  -0.05  -0.03  -0.05  -0.05  -0.02  -0.03  -0.03  -0.05  -0.03   0.1    0.05   0.04   0.02   0.03   0      0.26 
  0.08  -0.02   0.04   0      0.14   0.06   0.19   0.22   0.16   0.08   0.17   0.06   0.05   0.01   0.02   0.06   1      0.05   0.08   0.19   0.22  -0.02   0.1    0.04  -0.05  -0.08  -0.07  -0.06  -0.05  -0.04  -0.04  -0.04  -0.04  -0.04  -0.06  -0.03  -0.05  -0.02  -0.04   0.01  -0.04  -0.04  -0.05  -0.02  -0.06  -0.06  -0.01  -0.03  -0.03  -0.04  -0.04   0.08   0.1   -0      0.04   0.06   0.06   0.26 
  0.05   0.03   0.12   0.02   0.06   0.08   0.12   0.04   0.1    0.04   0.09   0.01   0.07  -0.03   0.25   0.07   0.05   1      0.09   0.01   0.14  -0.03   0.09   0.09  -0.04  -0.03  -0.07   0.04  -0.05   0.03   0.03  -0.04  -0.03  -0.04   0.02   0.02  -0.04   0.01  -0.03   0.01  -0.03  -0.05  -0.02  -0.03  -0.05  -0.04   0.02  -0.02  -0.04  -0.04  -0.02   0.04   0.06   0.02  -0.01   0.08   0.05   0.2  
  0.13  -0.06   0.14  -0.01   0.1    0.1    0.11   0.02   0.04   0.09   0.14   0.09   0.12   0.02   0.04   0.08   0.08   0.09   1      0.04   0.3   -0.02   0.12   0.18  -0.2   -0.16  -0.15  -0.12  -0.09  -0.11  -0.09  -0.08  -0.1   -0.08  -0.09  -0.13  -0.13  -0.03  -0.04  -0.06  -0.05  -0.09  -0.05  -0.07   0.1   -0.01  -0     -0.04  -0.04  -0.13  -0.06   0.15   0.09  -0     -0.03   0.01  -0.01   0.27 
  0.02  -0.02   0.03  -0.01   0.03   0.06   0.05   0.11   0.12   0.03   0.16   0.01  -0.02   0.03   0.02   0.03   0.19   0.01   0.04   1      0.13   0.03   0.04   0.06  -0.05  -0.05  -0.04  -0.04  -0.03  -0.04  -0.03  -0.02  -0.03  -0.02  -0.03  -0.04  -0.04   0.01  -0.03  -0     -0.02  -0.03  -0.03  -0.01  -0.04  -0.03  -0.01  -0.02  -0.02  -0.02  -0.01   0.05   0.03   0.01   0.07   0.1    0.08   0.19 
  0.2   -0.02   0.16   0.01   0.14   0.11   0.13   0.16   0.16   0.1    0.29   0.11   0.05   0.04   0.07   0.1    0.22   0.14   0.3    0.13   1     -0.02   0.12   0.17  -0.15  -0.14  -0.13  -0.1   -0.07  -0.09  -0.07  -0.05  -0.08  -0.05  -0.08  -0.11  -0.11  -0.01  -0.06  -0.02  -0.06  -0.08  -0.05  -0.06  -0.04  -0.08   0.01  -0.05  -0.06  -0.09  -0.05   0.08   0.14  -0      0.04   0.09   0.05   0.38 
 -0.02  -0.01  -0.04   0.03  -0.02   0.01  -0     -0.02  -0.02   0.01  -0.01  -0.05  -0.03  -0.02  -0     -0.01  -0.02  -0.03  -0.02   0.03  -0.02   1      0.02  -0.01  -0.04  -0.04  -0.03  -0.03  -0.02  -0.03  -0.02  -0.02  -0.02  -0.02  -0.02  -0.03  -0.03  -0     -0.02  -0.02  -0.01  -0.02  -0.02  -0.01  -0.03  -0.02  -0.01  -0.01   0.42  -0.05  -0     -0     -0.01   0.18   0.02   0.03   0.1    0.09 
  0.13  -0.02   0.12   0.01   0.07   0.21   0.06   0.09   0.13   0.1    0.11   0.02   0.12   0.04   0.37   0.06   0.1    0.09   0.12   0.04   0.12   0.02   1      0.05  -0.09  -0.08  -0.07  -0.07  -0.05  -0.06  -0.05  -0.04  -0.05  -0.04  -0.05  -0.06  -0.07  -0.02  -0.04  -0     -0.03  -0.05  -0.04  -0.03  -0.05  -0.05  -0.02  -0.03  -0.03  -0.03  -0      0.07   0.31   0.02   0.01   0.12   0.17   0.33 
  0.19   0      0.04   0.04   0      0.06   0.03   0.03   0.1    0.05   0.06   0.02   0.08   0.03   0.03   0.1    0.04   0.09   0.18   0.06   0.17  -0.01   0.05   1     -0.07  -0.06  -0.05  -0.05  -0.04  -0.05  -0.03  -0.03  -0.04  -0.03  -0.04  -0.05  -0.06  -0.01  -0.03  -0.02  -0.03  -0.03  -0.04  -0.02  -0.05  -0.03  -0.01  -0.02  -0.02  -0.03  -0.02   0.05   0.1    0      0.01   0.04   0.08   0.22 
 -0.07  -0.04  -0.09  -0.02  -0.07  -0.08  -0.09  -0.05  -0.07  -0.03  -0.08  -0.02  -0.06  -0.04  -0.05  -0.09  -0.05  -0.04  -0.2   -0.05  -0.15  -0.04  -0.09  -0.07   1      0.52  -0.01   0.34   0.22   0.45   0.35   0.37   0      0.36   0.31   0.39   0.13   0.01   0.05   0.33   0      0.02   0.11  -0      0.05  -0.05   0     -0      0.03   0.14   0.04  -0.09  -0.09   0.06  -0.02  -0.05  -0.04  -0.26 
 -0.06  -0.04  -0.06  -0.01  -0.08  -0.09  -0.08  -0.04  -0.05  -0.01  -0.08   0.01  -0.07  -0.04  -0.03  -0.08  -0.08  -0.03  -0.16  -0.05  -0.14  -0.04  -0.08  -0.06   0.52   1      0.01   0.37   0.22   0.39   0.34   0.36  -0      0.36   0.33   0.35   0.16   0.02   0.06   0.32   0.02   0.06   0.13   0.02  -0.01  -0.04   0.03   0.03   0.01   0.14   0.06  -0.08  -0.08  -0.02  -0.02  -0.05  -0.06  -0.23 
 -0.07  -0.03  -0.11  -0.01  -0.09  -0.07  -0.07  -0.06  -0.06  -0.07  -0.07  -0.12  -0.05  -0.03  -0.04  -0     -0.07  -0.07  -0.15  -0.04  -0.13  -0.03  -0.07  -0.05  -0.01   0.01   1      0.03   0.03   0.04   0.05   0.08  -0.02   0.08   0.03   0.04  -0.02  -0.01   0      0.06  -0.02  -0.01   0.01  -0.01  -0.01  -0.04  -0.01   0.01  -0.02  -0.03  -0.02  -0.07  -0.07  -0.02  -0.03  -0.05  -0.1   -0.18 
 -0.05  -0.03  -0.05  -0.01  -0.06  -0.07  -0.07  -0.05  -0.06   0.02  -0.06  -0.04  -0.06  -0.02  -0.04  -0.06  -0.06   0.04  -0.12  -0.04  -0.1   -0.03  -0.07  -0.05   0.34   0.37   0.03   1      0.34   0.55   0.52   0.56   0      0.56   0.58   0.57   0.02  -0.01   0.04   0.51   0.02   0      0.08  -0     -0     -0.01   0      0     -0.03   0.31   0.03  -0.06  -0.06  -0.01  -0.01  -0.04  -0.07  -0.16 
 -0.04  -0.02  -0.06  -0.01   0.03  -0.05  -0.05  -0.04  -0.04  -0.03  -0.05   0.1   -0.03  -0.01  -0.03  -0.05  -0.05  -0.05  -0.09  -0.03  -0.07  -0.02  -0.05  -0.04   0.22   0.22   0.03   0.34   1      0.38   0.41   0.51  -0      0.5    0.32   0.41   0.01  -0.01   0.01   0.46  -0.02   0.43   0.06  -0     -0.01  -0.02  -0     -0     -0.02   0.16   0.01  -0.04  -0.05   0     -0.01  -0.03  -0.06  -0.13 
 -0.05  -0.03  -0.03  -0.01  -0.05  -0.05  -0.06  -0.04  -0.04   0.01  -0.05  -0.01  -0.05  -0.03  -0.04  -0.06  -0.04   0.03  -0.11  -0.04  -0.09  -0.03  -0.06  -0.05   0.45   0.39   0.04   0.55   0.38   1      0.61   0.66  -0.01   0.66   0.54   0.63   0.06  -0      0.03   0.6    0.04  -0.02   0.07  -0     -0.01  -0.01  -0.01  -0.01  -0.02   0.22   0     -0.06  -0.07   0.08  -0.02  -0.04  -0.06  -0.17 
 -0.04  -0.02  -0.04  -0.01  -0.04  -0.05  -0.05  -0.04  -0.04  -0.02  -0.03  -0.04  -0.04  -0.02  -0.03  -0.04  -0.04   0.03  -0.09  -0.03  -0.07  -0.02  -0.05  -0.03   0.35   0.34   0.05   0.52   0.41   0.61   1      0.74  -0.01   0.74   0.52   0.68   0.04  -0.01   0.04   0.7   -0.01  -0.01   0.09   0.08  -0.01  -0.02  -0     -0.01  -0.02   0.23   0.01  -0.05  -0.05   0     -0.01  -0.03  -0.05  -0.13 
 -0.03  -0     -0.06  -0.01  -0.03  -0.04  -0.04  -0.03  -0.03  -0.02  -0.04  -0.06  -0.03  -0.02  -0.02  -0.04  -0.04  -0.04  -0.08  -0.02  -0.05  -0.02  -0.04  -0.03   0.37   0.36   0.08   0.56   0.51   0.66   0.74   1     -0.02   1      0.56   0.73   0.03  -0.01   0.04   0.85  -0.01  -0.01   0.12   0      0.02  -0.02   0     -0.01  -0.01   0.3    0.01  -0.04  -0.04  -0.01  -0.01  -0.03  -0.05  -0.11 
 -0.04  -0.02  -0.05  -0.01  -0.03  -0.03  -0.04  -0.04  -0.01  -0.04  -0.04  -0.02  -0.05  -0.01  -0.02  -0.04  -0.04  -0.03  -0.1   -0.03  -0.08  -0.02  -0.05  -0.04   0     -0     -0.02   0     -0     -0.01  -0.01  -0.02   1     -0.02  -0     -0.01   0.05   0.02   0.06  -0.02  -0      0.01   0.01   0.03   0     -0.02   0      0     -0.01   0.03   0.11  -0.05  -0.05  -0.01  -0.02  -0.03   0.01  -0.12 
 -0.03  -0     -0.06  -0.01  -0.03  -0.04  -0.04  -0.03  -0.03  -0.01  -0.04  -0.06  -0.03  -0.02  -0.02  -0.04  -0.04  -0.04  -0.08  -0.02  -0.05  -0.02  -0.04  -0.03   0.36   0.36   0.08   0.56   0.5    0.66   0.74   1     -0.02   1      0.55   0.73   0.03  -0.01   0.04   0.85  -0.01  -0.01   0.12   0      0.02  -0.02   0     -0.01  -0.01   0.3    0.01  -0.04  -0.04  -0.01  -0     -0.02  -0.04  -0.11 
 -0.04  -0.02  -0.05  -0.01  -0.05  -0.05  -0.05  -0.04  -0.04  -0.02  -0.05  -0.05  -0.05  -0.02  -0.03  -0.06  -0.06   0.02  -0.09  -0.03  -0.08  -0.02  -0.05  -0.04   0.31   0.33   0.03   0.58   0.32   0.54   0.52   0.56  -0      0.55   1      0.52   0.02  -0.01   0.02   0.51   0.02   0.03   0.06   0     -0.01  -0.01   0.02   0     -0.02   0.2    0.03  -0.05  -0.05  -0.01  -0.01  -0.03  -0.05  -0.15 
 -0.05  -0.03  -0.05  -0.01  -0.05  -0.05  -0.05  -0.03  -0.06  -0.02  -0.05  -0.01  -0.05   0.01  -0.03  -0.06  -0.03   0.02  -0.13  -0.04  -0.11  -0.03  -0.06  -0.05   0.39   0.35   0.04   0.57   0.41   0.63   0.68   0.73  -0.01   0.73   0.52   1      0.05  -0.01   0.07   0.67  -0.02  -0.02   0.08   0.01  -0.01  -0.04  -0      0.01  -0.02   0.25   0     -0.06  -0.06   0.01  -0.02  -0.04  -0.05  -0.14 
 -0.06  -0.02  -0.07  -0.01  -0.07  -0.06  -0.05  -0.02  -0.03  -0     -0.03  -0.03  -0.04  -0.03  -0.04  -0.06  -0.05  -0.04  -0.13  -0.04  -0.11  -0.03  -0.07  -0.06   0.13   0.16  -0.02   0.02   0.01   0.06   0.04   0.03   0.05   0.03   0.02   0.05   1     -0      0.24   0.02   0.11   0.01   0.32   0.01   0.05   0.13  -0.02   0.05   0.05   0.11   0.07  -0.05  -0.06  -0.02  -0.01  -0.03  -0     -0.18 
 -0.01  -0.01   0.03  -0      0.13  -0.02  -0.01  -0.01  -0     -0.02  -0     -0.03  -0.01  -0     -0.01   0.02  -0.02   0.01  -0.03   0.01  -0.01  -0     -0.02  -0.01   0.01   0.02  -0.01  -0.01  -0.01  -0     -0.01  -0.01   0.02  -0.01  -0.01  -0.01  -0      1      0     -0.01  -0.01   0.17  -0.01   0     -0     -0.01  -0      0.02   0.01  -0.01   0     -0.02  -0.01  -0     -0.01  -0.01  -0.01  -0.03 
 -0.01  -0.02  -0.01  -0     -0.04  -0.05  -0.05  -0.03  -0.04  -0.02  -0.04   0.02  -0.02  -0.03  -0.02  -0.04  -0.04  -0.03  -0.04  -0.03  -0.06  -0.02  -0.04  -0.03   0.05   0.06   0      0.04   0.01   0.03   0.04   0.04   0.06   0.04   0.02   0.07   0.24   0      1      0.02   0.03   0.04   0.21   0.01   0.11  -0      0      0.01   0.03   0.11   0.04  -0.02  -0.04  -0.01  -0.01  -0.03  -0.05  -0.12 
 -0.04  -0.01  -0.05  -0.01  -0.02  -0.03  -0.02  -0.01  -0.01   0     -0.02  -0.04  -0.01  -0.02   0.05  -0.03   0.01   0.01  -0.06  -0     -0.02  -0.02  -0     -0.02   0.33   0.32   0.06   0.51   0.46   0.6    0.7    0.85  -0.02   0.85   0.51   0.67   0.02  -0.01   0.02   1     -0.02  -0.02   0.1   -0     -0.01  -0.03   0     -0.02  -0.02   0.27   0.01  -0.03  -0.02  -0.01  -0     -0     -0.03  -0.06 
 -0.01  -0.02  -0.03  -0.01  -0.05  -0.03  -0.03  -0     -0.04  -0.03  -0.03  -0.02  -0.02  -0.02  -0.01  -0.03  -0.04  -0.03  -0.05  -0.02  -0.06  -0.01  -0.03  -0.03   0      0.02  -0.02   0.02  -0.02   0.04  -0.01  -0.01  -0     -0.01   0.02  -0.02   0.11  -0.01   0.03  -0.02   1     -0.01   0.09  -0.01   0.02   0.35  -0.01  -0      0.05   0.02   0.03  -0.03  -0.04  -0.01  -0.01  -0.02  -0.03  -0.1  
 -0.03  -0.03  -0.01  -0.01   0.12  -0.05  -0.05  -0.04  -0.05  -0.05  -0.04   0.11  -0.04   0.01  -0.03  -0.04  -0.04  -0.05  -0.09  -0.03  -0.08  -0.02  -0.05  -0.03   0.02   0.06  -0.01   0      0.43  -0.02  -0.01  -0.01   0.01  -0.01   0.03  -0.02   0.01   0.17   0.04  -0.02  -0.01   1      0.02   0.01   0.01  -0.02   0.01  -0     -0.01  -0.01   0.01  -0.04  -0.04  -0     -0.02  -0.03  -0.06  -0.14 
 -0.02  -0     -0.04  -0.01  -0.05  -0.03  -0.05  -0     -0.03   0.02  -0.03  -0.02  -0.01  -0      0.05  -0.05  -0.05  -0.02  -0.05  -0.03  -0.05  -0.02  -0.04  -0.04   0.11   0.13   0.01   0.08   0.06   0.07   0.09   0.12   0.01   0.12   0.06   0.08   0.32  -0.01   0.21   0.1    0.09   0.02   1      0.01   0.09   0.01   0.02  -0.01   0.02   0.06   0.12  -0.05  -0.05  -0.01  -0.02  -0.02  -0.04  -0.14 
 -0.02  -0.02  -0.05  -0.01   0.02  -0.03  -0.03  -0.03  -0.04  -0.03  -0.04   0.02  -0.02  -0.01  -0.02  -0.03  -0.02  -0.03  -0.07  -0.01  -0.06  -0.01  -0.03  -0.02  -0      0.02  -0.01  -0     -0     -0      0.08   0      0.03   0      0      0.01   0.01   0      0.01  -0     -0.01   0.01   0.01   1     -0     -0.02  -0      0     -0.01  -0     -0.01  -0.03  -0.04   0     -0.01  -0.03  -0.04  -0.09 
 -0.04  -0.02  -0.05  -0.01  -0.04  -0.05  -0.05  -0     -0.08  -0.03  -0.06  -0.09  -0.04  -0     -0.04  -0.05  -0.06  -0.05   0.1   -0.04  -0.04  -0.03  -0.05  -0.05   0.05  -0.01  -0.01  -0     -0.01  -0.01  -0.01   0.02   0      0.02  -0.01  -0.01   0.05  -0      0.11  -0.01   0.02   0.01   0.09  -0      1      0.04  -0.01   0.01  -0.02   0      0.01   0.07  -0.05  -0.02  -0.03  -0.05  -0.1   -0.14 
 -0.03  -0.02  -0.06  -0.01  -0.08  -0.03  -0.06  -0.04  -0.06  -0.03  -0.05  -0.07  -0.02  -0.02  -0.02  -0.05  -0.06  -0.04  -0.01  -0.03  -0.08  -0.02  -0.05  -0.03  -0.05  -0.04  -0.04  -0.01  -0.02  -0.01  -0.02  -0.02  -0.02  -0.02  -0.01  -0.04   0.13  -0.01  -0     -0.03   0.35  -0.02   0.01  -0.02   0.04   1     -0.01  -0.02   0.02   0.01  -0     -0.03  -0.05  -0.02  -0.02  -0.03  -0.05  -0.15 
 -0     -0.01   0.03  -0     -0.03  -0.01  -0.02  -0.01   0.01  -0.02  -0.02   0     -0.01   0.05  -0.01  -0.02  -0.01   0.02  -0     -0.01   0.01  -0.01  -0.02  -0.01   0      0.03  -0.01   0     -0     -0.01  -0      0      0      0      0.02  -0     -0.02  -0      0      0     -0.01   0.01   0.02  -0     -0.01  -0.01   1     -0.01   0     -0     -0     -0.02  -0.02   0     -0.01  -0.01   0.01  -0.04 
 -0.02  -0.02  -0.03  -0     -0.03  -0.03  -0.03  -0.02  -0.03  -0.02  -0.02   0.03  -0.02  -0.02  -0.02  -0.03  -0.03  -0.02  -0.04  -0.02  -0.05  -0.01  -0.03  -0.02  -0      0.03   0.01   0     -0     -0.01  -0.01  -0.01   0     -0.01   0      0.01   0.05   0.02   0.01  -0.02  -0     -0     -0.01   0      0.01  -0.02  -0.01   1     -0     -0.01  -0.01  -0.03  -0.03  -0.01  -0.01  -0.02  -0.01  -0.08 
 -0.03  -0.01  -0.03  -0     -0.03  -0.02  -0.03  -0.03  -0.01   0.01  -0.03  -0.03  -0.02  -0.02  -0.02  -0.03  -0.03  -0.04  -0.04  -0.02  -0.06   0.42  -0.03  -0.02   0.03   0.01  -0.02  -0.03  -0.02  -0.02  -0.02  -0.01  -0.01  -0.01  -0.02  -0.02   0.05   0.01   0.03  -0.02   0.05  -0.01   0.02  -0.01  -0.02   0.02   0     -0      1      0.05   0.01   0.02   0.01   0.06   0      0.04   0.06  -0.06 
 -0.02  -0.05  -0.02  -0.01  -0.05  -0.01  -0.05  -0.03  -0.03   0     -0.06  -0.03  -0.05  -0.01  -0     -0.05  -0.04  -0.04  -0.13  -0.02  -0.09  -0.05  -0.03  -0.03   0.14   0.14  -0.03   0.31   0.16   0.22   0.23   0.3    0.03   0.3    0.2    0.25   0.11  -0.01   0.11   0.27   0.02  -0.01   0.06  -0      0      0.01  -0     -0.01   0.05   1      0.02  -0.03   0.04   0.02   0.03   0.37   0.11  -0.09 
 -0.03  -0.02  -0.03  -0.01  -0.03  -0.02  -0.03  -0.02   0.01   0.01  -0.03  -0.04  -0.03  -0.01  -0     -0.03  -0.04  -0.02  -0.06  -0.01  -0.05  -0     -0     -0.02   0.04   0.06  -0.02   0.03   0.01   0      0.01   0.01   0.11   0.01   0.03   0      0.07   0      0.04   0.01   0.03   0.01   0.12  -0.01   0.01  -0     -0     -0.01   0.01   0.02   1     -0.03  -0.03  -0.01  -0.01  -0.01   0.01  -0.06 
  0.06  -0.01   0.11  -0      0.03   0.07   0.05   0.03   0.04   0.04   0.02   0.01   0.04  -0.01   0.02   0.1    0.08   0.04   0.15   0.05   0.08  -0      0.07   0.05  -0.09  -0.08  -0.07  -0.06  -0.04  -0.06  -0.05  -0.04  -0.05  -0.04  -0.05  -0.06  -0.05  -0.02  -0.02  -0.03  -0.03  -0.04  -0.05  -0.03   0.07  -0.03  -0.02  -0.03   0.02  -0.03  -0.03   1      0.14   0.02   0.05   0.08   0.04   0.24 
  0.12  -0.01   0.09   0.01   0.04   0.11   0.07   0.06   0.15   0.08   0.07   0.02   0.21   0.08   0.12   0.05   0.1    0.06   0.09   0.03   0.14  -0.01   0.31   0.1   -0.09  -0.08  -0.07  -0.06  -0.05  -0.07  -0.05  -0.04  -0.05  -0.04  -0.05  -0.06  -0.06  -0.01  -0.04  -0.02  -0.04  -0.04  -0.05  -0.04  -0.05  -0.05  -0.02  -0.03   0.01   0.04  -0.03   0.14   1      0.01   0.08   0.18   0.2    0.32 
 -0.01   0     -0     -0      0      0.02   0.05  -0.01  -0      0.04   0     -0.03  -0.01   0.01  -0.01   0.04  -0      0.02  -0      0.01  -0      0.18   0.02   0      0.06  -0.02  -0.02  -0.01   0      0.08   0     -0.01  -0.01  -0.01  -0.01   0.01  -0.02  -0     -0.01  -0.01  -0.01  -0     -0.01   0     -0.02  -0.02   0     -0.01   0.06   0.02  -0.01   0.02   0.01   1      0.01   0.06   0.04   0.07 
  0.04   0      0.1    0.01   0.05  -0.01   0.04   0.01   0.11   0.07   0.03  -0.01  -0.01   0      0.02   0.02   0.04  -0.01  -0.03   0.07   0.04   0.02   0.01   0.01  -0.02  -0.02  -0.03  -0.01  -0.01  -0.02  -0.01  -0.01  -0.02  -0     -0.01  -0.02  -0.01  -0.01  -0.01  -0     -0.01  -0.02  -0.02  -0.01  -0.03  -0.02  -0.01  -0.01   0      0.03  -0.01   0.05   0.08   0.01   1      0.49   0.16   0.11 
  0.06   0      0.11   0.02   0.05   0.09   0.06   0.04   0.19   0.1    0.09   0.02   0.04   0.06   0.21   0.03   0.06   0.08   0.01   0.1    0.09   0.03   0.12   0.04  -0.05  -0.05  -0.05  -0.04  -0.03  -0.04  -0.03  -0.03  -0.03  -0.02  -0.03  -0.04  -0.03  -0.01  -0.03  -0     -0.02  -0.03  -0.02  -0.03  -0.05  -0.03  -0.01  -0.02   0.04   0.37  -0.01   0.08   0.18   0.06   0.49   1      0.48   0.22 
  0.09  -0.02   0.07   0.02   0      0.08  -0.01   0.04   0.25   0.09   0.12   0.02   0.11   0.17   0.15   0      0.06   0.05  -0.01   0.08   0.05   0.1    0.17   0.08  -0.04  -0.06  -0.1   -0.07  -0.06  -0.06  -0.05  -0.05   0.01  -0.04  -0.05  -0.05  -0     -0.01  -0.05  -0.03  -0.03  -0.06  -0.04  -0.04  -0.1   -0.05   0.01  -0.01   0.06   0.11   0.01   0.04   0.2    0.04   0.16   0.48   1      0.25 
  0.13  -0.03   0.2    0.06   0.24   0.23   0.33   0.21   0.23   0.14   0.23   0.01   0.13   0.06   0.2    0.26   0.26   0.2    0.27   0.19   0.38   0.09   0.33   0.22  -0.26  -0.23  -0.18  -0.16  -0.13  -0.17  -0.13  -0.11  -0.12  -0.11  -0.15  -0.14  -0.18  -0.03  -0.12  -0.06  -0.1   -0.14  -0.14  -0.09  -0.14  -0.15  -0.04  -0.08  -0.06  -0.09  -0.06   0.24   0.32   0.07   0.11   0.22   0.25   1    


eigenvalue	proportion	cumulative
  6.69858	  0.11549	  0.11549	-0.339word_freq_857-0.338word_freq_415-0.31word_freq_direct-0.309word_freq_technology-0.304word_freq_telnet...
  3.69587	  0.06372	  0.17921	0.36 class=1+0.25 word_freq_your+0.227word_freq_000+0.216char_freq_$+0.215capital_run_length_longest...
  2.01246	  0.0347 	  0.21391	0.46 capital_run_length_longest+0.384capital_run_length_total+0.294char_freq_(+0.293capital_run_length_average-0.234word_freq_you...
  1.61558	  0.02785	  0.24177	0.395word_freq_original+0.383word_freq_1999-0.328word_freq_font+0.3  word_freq_pm+0.228word_freq_cs...
  1.5575 	  0.02685	  0.26862	-0.527word_freq_meeting-0.347word_freq_will-0.313word_freq_lab+0.267word_freq_font-0.254word_freq_our...
  1.4682 	  0.02531	  0.29393	0.292word_freq_font+0.29 word_freq_business+0.289char_freq_;-0.27word_freq_addresses+0.259word_freq_credit...
  1.41599	  0.02441	  0.31835	-0.392word_freq_font-0.367char_freq_;+0.285capital_run_length_average-0.271word_freq_000-0.271word_freq_addresses...
  1.37544	  0.02371	  0.34206	-0.32word_freq_edu-0.314word_freq_you-0.255word_freq_cs+0.235word_freq_internet-0.233char_freq_!...
  1.31222	  0.02262	  0.36469	0.329word_freq_make-0.312word_freq_our-0.292word_freq_remove+0.275word_freq_will+0.254word_freq_report...
  1.28261	  0.02211	  0.3868 	-0.476word_freq_edu-0.473word_freq_cs+0.307word_freq_pm+0.275word_freq_re+0.231char_freq_!...
  1.22274	  0.02108	  0.40788	-0.36word_freq_email-0.287word_freq_all+0.259word_freq_report+0.234char_freq_$+0.23 word_freq_george...

Eigenvectors
 V1	 V2	 V3	 V4	 V5	 V6	 V7	 V8	 V9	 V10	 V11	
 0.0485	 0.1405	-0.0441	 0.1089	-0.0545	-0.0026	 0.0291	-0.2092	 0.3294	 0.0037	-0.0539	word_freq_make
 0.0098	-0.0188	-0.0097	-0.0487	 0.0549	-0.0549	 0.0432	 0.104 	-0.0244	-0.0055	-0.0873	word_freq_address
 0.0536	 0.1457	-0.0074	 0.0482	-0.1012	-0.0999	-0.0713	-0.1299	-0.0943	 0.1249	-0.2871	word_freq_all
 0.0077	 0.0155	 0.0095	-0.0462	 0.0406	 0.0126	-0.0041	 0.0105	-0.0116	 0.0138	 0.0354	word_freq_3d
 0.0439	 0.1215	-0.1324	-0.0746	-0.2536	 0.1263	-0.1234	-0.0101	-0.3115	 0.0098	 0.0118	word_freq_our
 0.0532	 0.1533	 0.016 	 0.0611	 0.068 	-0.1515	-0.161 	 0.0702	-0.0742	-0.0756	 0.0878	word_freq_over
 0.0558	 0.1505	-0.1299	-0.0221	 0.0458	 0.1994	 0.0208	 0.1265	-0.2918	 0.0594	-0.0692	word_freq_remove
 0.0404	 0.1249	-0.0411	 0.1037	 0.0277	 0.1855	 0.0784	 0.2349	-0.0274	-0.1578	 0.2063	word_freq_internet
 0.054 	 0.2031	 0.15  	 0.0705	-0.0703	-0.0168	 0.0425	 0.1794	 0.1202	-0.1463	 0.0075	word_freq_order
 0.0257	 0.1334	 0.0726	 0.1027	-0.0056	 0.0856	-0.0454	 0.0941	 0.0847	-0.0203	-0.127 	word_freq_mail
 0.0586	 0.1931	-0.0855	 0.1061	-0.0649	 0.2465	 0.0946	 0.0731	 0.1838	-0.1082	-0.0326	word_freq_receive
 0.023 	 0.0555	-0.0756	 0.0628	-0.3465	 0.0766	-0.0989	-0.1147	 0.2752	-0.0649	-0.2255	word_freq_will
 0.042 	 0.108 	-0.0005	 0.0888	 0.0421	-0.2214	-0.1157	-0.1115	 0.1168	-0.0096	 0.1917	word_freq_people
 0.0201	 0.0567	 0.0683	-0.0286	-0.0587	-0.0676	 0.0837	-0.083 	 0.2541	-0.0552	 0.2593	word_freq_report
 0.0386	 0.1879	 0.1655	 0.1722	-0.0097	-0.27  	-0.2709	 0.2213	-0.1379	-0.1059	-0.0985	word_freq_addresses
 0.05  	 0.1089	-0.1291	-0.0539	 0.0786	 0.0948	 0.0375	-0.03  	-0.2014	 0.1514	-0     	word_freq_free
 0.054 	 0.1842	-0.0992	 0.0439	-0.0458	 0.2898	 0.133 	 0.1821	-0.0193	-0.1277	 0.1492	word_freq_business
 0.027 	 0.1554	-0.0385	 0.1227	 0.0415	-0.1223	-0.1449	 0.1481	-0.1386	 0.0337	-0.3601	word_freq_email
 0.0912	 0.1654	-0.2342	 0.1349	 0.097 	 0.0127	-0.0427	-0.3137	 0.064 	 0.1581	-0.0697	word_freq_you
 0.037 	 0.1242	-0.0012	-0.0238	-0.0257	 0.2589	 0.1704	 0.1277	 0.0447	-0.1383	 0.1381	word_freq_credit
 0.0878	 0.2505	-0.1841	 0.1123	-0.019 	 0.1745	 0.0688	-0.0668	 0.1181	 0.0131	-0.052 	word_freq_your
 0.0164	 0.0053	 0.1399	-0.3278	 0.2672	 0.2925	-0.3923	-0.0409	 0.1171	-0.0146	 0.0177	word_freq_font
 0.0644	 0.2266	 0.0755	 0.1054	 0.0508	-0.2539	-0.2714	 0.0893	-0.0432	-0.079 	 0.1523	word_freq_000
 0.0467	 0.1371	-0.0714	 0.0598	 0.0602	-0.0244	 0.0186	-0.17  	 0.2222	 0.0589	-0.0178	word_freq_money
-0.2127	-0.0363	 0.0719	 0.0533	-0.0396	 0.0665	-0.0576	 0.1629	 0.1196	 0.0699	-0.1717	word_freq_hp
-0.2086	-0.0313	 0.0658	 0.0936	-0.0865	 0.0563	-0.0704	 0.1551	 0.1199	 0.0471	-0.1963	word_freq_hpl
-0.0441	-0.1068	-0.0245	-0.1329	 0.0778	-0.1485	 0.144 	 0.1539	-0.0484	 0.0042	 0.2299	word_freq_george
-0.2736	 0.0652	-0.0009	 0.0089	 0.0296	-0.0249	 0.0311	 0.0081	 0.0043	-0.0032	-0.1162	word_freq_650
-0.2156	 0.05  	-0.0769	-0.0941	-0.313 	 0.0211	-0.163 	-0.1577	-0.0445	-0.1368	 0.1636	word_freq_lab
-0.2976	 0.0858	-0.026 	 0.002 	 0.0511	 0.0114	-0.008 	 0.02  	 0.0156	-0.023 	-0.1151	word_freq_labs
-0.3042	 0.1154	-0.0496	-0.0167	 0.0533	-0.0146	 0.0132	-0.0139	-0.005 	 0.0008	 0.0171	word_freq_telnet
-0.3389	 0.1405	-0.0547	-0.019 	 0.0604	 0.0005	 0.0193	-0.0616	-0.0251	-0.0015	 0.1104	word_freq_857
-0.0098	-0.0821	 0.084 	 0.0205	-0.0867	-0.0163	 0.0108	 0.1392	 0.0133	 0.0605	 0.0787	word_freq_data
-0.338 	 0.1413	-0.0523	-0.0199	 0.0597	 0.0006	 0.0219	-0.064 	-0.0253	 0.0002	 0.1103	word_freq_415
-0.2633	 0.0742	-0.0263	-0.0072	 0.0332	-0.0314	 0.0131	 0.0061	 0.0028	-0.0366	-0.0828	word_freq_85
-0.3093	 0.1018	-0.0344	-0.0124	 0.0407	-0.0093	 0.0145	 0.0131	 0.0157	 0.0114	-0.0031	word_freq_technology
-0.0517	-0.1181	 0.2117	 0.3826	-0.0223	 0.2275	-0.0722	 0.0275	-0.0399	 0.077 	 0.0674	word_freq_1999
 0.0009	-0.0185	-0.0245	-0.0641	-0.2369	 0.0501	-0.1369	-0.0187	-0.1909	-0.0297	 0.0229	word_freq_parts
-0.0404	-0.0768	 0.1179	 0.2999	-0.0606	 0.1561	-0.0984	-0.0505	-0.0229	 0.3065	 0.1397	word_freq_pm
-0.3098	 0.1626	-0.0532	-0.0085	 0.0567	-0.0114	 0.0082	-0.0241	-0.0379	-0.0242	 0.0969	word_freq_direct
-0.0124	-0.0801	 0.1012	 0.2284	 0.155 	 0.0969	 0.0206	-0.2547	-0.1741	-0.473 	-0.1049	word_freq_cs
-0.0283	-0.072 	-0.0481	-0.1034	-0.5272	 0.0437	-0.2667	-0.1596	-0.1101	-0.142 	 0.1495	word_freq_meeting
-0.0679	-0.0626	 0.1459	 0.395 	-0.0194	 0.1703	-0.1297	 0.0334	-0.0371	 0.1726	 0.1415	word_freq_original
-0.0147	-0.0551	-0.003 	-0.0367	-0.0632	-0.0194	 0.0098	 0.0586	 0.0242	 0.0022	 0.0178	word_freq_project
-0.0136	-0.0885	-0.0289	 0.1717	 0.0735	 0.0169	 0.0322	-0.1895	-0.102 	 0.2748	 0.1592	word_freq_re
-0.0026	-0.1051	 0.0786	 0.198 	 0.1886	 0.0325	 0.071 	-0.3196	-0.1925	-0.476 	-0.0811	word_freq_edu
-0.0042	-0.0122	 0.0032	 0.0037	-0.0395	-0.0317	 0.0067	 0.0032	 0.1268	 0.0129	-0.0983	word_freq_table
-0.0065	-0.0529	 0.0199	 0.0041	-0.0575	-0.0189	 0.016 	 0.0401	 0.0931	 0.022 	-0.0924	word_freq_conference
-0.0001	-0.0392	 0.193 	-0.217 	 0.2201	 0.2894	-0.3669	-0.1072	 0.1274	-0.0155	-0.0009	char_freq_;
-0.1379	 0.0607	 0.2937	-0.0102	-0.0501	 0.0105	 0.148 	-0.1416	-0.1003	 0.1059	 0.0156	char_freq_(
-0.0204	-0.0457	 0.1035	 0.1318	-0.0227	 0.0483	-0.0689	 0.14  	-0.016 	 0.0488	 0.0862	char_freq_[
 0.0515	 0.1191	-0.0438	-0.0053	 0.0937	 0.0174	-0.0053	-0.2333	-0.1328	 0.2308	 0.0553	char_freq_!
 0.0619	 0.2159	 0.1135	 0.0224	 0.0344	-0.1883	-0.0832	-0.1035	 0.0358	 0.0235	 0.2337	char_freq_$
 0.0012	 0.032 	 0.0757	-0.1834	 0.1304	 0.1617	-0.1938	 0.0144	-0.013 	 0.0633	-0.1133	char_freq_#
 0.0208	 0.114 	 0.2929	-0.149 	-0.1338	 0.0889	 0.2846	-0.1145	-0.157 	 0.1046	-0.147 	capital_run_length_average
 0.0382	 0.2151	 0.4598	-0.1276	-0.1307	 0.0025	 0.2159	-0.1157	-0.1258	 0.0806	-0.0837	capital_run_length_longest
 0.0522	 0.1957	 0.3843	-0.0979	-0.052 	-0.0409	 0.0527	-0.0332	 0.1534	-0.0483	 0.072 	capital_run_length_total
 0.14  	 0.3599	-0.0684	-0.0465	 0.0951	 0.0679	-0.0414	 0.0229	-0.1362	 0.0497	 0.0683	class=1

Ranked attributes:
 0.885   1 -0.339word_freq_857-0.338word_freq_415-0.31word_freq_direct-0.309word_freq_technology-0.304word_freq_telnet...
 0.821   2 0.36 class=1+0.25 word_freq_your+0.227word_freq_000+0.216char_freq_$+0.215capital_run_length_longest...
 0.786   3 0.46 capital_run_length_longest+0.384capital_run_length_total+0.294char_freq_(+0.293capital_run_length_average-0.234word_freq_you...
 0.758   4 0.395word_freq_original+0.383word_freq_1999-0.328word_freq_font+0.3  word_freq_pm+0.228word_freq_cs...
 0.731   5 -0.527word_freq_meeting-0.347word_freq_will-0.313word_freq_lab+0.267word_freq_font-0.254word_freq_our...
 0.706   6 0.292word_freq_font+0.29 word_freq_business+0.289char_freq_;-0.27word_freq_addresses+0.259word_freq_credit...
 0.682   7 -0.392word_freq_font-0.367char_freq_;+0.285capital_run_length_average-0.271word_freq_000-0.271word_freq_addresses...
 0.658   8 -0.32word_freq_edu-0.314word_freq_you-0.255word_freq_cs+0.235word_freq_internet-0.233char_freq_!...
 0.635   9 0.329word_freq_make-0.312word_freq_our-0.292word_freq_remove+0.275word_freq_will+0.254word_freq_report...
 0.613  10 -0.476word_freq_edu-0.473word_freq_cs+0.307word_freq_pm+0.275word_freq_re+0.231char_freq_!...
 0.592  11 -0.36word_freq_email-0.287word_freq_all+0.259word_freq_report+0.234char_freq_$+0.23 word_freq_george...

Selected attributes: 1,2,3,4,5,6,7,8,9,10,11 : 11

