

=== Attribute Selection on all input data ===

Search Method:
	Attribute ranking.

Attribute Evaluator (unsupervised):
	Principal Components Attribute Transformer

Correlation matrix
  1      0.01   0.38  -0.4   -0.34  -0.39   0.34   0.36   0.33  -0.09   0.11  -0.39  -0.34  -0.37   0.22   0.21  -0.39 
  0.01   1     -0.04   0.05   0.13   0.15  -0.18  -0.07  -0.17  -0.13   0.12  -0.03   0.23  -0.01  -0.1   -0.03   0.01 
  0.38  -0.04   1     -0.73  -0.62  -0.4    0.56   0.67   0.61   0.03   0.21  -0.63  -0.48  -0.57   0.46   0.44  -0.73 
 -0.4    0.05  -0.73   1      0.72   0.44  -0.57  -0.67  -0.66   0.04  -0.29   0.68   0.56   0.63  -0.51  -0.4    0.91 
 -0.34   0.13  -0.62   0.72   1      0.62  -0.66  -0.78  -0.76   0.02  -0.15   0.59   0.62   0.68  -0.54  -0.36   0.68 
 -0.39   0.15  -0.4    0.44   0.62   1     -0.5   -0.51  -0.55   0.09   0.01   0.47   0.54   0.57  -0.43  -0.24   0.41 
  0.34  -0.18   0.56  -0.57  -0.66  -0.5    1      0.71   0.65   0.04   0.04  -0.52  -0.54  -0.49   0.45   0.44  -0.5  
  0.36  -0.07   0.67  -0.67  -0.78  -0.51   0.71   1      0.73   0.03   0.12  -0.59  -0.55  -0.58   0.49   0.45  -0.62 
  0.33  -0.17   0.61  -0.66  -0.76  -0.55   0.65   0.73   1      0.04   0.06  -0.57  -0.51  -0.54   0.46   0.38  -0.63 
 -0.09  -0.13   0.03   0.04   0.02   0.09   0.04   0.03   0.04   1     -0.04   0.04   0.05   0.11  -0.04   0.06   0.08 
  0.11   0.12   0.21  -0.29  -0.15   0.01   0.04   0.12   0.06  -0.04   1     -0.18  -0.1   -0.13   0.18   0.07  -0.37 
 -0.39  -0.03  -0.63   0.68   0.59   0.47  -0.52  -0.59  -0.57   0.04  -0.18   1      0.52   0.57  -0.46  -0.33   0.67 
 -0.34   0.23  -0.48   0.56   0.62   0.54  -0.54  -0.55  -0.51   0.05  -0.1    0.52   1      0.54  -0.46  -0.33   0.53 
 -0.37  -0.01  -0.57   0.63   0.68   0.57  -0.49  -0.58  -0.54   0.11  -0.13   0.57   0.54   1     -0.52  -0.3    0.61 
  0.22  -0.1    0.46  -0.51  -0.54  -0.43   0.45   0.49   0.46  -0.04   0.18  -0.46  -0.46  -0.52   1      0.27  -0.51 
  0.21  -0.03   0.44  -0.4   -0.36  -0.24   0.44   0.45   0.38   0.06   0.07  -0.33  -0.33  -0.3    0.27   1     -0.35 
 -0.39   0.01  -0.73   0.91   0.68   0.41  -0.5   -0.62  -0.63   0.08  -0.37   0.67   0.53   0.61  -0.51  -0.35   1    


eigenvalue	proportion	cumulative
  7.94356	  0.46727	  0.46727	0.31 el-salvador-aid=y+0.308physician-fee-freeze=y-0.299aid-to-nicaraguan-contras=y+0.297Class=republican-0.288mx-missile=y...

Eigenvectors
 V1	
-0.1775	handicapped-infants=y
 0.0414	water-project-cost-sharing=y
-0.2847	adoption-of-the-budget-resolution=y
 0.3078	physician-fee-freeze=y
 0.3096	el-salvador-aid=y
 0.2377	religious-groups-in-schools=y
-0.2697	anti-satellite-test-ban=y
-0.2986	aid-to-nicaraguan-contras=y
-0.288 	mx-missile=y
 0.0125	immigration=y
-0.0781	synfuels-corporation-cutback=y
 0.2738	education-spending=y
 0.2555	superfund-right-to-sue=y
 0.2718	crime=y
-0.2303	duty-free-exports=y
-0.1792	export-administration-act-south-africa=y
 0.2971	Class=republican

Ranked attributes:
 0.533 1 0.31 el-salvador-aid=y+0.308physician-fee-freeze=y-0.299aid-to-nicaraguan-contras=y+0.297Class=republican-0.288mx-missile=y...

Selected attributes: 1 : 1

