

=== Attribute Selection on all input data ===

Search Method:
	Attribute ranking.

Attribute Evaluator (unsupervised):
	Principal Components Attribute Transformer

Correlation matrix
  1      0.01   0.38  -0.4   -0.34  -0.39   0.34   0.36   0.33  -0.09   0.11  -0.39  -0.34  -0.37   0.22   0.21  -0.39 
  0.01   1     -0.04   0.05   0.13   0.15  -0.18  -0.07  -0.17  -0.13   0.12  -0.03   0.23  -0.01  -0.1   -0.03   0.01 
  0.38  -0.04   1     -0.73  -0.62  -0.4    0.56   0.67   0.61   0.03   0.21  -0.63  -0.48  -0.57   0.46   0.44  -0.73 
 -0.4    0.05  -0.73   1      0.72   0.44  -0.57  -0.67  -0.66   0.04  -0.29   0.68   0.56   0.63  -0.51  -0.4    0.91 
 -0.34   0.13  -0.62   0.72   1      0.62  -0.66  -0.78  -0.76   0.02  -0.15   0.59   0.62   0.68  -0.54  -0.36   0.68 
 -0.39   0.15  -0.4    0.44   0.62   1     -0.5   -0.51  -0.55   0.09   0.01   0.47   0.54   0.57  -0.43  -0.24   0.41 
  0.34  -0.18   0.56  -0.57  -0.66  -0.5    1      0.71   0.65   0.04   0.04  -0.52  -0.54  -0.49   0.45   0.44  -0.5  
  0.36  -0.07   0.67  -0.67  -0.78  -0.51   0.71   1      0.73   0.03   0.12  -0.59  -0.55  -0.58   0.49   0.45  -0.62 
  0.33  -0.17   0.61  -0.66  -0.76  -0.55   0.65   0.73   1      0.04   0.06  -0.57  -0.51  -0.54   0.46   0.38  -0.63 
 -0.09  -0.13   0.03   0.04   0.02   0.09   0.04   0.03   0.04   1     -0.04   0.04   0.05   0.11  -0.04   0.06   0.08 
  0.11   0.12   0.21  -0.29  -0.15   0.01   0.04   0.12   0.06  -0.04   1     -0.18  -0.1   -0.13   0.18   0.07  -0.37 
 -0.39  -0.03  -0.63   0.68   0.59   0.47  -0.52  -0.59  -0.57   0.04  -0.18   1      0.52   0.57  -0.46  -0.33   0.67 
 -0.34   0.23  -0.48   0.56   0.62   0.54  -0.54  -0.55  -0.51   0.05  -0.1    0.52   1      0.54  -0.46  -0.33   0.53 
 -0.37  -0.01  -0.57   0.63   0.68   0.57  -0.49  -0.58  -0.54   0.11  -0.13   0.57   0.54   1     -0.52  -0.3    0.61 
  0.22  -0.1    0.46  -0.51  -0.54  -0.43   0.45   0.49   0.46  -0.04   0.18  -0.46  -0.46  -0.52   1      0.27  -0.51 
  0.21  -0.03   0.44  -0.4   -0.36  -0.24   0.44   0.45   0.38   0.06   0.07  -0.33  -0.33  -0.3    0.27   1     -0.35 
 -0.39   0.01  -0.73   0.91   0.68   0.41  -0.5   -0.62  -0.63   0.08  -0.37   0.67   0.53   0.61  -0.51  -0.35   1    


eigenvalue	proportion	cumulative
  7.94356	  0.46727	  0.46727	0.31 el-salvador-aid=y+0.308physician-fee-freeze=y-0.299aid-to-nicaraguan-contras=y+0.297Class=republican-0.288mx-missile=y...
  1.43822	  0.0846 	  0.55187	0.559water-project-cost-sharing=y+0.533synfuels-corporation-cutback=y-0.312immigration=y-0.259Class=republican-0.228anti-satellite-test-ban=y...
  1.13343	  0.06667	  0.61854	-0.7immigration=y-0.365religious-groups-in-schools=y-0.303synfuels-corporation-cutback=y-0.298export-administration-act-south-africa=y+0.247handicapped-infants=y...
  0.93166	  0.0548 	  0.67335	-0.601water-project-cost-sharing=y+0.479synfuels-corporation-cutback=y-0.417export-administration-act-south-africa=y+0.261duty-free-exports=y-0.201handicapped-infants=y...
  0.79195	  0.04659	  0.71993	0.833handicapped-infants=y-0.327duty-free-exports=y-0.24water-project-cost-sharing=y+0.212immigration=y+0.171synfuels-corporation-cutback=y...
  0.76141	  0.04479	  0.76472	0.656export-administration-act-south-africa=y-0.543immigration=y-0.323water-project-cost-sharing=y+0.208crime=y+0.196religious-groups-in-schools=y...
  0.64977	  0.03822	  0.80294	0.455duty-free-exports=y+0.371export-administration-act-south-africa=y+0.317synfuels-corporation-cutback=y-0.305religious-groups-in-schools=y+0.277Class=republican...
  0.56729	  0.03337	  0.83631	-0.438synfuels-corporation-cutback=y+0.395duty-free-exports=y-0.311anti-satellite-test-ban=y-0.305aid-to-nicaraguan-contras=y-0.294mx-missile=y...
  0.50908	  0.02995	  0.86626	0.602duty-free-exports=y+0.541superfund-right-to-sue=y+0.321handicapped-infants=y+0.212crime=y+0.205anti-satellite-test-ban=y...
  0.44794	  0.02635	  0.89261	0.516superfund-right-to-sue=y-0.425anti-satellite-test-ban=y-0.399crime=y-0.331religious-groups-in-schools=y+0.331education-spending=y...
  0.39913	  0.02348	  0.91608	-0.648education-spending=y-0.474religious-groups-in-schools=y+0.369crime=y+0.311superfund-right-to-sue=y+0.162el-salvador-aid=y...
  0.34572	  0.02034	  0.93642	0.536crime=y-0.391anti-satellite-test-ban=y+0.364mx-missile=y-0.291adoption-of-the-budget-resolution=y-0.254Class=republican...
  0.30531	  0.01796	  0.95438	-0.722adoption-of-the-budget-resolution=y-0.368education-spending=y+0.347religious-groups-in-schools=y-0.3crime=y+0.187mx-missile=y...

Eigenvectors
 V1	 V2	 V3	 V4	 V5	 V6	 V7	 V8	 V9	 V10	 V11	 V12	 V13	
-0.1775	 0.1064	 0.247 	-0.2012	 0.8327	-0.0409	 0.0941	 0.0685	 0.3206	-0.0016	-0.1563	 0.0744	 0.0788	handicapped-infants=y
 0.0414	 0.5591	 0.0375	-0.601 	-0.2399	-0.3232	 0.1936	-0.1333	-0.0624	-0.1783	-0.0907	 0.1863	-0.1183	water-project-cost-sharing=y
-0.2847	 0.103 	-0.1866	-0.0816	 0.03  	 0.0519	-0.2605	 0.2032	 0.0276	 0.1001	 0.0116	-0.2905	-0.7225	adoption-of-the-budget-resolution=y
 0.3078	-0.1744	 0.1149	-0.0826	-0.003 	-0.0133	 0.2743	-0.1591	 0.0701	-0.0863	 0.0988	-0.2087	-0.0875	physician-fee-freeze=y
 0.3096	 0.0886	-0.0341	-0.0476	 0.1484	 0.1058	 0.0364	 0.278 	 0.0226	-0.1067	 0.1616	-0.1352	-0.1574	el-salvador-aid=y
 0.2377	 0.207 	-0.3647	-0.0027	-0.0583	 0.1957	-0.3047	 0.2125	 0.2025	-0.3312	-0.4743	-0.1106	 0.3473	religious-groups-in-schools=y
-0.2697	-0.2282	-0.0474	-0.1336	-0.0235	 0.1278	 0.0117	-0.3113	 0.2055	-0.4251	-0.0267	-0.3908	-0.0076	anti-satellite-test-ban=y
-0.2986	-0.0859	-0.0865	-0.1513	-0.0976	 0.0019	-0.0754	-0.305 	 0.1516	-0.1205	-0.1354	-0.1014	-0.0454	aid-to-nicaraguan-contras=y
-0.288 	-0.1628	-0.0472	-0.0543	-0.0923	-0.0677	-0.2352	-0.2944	 0.1645	 0.128 	 0.0929	 0.3635	 0.1869	mx-missile=y
 0.0125	-0.3121	-0.7004	-0.0604	 0.212 	-0.5432	 0.2037	 0.0854	-0.0985	 0.035 	-0.0366	 0.0341	 0.0133	immigration=y
-0.0781	 0.5327	-0.3026	 0.4792	 0.1714	 0.1222	 0.3166	-0.4385	-0.0426	 0.0112	 0.1218	-0.1283	 0.0139	synfuels-corporation-cutback=y
 0.2738	-0.1371	-0.0065	 0.0826	-0.0328	 0.1399	 0.1312	-0.2811	 0.1621	 0.3309	-0.6475	 0.2105	-0.3683	education-spending=y
 0.2555	 0.1464	-0.1431	-0.1898	-0.0703	-0.0768	-0.2194	-0.1178	 0.5413	 0.5157	 0.311 	-0.2497	 0.1439	superfund-right-to-sue=y
 0.2718	-0.0703	-0.1975	 0.0071	 0.1252	 0.2078	-0.1641	-0.1412	 0.2124	-0.3986	 0.369 	 0.5362	-0.2996	crime=y
-0.2303	 0.012 	 0.041 	 0.2612	-0.3273	-0.1039	 0.4546	 0.3946	 0.602 	-0.1069	 0.0122	 0.1352	-0.0552	duty-free-exports=y
-0.1792	-0.0699	-0.2976	-0.4171	-0.0294	 0.6565	 0.3713	 0.1448	-0.1148	 0.2384	 0.085 	 0.1084	 0.1346	export-administration-act-south-africa=y
 0.2971	-0.259 	 0.1078	-0.143 	-0.0132	-0.0131	 0.2771	-0.1512	 0.0481	-0.1188	 0.0548	-0.2537	 0.0079	Class=republican

Ranked attributes:
 0.5327   1 0.31 el-salvador-aid=y+0.308physician-fee-freeze=y-0.299aid-to-nicaraguan-contras=y+0.297Class=republican-0.288mx-missile=y...
 0.4481   2 0.559water-project-cost-sharing=y+0.533synfuels-corporation-cutback=y-0.312immigration=y-0.259Class=republican-0.228anti-satellite-test-ban=y...
 0.3815   3 -0.7immigration=y-0.365religious-groups-in-schools=y-0.303synfuels-corporation-cutback=y-0.298export-administration-act-south-africa=y+0.247handicapped-infants=y...
 0.3267   4 -0.601water-project-cost-sharing=y+0.479synfuels-corporation-cutback=y-0.417export-administration-act-south-africa=y+0.261duty-free-exports=y-0.201handicapped-infants=y...
 0.2801   5 0.833handicapped-infants=y-0.327duty-free-exports=y-0.24water-project-cost-sharing=y+0.212immigration=y+0.171synfuels-corporation-cutback=y...
 0.2353   6 0.656export-administration-act-south-africa=y-0.543immigration=y-0.323water-project-cost-sharing=y+0.208crime=y+0.196religious-groups-in-schools=y...
 0.1971   7 0.455duty-free-exports=y+0.371export-administration-act-south-africa=y+0.317synfuels-corporation-cutback=y-0.305religious-groups-in-schools=y+0.277Class=republican...
 0.1637   8 -0.438synfuels-corporation-cutback=y+0.395duty-free-exports=y-0.311anti-satellite-test-ban=y-0.305aid-to-nicaraguan-contras=y-0.294mx-missile=y...
 0.1337   9 0.602duty-free-exports=y+0.541superfund-right-to-sue=y+0.321handicapped-infants=y+0.212crime=y+0.205anti-satellite-test-ban=y...
 0.1074  10 0.516superfund-right-to-sue=y-0.425anti-satellite-test-ban=y-0.399crime=y-0.331religious-groups-in-schools=y+0.331education-spending=y...
 0.0839  11 -0.648education-spending=y-0.474religious-groups-in-schools=y+0.369crime=y+0.311superfund-right-to-sue=y+0.162el-salvador-aid=y...
 0.0636  12 0.536crime=y-0.391anti-satellite-test-ban=y+0.364mx-missile=y-0.291adoption-of-the-budget-resolution=y-0.254Class=republican...
 0.0456  13 -0.722adoption-of-the-budget-resolution=y-0.368education-spending=y+0.347religious-groups-in-schools=y-0.3crime=y+0.187mx-missile=y...

Selected attributes: 1,2,3,4,5,6,7,8,9,10,11,12,13 : 13

