

=== Attribute Selection on all input data ===

Search Method:
	Attribute ranking.

Attribute Evaluator (unsupervised):
	Principal Components Attribute Transformer

Correlation matrix
  1      0.01   0.38  -0.4   -0.34  -0.39   0.34   0.36   0.33  -0.09   0.11  -0.39  -0.34  -0.37   0.22   0.21  -0.39 
  0.01   1     -0.04   0.05   0.13   0.15  -0.18  -0.07  -0.17  -0.13   0.12  -0.03   0.23  -0.01  -0.1   -0.03   0.01 
  0.38  -0.04   1     -0.73  -0.62  -0.4    0.56   0.67   0.61   0.03   0.21  -0.63  -0.48  -0.57   0.46   0.44  -0.73 
 -0.4    0.05  -0.73   1      0.72   0.44  -0.57  -0.67  -0.66   0.04  -0.29   0.68   0.56   0.63  -0.51  -0.4    0.91 
 -0.34   0.13  -0.62   0.72   1      0.62  -0.66  -0.78  -0.76   0.02  -0.15   0.59   0.62   0.68  -0.54  -0.36   0.68 
 -0.39   0.15  -0.4    0.44   0.62   1     -0.5   -0.51  -0.55   0.09   0.01   0.47   0.54   0.57  -0.43  -0.24   0.41 
  0.34  -0.18   0.56  -0.57  -0.66  -0.5    1      0.71   0.65   0.04   0.04  -0.52  -0.54  -0.49   0.45   0.44  -0.5  
  0.36  -0.07   0.67  -0.67  -0.78  -0.51   0.71   1      0.73   0.03   0.12  -0.59  -0.55  -0.58   0.49   0.45  -0.62 
  0.33  -0.17   0.61  -0.66  -0.76  -0.55   0.65   0.73   1      0.04   0.06  -0.57  -0.51  -0.54   0.46   0.38  -0.63 
 -0.09  -0.13   0.03   0.04   0.02   0.09   0.04   0.03   0.04   1     -0.04   0.04   0.05   0.11  -0.04   0.06   0.08 
  0.11   0.12   0.21  -0.29  -0.15   0.01   0.04   0.12   0.06  -0.04   1     -0.18  -0.1   -0.13   0.18   0.07  -0.37 
 -0.39  -0.03  -0.63   0.68   0.59   0.47  -0.52  -0.59  -0.57   0.04  -0.18   1      0.52   0.57  -0.46  -0.33   0.67 
 -0.34   0.23  -0.48   0.56   0.62   0.54  -0.54  -0.55  -0.51   0.05  -0.1    0.52   1      0.54  -0.46  -0.33   0.53 
 -0.37  -0.01  -0.57   0.63   0.68   0.57  -0.49  -0.58  -0.54   0.11  -0.13   0.57   0.54   1     -0.52  -0.3    0.61 
  0.22  -0.1    0.46  -0.51  -0.54  -0.43   0.45   0.49   0.46  -0.04   0.18  -0.46  -0.46  -0.52   1      0.27  -0.51 
  0.21  -0.03   0.44  -0.4   -0.36  -0.24   0.44   0.45   0.38   0.06   0.07  -0.33  -0.33  -0.3    0.27   1     -0.35 
 -0.39   0.01  -0.73   0.91   0.68   0.41  -0.5   -0.62  -0.63   0.08  -0.37   0.67   0.53   0.61  -0.51  -0.35   1    


eigenvalue	proportion	cumulative
  7.94356	  0.46727	  0.46727	0.31 el-salvador-aid=y+0.308physician-fee-freeze=y-0.299aid-to-nicaraguan-contras=y+0.297Class=republican-0.288mx-missile=y...
  1.43822	  0.0846 	  0.55187	0.559water-project-cost-sharing=y+0.533synfuels-corporation-cutback=y-0.312immigration=y-0.259Class=republican-0.228anti-satellite-test-ban=y...
  1.13343	  0.06667	  0.61854	-0.7immigration=y-0.365religious-groups-in-schools=y-0.303synfuels-corporation-cutback=y-0.298export-administration-act-south-africa=y+0.247handicapped-infants=y...
  0.93166	  0.0548 	  0.67335	-0.601water-project-cost-sharing=y+0.479synfuels-corporation-cutback=y-0.417export-administration-act-south-africa=y+0.261duty-free-exports=y-0.201handicapped-infants=y...
  0.79195	  0.04659	  0.71993	0.833handicapped-infants=y-0.327duty-free-exports=y-0.24water-project-cost-sharing=y+0.212immigration=y+0.171synfuels-corporation-cutback=y...

Eigenvectors
 V1	 V2	 V3	 V4	 V5	
-0.1775	 0.1064	 0.247 	-0.2012	 0.8327	handicapped-infants=y
 0.0414	 0.5591	 0.0375	-0.601 	-0.2399	water-project-cost-sharing=y
-0.2847	 0.103 	-0.1866	-0.0816	 0.03  	adoption-of-the-budget-resolution=y
 0.3078	-0.1744	 0.1149	-0.0826	-0.003 	physician-fee-freeze=y
 0.3096	 0.0886	-0.0341	-0.0476	 0.1484	el-salvador-aid=y
 0.2377	 0.207 	-0.3647	-0.0027	-0.0583	religious-groups-in-schools=y
-0.2697	-0.2282	-0.0474	-0.1336	-0.0235	anti-satellite-test-ban=y
-0.2986	-0.0859	-0.0865	-0.1513	-0.0976	aid-to-nicaraguan-contras=y
-0.288 	-0.1628	-0.0472	-0.0543	-0.0923	mx-missile=y
 0.0125	-0.3121	-0.7004	-0.0604	 0.212 	immigration=y
-0.0781	 0.5327	-0.3026	 0.4792	 0.1714	synfuels-corporation-cutback=y
 0.2738	-0.1371	-0.0065	 0.0826	-0.0328	education-spending=y
 0.2555	 0.1464	-0.1431	-0.1898	-0.0703	superfund-right-to-sue=y
 0.2718	-0.0703	-0.1975	 0.0071	 0.1252	crime=y
-0.2303	 0.012 	 0.041 	 0.2612	-0.3273	duty-free-exports=y
-0.1792	-0.0699	-0.2976	-0.4171	-0.0294	export-administration-act-south-africa=y
 0.2971	-0.259 	 0.1078	-0.143 	-0.0132	Class=republican

Ranked attributes:
 0.533  1 0.31 el-salvador-aid=y+0.308physician-fee-freeze=y-0.299aid-to-nicaraguan-contras=y+0.297Class=republican-0.288mx-missile=y...
 0.448  2 0.559water-project-cost-sharing=y+0.533synfuels-corporation-cutback=y-0.312immigration=y-0.259Class=republican-0.228anti-satellite-test-ban=y...
 0.381  3 -0.7immigration=y-0.365religious-groups-in-schools=y-0.303synfuels-corporation-cutback=y-0.298export-administration-act-south-africa=y+0.247handicapped-infants=y...
 0.327  4 -0.601water-project-cost-sharing=y+0.479synfuels-corporation-cutback=y-0.417export-administration-act-south-africa=y+0.261duty-free-exports=y-0.201handicapped-infants=y...
 0.28   5 0.833handicapped-infants=y-0.327duty-free-exports=y-0.24water-project-cost-sharing=y+0.212immigration=y+0.171synfuels-corporation-cutback=y...

Selected attributes: 1,2,3,4,5 : 5

